ApsimVersion = 7.9
Title = Vensim
           Date            st1            sw1      daily_htt        sum_htt
   (dd/mm/yyyy)             ()             ()             ()             ()
     01/01/1988          0.000          0.000         20.000         20.000
     02/01/1988          0.000          0.000         20.000         40.000
     03/01/1988          0.000          0.000         20.000         60.000
     04/01/1988          0.000          0.000         20.000         80.000
     05/01/1988          0.000          0.000         20.000        100.000
     06/01/1988          0.000          0.000         20.000        120.000
     07/01/1988          0.000          0.000         20.000        140.000
     08/01/1988          0.000          0.000         20.000        160.000
     09/01/1988          0.000          0.000         20.000        180.000
     10/01/1988          0.000          0.000         20.000        200.000
     11/01/1988          0.000          0.000         20.000        220.000
     12/01/1988          0.000          0.000         20.000        240.000
     13/01/1988          0.000          0.000         20.000        260.000
     14/01/1988          0.000          0.000         20.000        280.000
     15/01/1988          0.000          0.000         20.000        300.000
     16/01/1988          0.000          0.000         20.000        320.000
     17/01/1988          0.000          0.000         20.000        340.000
     18/01/1988          0.000          0.000         20.000        360.000
     19/01/1988          0.000          0.000         20.000        380.000
     20/01/1988          0.000          0.000         20.000        400.000
     21/01/1988          0.000          0.000         20.000        420.000
     22/01/1988          0.000          0.000         20.000        440.000
     23/01/1988          0.000          0.000         20.000        460.000
     24/01/1988          0.000          0.000         20.000        480.000
     25/01/1988          0.000          0.000         20.000        500.000
     26/01/1988          0.000          0.000         20.000        520.000
     27/01/1988          0.000          0.000         20.000        540.000
     28/01/1988          0.000          0.000         20.000        560.000
     29/01/1988          0.000          0.000         20.000        580.000
     30/01/1988          0.000          0.000         20.000        600.000
     31/01/1988          0.000          0.000         20.000        620.000
     01/02/1988          0.000          0.000         20.000        640.000
     02/02/1988          0.000          0.000         20.000        660.000
     03/02/1988          0.000          0.000         20.000        680.000
     04/02/1988          0.000          0.000         20.000        700.000
     05/02/1988          0.000          0.000         20.000        720.000
     06/02/1988          0.000          0.000         20.000        740.000
     07/02/1988          0.000          0.000         20.000        760.000
     08/02/1988          0.000          0.000         20.000        780.000
     09/02/1988          0.000          0.000         20.000        800.000
     10/02/1988          0.000          0.000         20.000        820.000
     11/02/1988          0.000          0.000         20.000        840.000
     12/02/1988          0.000          0.000         20.000        860.000
     13/02/1988          0.000          0.000         20.000        880.000
     14/02/1988          0.000          0.000         20.000        900.000
     15/02/1988          0.000          0.000         20.000        920.000
     16/02/1988          0.000          0.000         20.000        940.000
     17/02/1988          0.000          0.000         20.000        960.000
     18/02/1988          0.000          0.000         20.000        980.000
     19/02/1988          0.000          0.000         20.000       1000.000
     20/02/1988          0.000          0.000         20.000       1020.000
     21/02/1988          0.000          0.000         20.000       1040.000
     22/02/1988          0.000          0.000         20.000       1060.000
     23/02/1988          0.000          0.000         20.000       1080.000
     24/02/1988          0.000          0.000         20.000       1100.000
     25/02/1988          0.000          0.000         20.000       1120.000
     26/02/1988          0.000          0.000         20.000       1140.000
     27/02/1988          0.000          0.000         20.000       1160.000
     28/02/1988          0.000          0.000         20.000       1180.000
     29/02/1988          0.000          0.000         20.000       1200.000
     01/03/1988          0.000          0.000         20.000       1220.000
     02/03/1988          0.000          0.000         20.000       1240.000
     03/03/1988          0.000          0.000         20.000       1260.000
     04/03/1988          0.000          0.000         20.000       1280.000
     05/03/1988          0.000          0.000         20.000       1300.000
     06/03/1988          0.000          0.000         20.000       1320.000
     07/03/1988          0.000          0.000         20.000       1340.000
     08/03/1988          0.000          0.000         20.000       1360.000
     09/03/1988          0.000          0.000         20.000       1380.000
     10/03/1988          0.000          0.000         20.000       1400.000
     11/03/1988          0.000          0.000         20.000       1420.000
     12/03/1988          0.000          0.000         20.000       1440.000
     13/03/1988          0.000          0.000         20.000       1460.000
     14/03/1988          0.000          0.000         20.000       1480.000
     15/03/1988          0.000          0.000         20.000       1500.000
     16/03/1988          0.000          0.000         20.000       1520.000
     17/03/1988          0.000          0.000         20.000       1540.000
     18/03/1988          0.000          0.000         20.000       1560.000
     19/03/1988          0.000          0.000         20.000       1580.000
     20/03/1988          0.000          0.000         20.000       1600.000
     21/03/1988          0.000          0.000         20.000       1620.000
     22/03/1988          0.000          0.000         20.000       1640.000
     23/03/1988          0.000          0.000         20.000       1660.000
     24/03/1988          0.000          0.000         20.000       1680.000
     25/03/1988          0.000          0.000         20.000       1700.000
     26/03/1988          0.000          0.000         20.000       1720.000
     27/03/1988          0.000          0.000         20.000       1740.000
     28/03/1988          0.000          0.000         20.000       1760.000
     29/03/1988          0.000          0.000         20.000       1780.000
     30/03/1988          0.000          0.000         20.000       1800.000
     31/03/1988          0.000          0.000         20.000       1820.000
     01/04/1988          0.000          0.000         20.000       1840.000
     02/04/1988          0.000          0.000         20.000       1860.000
     03/04/1988          0.000          0.000         20.000       1880.000
     04/04/1988          0.000          0.000         20.000       1900.000
     05/04/1988          0.000          0.000         20.000       1920.000
     06/04/1988          0.000          0.000         20.000       1940.000
     07/04/1988          0.000          0.000         20.000       1960.000
     08/04/1988          0.000          0.000         20.000       1980.000
     09/04/1988          0.000          0.000         20.000       2000.000
     10/04/1988          0.000          0.000         20.000       2020.000
     11/04/1988          0.000          0.000         20.000       2040.000
     12/04/1988          0.000          0.000         20.000       2060.000
     13/04/1988          0.000          0.000         20.000       2080.000
     14/04/1988          0.000          0.000         20.000       2100.000
     15/04/1988          0.000          0.000         20.000       2120.000
     16/04/1988          0.000          0.000         20.000       2140.000
     17/04/1988          0.000          0.000         20.000       2160.000
     18/04/1988          0.000          0.000         20.000       2180.000
     19/04/1988          0.000          0.000         20.000       2200.000
     20/04/1988          0.000          0.000         20.000       2220.000
     21/04/1988          0.000          0.000         20.000       2240.000
     22/04/1988          0.000          0.000         20.000       2260.000
     23/04/1988          0.000          0.000         20.000       2280.000
     24/04/1988          0.000          0.000         20.000       2300.000
     25/04/1988          0.000          0.000         20.000       2320.000
     26/04/1988          0.000          0.000         20.000       2340.000
     27/04/1988          0.000          0.000         20.000       2360.000
     28/04/1988          0.000          0.000         20.000       2380.000
     29/04/1988          0.000          0.000         20.000       2400.000
     30/04/1988          0.000          0.000         20.000       2420.000
     01/05/1988          0.000          0.000         20.000       2440.000
     02/05/1988          0.000          0.000         20.000       2460.000
     03/05/1988          0.000          0.000         20.000       2480.000
     04/05/1988          0.000          0.000         20.000       2500.000
     05/05/1988          0.000          0.000         20.000       2520.000
     06/05/1988          0.000          0.000         20.000       2540.000
     07/05/1988          0.000          0.000         20.000       2560.000
     08/05/1988          0.000          0.000         20.000       2580.000
     09/05/1988          0.000          0.000         20.000       2600.000
     10/05/1988          0.000          0.000         20.000       2620.000
     11/05/1988          0.000          0.000         20.000       2640.000
     12/05/1988          0.000          0.000         20.000       2660.000
     13/05/1988          0.000          0.000         20.000       2680.000
     14/05/1988          0.000          0.000         20.000       2700.000
     15/05/1988          0.000          0.000         20.000       2720.000
     16/05/1988          0.000          0.000         20.000       2740.000
     17/05/1988          0.000          0.000         20.000       2760.000
     18/05/1988          0.000          0.000         20.000       2780.000
     19/05/1988          0.000          0.000         20.000       2800.000
     20/05/1988          0.000          0.000         20.000       2820.000
     21/05/1988          0.000          0.000         20.000       2840.000
     22/05/1988          0.000          0.000         20.000       2860.000
     23/05/1988          0.000          0.000         20.000       2880.000
     24/05/1988          0.000          0.000         20.000       2900.000
     25/05/1988          0.000          0.000         20.000       2920.000
     26/05/1988          0.000          0.000         20.000       2940.000
     27/05/1988          0.000          0.000         20.000       2960.000
     28/05/1988          0.000          0.000         20.000       2980.000
     29/05/1988          0.000          0.000         20.000       3000.000
     30/05/1988          0.000          0.000         20.000       3020.000
     31/05/1988          0.000          0.000         20.000       3040.000
     01/06/1988          0.000          0.000         20.000       3060.000
     02/06/1988          0.000          0.000         20.000       3080.000
     03/06/1988          0.000          0.000         20.000       3100.000
     04/06/1988          0.000          0.000         20.000       3120.000
     05/06/1988          0.000          0.000         20.000       3140.000
     06/06/1988          0.000          0.000         20.000       3160.000
     07/06/1988          0.000          0.000         20.000       3180.000
     08/06/1988          0.000          0.000         20.000       3200.000
     09/06/1988          0.000          0.000         20.000       3220.000
     10/06/1988          0.000          0.000         20.000       3240.000
     11/06/1988          0.000          0.000         20.000       3260.000
     12/06/1988          0.000          0.000         20.000       3280.000
     13/06/1988          0.000          0.000         20.000       3300.000
     14/06/1988          0.000          0.000         20.000       3320.000
     15/06/1988          0.000          0.000         20.000       3340.000
     16/06/1988          0.000          0.000         20.000       3360.000
     17/06/1988          0.000          0.000         20.000       3380.000
     18/06/1988          0.000          0.000         20.000       3400.000
     19/06/1988          0.000          0.000         20.000       3420.000
     20/06/1988          0.000          0.000         20.000       3440.000
     21/06/1988          0.000          0.000         20.000       3460.000
     22/06/1988          0.000          0.000         20.000       3480.000
     23/06/1988          0.000          0.000         20.000       3500.000
     24/06/1988          0.000          0.000         20.000       3520.000
     25/06/1988          0.000          0.000         20.000       3540.000
     26/06/1988          0.000          0.000         20.000       3560.000
     27/06/1988          0.000          0.000         20.000       3580.000
     28/06/1988          0.000          0.000         20.000       3600.000
     29/06/1988          0.000          0.000         20.000       3620.000
     30/06/1988          0.000          0.000         20.000       3640.000
     01/07/1988          0.000          0.000         20.000       3660.000
     02/07/1988          0.000          0.000         20.000       3680.000
     03/07/1988          0.000          0.000         20.000       3700.000
     04/07/1988          0.000          0.000         20.000       3720.000
     05/07/1988          0.000          0.000         20.000       3740.000
     06/07/1988          0.000          0.000         20.000       3760.000
     07/07/1988          0.000          0.000         20.000       3780.000
     08/07/1988          0.000          0.000         20.000       3800.000
     09/07/1988          0.000          0.000         20.000       3820.000
     10/07/1988          0.000          0.000         20.000       3840.000
     11/07/1988          0.000          0.000         20.000       3860.000
     12/07/1988          0.000          0.000         20.000       3880.000
     13/07/1988          0.000          0.000         20.000       3900.000
     14/07/1988          0.000          0.000         20.000       3920.000
     15/07/1988          0.000          0.000         20.000       3940.000
     16/07/1988          0.000          0.000         20.000       3960.000
     17/07/1988          0.000          0.000         20.000       3980.000
     18/07/1988          0.000          0.000         20.000       4000.000
     19/07/1988          0.000          0.000         20.000       4020.000
     20/07/1988          0.000          0.000         20.000       4040.000
     21/07/1988          0.000          0.000         20.000       4060.000
     22/07/1988          0.000          0.000         20.000       4080.000
     23/07/1988          0.000          0.000         20.000       4100.000
     24/07/1988          0.000          0.000         20.000       4120.000
     25/07/1988          0.000          0.000         20.000       4140.000
     26/07/1988          0.000          0.000         20.000       4160.000
     27/07/1988          0.000          0.000         20.000       4180.000
     28/07/1988          0.000          0.000         20.000       4200.000
     29/07/1988          0.000          0.000         20.000       4220.000
     30/07/1988          0.000          0.000         20.000       4240.000
     31/07/1988          0.000          0.000         20.000       4260.000
     01/08/1988          0.000          0.000         20.000       4280.000
     02/08/1988          0.000          0.000         20.000       4300.000
     03/08/1988          0.000          0.000         20.000       4320.000
     04/08/1988          0.000          0.000         20.000       4340.000
     05/08/1988          0.000          0.000         20.000       4360.000
     06/08/1988          0.000          0.000         20.000       4380.000
     07/08/1988          0.000          0.000         20.000       4400.000
     08/08/1988          0.000          0.000         20.000       4420.000
     09/08/1988          0.000          0.000         20.000       4440.000
     10/08/1988          0.000          0.000         20.000       4460.000
     11/08/1988          0.000          0.000         20.000       4480.000
     12/08/1988          0.000          0.000         20.000       4500.000
     13/08/1988          0.000          0.000         20.000       4520.000
     14/08/1988          0.000          0.000         20.000       4540.000
     15/08/1988          0.000          0.000         20.000       4560.000
     16/08/1988          0.000          0.000         20.000       4580.000
     17/08/1988          0.000          0.000         20.000       4600.000
     18/08/1988          0.000          0.000         20.000       4620.000
     19/08/1988          0.000          0.000         20.000       4640.000
     20/08/1988          0.000          0.000         20.000       4660.000
     21/08/1988          0.000          0.000         20.000       4680.000
     22/08/1988          0.000          0.000         20.000       4700.000
     23/08/1988          0.000          0.000         20.000       4720.000
     24/08/1988          0.000          0.000         20.000       4740.000
     25/08/1988          0.000          0.000         20.000       4760.000
     26/08/1988          0.000          0.000         20.000       4780.000
     27/08/1988          0.000          0.000         20.000       4800.000
     28/08/1988          0.000          0.000         20.000       4820.000
     29/08/1988          0.000          0.000         20.000       4840.000
     30/08/1988          0.000          0.000         20.000       4860.000
     31/08/1988          0.000          0.000         20.000       4880.000
     01/09/1988          0.000          0.000         20.000       4900.000
     02/09/1988          0.000          0.000         20.000       4920.000
     03/09/1988          0.000          0.000         20.000       4940.000
     04/09/1988          0.000          0.000         20.000       4960.000
     05/09/1988          0.000          0.000         20.000       4980.000
     06/09/1988          0.000          0.000         20.000       5000.000
     07/09/1988          0.000          0.000         20.000       5020.000
     08/09/1988          0.000          0.000         20.000       5040.000
     09/09/1988          0.000          0.000         20.000       5060.000
     10/09/1988          0.000          0.000         20.000       5080.000
     11/09/1988          0.000          0.000         20.000       5100.000
     12/09/1988          0.000          0.000         20.000       5120.000
     13/09/1988          0.000          0.000         20.000       5140.000
     14/09/1988          0.000          0.000         20.000       5160.000
     15/09/1988          0.000          0.000         20.000       5180.000
     16/09/1988          0.000          0.000         20.000       5200.000
     17/09/1988          0.000          0.000         20.000       5220.000
     18/09/1988          0.000          0.000         20.000       5240.000
     19/09/1988          0.000          0.000         20.000       5260.000
     20/09/1988          0.000          0.000         20.000       5280.000
     21/09/1988          0.000          0.000         20.000       5300.000
     22/09/1988          0.000          0.000         20.000       5320.000
     23/09/1988          0.000          0.000         20.000       5340.000
     24/09/1988          0.000          0.000         20.000       5360.000
     25/09/1988          0.000          0.000         20.000       5380.000
     26/09/1988          0.000          0.000         20.000       5400.000
     27/09/1988          0.000          0.000         20.000       5420.000
     28/09/1988          0.000          0.000         20.000       5440.000
     29/09/1988          0.000          0.000         20.000       5460.000
     30/09/1988          0.000          0.000         20.000       5480.000
     01/10/1988          0.000          0.000         20.000       5500.000
     02/10/1988          0.000          0.000         20.000       5520.000
     03/10/1988          0.000          0.000         20.000       5540.000
     04/10/1988          0.000          0.000         20.000       5560.000
     05/10/1988          0.000          0.000         20.000       5580.000
     06/10/1988          0.000          0.000         20.000       5600.000
     07/10/1988          0.000          0.000         20.000       5620.000
     08/10/1988          0.000          0.000         20.000       5640.000
     09/10/1988          0.000          0.000         20.000       5660.000
     10/10/1988          0.000          0.000         20.000       5680.000
     11/10/1988          0.000          0.000         20.000       5700.000
     12/10/1988          0.000          0.000         20.000       5720.000
     13/10/1988          0.000          0.000         20.000       5740.000
     14/10/1988          0.000          0.000         20.000       5760.000
     15/10/1988          0.000          0.000         20.000       5780.000
     16/10/1988          0.000          0.000         20.000       5800.000
     17/10/1988          0.000          0.000         20.000       5820.000
     18/10/1988          0.000          0.000         20.000       5840.000
     19/10/1988          0.000          0.000         20.000       5860.000
     20/10/1988          0.000          0.000         20.000       5880.000
     21/10/1988          0.000          0.000         20.000       5900.000
     22/10/1988          0.000          0.000         20.000       5920.000
     23/10/1988          0.000          0.000         20.000       5940.000
     24/10/1988          0.000          0.000         20.000       5960.000
     25/10/1988          0.000          0.000         20.000       5980.000
     26/10/1988          0.000          0.000         20.000       6000.000
     27/10/1988          0.000          0.000         20.000       6020.000
     28/10/1988          0.000          0.000         20.000       6040.000
     29/10/1988          0.000          0.000         20.000       6060.000
     30/10/1988          0.000          0.000         20.000       6080.000
     31/10/1988          0.000          0.000         20.000       6100.000
     01/11/1988          0.000          0.000         20.000       6120.000
     02/11/1988          0.000          0.000         20.000       6140.000
     03/11/1988          0.000          0.000         20.000       6160.000
     04/11/1988          0.000          0.000         20.000       6180.000
     05/11/1988          0.000          0.000         20.000       6200.000
     06/11/1988          0.000          0.000         20.000       6220.000
     07/11/1988          0.000          0.000         20.000       6240.000
     08/11/1988          0.000          0.000         20.000       6260.000
     09/11/1988          0.000          0.000         20.000       6280.000
     10/11/1988          0.000          0.000         20.000       6300.000
     11/11/1988          0.000          0.000         20.000       6320.000
     12/11/1988          0.000          0.000         20.000       6340.000
     13/11/1988          0.000          0.000         20.000       6360.000
     14/11/1988          0.000          0.000         20.000       6380.000
     15/11/1988          0.000          0.000         20.000       6400.000
     16/11/1988          0.000          0.000         20.000       6420.000
     17/11/1988          0.000          0.000         20.000       6440.000
     18/11/1988          0.000          0.000         20.000       6460.000
     19/11/1988          0.000          0.000         20.000       6480.000
     20/11/1988          0.000          0.000         20.000       6500.000
     21/11/1988          0.000          0.000         20.000       6520.000
     22/11/1988          0.000          0.000         20.000       6540.000
     23/11/1988          0.000          0.000         20.000       6560.000
     24/11/1988          0.000          0.000         20.000       6580.000
     25/11/1988          0.000          0.000         20.000       6600.000
     26/11/1988          0.000          0.000         20.000       6620.000
     27/11/1988          0.000          0.000         20.000       6640.000
     28/11/1988          0.000          0.000         20.000       6660.000
     29/11/1988          0.000          0.000         20.000       6680.000
     30/11/1988          0.000          0.000         20.000       6700.000
     01/12/1988          0.000          0.000         20.000       6720.000
     02/12/1988          0.000          0.000         20.000       6740.000
     03/12/1988          0.000          0.000         20.000       6760.000
     04/12/1988          0.000          0.000         20.000       6780.000
     05/12/1988          0.000          0.000         20.000       6800.000
     06/12/1988          0.000          0.000         20.000       6820.000
     07/12/1988          0.000          0.000         20.000       6840.000
     08/12/1988          0.000          0.000         20.000       6860.000
     09/12/1988          0.000          0.000         20.000       6880.000
     10/12/1988          0.000          0.000         20.000       6900.000
     11/12/1988          0.000          0.000         20.000       6920.000
     12/12/1988          0.000          0.000         20.000       6940.000
     13/12/1988          0.000          0.000         20.000       6960.000
     14/12/1988          0.000          0.000         20.000       6980.000
     15/12/1988          0.000          0.000         20.000       7000.000
     16/12/1988          0.000          0.000         20.000       7020.000
     17/12/1988          0.000          0.000         20.000       7040.000
     18/12/1988          0.000          0.000         20.000       7060.000
     19/12/1988          0.000          0.000         20.000       7080.000
     20/12/1988          0.000          0.000         20.000       7100.000
     21/12/1988          0.000          0.000         20.000       7120.000
     22/12/1988          0.000          0.000         20.000       7140.000
     23/12/1988          0.000          0.000         20.000       7160.000
     24/12/1988          0.000          0.000         20.000       7180.000
     25/12/1988          0.000          0.000         20.000       7200.000
     26/12/1988          0.000          0.000         20.000       7220.000
     27/12/1988          0.000          0.000         20.000       7240.000
     28/12/1988          0.000          0.000         20.000       7260.000
     29/12/1988          0.000          0.000         20.000       7280.000
     30/12/1988          0.000          0.000         20.000       7300.000
     31/12/1988          0.000          0.000         20.000       7320.000
