Title = 25 intercrop 75 maize

Date         season paddock crop yield   biomass
(dd/mm/yyyy)     ()      ()   () (kg/ha) (kg/ha)
21/12/1979 SR paddock1 maize 0 2870
21/12/1979 SR paddock2 maize 0 2870
18/07/1980 LR paddock2 maize 2965 5914
29/07/1980 LR paddock1 bean 6672 14164
29/07/1980 LR paddock1 maize 0 2144
09/12/1980 SR paddock1 maize 2453 5805
24/12/1980 SR paddock2 maize 0 2432
25/06/1981 LR paddock1 bean 3263 8426
25/06/1981 LR paddock1 maize 3585 6985
05/07/1981 LR paddock2 maize 0 2721
11/12/1981 SR paddock1 maize 4056 9126
29/12/1981 SR paddock2 maize 0 2171
01/07/1982 LR paddock1 bean 1270 3574
01/07/1982 LR paddock1 maize 4323 9587
01/07/1982 LR paddock2 maize 2455 5241
20/12/1982 SR paddock1 maize 3055 6826
24/12/1982 SR paddock2 maize 0 3800
18/06/1983 LR paddock1 bean 892 3626
18/06/1983 LR paddock1 maize 3688 7327
28/06/1983 LR paddock2 maize 0 2753
12/12/1983 SR paddock1 maize 2546 5806
30/12/1983 SR paddock2 maize 0 2135
18/06/1984 LR paddock1 bean 762 2967
18/06/1984 LR paddock1 maize 4117 7895
20/06/1984 LR paddock2 maize 1351 4477
10/12/1984 SR paddock1 maize 1509 4816
11/12/1984 SR paddock2 maize 783 4373
05/07/1985 LR paddock2 maize 0 3565
06/07/1985 LR paddock1 bean 6439 14200
06/07/1985 LR paddock1 maize 0 3353
14/12/1985 SR paddock1 maize 1 3731
28/12/1985 SR paddock2 maize 0 1288
01/07/1986 LR paddock1 bean 2599 7082
01/07/1986 LR paddock1 maize 3405 6720
02/07/1986 LR paddock2 maize 1454 4816
11/12/1986 SR paddock1 maize 4147 8966
19/12/1986 SR paddock2 maize 0 3319
22/06/1987 LR paddock1 bean 1875 6214
22/06/1987 LR paddock1 maize 3257 6430
07/07/1987 LR paddock2 maize 0 2626
17/12/1987 SR paddock1 maize 4430 10582
01/01/1988 SR paddock2 maize 0 2484
26/06/1988 LR paddock1 bean 4900 13513
26/06/1988 LR paddock1 maize 1557 4812
08/07/1988 LR paddock2 maize 0 2770
11/12/1988 SR paddock1 maize 4413 10314
01/01/1989 SR paddock2 maize 0 1759
27/06/1989 LR paddock1 bean 3598 9319
27/06/1989 LR paddock1 maize 2509 5765
13/07/1989 LR paddock2 maize 0 2373
11/12/1989 SR paddock1 maize 4098 9198
31/12/1989 SR paddock2 maize 0 1721
24/06/1990 LR paddock1 bean 2365 6815
24/06/1990 LR paddock1 maize 3363 6357
06/07/1990 LR paddock2 maize 0 2481
14/12/1990 SR paddock1 maize 3518 7885
03/01/1991 SR paddock2 maize 0 2128
06/07/1991 LR paddock1 bean 2667 7194
06/07/1991 LR paddock1 maize 3335 6471
12/07/1991 LR paddock2 maize 0 2900
13/12/1991 SR paddock1 maize 3749 7767
02/01/1992 SR paddock2 maize 0 1670
11/07/1992 LR paddock1 bean 2462 6799
11/07/1992 LR paddock1 maize 3948 7658
13/07/1992 LR paddock2 maize 882 4300
13/12/1992 SR paddock1 maize 2690 6165
03/01/1993 SR paddock2 maize 0 2354
20/06/1993 LR paddock1 bean 2230 7960
20/06/1993 LR paddock1 maize 2805 5754
06/07/1993 LR paddock2 maize 0 2415
13/12/1993 SR paddock1 maize 4197 9020
01/01/1994 SR paddock2 maize 0 1870
28/06/1994 LR paddock1 bean 4415 12525
28/06/1994 LR paddock1 maize 1441 4713
05/07/1994 LR paddock2 maize 0 2866
10/12/1994 SR paddock1 maize 4366 10304
01/01/1995 SR paddock2 maize 0 1614
20/06/1995 LR paddock1 bean 1889 6697
20/06/1995 LR paddock1 maize 3564 6801
08/07/1995 LR paddock2 maize 0 1928
15/12/1995 SR paddock1 maize 4256 9755
04/01/1996 SR paddock2 maize 0 1991
29/06/1996 LR paddock1 bean 3879 11354
29/06/1996 LR paddock1 maize 1576 4701
13/07/1996 LR paddock2 maize 0 2367
08/12/1996 SR paddock1 maize 4258 9500
29/12/1996 SR paddock2 maize 0 1429
06/07/1997 LR paddock1 bean 2475 7158
06/07/1997 LR paddock1 maize 4038 8016
12/07/1997 LR paddock2 maize 0 2936
19/01/1998 SR paddock1 maize 4089 9083
05/02/1998 SR paddock2 maize 0 1827
03/07/1998 LR paddock1 bean 3067 10336
03/07/1998 LR paddock1 maize 87 3477
19/07/1998 LR paddock2 maize 0 1635
11/12/1998 SR paddock1 maize 2426 5736
29/12/1998 SR paddock2 maize 0 1766
24/06/1999 LR paddock1 bean 2658 7917
24/06/1999 LR paddock1 maize 3327 6705
11/07/1999 LR paddock2 maize 0 2304
12/12/1999 SR paddock1 maize 4090 8860
03/01/2000 SR paddock2 maize 0 1398
23/06/2000 LR paddock1 bean 707 2745
23/06/2000 LR paddock1 maize 3947 8023
01/07/2000 LR paddock2 maize 0 3083
08/12/2000 SR paddock1 maize 2474 5615
29/12/2000 SR paddock2 maize 0 1301
23/06/2001 LR paddock1 bean 3872 11729
23/06/2001 LR paddock1 maize 1537 4635
09/07/2001 LR paddock2 maize 0 1894
08/12/2001 SR paddock1 maize 4268 9158
29/12/2001 SR paddock2 maize 0 1382
19/06/2002 LR paddock1 bean 2203 7585
19/06/2002 LR paddock1 maize 2899 5810
29/06/2002 LR paddock2 maize 0 2438
08/12/2002 SR paddock1 maize 4246 9020
29/12/2002 SR paddock2 maize 0 1439
02/07/2003 LR paddock1 bean 756 2513
02/07/2003 LR paddock1 maize 3819 7358
10/07/2003 LR paddock2 maize 0 2566
12/12/2003 SR paddock1 maize 0 3230
31/12/2003 SR paddock2 maize 0 1003
22/06/2004 LR paddock1 bean 2777 9133
22/06/2004 LR paddock1 maize 0 2420
24/06/2004 LR paddock2 maize 0 2527
11/12/2004 SR paddock1 maize 1737 4993
30/12/2004 SR paddock2 maize 0 1311
25/06/2005 LR paddock1 bean 765 2834
25/06/2005 LR paddock1 maize 3912 7400
02/07/2005 LR paddock2 maize 0 2604
12/12/2005 SR paddock1 maize 0 3034
27/12/2005 SR paddock2 maize 0 827
09/07/2006 LR paddock1 bean 5925 12773
09/07/2006 LR paddock1 maize 0 1640
11/07/2006 LR paddock2 maize 0 2102
08/12/2006 SR paddock1 maize 3803 7392
01/01/2007 SR paddock2 maize 0 1240
21/06/2007 LR paddock1 bean 738 3111
21/06/2007 LR paddock1 maize 4065 7909
07/07/2007 LR paddock2 maize 0 2130
10/12/2007 SR paddock1 maize 1296 4728
03/01/2008 SR paddock2 maize 0 1110
24/06/2008 LR paddock1 bean 3589 11544
24/06/2008 LR paddock1 maize 1891 4737
04/07/2008 LR paddock2 maize 0 2499
06/12/2008 SR paddock1 maize 4172 8805
29/12/2008 SR paddock2 maize 0 1045
20/06/2009 LR paddock1 bean 570 2414
20/06/2009 LR paddock1 maize 4243 8595
02/07/2009 LR paddock2 maize 0 2344
09/12/2009 SR paddock1 maize 1146 4552
29/12/2009 SR paddock2 maize 0 1080
20/06/2010 LR paddock1 bean 737 3137
20/06/2010 LR paddock1 maize 3009 5847
01/07/2010 LR paddock2 maize 0 2363
10/12/2010 SR paddock1 maize 296 3767
28/12/2010 SR paddock2 maize 0 1089
