Title = 50 maize 50 intercrop

Date         season paddock crop yield   biomass
(dd/mm/yyyy)     ()      ()   () (kg/ha) (kg/ha)
21/12/1979 SR paddock1 maize 0 2870
21/12/1979 SR paddock2 maize 0 2870
18/07/1980 LR paddock2 maize 2965 5914
29/07/1980 LR paddock1 bean 6672 14164
29/07/1980 LR paddock1 maize 0 2144
09/12/1980 SR paddock1 maize 3007 6384
21/12/1980 SR paddock2 maize 0 2832
25/06/1981 LR paddock1 bean 3304 8535
25/06/1981 LR paddock1 maize 3442 6759
06/07/1981 LR paddock2 maize 0 2678
11/12/1981 SR paddock1 maize 4087 9234
27/12/1981 SR paddock2 maize 0 2340
01/07/1982 LR paddock1 bean 1269 3571
01/07/1982 LR paddock1 maize 4323 9594
01/07/1982 LR paddock2 maize 2715 5448
20/12/1982 SR paddock1 maize 3231 7094
24/12/1982 SR paddock2 maize 0 3734
18/06/1983 LR paddock1 bean 893 3631
18/06/1983 LR paddock1 maize 3677 7304
26/06/1983 LR paddock2 maize 0 2842
12/12/1983 SR paddock1 maize 2865 6127
28/12/1983 SR paddock2 maize 0 2318
18/06/1984 LR paddock1 bean 771 3003
18/06/1984 LR paddock1 maize 4055 7679
20/06/1984 LR paddock2 maize 1607 4600
09/12/1984 SR paddock1 maize 2155 5203
10/12/1984 SR paddock2 maize 934 4460
05/07/1985 LR paddock1 bean 6184 13974
05/07/1985 LR paddock1 maize 0 3385
05/07/1985 LR paddock2 maize 0 3541
13/12/1985 SR paddock1 maize 147 3951
29/12/1985 SR paddock2 maize 0 1204
01/07/1986 LR paddock1 bean 2660 7247
01/07/1986 LR paddock1 maize 3302 6552
02/07/1986 LR paddock2 maize 1364 4736
11/12/1986 SR paddock1 maize 4256 9504
18/12/1986 SR paddock2 maize 0 3357
22/06/1987 LR paddock1 bean 1869 6196
22/06/1987 LR paddock1 maize 3276 6457
06/07/1987 LR paddock2 maize 0 2705
17/12/1987 SR paddock1 maize 4437 10608
30/12/1987 SR paddock2 maize 0 2699
26/06/1988 LR paddock1 bean 4889 13487
26/06/1988 LR paddock1 maize 1582 4830
08/07/1988 LR paddock2 maize 0 2781
11/12/1988 SR paddock1 maize 4422 10379
01/01/1989 SR paddock2 maize 0 1847
27/06/1989 LR paddock1 bean 3483 9012
27/06/1989 LR paddock1 maize 2595 5855
13/07/1989 LR paddock2 maize 0 2382
11/12/1989 SR paddock1 maize 4096 9184
30/12/1989 SR paddock2 maize 0 1849
24/06/1990 LR paddock1 bean 2409 6954
24/06/1990 LR paddock1 maize 3284 6225
05/07/1990 LR paddock2 maize 0 2504
14/12/1990 SR paddock1 maize 3597 8061
02/01/1991 SR paddock2 maize 0 2203
06/07/1991 LR paddock1 bean 2691 7271
06/07/1991 LR paddock1 maize 3279 6377
13/07/1991 LR paddock2 maize 0 2833
13/12/1991 SR paddock1 maize 3864 8057
02/01/1992 SR paddock2 maize 0 1743
11/07/1992 LR paddock1 bean 2475 6837
11/07/1992 LR paddock1 maize 3916 7568
12/07/1992 LR paddock2 maize 1151 4410
13/12/1992 SR paddock1 maize 3170 6783
30/12/1992 SR paddock2 maize 0 2576
20/06/1993 LR paddock1 bean 2512 9003
20/06/1993 LR paddock1 maize 2606 5494
04/07/1993 LR paddock2 maize 0 2497
13/12/1993 SR paddock1 maize 4271 9459
31/12/1993 SR paddock2 maize 0 1940
28/06/1994 LR paddock1 bean 4449 12625
28/06/1994 LR paddock1 maize 1218 4577
05/07/1994 LR paddock2 maize 0 2856
10/12/1994 SR paddock1 maize 4373 10441
31/12/1994 SR paddock2 maize 0 1712
20/06/1995 LR paddock1 bean 1856 6577
20/06/1995 LR paddock1 maize 3707 7084
07/07/1995 LR paddock2 maize 0 2027
15/12/1995 SR paddock1 maize 4272 9825
02/01/1996 SR paddock2 maize 0 2088
29/06/1996 LR paddock1 bean 3861 11307
29/06/1996 LR paddock1 maize 1580 4700
13/07/1996 LR paddock2 maize 0 2372
08/12/1996 SR paddock1 maize 4271 9576
29/12/1996 SR paddock2 maize 0 1528
06/07/1997 LR paddock1 bean 2470 7146
06/07/1997 LR paddock1 maize 4028 7984
13/07/1997 LR paddock2 maize 0 2839
19/01/1998 SR paddock1 maize 4093 9117
04/02/1998 SR paddock2 maize 0 2014
03/07/1998 LR paddock1 bean 3057 10307
03/07/1998 LR paddock1 maize 115 3512
19/07/1998 LR paddock2 maize 0 1657
11/12/1998 SR paddock1 maize 3327 6879
28/12/1998 SR paddock2 maize 0 1909
24/06/1999 LR paddock1 bean 2790 8326
24/06/1999 LR paddock1 maize 3097 6346
10/07/1999 LR paddock2 maize 0 2254
12/12/1999 SR paddock1 maize 4157 9158
02/01/2000 SR paddock2 maize 0 1465
23/06/2000 LR paddock1 bean 715 2776
23/06/2000 LR paddock1 maize 3890 7829
01/07/2000 LR paddock2 maize 0 3059
08/12/2000 SR paddock1 maize 2871 6032
30/12/2000 SR paddock2 maize 0 1268
23/06/2001 LR paddock1 bean 3861 11708
23/06/2001 LR paddock1 maize 1362 4526
06/07/2001 LR paddock2 maize 0 2148
08/12/2001 SR paddock1 maize 4282 9252
28/12/2001 SR paddock2 maize 0 1398
19/06/2002 LR paddock1 bean 2218 7642
19/06/2002 LR paddock1 maize 2880 5776
29/06/2002 LR paddock2 maize 0 2405
08/12/2002 SR paddock1 maize 4251 9067
28/12/2002 SR paddock2 maize 0 1542
02/07/2003 LR paddock1 bean 761 2530
02/07/2003 LR paddock1 maize 3780 7249
10/07/2003 LR paddock2 maize 0 2549
11/12/2003 SR paddock1 maize 68 3420
01/01/2004 SR paddock2 maize 0 994
23/06/2004 LR paddock2 maize 0 2593
25/06/2004 LR paddock1 bean 3382 10080
25/06/2004 LR paddock1 maize 0 2237
10/12/2004 SR paddock1 maize 2937 5968
30/12/2004 SR paddock2 maize 0 1282
25/06/2005 LR paddock1 bean 765 2833
25/06/2005 LR paddock1 maize 3914 7409
03/07/2005 LR paddock2 maize 0 2501
09/12/2005 SR paddock1 maize 0 3392
27/12/2005 SR paddock2 maize 0 849
11/07/2006 LR paddock1 bean 5980 12702
11/07/2006 LR paddock1 maize 0 1245
11/07/2006 LR paddock2 maize 0 1989
08/12/2006 SR paddock1 maize 3956 7754
31/12/2006 SR paddock2 maize 0 1365
21/06/2007 LR paddock1 bean 741 3126
21/06/2007 LR paddock1 maize 4035 7805
08/07/2007 LR paddock2 maize 0 2032
10/12/2007 SR paddock1 maize 1609 4906
03/01/2008 SR paddock2 maize 0 1178
24/06/2008 LR paddock1 bean 3195 10244
24/06/2008 LR paddock1 maize 2513 5300
05/07/2008 LR paddock2 maize 0 2405
06/12/2008 SR paddock1 maize 4042 8283
29/12/2008 SR paddock2 maize 0 1098
20/06/2009 LR paddock1 bean 581 2461
20/06/2009 LR paddock1 maize 4186 8259
30/06/2009 LR paddock2 maize 0 2425
09/12/2009 SR paddock1 maize 1150 4529
29/12/2009 SR paddock2 maize 0 1105
20/06/2010 LR paddock1 bean 788 3355
20/06/2010 LR paddock1 maize 2876 5644
01/07/2010 LR paddock2 maize 0 2310
09/12/2010 SR paddock1 maize 862 4452
27/12/2010 SR paddock2 maize 0 1197
