Title = 75 intercrop 25 maize

Date         season paddock crop yield   biomass
(dd/mm/yyyy)     ()      ()   () (kg/ha) (kg/ha)
14/12/1979 SR paddock1 maize 1250 3338
14/12/1979 SR paddock2 maize 1250 3338
19/07/1980 LR paddock1 bean 4923 13018
19/07/1980 LR paddock1 maize 39 2426
19/07/1980 LR paddock2 maize 2412 5301
09/12/1980 SR paddock1 maize 3279 6478
09/12/1980 SR paddock2 maize 835 2582
26/06/1981 LR paddock1 bean 5362 13711
26/06/1981 LR paddock1 maize 121 2549
26/06/1981 LR paddock2 maize 1228 3630
12/12/1981 SR paddock1 maize 3924 7943
12/12/1981 SR paddock2 maize 1008 3362
01/07/1982 LR paddock1 bean 4667 13344
01/07/1982 LR paddock1 maize 1070 3446
01/07/1982 LR paddock2 maize 2069 4545
21/12/1982 SR paddock1 maize 4357 8057
21/12/1982 SR paddock2 maize 909 3193
19/06/1983 LR paddock1 bean 3197 12468
19/06/1983 LR paddock1 maize 1117 3484
19/06/1983 LR paddock2 maize 1863 4086
12/12/1983 SR paddock1 maize 4214 7928
12/12/1983 SR paddock2 maize 1016 3095
19/06/1984 LR paddock1 bean 2629 9940
19/06/1984 LR paddock1 maize 1927 4946
19/06/1984 LR paddock2 maize 1810 4112
09/12/1984 SR paddock1 maize 3786 7329
09/12/1984 SR paddock2 maize 1059 3055
02/07/1985 LR paddock1 bean 5832 14153
02/07/1985 LR paddock1 maize 208 2336
02/07/1985 LR paddock2 maize 1351 3226
10/12/1985 SR paddock1 maize 3658 7513
10/12/1985 SR paddock2 maize 621 2767
01/07/1986 LR paddock1 bean 4775 13164
01/07/1986 LR paddock1 maize 900 2974
01/07/1986 LR paddock2 maize 1690 3898
11/12/1986 SR paddock1 maize 4336 8382
11/12/1986 SR paddock2 maize 766 2775
22/06/1987 LR paddock1 bean 3518 11829
22/06/1987 LR paddock1 maize 1154 2934
22/06/1987 LR paddock2 maize 1472 3438
18/12/1987 SR paddock1 maize 4858 9148
18/12/1987 SR paddock2 maize 1373 3359
26/06/1988 LR paddock1 bean 5017 13840
26/06/1988 LR paddock1 maize 30 2221
26/06/1988 LR paddock2 maize 1227 3233
11/12/1988 SR paddock1 maize 3926 7405
11/12/1988 SR paddock2 maize 799 2560
27/06/1989 LR paddock1 bean 5044 13235
27/06/1989 LR paddock1 maize 394 2493
27/06/1989 LR paddock2 maize 922 2857
12/12/1989 SR paddock1 maize 4198 7746
12/12/1989 SR paddock2 maize 844 2667
24/06/1990 LR paddock1 bean 3847 11216
24/06/1990 LR paddock1 maize 1093 3329
24/06/1990 LR paddock2 maize 1361 3079
14/12/1990 SR paddock1 maize 2850 7072
14/12/1990 SR paddock2 maize 488 2888
06/07/1991 LR paddock1 bean 4487 12363
06/07/1991 LR paddock1 maize 378 2444
06/07/1991 LR paddock2 maize 1268 3227
13/12/1991 SR paddock1 maize 3837 7595
13/12/1991 SR paddock2 maize 485 2446
11/07/1992 LR paddock1 bean 4330 12165
11/07/1992 LR paddock1 maize 589 2972
11/07/1992 LR paddock2 maize 1592 3720
14/12/1992 SR paddock1 maize 3649 7363
14/12/1992 SR paddock2 maize 212 2337
21/06/1993 LR paddock1 bean 3405 11815
21/06/1993 LR paddock1 maize 692 2556
21/06/1993 LR paddock2 maize 1299 3185
14/12/1993 SR paddock1 maize 3991 7920
14/12/1993 SR paddock2 maize 744 2617
28/06/1994 LR paddock1 bean 4599 13064
28/06/1994 LR paddock1 maize 238 2173
28/06/1994 LR paddock2 maize 1276 3060
10/12/1994 SR paddock1 maize 4394 8307
10/12/1994 SR paddock2 maize 683 2403
20/06/1995 LR paddock1 bean 3071 10975
20/06/1995 LR paddock1 maize 583 2837
20/06/1995 LR paddock2 maize 923 2645
15/12/1995 SR paddock1 maize 4241 8144
15/12/1995 SR paddock2 maize 724 2634
29/06/1996 LR paddock1 bean 4073 11928
29/06/1996 LR paddock1 maize 365 2112
29/06/1996 LR paddock2 maize 912 2620
08/12/1996 SR paddock1 maize 3810 7245
08/12/1996 SR paddock2 maize 487 2230
06/07/1997 LR paddock1 bean 4017 11711
06/07/1997 LR paddock1 maize 484 3038
06/07/1997 LR paddock2 maize 984 2995
20/01/1998 SR paddock1 maize 4464 8068
20/01/1998 SR paddock2 maize 707 2630
01/07/1998 LR paddock1 bean 2908 10501
01/07/1998 LR paddock1 maize 556 2680
01/07/1998 LR paddock2 maize 539 2328
11/12/1998 SR paddock1 maize 3615 7081
11/12/1998 SR paddock2 maize 475 2307
24/06/1999 LR paddock1 bean 4337 13122
24/06/1999 LR paddock1 maize 216 2309
24/06/1999 LR paddock2 maize 706 2479
12/12/1999 SR paddock1 maize 3925 7536
12/12/1999 SR paddock2 maize 388 2262
24/06/2000 LR paddock1 bean 2826 10560
24/06/2000 LR paddock1 maize 897 3223
24/06/2000 LR paddock2 maize 1139 3015
08/12/2000 SR paddock1 maize 3766 7406
08/12/2000 SR paddock2 maize 261 2227
23/06/2001 LR paddock1 bean 4109 12413
23/06/2001 LR paddock1 maize 311 2283
23/06/2001 LR paddock2 maize 910 2637
09/12/2001 SR paddock1 maize 3856 7393
09/12/2001 SR paddock2 maize 385 2108
20/06/2002 LR paddock1 bean 3381 11321
20/06/2002 LR paddock1 maize 437 2532
20/06/2002 LR paddock2 maize 716 2599
09/12/2002 SR paddock1 maize 4066 7680
09/12/2002 SR paddock2 maize 477 2229
03/07/2003 LR paddock1 bean 3386 10982
03/07/2003 LR paddock1 maize 934 2994
03/07/2003 LR paddock2 maize 964 2688
07/12/2003 SR paddock1 maize 3117 6122
07/12/2003 SR paddock2 maize 168 1874
17/06/2004 LR paddock1 bean 1954 7694
17/06/2004 LR paddock1 maize 1861 4553
17/06/2004 LR paddock2 maize 926 2770
11/12/2004 SR paddock1 maize 2974 5935
11/12/2004 SR paddock2 maize 256 2097
25/06/2005 LR paddock1 bean 2769 10425
25/06/2005 LR paddock1 maize 859 2699
25/06/2005 LR paddock2 maize 1015 2634
06/12/2005 SR paddock1 maize 2754 5695
06/12/2005 SR paddock2 maize 15 1738
26/06/2006 LR paddock1 bean 3639 11121
26/06/2006 LR paddock1 maize 358 2071
26/06/2006 LR paddock2 maize 499 2017
09/12/2006 SR paddock1 maize 3604 6847
09/12/2006 SR paddock2 maize 320 2000
21/06/2007 LR paddock1 bean 2370 10025
21/06/2007 LR paddock1 maize 1029 3115
21/06/2007 LR paddock2 maize 700 2344
08/12/2007 SR paddock1 maize 3096 6068
08/12/2007 SR paddock2 maize 157 1816
24/06/2008 LR paddock1 bean 3789 12180
24/06/2008 LR paddock1 maize 410 2365
24/06/2008 LR paddock2 maize 814 2508
06/12/2008 SR paddock1 maize 3404 6910
06/12/2008 SR paddock2 maize 0 1841
21/06/2009 LR paddock1 bean 2363 9694
21/06/2009 LR paddock1 maize 1448 4068
21/06/2009 LR paddock2 maize 895 2541
08/12/2009 SR paddock1 maize 3119 6386
08/12/2009 SR paddock2 maize 63 1941
21/06/2010 LR paddock1 bean 2388 9790
21/06/2010 LR paddock1 maize 1278 3707
21/06/2010 LR paddock2 maize 812 2434
08/12/2010 SR paddock1 maize 2669 5830
08/12/2010 SR paddock2 maize 35 1943
