c:\users\uqbababa\uq\07_repository\apsimclassic\model\plant\debug\arbitrator.obj
c:\users\uqbababa\uq\07_repository\apsimclassic\model\plant\debug\biomass.obj
c:\users\uqbababa\uq\07_repository\apsimclassic\model\plant\debug\co2modifier.obj
c:\users\uqbababa\uq\07_repository\apsimclassic\model\plant\debug\cohortingleaf.obj
c:\users\uqbababa\uq\07_repository\apsimclassic\model\plant\debug\compositedelta.obj
c:\users\uqbababa\uq\07_repository\apsimclassic\model\plant\debug\compositepart.obj
c:\users\uqbababa\uq\07_repository\apsimclassic\model\plant\debug\compositephase.obj
c:\users\uqbababa\uq\07_repository\apsimclassic\model\plant\debug\compositepool.obj
c:\users\uqbababa\uq\07_repository\apsimclassic\model\plant\debug\culm.obj
c:\users\uqbababa\uq\07_repository\apsimclassic\model\plant\debug\cwemergentphase.obj
c:\users\uqbababa\uq\07_repository\apsimclassic\model\plant\debug\cwfixedphase.obj
c:\users\uqbababa\uq\07_repository\apsimclassic\model\plant\debug\cwinductivephase.obj
c:\users\uqbababa\uq\07_repository\apsimclassic\model\plant\debug\cwsowingphase.obj
c:\users\uqbababa\uq\07_repository\apsimclassic\model\plant\debug\cwvernalphase.obj
c:\users\uqbababa\uq\07_repository\apsimclassic\model\plant\debug\data.obj
c:\users\uqbababa\uq\07_repository\apsimclassic\model\plant\debug\date.obj
c:\users\uqbababa\uq\07_repository\apsimclassic\model\plant\debug\delta.obj
c:\users\uqbababa\uq\07_repository\apsimclassic\model\plant\debug\emergentphase.obj
c:\users\uqbababa\uq\07_repository\apsimclassic\model\plant\debug\entrypoints.obj
c:\users\uqbababa\uq\07_repository\apsimclassic\model\plant\debug\environment.obj
c:\users\uqbababa\uq\07_repository\apsimclassic\model\plant\debug\externalfunction.obj
c:\users\uqbababa\uq\07_repository\apsimclassic\model\plant\debug\fixation.obj
c:\users\uqbababa\uq\07_repository\apsimclassic\model\plant\debug\fixedphase.obj
c:\users\uqbababa\uq\07_repository\apsimclassic\model\plant\debug\floretpart.obj
c:\users\uqbababa\uq\07_repository\apsimclassic\model\plant\debug\fruitcohort.obj
c:\users\uqbababa\uq\07_repository\apsimclassic\model\plant\debug\fruitcohortfn.obj
c:\users\uqbababa\uq\07_repository\apsimclassic\model\plant\debug\genericarbitrator.obj
c:\users\uqbababa\uq\07_repository\apsimclassic\model\plant\debug\genericarbitratorxy.obj
c:\users\uqbababa\uq\07_repository\apsimclassic\model\plant\debug\genericleaf.obj
c:\users\uqbababa\uq\07_repository\apsimclassic\model\plant\debug\grainpart.obj
c:\users\uqbababa\uq\07_repository\apsimclassic\model\plant\debug\grainpartfn.obj
c:\users\uqbababa\uq\07_repository\apsimclassic\model\plant\debug\grainpartgn.obj
c:\users\uqbababa\uq\07_repository\apsimclassic\model\plant\debug\grainparthi.obj
c:\users\uqbababa\uq\07_repository\apsimclassic\model\plant\debug\individualleaf.obj
c:\users\uqbababa\uq\07_repository\apsimclassic\model\plant\debug\inductivephase.obj
c:\users\uqbababa\uq\07_repository\apsimclassic\model\plant\debug\interpolationfunction.obj
c:\users\uqbababa\uq\07_repository\apsimclassic\model\plant\debug\leaf.obj
c:\users\uqbababa\uq\07_repository\apsimclassic\model\plant\debug\leafappphase.obj
c:\users\uqbababa\uq\07_repository\apsimclassic\model\plant\debug\lookupfunction.obj
c:\users\uqbababa\uq\07_repository\apsimclassic\model\plant\debug\mealpart.obj
c:\users\uqbababa\uq\07_repository\apsimclassic\model\plant\debug\multiroot.obj
c:\users\uqbababa\uq\07_repository\apsimclassic\model\plant\debug\noroot.obj
c:\users\uqbababa\uq\07_repository\apsimclassic\model\plant\debug\observers.obj
c:\users\uqbababa\uq\07_repository\apsimclassic\model\plant\debug\oilpart.obj
c:\users\uqbababa\uq\07_repository\apsimclassic\model\plant\debug\output.obj
c:\users\uqbababa\uq\07_repository\apsimclassic\model\plant\debug\outputvariable.obj
c:\users\uqbababa\uq\07_repository\apsimclassic\model\plant\debug\parts.obj
c:\users\uqbababa\uq\07_repository\apsimclassic\model\plant\debug\phase.obj
c:\users\uqbababa\uq\07_repository\apsimclassic\model\plant\debug\phenology.obj
c:\users\uqbababa\uq\07_repository\apsimclassic\model\plant\debug\photophase.obj
c:\users\uqbababa\uq\07_repository\apsimclassic\model\plant\debug\photosynthesismodel.obj
c:\users\uqbababa\uq\07_repository\apsimclassic\model\plant\debug\plant.obj
c:\users\uqbababa\uq\07_repository\apsimclassic\model\plant\debug\plantbiomass.obj
c:\users\uqbababa\uq\07_repository\apsimclassic\model\plant\debug\plantcanopy.obj
c:\users\uqbababa\uq\07_repository\apsimclassic\model\plant\debug\plantcomponent.obj
c:\users\uqbababa\uq\07_repository\apsimclassic\model\plant\debug\plantfruitcohorting.obj
c:\users\uqbababa\uq\07_repository\apsimclassic\model\plant\debug\plantlibrary.obj
c:\users\uqbababa\uq\07_repository\apsimclassic\model\plant\debug\plantnitrogen.obj
c:\users\uqbababa\uq\07_repository\apsimclassic\model\plant\debug\plantp.obj
c:\users\uqbababa\uq\07_repository\apsimclassic\model\plant\debug\plantpart.obj
c:\users\uqbababa\uq\07_repository\apsimclassic\model\plant\debug\plantspatial.obj
c:\users\uqbababa\uq\07_repository\apsimclassic\model\plant\debug\plantstress.obj
c:\users\uqbababa\uq\07_repository\apsimclassic\model\plant\debug\plantutility.obj
c:\users\uqbababa\uq\07_repository\apsimclassic\model\plant\debug\podpart.obj
c:\users\uqbababa\uq\07_repository\apsimclassic\model\plant\debug\podpartfn.obj
c:\users\uqbababa\uq\07_repository\apsimclassic\model\plant\debug\pool.obj
c:\users\uqbababa\uq\07_repository\apsimclassic\model\plant\debug\population.obj
c:\users\uqbababa\uq\07_repository\apsimclassic\model\plant\debug\reproductivepart.obj
c:\users\uqbababa\uq\07_repository\apsimclassic\model\plant\debug\rootbase.obj
c:\users\uqbababa\uq\07_repository\apsimclassic\model\plant\debug\rootgrowthoption1.obj
c:\users\uqbababa\uq\07_repository\apsimclassic\model\plant\debug\rootgrowthoption2.obj
c:\users\uqbababa\uq\07_repository\apsimclassic\model\plant\debug\rootpart.obj
c:\users\uqbababa\uq\07_repository\apsimclassic\model\plant\debug\ruemodel.obj
c:\users\uqbababa\uq\07_repository\apsimclassic\model\plant\debug\ruewholeplantmodel.obj
c:\users\uqbababa\uq\07_repository\apsimclassic\model\plant\debug\science.obj
c:\users\uqbababa\uq\07_repository\apsimclassic\model\plant\debug\simplepart.obj
c:\users\uqbababa\uq\07_repository\apsimclassic\model\plant\debug\soil.obj
c:\users\uqbababa\uq\07_repository\apsimclassic\model\plant\debug\sowingphase.obj
c:\users\uqbababa\uq\07_repository\apsimclassic\model\plant\debug\stagebasedinterpolationfunction.obj
c:\users\uqbababa\uq\07_repository\apsimclassic\model\plant\debug\stdplant.obj
c:\users\uqbababa\uq\07_repository\apsimclassic\model\plant\debug\stem.obj
c:\users\uqbababa\uq\07_repository\apsimclassic\model\plant\debug\storagepart.obj
c:\users\uqbababa\uq\07_repository\apsimclassic\model\plant\debug\sucrosmodel.obj
c:\users\uqbababa\uq\07_repository\apsimclassic\model\plant\debug\thingfactory.obj
c:\users\uqbababa\uq\07_repository\apsimclassic\model\plant\debug\vernalphase.obj
c:\users\uqbababa\uq\07_repository\apsimclassic\model\plant\debug\waitingphase.obj
c:\users\uqbababa\uq\07_repository\apsimclassic\model\plant\debug\weather.obj
c:\users\uqbababa\uq\07_repository\apsimclassic\model\plant\debug\wholeplantgenericarbitratorxy.obj
c:\users\uqbababa\uq\07_repository\apsimclassic\model\plant\debug\wholeplantseasonalarbitrator.obj
c:\users\uqbababa\uq\07_repository\apsimclassic\model\plant\debug\wholeplantseasonalpparbitrator.obj
c:\users\uqbababa\uq\07_repository\apsimclassic\model\plant\debug\zadok.obj
c:\users\uqbababa\uq\07_repository\apsimclassic\model\plant\debug\vc142.pdb
c:\users\uqbababa\uq\07_repository\apsimclassic\model\plant\..\plant.dll.manifest
c:\users\uqbababa\uq\07_repository\apsimclassic\model\plant\..\plant.dll
