cl : Command line warning D9035: option 'Gm' has been deprecated and will be removed in a future release
  StdPlant.cpp
cl : Command line warning D9035: option 'Gm' has been deprecated and will be removed in a future release
  EntryPoints.cpp
cl : Command line warning D9035: option 'Gm' has been deprecated and will be removed in a future release
  WholePlantSeasonalPpArbitrator.cpp
  WholePlantSeasonalArbitrator.cpp
  WholePlantGenericArbitratorXY.cpp
  Weather.cpp
  WaitingPhase.cpp
  VernalPhase.cpp
  ThingFactory.cpp
  SUCROSModel.cpp
  StoragePart.cpp
  Stem.cpp
  StageBasedInterpolationFunction.cpp
  SowingPhase.cpp
  Soil.cpp
  SimplePart.cpp
  Science.cpp
  RUEWholePlantModel.cpp
  RUEModel.cpp
c:\users\uqbababa\uq\07_repository\apsimclassic\model\plant\photosynthesis\ruemodel.cpp(61): warning C4244: 'initializing': conversion from 'double' to 'float', possible loss of data
c:\users\uqbababa\uq\07_repository\apsimclassic\model\plant\photosynthesis\ruemodel.cpp(97): warning C4244: '=': conversion from 'double' to 'float', possible loss of data
c:\users\uqbababa\uq\07_repository\apsimclassic\model\plant\photosynthesis\ruemodel.cpp(98): warning C4244: '=': conversion from 'double' to 'float', possible loss of data
  RootPart.cpp
  RootGrowthOption2.cpp
  RootGrowthOption1.cpp
  Generating Code...
  Compiling...
  RootBase.cpp
  ReproductivePart.cpp
  Population.cpp
  Pool.cpp
  PodPartFN.cpp
  PodPart.cpp
  PlantUtility.cpp
  PlantStress.cpp
  PlantSpatial.cpp
  PlantPart.cpp
  PlantP.cpp
  PlantNitrogen.cpp
  PlantLibrary.cpp
  PlantFruitCohorting.cpp
  PlantComponent.cpp
  PlantCanopy.cpp
  PlantBiomass.cpp
  Plant.cpp
  PhotosynthesisModel.cpp
  PhotoPhase.cpp
  Generating Code...
  Compiling...
  Phenology.cpp
  Phase.cpp
  Parts.cpp
  OutputVariable.cpp
  Output.cpp
  OilPart.cpp
  Observers.cpp
  NoRoot.cpp
  MultiRoot.cpp
  MealPart.cpp
  LookupFunction.cpp
  LeafAppPhase.cpp
  Leaf.cpp
  InterpolationFunction.cpp
  InductivePhase.cpp
  IndividualLeaf.cpp
  GrainPartHI.cpp
  GrainPartGN.cpp
  GrainPartFN.cpp
  GrainPart.cpp
  Generating Code...
  Compiling...
  GenericLeaf.cpp
  GenericArbitratorXY.cpp
  GenericArbitrator.cpp
  FruitCohortFN.cpp
  FruitCohort.cpp
  FloretPart.cpp
  FixedPhase.cpp
  Fixation.cpp
  ExternalFunction.cpp
  Environment.cpp
  EmergentPhase.cpp
  Delta.cpp
  Date.cpp
  Data.cpp
  DCaPST.cpp
c:\users\uqbababa\uq\07_repository\apsimclassic\model\plant\photosynthesis\dcapst.cpp(53): warning C4244: 'initializing': conversion from 'double' to 'float', possible loss of data
c:\users\uqbababa\uq\07_repository\apsimclassic\model\plant\photosynthesis\dcapst.cpp(85): warning C4244: '=': conversion from 'double' to 'float', possible loss of data
c:\users\uqbababa\uq\07_repository\apsimclassic\model\plant\photosynthesis\dcapst.cpp(86): warning C4244: '=': conversion from 'double' to 'float', possible loss of data
  Zadok.cpp
  CWVernalPhase.cpp
  CWSowingPhase.cpp
  CWInductivePhase.cpp
  CWFixedPhase.cpp
  Generating Code...
  Compiling...
  CWEmergentPhase.cpp
  Culm.cpp
  CompositePool.cpp
  CompositePhase.cpp
  CompositePart.cpp
  CompositeDelta.cpp
  CohortingLeaf.cpp
  Co2Modifier.cpp
  Biomass.cpp
  Arbitrator.cpp
  Generating Code...
EntryPoints.obj : warning LNK4075: ignoring '/EDITANDCONTINUE' due to '/SAFESEH' specification
     Creating library ..\Plant.lib and object ..\Plant.exp
  Plant.vcxproj -> C:\Users\uqbababa\UQ\07_Repository\ApsimClassic\Model\Plant\..\Plant.dll
