ApsimVersion = 7.4
Title = Bambatsi Pasture
           Date        biomass            lai
   (dd/mm/yyyy)        (kg/ha)        (m2/m2)
     01/01/1970            0.0          0.000
     02/01/1970            0.0          0.000
     03/01/1970            0.0          0.000
     04/01/1970            0.0          0.000
     05/01/1970            0.0          0.000
     06/01/1970            0.0          0.000
     07/01/1970            0.0          0.000
     08/01/1970            0.0          0.000
     09/01/1970            0.0          0.000
     10/01/1970            0.0          0.000
     11/01/1970            0.0          0.000
     12/01/1970            0.0          0.000
     13/01/1970            0.0          0.000
     14/01/1970            0.0          0.000
     15/01/1970            0.0          0.000
     16/01/1970            0.0          0.000
     17/01/1970            0.0          0.000
     18/01/1970            0.0          0.000
     19/01/1970            0.0          0.000
     20/01/1970            0.0          0.000
     21/01/1970            0.0          0.000
     22/01/1970            0.0          0.000
     23/01/1970            0.0          0.000
     24/01/1970            0.0          0.000
     25/01/1970            0.0          0.000
     26/01/1970            0.0          0.000
     27/01/1970            0.0          0.000
     28/01/1970            0.0          0.000
     29/01/1970            0.0          0.000
     30/01/1970            0.0          0.000
     31/01/1970            0.0          0.000
     01/02/1970            0.0          0.000
     02/02/1970            0.0          0.000
     03/02/1970            0.0          0.000
     04/02/1970            0.0          0.000
     05/02/1970            0.0          0.000
     06/02/1970            0.0          0.000
     07/02/1970            0.0          0.000
     08/02/1970            0.0          0.000
     09/02/1970            0.0          0.000
     10/02/1970            0.0          0.000
     11/02/1970            0.0          0.000
     12/02/1970            0.0          0.000
     13/02/1970            0.0          0.000
     14/02/1970            0.0          0.000
     15/02/1970            0.0          0.000
     16/02/1970            0.0          0.000
     17/02/1970            0.0          0.000
     18/02/1970            0.0          0.000
     19/02/1970            0.0          0.000
     20/02/1970            0.0          0.000
     21/02/1970            0.0          0.000
     22/02/1970            0.0          0.000
     23/02/1970            0.0          0.000
     24/02/1970            0.0          0.000
     25/02/1970            0.1          0.000
     26/02/1970            0.1          0.000
     27/02/1970            0.1          0.000
     28/02/1970            0.1          0.000
     01/03/1970            0.1          0.000
     02/03/1970            0.1          0.000
     03/03/1970            0.1          0.000
     04/03/1970            0.1          0.000
     05/03/1970            0.1          0.000
     06/03/1970            0.1          0.000
     07/03/1970            0.1          0.000
     08/03/1970            0.2          0.000
     09/03/1970            0.2          0.000
     10/03/1970            0.2          0.000
     11/03/1970            0.2          0.000
     12/03/1970            0.2          0.000
     13/03/1970            0.3          0.000
     14/03/1970            0.3          0.000
     15/03/1970            0.3          0.000
     16/03/1970            0.3          0.000
     17/03/1970            0.4          0.000
     18/03/1970            0.4          0.000
     19/03/1970            0.4          0.000
     20/03/1970            0.5          0.000
     21/03/1970            0.5          0.000
     22/03/1970            0.5          0.000
     23/03/1970            0.6          0.000
     24/03/1970            0.6          0.000
     25/03/1970            0.6          0.000
     26/03/1970            0.6          0.000
     27/03/1970            0.7          0.000
     28/03/1970            0.7          0.000
     29/03/1970            0.7          0.000
     30/03/1970            0.7          0.000
     31/03/1970            0.7          0.000
     01/04/1970            0.7          0.000
     02/04/1970            0.7          0.000
     03/04/1970            0.7          0.000
     04/04/1970            0.7          0.000
     05/04/1970            0.8          0.000
     06/04/1970            0.8          0.000
     07/04/1970            0.8          0.000
     08/04/1970            0.8          0.000
     09/04/1970            0.8          0.000
     10/04/1970            0.8          0.000
     11/04/1970            0.8          0.001
     12/04/1970            0.8          0.001
     13/04/1970            0.9          0.001
     14/04/1970            0.9          0.001
     15/04/1970            0.9          0.001
     16/04/1970            0.9          0.001
     17/04/1970            0.9          0.001
     18/04/1970            0.9          0.001
     19/04/1970            0.9          0.001
     20/04/1970            1.0          0.001
     21/04/1970            1.0          0.001
     22/04/1970            1.0          0.001
     23/04/1970            1.0          0.001
     24/04/1970            1.0          0.001
     25/04/1970            1.0          0.001
     26/04/1970            1.0          0.001
     27/04/1970            1.0          0.001
     28/04/1970            1.0          0.001
     29/04/1970            1.0          0.001
     30/04/1970            1.0          0.001
     01/05/1970            1.0          0.001
     02/05/1970            1.1          0.001
     03/05/1970            1.1          0.001
     04/05/1970            1.1          0.001
     05/05/1970            1.1          0.001
     06/05/1970            1.1          0.001
     07/05/1970            1.1          0.001
     08/05/1970            1.1          0.001
     09/05/1970            1.1          0.001
     10/05/1970            1.1          0.001
     11/05/1970            1.1          0.001
     12/05/1970            1.1          0.001
     13/05/1970            1.1          0.001
     14/05/1970            1.2          0.001
     15/05/1970            1.2          0.001
     16/05/1970            1.2          0.001
     17/05/1970            1.2          0.001
     18/05/1970            1.2          0.001
     19/05/1970            1.2          0.001
     20/05/1970            1.2          0.001
     21/05/1970            1.2          0.001
     22/05/1970            1.2          0.001
     23/05/1970            1.2          0.001
     24/05/1970            1.2          0.001
     25/05/1970            1.2          0.001
     26/05/1970            1.2          0.001
     27/05/1970            1.2          0.001
     28/05/1970            1.2          0.001
     29/05/1970            1.2          0.001
     30/05/1970            1.2          0.001
     31/05/1970            1.2          0.001
     01/06/1970            1.2          0.001
     02/06/1970            1.3          0.001
     03/06/1970            1.3          0.001
     04/06/1970            1.3          0.001
     05/06/1970            1.3          0.001
     06/06/1970            1.3          0.001
     07/06/1970            1.3          0.001
     08/06/1970            1.3          0.001
     09/06/1970            1.3          0.001
     10/06/1970            1.3          0.001
     11/06/1970            1.3          0.001
     12/06/1970            1.3          0.001
     13/06/1970            1.3          0.001
     14/06/1970            1.3          0.001
     15/06/1970            1.3          0.001
     16/06/1970            1.3          0.001
     17/06/1970            1.3          0.001
     18/06/1970            1.3          0.001
     19/06/1970            1.3          0.001
     20/06/1970            1.3          0.001
     21/06/1970            1.4          0.001
     22/06/1970            1.4          0.001
     23/06/1970            1.4          0.001
     24/06/1970            1.4          0.001
     25/06/1970            1.4          0.001
     26/06/1970            1.4          0.001
     27/06/1970            1.4          0.001
     28/06/1970            1.4          0.001
     29/06/1970            1.4          0.001
     30/06/1970            1.4          0.001
     01/07/1970            1.4          0.001
     02/07/1970            1.4          0.001
     03/07/1970            1.4          0.001
     04/07/1970            1.4          0.001
     05/07/1970            1.4          0.001
     06/07/1970            1.4          0.001
     07/07/1970            1.4          0.001
     08/07/1970            1.4          0.001
     09/07/1970            1.4          0.001
     10/07/1970            1.4          0.001
     11/07/1970            1.4          0.001
     12/07/1970            1.4          0.001
     13/07/1970            1.4          0.001
     14/07/1970            1.4          0.001
     15/07/1970            1.4          0.001
     16/07/1970            1.4          0.001
     17/07/1970            1.5          0.001
     18/07/1970            1.5          0.001
     19/07/1970            1.5          0.001
     20/07/1970            1.5          0.001
     21/07/1970            1.5          0.001
     22/07/1970            1.5          0.001
     23/07/1970            1.5          0.001
     24/07/1970            1.5          0.001
     25/07/1970            1.5          0.001
     26/07/1970            1.5          0.001
     27/07/1970            1.5          0.001
     28/07/1970            1.5          0.001
     29/07/1970            1.5          0.001
     30/07/1970            1.5          0.001
     31/07/1970            1.5          0.001
     01/08/1970            1.6          0.001
     02/08/1970            1.6          0.001
     03/08/1970            1.6          0.001
     04/08/1970            1.6          0.001
     05/08/1970            1.6          0.001
     06/08/1970            1.6          0.001
     07/08/1970            1.6          0.001
     08/08/1970            1.6          0.001
     09/08/1970            1.6          0.001
     10/08/1970            1.6          0.001
     11/08/1970            1.6          0.001
     12/08/1970            1.6          0.001
     13/08/1970            1.6          0.001
     14/08/1970            1.6          0.001
     15/08/1970            1.6          0.001
     16/08/1970            1.7          0.001
     17/08/1970            1.7          0.001
     18/08/1970            1.7          0.001
     19/08/1970            1.7          0.001
     20/08/1970            1.7          0.001
     21/08/1970            1.7          0.001
     22/08/1970            1.7          0.001
     23/08/1970            1.7          0.001
     24/08/1970            1.7          0.001
     25/08/1970            1.7          0.001
     26/08/1970            1.7          0.001
     27/08/1970            1.8          0.001
     28/08/1970            1.8          0.001
     29/08/1970            1.8          0.001
     30/08/1970            1.8          0.001
     31/08/1970            1.8          0.001
     01/09/1970            1.8          0.001
     02/09/1970            1.8          0.001
     03/09/1970            1.8          0.001
     04/09/1970            1.9          0.001
     05/09/1970            1.9          0.001
     06/09/1970            1.9          0.001
     07/09/1970            1.9          0.001
     08/09/1970            2.0          0.001
     09/09/1970            2.0          0.001
     10/09/1970            2.0          0.001
     11/09/1970            2.0          0.001
     12/09/1970            2.0          0.001
     13/09/1970            2.1          0.001
     14/09/1970            2.1          0.001
     15/09/1970            2.2          0.001
     16/09/1970            2.2          0.001
     17/09/1970            2.3          0.001
     18/09/1970            2.4          0.001
     19/09/1970            2.6          0.002
     20/09/1970            2.8          0.002
     21/09/1970            2.8          0.002
     22/09/1970            2.9          0.002
     23/09/1970            3.2          0.002
     24/09/1970            3.4          0.002
     25/09/1970            3.5          0.002
     26/09/1970            3.7          0.002
     27/09/1970            3.8          0.002
     28/09/1970            4.1          0.002
     29/09/1970            4.3          0.003
     30/09/1970            4.6          0.003
     01/10/1970            5.0          0.003
     02/10/1970            5.6          0.003
     03/10/1970            6.1          0.004
     04/10/1970            6.7          0.004
     05/10/1970            7.4          0.004
     06/10/1970            8.2          0.005
     07/10/1970            9.1          0.005
     08/10/1970           10.1          0.006
     09/10/1970           11.1          0.007
     10/10/1970           12.1          0.007
     11/10/1970           13.3          0.008
     12/10/1970           14.5          0.009
     13/10/1970           16.2          0.010
     14/10/1970           18.0          0.011
     15/10/1970           19.3          0.012
     16/10/1970           21.3          0.013
     17/10/1970           23.7          0.014
     18/10/1970           26.2          0.016
     19/10/1970           29.0          0.017
     20/10/1970           30.9          0.019
     21/10/1970           33.2          0.020
     22/10/1970           36.7          0.022
     23/10/1970           41.0          0.025
     24/10/1970           45.5          0.027
     25/10/1970           49.9          0.030
     26/10/1970           55.9          0.034
     27/10/1970           61.5          0.037
     28/10/1970           68.5          0.041
     29/10/1970           76.5          0.046
     30/10/1970           82.2          0.049
     31/10/1970           90.4          0.054
     01/11/1970          101.4          0.061
     02/11/1970          113.1          0.068
     03/11/1970          126.0          0.076
     04/11/1970          139.6          0.084
     05/11/1970          155.0          0.093
     06/11/1970          164.1          0.098
     07/11/1970          180.3          0.108
     08/11/1970          199.8          0.119
     09/11/1970          222.1          0.131
     10/11/1970          246.6          0.144
     11/11/1970          253.3          0.147
     12/11/1970          279.7          0.161
     13/11/1970          310.8          0.179
     14/11/1970          345.3          0.197
     15/11/1970          378.3          0.215
     16/11/1970          419.4          0.238
     17/11/1970          463.1          0.262
     18/11/1970          510.0          0.287
     19/11/1970          556.9          0.313
     20/11/1970          616.2          0.345
     21/11/1970          675.6          0.378
     22/11/1970          744.5          0.415
     23/11/1970          818.5          0.456
     24/11/1970          898.9          0.499
     25/11/1970          980.5          0.544
     26/11/1970         1075.9          0.596
     27/11/1970         1175.2          0.649
     28/11/1970         1282.2          0.707
     29/11/1970         1387.3          0.764
     30/11/1970         1508.6          0.829
     01/12/1970         1640.5          0.900
     02/12/1970         1781.1          0.976
     03/12/1970         1927.3          1.054
     04/12/1970         2082.9          1.137
     05/12/1970          372.5          0.211
     06/12/1970          372.7          0.209
     07/12/1970          382.2          0.213
     08/12/1970          391.3          0.216
     09/12/1970          406.4          0.223
     10/12/1970          448.0          0.246
     11/12/1970          495.0          0.272
     12/12/1970          533.3          0.292
     13/12/1970          590.0          0.324
     14/12/1970          647.9          0.355
     15/12/1970          715.0          0.392
     16/12/1970          767.7          0.420
     17/12/1970          840.4          0.459
     18/12/1970          916.3          0.501
     19/12/1970          998.6          0.545
     20/12/1970         1086.2          0.592
     21/12/1970         1148.4          0.624
     22/12/1970         1218.7          0.660
     23/12/1970         1303.2          0.705
     24/12/1970         1406.5          0.760
     25/12/1970         1502.5          0.810
     26/12/1970         1551.5          0.832
     27/12/1970         1635.3          0.874
     28/12/1970         1762.6          0.942
     29/12/1970         1893.1          1.011
     30/12/1970         2006.4          1.069
     31/12/1970          362.0          0.203
     01/01/1971          362.3          0.201
     02/01/1971          413.5          0.230
     03/01/1971          454.6          0.252
     04/01/1971          501.5          0.278
     05/01/1971          552.2          0.306
     06/01/1971          609.6          0.337
     07/01/1971          667.2          0.368
     08/01/1971          731.6          0.403
     09/01/1971          802.6          0.442
     10/01/1971          884.6          0.487
     11/01/1971          954.6          0.524
     12/01/1971         1050.0          0.577
     13/01/1971         1129.1          0.618
     14/01/1971         1208.5          0.660
     15/01/1971         1310.4          0.715
     16/01/1971         1414.5          0.770
     17/01/1971         1539.6          0.838
     18/01/1971         1630.8          0.885
     19/01/1971         1719.3          0.929
     20/01/1971         1836.4          0.991
     21/01/1971         1950.2          1.049
     22/01/1971         2079.2          1.117
     23/01/1971          362.4          0.203
     24/01/1971          362.9          0.202
     25/01/1971          398.2          0.221
     26/01/1971          435.8          0.241
     27/01/1971          472.1          0.261
     28/01/1971          489.3          0.269
     29/01/1971          510.3          0.279
     30/01/1971          557.1          0.304
     31/01/1971          592.8          0.322
     01/02/1971          644.0          0.350
     02/02/1971          698.5          0.379
     03/02/1971          754.0          0.409
     04/02/1971          802.0          0.434
     05/02/1971          878.3          0.475
     06/02/1971          931.7          0.503
     07/02/1971          987.0          0.531
     08/02/1971         1042.0          0.559
     09/02/1971         1079.8          0.576
     10/02/1971         1137.2          0.605
     11/02/1971         1227.7          0.654
     12/02/1971         1312.3          0.698
     13/02/1971         1413.2          0.752
     14/02/1971         1517.1          0.807
     15/02/1971         1635.2          0.870
     16/02/1971         1761.9          0.938
     17/02/1971         1861.7          0.989
     18/02/1971         1937.5          1.025
     19/02/1971         2051.7          1.084
     20/02/1971          346.0          0.192
     21/02/1971          346.6          0.190
     22/02/1971          369.8          0.202
     23/02/1971          394.7          0.215
     24/02/1971          432.3          0.236
     25/02/1971          471.7          0.257
     26/02/1971          510.6          0.278
     27/02/1971          557.1          0.303
     28/02/1971          606.5          0.330
     01/03/1971          657.7          0.358
     02/03/1971          712.3          0.387
     03/03/1971          765.6          0.415
     04/03/1971          821.1          0.444
     05/03/1971          853.0          0.459
     06/03/1971          873.9          0.467
     07/03/1971          918.1          0.489
     08/03/1971          989.2          0.527
     09/03/1971         1042.9          0.555
     10/03/1971         1122.0          0.597
     11/03/1971         1199.6          0.638
     12/03/1971         1286.0          0.683
     13/03/1971         1374.5          0.730
     14/03/1971         1470.1          0.780
     15/03/1971         1570.3          0.833
     16/03/1971         1676.6          0.889
     17/03/1971         1785.9          0.946
     18/03/1971         1897.0          1.003
     19/03/1971         2008.4          1.061
     20/03/1971          315.8          0.174
     21/03/1971          317.0          0.173
     22/03/1971          340.4          0.185
     23/03/1971          358.0          0.194
     24/03/1971          372.6          0.201
     25/03/1971          386.1          0.207
     26/03/1971          396.7          0.212
     27/03/1971          403.5          0.214
     28/03/1971          408.6          0.215
     29/03/1971          413.1          0.215
     30/03/1971          418.4          0.216
     31/03/1971          423.6          0.217
     01/04/1971          429.0          0.219
     02/04/1971          434.5          0.220
     03/04/1971          439.9          0.221
     04/04/1971          445.4          0.222
     05/04/1971          450.9          0.224
     06/04/1971          456.4          0.225
     07/04/1971          461.9          0.226
     08/04/1971          467.2          0.227
     09/04/1971          472.4          0.228
     10/04/1971          477.8          0.229
     11/04/1971          483.1          0.230
     12/04/1971          487.0          0.230
     13/04/1971          491.9          0.231
     14/04/1971          497.1          0.232
     15/04/1971          501.7          0.233
     16/04/1971          506.7          0.234
     17/04/1971          510.2          0.234
     18/04/1971          513.8          0.234
     19/04/1971          516.8          0.234
     20/04/1971          519.9          0.235
     21/04/1971          523.5          0.235
     22/04/1971          526.9          0.236
     23/04/1971          531.2          0.237
     24/04/1971          535.3          0.237
     25/04/1971          540.2          0.238
     26/04/1971          545.0          0.239
     27/04/1971          549.7          0.240
     28/04/1971          552.4          0.240
     29/04/1971          555.3          0.240
     30/04/1971          557.6          0.241
     01/05/1971          560.0          0.241
     02/05/1971          562.2          0.241
     03/05/1971          565.0          0.242
     04/05/1971          568.5          0.242
     05/05/1971          571.0          0.243
     06/05/1971          572.6          0.243
     07/05/1971          574.9          0.243
     08/05/1971          577.8          0.243
     09/05/1971          580.0          0.244
     10/05/1971          582.5          0.244
     11/05/1971          584.2          0.244
     12/05/1971          586.0          0.244
     13/05/1971          588.1          0.244
     14/05/1971          589.8          0.245
     15/05/1971          592.1          0.245
     16/05/1971          594.8          0.245
     17/05/1971          597.6          0.245
     18/05/1971          600.4          0.245
     19/05/1971          603.0          0.245
     20/05/1971          603.5          0.245
     21/05/1971          605.0          0.244
     22/05/1971          606.2          0.244
     23/05/1971          608.1          0.244
     24/05/1971          609.6          0.244
     25/05/1971          611.4          0.245
     26/05/1971          613.7          0.245
     27/05/1971          616.0          0.245
     28/05/1971          618.3          0.245
     29/05/1971          618.8          0.245
     30/05/1971          619.5          0.244
     31/05/1971          620.4          0.244
     01/06/1971          620.6          0.244
     02/06/1971          621.4          0.244
     03/06/1971          621.9          0.244
     04/06/1971          622.8          0.244
     05/06/1971          623.7          0.244
     06/06/1971          625.1          0.244
     07/06/1971          626.7          0.244
     08/06/1971          628.8          0.245
     09/06/1971          631.0          0.245
     10/06/1971          633.4          0.244
     11/06/1971          635.7          0.244
     12/06/1971          636.7          0.244
     13/06/1971          637.5          0.243
     14/06/1971          637.2          0.207
     15/06/1971          637.0          0.207
     16/06/1971          637.8          0.207
     17/06/1971          638.8          0.207
     18/06/1971          639.5          0.207
     19/06/1971          640.5          0.207
     20/06/1971          640.8          0.207
     21/06/1971          641.2          0.207
     22/06/1971          641.4          0.176
     23/06/1971          640.9          0.100
     24/06/1971          639.8          0.100
     25/06/1971          638.7          0.100
     26/06/1971          637.7          0.100
     27/06/1971          636.7          0.100
     28/06/1971          636.0          0.100
     29/06/1971          635.3          0.100
     30/06/1971          634.7          0.100
     01/07/1971          633.6          0.100
     02/07/1971          632.6          0.100
     03/07/1971          631.8          0.100
     04/07/1971          631.2          0.100
     05/07/1971          631.0          0.100
     06/07/1971          630.8          0.101
     07/07/1971          630.3          0.101
     08/07/1971          629.5          0.100
     09/07/1971          628.6          0.100
     10/07/1971          627.9          0.100
     11/07/1971          627.1          0.100
     12/07/1971          626.6          0.100
     13/07/1971          626.2          0.100
     14/07/1971          626.0          0.100
     15/07/1971          625.3          0.100
     16/07/1971          624.9          0.100
     17/07/1971          624.3          0.100
     18/07/1971          623.4          0.100
     19/07/1971          622.4          0.100
     20/07/1971          621.4          0.100
     21/07/1971          620.6          0.100
     22/07/1971          620.1          0.100
     23/07/1971          619.1          0.100
     24/07/1971          618.1          0.100
     25/07/1971          617.3          0.100
     26/07/1971          616.7          0.100
     27/07/1971          615.8          0.100
     28/07/1971          615.0          0.100
     29/07/1971          614.1          0.100
     30/07/1971          613.4          0.100
     31/07/1971          612.9          0.100
     01/08/1971          612.7          0.101
     02/08/1971          612.9          0.101
     03/08/1971          612.6          0.101
     04/08/1971          612.5          0.101
     05/08/1971          612.4          0.101
     06/08/1971          612.3          0.101
     07/08/1971          611.6          0.100
     08/08/1971          611.5          0.101
     09/08/1971          611.4          0.101
     10/08/1971          611.6          0.101
     11/08/1971          611.5          0.101
     12/08/1971          610.9          0.101
     13/08/1971          610.3          0.101
     14/08/1971          609.6          0.101
     15/08/1971          609.0          0.101
     16/08/1971          608.2          0.101
     17/08/1971          607.6          0.100
     18/08/1971          607.4          0.100
     19/08/1971          607.7          0.101
     20/08/1971          607.8          0.101
     21/08/1971          607.4          0.100
     22/08/1971          607.5          0.101
     23/08/1971          607.7          0.101
     24/08/1971          607.8          0.101
     25/08/1971          608.4          0.101
     26/08/1971          608.2          0.101
     27/08/1971          607.8          0.101
     28/08/1971          608.0          0.101
     29/08/1971          608.2          0.101
     30/08/1971          608.5          0.102
     31/08/1971          608.4          0.102
     01/09/1971          608.2          0.102
     02/09/1971          608.0          0.102
     03/09/1971          607.9          0.102
     04/09/1971          607.5          0.102
     05/09/1971          607.6          0.102
     06/09/1971          607.8          0.102
     07/09/1971          608.2          0.103
     08/09/1971          608.7          0.103
     09/09/1971          609.9          0.103
     10/09/1971          611.4          0.104
     11/09/1971          611.2          0.104
     12/09/1971          611.2          0.104
     13/09/1971          610.9          0.104
     14/09/1971          612.6          0.105
     15/09/1971          615.9          0.107
     16/09/1971          624.4          0.112
     17/09/1971          631.8          0.116
     18/09/1971          642.1          0.122
     19/09/1971          658.4          0.131
     20/09/1971          675.6          0.141
     21/09/1971          688.5          0.148
     22/09/1971          701.6          0.155
     23/09/1971          718.7          0.165
     24/09/1971          742.1          0.178
     25/09/1971          766.2          0.191
     26/09/1971          779.7          0.198
     27/09/1971          797.2          0.208
     28/09/1971          818.8          0.220
     29/09/1971          845.4          0.235
     30/09/1971          878.3          0.253
     01/10/1971          913.7          0.272
     02/10/1971          955.4          0.295
     03/10/1971          999.9          0.320
     04/10/1971         1034.5          0.339
     05/10/1971         1069.5          0.359
     06/10/1971         1125.7          0.390
     07/10/1971         1180.5          0.420
     08/10/1971         1232.6          0.447
     09/10/1971         1304.6          0.487
     10/10/1971         1339.2          0.504
     11/10/1971         1403.0          0.539
     12/10/1971         1473.3          0.578
     13/10/1971         1514.6          0.599
     14/10/1971         1588.3          0.638
     15/10/1971         1659.5          0.675
     16/10/1971         1755.9          0.727
     17/10/1971         1842.5          0.772
     18/10/1971         1955.8          0.834
     19/10/1971         2041.1          0.881
     20/10/1971          297.7          0.151
     21/10/1971          304.4          0.154
     22/10/1971          339.9          0.174
     23/10/1971          365.5          0.188
     24/10/1971          400.8          0.207
     25/10/1971          437.9          0.227
     26/10/1971          477.5          0.249
     27/10/1971          511.9          0.267
     28/10/1971          557.2          0.293
     29/10/1971          610.5          0.322
     30/10/1971          661.1          0.349
     31/10/1971          721.5          0.382
     01/11/1971          785.0          0.417
     02/11/1971          811.5          0.429
     03/11/1971          867.6          0.458
     04/11/1971          948.1          0.502
     05/11/1971         1029.0          0.546
     06/11/1971         1114.9          0.592
     07/11/1971         1162.7          0.616
     08/11/1971         1231.8          0.653
     09/11/1971         1319.0          0.702
     10/11/1971         1429.6          0.762
     11/11/1971         1553.0          0.829
     12/11/1971         1685.3          0.901
     13/11/1971         1827.9          0.978
     14/11/1971         1956.4          1.045
     15/11/1971         2111.1          1.129
     16/11/1971          374.6          0.210
     17/11/1971          374.7          0.208
     18/11/1971          375.2          0.206
     19/11/1971          376.0          0.205
     20/11/1971          377.2          0.203
     21/11/1971          379.2          0.203
     22/11/1971          384.0          0.204
     23/11/1971          390.9          0.206
     24/11/1971          399.3          0.209
     25/11/1971          409.1          0.213
     26/11/1971          412.3          0.213
     27/11/1971          419.6          0.215
     28/11/1971          433.7          0.221
     29/11/1971          442.5          0.225
     30/11/1971          450.9          0.228
     01/12/1971          465.8          0.234
     02/12/1971          479.4          0.240
     03/12/1971          492.0          0.246
     04/12/1971          503.0          0.250
     05/12/1971          516.6          0.256
     06/12/1971          529.4          0.261
     07/12/1971          540.6          0.265
     08/12/1971          553.1          0.270
     09/12/1971          565.9          0.275
     10/12/1971          577.5          0.280
     11/12/1971          590.9          0.285
     12/12/1971          603.8          0.290
     13/12/1971          616.9          0.295
     14/12/1971          629.8          0.300
     15/12/1971          638.5          0.303
     16/12/1971          652.4          0.309
     17/12/1971          666.1          0.314
     18/12/1971          679.1          0.319
     19/12/1971          691.2          0.323
     20/12/1971          700.0          0.326
     21/12/1971          713.2          0.330
     22/12/1971          726.0          0.335
     23/12/1971          737.6          0.339
     24/12/1971          748.2          0.342
     25/12/1971          758.8          0.345
     26/12/1971          763.5          0.345
     27/12/1971          767.0          0.344
     28/12/1971          780.6          0.349
     29/12/1971          795.8          0.355
     30/12/1971          809.1          0.360
     31/12/1971          823.0          0.365
     01/01/1972          835.2          0.369
     02/01/1972          846.9          0.372
     03/01/1972          855.9          0.374
     04/01/1972          865.1          0.376
     05/01/1972          876.4          0.380
     06/01/1972          886.1          0.382
     07/01/1972          897.7          0.386
     08/01/1972          909.1          0.389
     09/01/1972          920.0          0.392
     10/01/1972          930.8          0.395
     11/01/1972          941.1          0.398
     12/01/1972          949.7          0.399
     13/01/1972          951.8          0.397
     14/01/1972          956.7          0.396
     15/01/1972          964.1          0.397
     16/01/1972          976.3          0.401
     17/01/1972          986.6          0.404
     18/01/1972          997.5          0.407
     19/01/1972         1006.3          0.408
     20/01/1972         1017.3          0.411
     21/01/1972         1028.1          0.414
     22/01/1972         1038.7          0.417
     23/01/1972         1048.5          0.419
     24/01/1972         1058.4          0.421
     25/01/1972         1065.3          0.422
     26/01/1972         1074.3          0.423
     27/01/1972         1084.5          0.426
     28/01/1972         1094.3          0.428
     29/01/1972         1103.5          0.430
     30/01/1972         1110.9          0.430
     31/01/1972         1120.0          0.432
     01/02/1972         1128.5          0.433
     02/02/1972         1136.2          0.434
     03/02/1972         1144.7          0.435
     04/02/1972         1153.1          0.437
     05/02/1972         1160.7          0.437
     06/02/1972         1169.1          0.439
     07/02/1972         1177.7          0.440
     08/02/1972         1185.8          0.441
     09/02/1972         1193.2          0.442
     10/02/1972         1197.2          0.440
     11/02/1972         1202.4          0.440
     12/02/1972         1208.9          0.440
     13/02/1972         1217.5          0.441
     14/02/1972         1225.4          0.442
     15/02/1972         1231.6          0.442
     16/02/1972         1238.4          0.442
     17/02/1972         1240.8          0.440
     18/02/1972         1242.0          0.437
     19/02/1972         1250.5          0.439
     20/02/1972         1258.8          0.440
     21/02/1972         1266.8          0.441
     22/02/1972         1274.6          0.442
     23/02/1972         1282.5          0.443
     24/02/1972         1289.6          0.444
     25/02/1972         1296.3          0.444
     26/02/1972         1303.0          0.444
     27/02/1972         1309.4          0.444
     28/02/1972         1315.2          0.444
     29/02/1972         1321.2          0.444
     01/03/1972         1327.1          0.444
     02/03/1972         1333.2          0.444
     03/03/1972         1339.5          0.444
     04/03/1972         1345.2          0.444
     05/03/1972         1349.6          0.443
     06/03/1972         1354.7          0.442
     07/03/1972         1360.1          0.442
     08/03/1972         1364.3          0.441
     09/03/1972         1370.3          0.441
     10/03/1972         1376.5          0.441
     11/03/1972         1382.4          0.441
     12/03/1972         1388.1          0.441
     13/03/1972         1393.4          0.440
     14/03/1972         1398.6          0.440
     15/03/1972         1403.6          0.440
     16/03/1972         1407.7          0.438
     17/03/1972         1412.6          0.438
     18/03/1972         1417.2          0.437
     19/03/1972         1420.7          0.436
     20/03/1972         1425.0          0.435
     21/03/1972         1428.2          0.433
     22/03/1972         1432.8          0.433
     23/03/1972         1438.0          0.432
     24/03/1972         1442.7          0.432
     25/03/1972         1446.5          0.431
     26/03/1972         1448.4          0.429
     27/03/1972         1449.3          0.426
     28/03/1972         1450.3          0.423
     29/03/1972         1451.4          0.420
     30/03/1972         1452.5          0.418
     31/03/1972         1453.5          0.415
     01/04/1972         1454.4          0.413
     02/04/1972         1453.5          0.409
     03/04/1972         1452.7          0.407
     04/04/1972         1453.3          0.404
     05/04/1972         1454.2          0.401
     06/04/1972         1455.0          0.399
     07/04/1972         1455.8          0.396
     08/04/1972         1456.7          0.394
     09/04/1972         1457.5          0.391
     10/04/1972         1458.2          0.389
     11/04/1972         1459.0          0.387
     12/04/1972         1459.7          0.385
     13/04/1972         1460.5          0.382
     14/04/1972         1461.2          0.380
     15/04/1972         1461.8          0.378
     16/04/1972         1462.5          0.376
     17/04/1972         1463.1          0.374
     18/04/1972         1463.7          0.372
     19/04/1972         1464.2          0.370
     20/04/1972         1464.5          0.367
     21/04/1972         1465.1          0.365
     22/04/1972         1465.7          0.363
     23/04/1972         1466.2          0.361
     24/04/1972         1466.3          0.360
     25/04/1972         1466.7          0.360
     26/04/1972         1467.3          0.359
     27/04/1972         1467.8          0.358
     28/04/1972         1468.3          0.357
     29/04/1972         1468.7          0.355
     30/04/1972         1469.0          0.354
     01/05/1972         1469.2          0.352
     02/05/1972         1469.4          0.349
     03/05/1972         1469.7          0.348
     04/05/1972         1470.1          0.346
     05/05/1972         1470.2          0.345
     06/05/1972         1470.3          0.342
     07/05/1972         1470.1          0.340
     08/05/1972         1470.1          0.338
     09/05/1972         1470.0          0.336
     10/05/1972         1469.8          0.334
     11/05/1972         1468.6          0.331
     12/05/1972         1468.0          0.330
     13/05/1972         1468.0          0.329
     14/05/1972         1467.9          0.328
     15/05/1972         1467.6          0.327
     16/05/1972         1467.4          0.325
     17/05/1972         1467.4          0.324
     18/05/1972         1467.2          0.324
     19/05/1972         1466.9          0.324
     20/05/1972         1465.9          0.324
     21/05/1972         1465.7          0.324
     22/05/1972         1465.5          0.323
     23/05/1972         1465.2          0.322
     24/05/1972         1464.8          0.320
     25/05/1972         1464.4          0.319
     26/05/1972         1463.9          0.318
     27/05/1972         1463.6          0.317
     28/05/1972         1463.3          0.317
     29/05/1972         1462.9          0.316
     30/05/1972         1462.1          0.315
     31/05/1972         1461.3          0.313
     01/06/1972         1461.0          0.312
     02/06/1972         1460.6          0.311
     03/06/1972         1460.2          0.311
     04/06/1972         1459.8          0.310
     05/06/1972         1459.3          0.309
     06/06/1972         1458.7          0.309
     07/06/1972         1458.2          0.308
     08/06/1972         1457.7          0.308
     09/06/1972         1457.3          0.307
     10/06/1972         1456.8          0.307
     11/06/1972         1456.3          0.306
     12/06/1972         1455.8          0.306
     13/06/1972         1455.3          0.305
     14/06/1972         1454.8          0.305
     15/06/1972         1454.2          0.305
     16/06/1972         1453.6          0.304
     17/06/1972         1453.0          0.303
     18/06/1972         1452.5          0.302
     19/06/1972         1451.9          0.302
     20/06/1972         1451.3          0.302
     21/06/1972         1450.6          0.301
     22/06/1972         1449.0          0.300
     23/06/1972         1447.2          0.300
     24/06/1972         1446.3          0.300
     25/06/1972         1445.5          0.300
     26/06/1972         1444.3          0.165
     27/06/1972         1442.7          0.165
     28/06/1972         1440.9          0.165
     29/06/1972         1439.0          0.165
     30/06/1972         1436.9          0.165
     01/07/1972         1434.9          0.165
     02/07/1972         1432.4          0.165
     03/07/1972         1429.9          0.100
     04/07/1972         1427.2          0.100
     05/07/1972         1424.7          0.100
     06/07/1972         1422.1          0.100
     07/07/1972         1419.5          0.100
     08/07/1972         1416.8          0.100
     09/07/1972         1414.1          0.100
     10/07/1972         1411.6          0.100
     11/07/1972         1409.2          0.100
     12/07/1972         1406.8          0.100
     13/07/1972         1404.5          0.100
     14/07/1972         1402.2          0.100
     15/07/1972         1400.2          0.100
     16/07/1972         1398.0          0.100
     17/07/1972         1395.6          0.100
     18/07/1972         1393.3          0.100
     19/07/1972         1391.3          0.100
     20/07/1972         1389.5          0.100
     21/07/1972         1387.2          0.100
     22/07/1972         1384.8          0.100
     23/07/1972         1382.6          0.100
     24/07/1972         1380.8          0.100
     25/07/1972         1379.1          0.101
     26/07/1972         1377.4          0.101
     27/07/1972         1375.1          0.100
     28/07/1972         1372.8          0.100
     29/07/1972         1370.7          0.100
     30/07/1972         1368.6          0.100
     31/07/1972         1366.7          0.100
     01/08/1972         1365.1          0.101
     02/08/1972         1363.2          0.100
     03/08/1972         1361.3          0.100
     04/08/1972         1359.6          0.101
     05/08/1972         1357.7          0.100
     06/08/1972         1355.8          0.100
     07/08/1972         1353.7          0.100
     08/08/1972         1351.7          0.100
     09/08/1972         1349.8          0.100
     10/08/1972         1347.5          0.100
     11/08/1972         1345.3          0.100
     12/08/1972         1343.1          0.100
     13/08/1972         1340.8          0.100
     14/08/1972         1338.7          0.100
     15/08/1972         1336.6          0.100
     16/08/1972         1334.4          0.100
     17/08/1972         1332.3          0.100
     18/08/1972         1330.1          0.100
     19/08/1972         1328.4          0.100
     20/08/1972         1326.7          0.100
     21/08/1972         1324.8          0.101
     22/08/1972         1322.9          0.101
     23/08/1972         1321.4          0.101
     24/08/1972         1319.9          0.101
     25/08/1972         1318.4          0.101
     26/08/1972         1316.8          0.101
     27/08/1972         1315.1          0.100
     28/08/1972         1313.6          0.101
     29/08/1972         1312.1          0.101
     30/08/1972         1310.3          0.100
     31/08/1972         1308.8          0.101
     01/09/1972         1307.3          0.101
     02/09/1972         1305.8          0.101
     03/09/1972         1304.3          0.101
     04/09/1972         1302.7          0.101
     05/09/1972         1301.2          0.101
     06/09/1972         1299.6          0.101
     07/09/1972         1298.0          0.100
     08/09/1972         1296.2          0.100
     09/09/1972         1294.5          0.100
     10/09/1972         1293.0          0.101
     11/09/1972         1291.7          0.101
     12/09/1972         1290.9          0.101
     13/09/1972         1290.5          0.101
     14/09/1972         1290.6          0.103
     15/09/1972         1291.6          0.104
     16/09/1972         1292.2          0.105
     17/09/1972         1292.2          0.105
     18/09/1972         1292.0          0.105
     19/09/1972         1291.4          0.106
     20/09/1972         1290.6          0.106
     21/09/1972         1289.7          0.105
     22/09/1972         1288.6          0.105
     23/09/1972         1287.5          0.105
     24/09/1972         1286.0          0.104
     25/09/1972         1284.6          0.104
     26/09/1972         1283.3          0.103
     27/09/1972         1281.7          0.103
     28/09/1972         1279.6          0.102
     29/09/1972         1278.0          0.101
     30/09/1972         1275.9          0.101
     01/10/1972         1274.4          0.101
     02/10/1972         1272.9          0.100
     03/10/1972         1271.3          0.100
     04/10/1972         1269.8          0.100
     05/10/1972         1268.2          0.100
     06/10/1972         1266.5          0.100
     07/10/1972         1264.9          0.100
     08/10/1972         1263.4          0.100
     09/10/1972         1261.8          0.100
     10/10/1972         1260.2          0.100
     11/10/1972         1258.4          0.100
     12/10/1972         1256.7          0.100
     13/10/1972         1255.1          0.100
     14/10/1972         1253.5          0.100
     15/10/1972         1252.0          0.100
     16/10/1972         1250.2          0.100
     17/10/1972         1248.4          0.100
     18/10/1972         1246.7          0.100
     19/10/1972         1245.0          0.100
     20/10/1972         1243.4          0.100
     21/10/1972         1241.8          0.100
     22/10/1972         1240.2          0.100
     23/10/1972         1238.5          0.100
     24/10/1972         1237.0          0.100
     25/10/1972         1235.3          0.100
     26/10/1972         1233.8          0.100
     27/10/1972         1232.0          0.100
     28/10/1972         1230.1          0.100
     29/10/1972         1228.6          0.100
     30/10/1972         1227.1          0.100
     31/10/1972         1225.5          0.100
     01/11/1972         1224.1          0.100
     02/11/1972         1222.6          0.100
     03/11/1972         1221.2          0.100
     04/11/1972         1219.7          0.100
     05/11/1972         1218.2          0.100
     06/11/1972         1216.9          0.101
     07/11/1972         1215.5          0.100
     08/11/1972         1214.2          0.101
     09/11/1972         1212.7          0.100
     10/11/1972         1211.2          0.100
     11/11/1972         1209.5          0.100
     12/11/1972         1208.3          0.101
     13/11/1972         1206.9          0.100
     14/11/1972         1205.7          0.101
     15/11/1972         1204.4          0.100
     16/11/1972         1203.2          0.101
     17/11/1972         1202.1          0.101
     18/11/1972         1200.9          0.101
     19/11/1972         1199.7          0.101
     20/11/1972         1198.4          0.101
     21/11/1972         1197.1          0.101
     22/11/1972         1195.9          0.101
     23/11/1972         1194.8          0.101
     24/11/1972         1192.9          0.100
     25/11/1972         1191.8          0.101
     26/11/1972         1190.9          0.101
     27/11/1972         1189.8          0.101
     28/11/1972         1188.8          0.101
     29/11/1972         1187.7          0.101
     30/11/1972         1186.6          0.101
     01/12/1972         1185.5          0.101
     02/12/1972         1184.5          0.101
     03/12/1972         1183.6          0.101
     04/12/1972         1182.4          0.101
     05/12/1972         1181.2          0.101
     06/12/1972         1180.2          0.101
     07/12/1972         1179.2          0.101
     08/12/1972         1178.2          0.101
     09/12/1972         1177.1          0.101
     10/12/1972         1176.3          0.101
     11/12/1972         1175.5          0.101
     12/12/1972         1174.8          0.101
     13/12/1972         1174.1          0.101
     14/12/1972         1173.4          0.101
     15/12/1972         1172.8          0.101
     16/12/1972         1172.3          0.101
     17/12/1972         1171.8          0.101
     18/12/1972         1171.5          0.101
     19/12/1972         1171.1          0.101
     20/12/1972         1170.8          0.101
     21/12/1972         1170.7          0.101
     22/12/1972         1170.6          0.102
     23/12/1972         1170.8          0.102
     24/12/1972         1171.0          0.102
     25/12/1972         1171.2          0.103
     26/12/1972         1171.6          0.103
     27/12/1972         1171.5          0.103
     28/12/1972         1171.8          0.104
     29/12/1972         1172.3          0.104
     30/12/1972         1173.0          0.105
     31/12/1972         1173.0          0.105
     01/01/1973         1173.2          0.105
     02/01/1973         1173.6          0.106
     03/01/1973         1173.8          0.106
     04/01/1973         1174.6          0.107
     05/01/1973         1175.0          0.107
     06/01/1973         1175.4          0.108
     07/01/1973         1176.0          0.108
     08/01/1973         1176.0          0.108
     09/01/1973         1176.8          0.109
     10/01/1973         1177.2          0.109
     11/01/1973         1178.2          0.110
     12/01/1973         1179.1          0.111
     13/01/1973         1179.1          0.111
     14/01/1973         1180.3          0.112
     15/01/1973         1182.0          0.113
     16/01/1973         1183.6          0.114
     17/01/1973         1184.8          0.115
     18/01/1973         1186.7          0.116
     19/01/1973         1188.5          0.117
     20/01/1973         1190.4          0.118
     21/01/1973         1192.4          0.120
     22/01/1973         1194.4          0.121
     23/01/1973         1196.6          0.122
     24/01/1973         1197.7          0.123
     25/01/1973         1199.8          0.124
     26/01/1973         1203.5          0.126
     27/01/1973         1207.0          0.129
     28/01/1973         1209.1          0.130
     29/01/1973         1212.8          0.132
     30/01/1973         1218.0          0.135
     31/01/1973         1223.3          0.138
     01/02/1973         1228.6          0.141
     02/02/1973         1233.8          0.144
     03/02/1973         1239.4          0.147
     04/02/1973         1246.0          0.151
     05/02/1973         1253.1          0.155
     06/02/1973         1260.7          0.159
     07/02/1973         1266.5          0.162
     08/02/1973         1273.3          0.166
     09/02/1973         1282.5          0.171
     10/02/1973         1292.2          0.176
     11/02/1973         1296.8          0.179
     12/02/1973         1302.2          0.181
     13/02/1973         1313.2          0.187
     14/02/1973         1325.2          0.194
     15/02/1973         1335.8          0.200
     16/02/1973         1345.8          0.205
     17/02/1973         1355.4          0.210
     18/02/1973         1364.7          0.215
     19/02/1973         1377.9          0.222
     20/02/1973         1392.1          0.229
     21/02/1973         1405.9          0.237
     22/02/1973         1418.5          0.243
     23/02/1973         1430.9          0.249
     24/02/1973         1440.7          0.254
     25/02/1973         1453.4          0.260
     26/02/1973         1466.8          0.267
     27/02/1973         1481.1          0.274
     28/02/1973         1493.0          0.280
     01/03/1973         1509.6          0.288
     02/03/1973         1526.0          0.297
     03/03/1973         1542.1          0.305
     04/03/1973         1557.7          0.312
     05/03/1973         1573.7          0.320
     06/03/1973         1590.2          0.328
     07/03/1973         1605.7          0.335
     08/03/1973         1622.1          0.343
     09/03/1973         1640.4          0.352
     10/03/1973         1656.6          0.360
     11/03/1973         1676.2          0.369
     12/03/1973         1695.8          0.379
     13/03/1973         1716.7          0.389
     14/03/1973         1732.9          0.396
     15/03/1973         1754.8          0.406
     16/03/1973         1775.6          0.416
     17/03/1973         1796.7          0.426
     18/03/1973         1817.8          0.436
     19/03/1973         1837.5          0.445
     20/03/1973         1857.8          0.454
     21/03/1973         1876.7          0.462
     22/03/1973         1891.1          0.468
     23/03/1973         1906.6          0.474
     24/03/1973         1915.0          0.475
     25/03/1973         1924.6          0.478
     26/03/1973         1931.1          0.478
     27/03/1973         1934.5          0.477
     28/03/1973         1936.5          0.475
     29/03/1973         1938.3          0.473
     30/03/1973         1938.5          0.470
     31/03/1973         1940.0          0.469
     01/04/1973         1942.9          0.468
     02/04/1973         1945.0          0.466
     03/04/1973         1946.8          0.464
     04/04/1973         1949.4          0.462
     05/04/1973         1951.9          0.460
     06/04/1973         1954.4          0.459
     07/04/1973         1956.9          0.457
     08/04/1973         1959.4          0.456
     09/04/1973         1961.9          0.454
     10/04/1973         1964.2          0.453
     11/04/1973         1966.6          0.451
     12/04/1973         1969.0          0.450
     13/04/1973         1971.4          0.448
     14/04/1973         1973.6          0.446
     15/04/1973         1975.7          0.445
     16/04/1973         1978.0          0.443
     17/04/1973         1980.4          0.442
     18/04/1973         1982.5          0.440
     19/04/1973         1984.7          0.439
     20/04/1973         1986.1          0.437
     21/04/1973         1988.2          0.436
     22/04/1973         1990.2          0.435
     23/04/1973         1992.1          0.434
     24/04/1973         1994.0          0.432
     25/04/1973         1995.8          0.430
     26/04/1973         1997.4          0.429
     27/04/1973         1999.0          0.427
     28/04/1973         1999.5          0.425
     29/04/1973         2000.5          0.423
     30/04/1973          241.5          0.102
     01/05/1973          242.1          0.101
     02/05/1973          242.8          0.101
     03/05/1973          243.8          0.101
     04/05/1973          244.8          0.101
     05/05/1973          245.8          0.101
     06/05/1973          246.9          0.101
     07/05/1973          247.7          0.101
     08/05/1973          248.7          0.101
     09/05/1973          249.7          0.101
     10/05/1973          250.6          0.101
     11/05/1973          251.4          0.101
     12/05/1973          252.3          0.101
     13/05/1973          253.2          0.101
     14/05/1973          254.1          0.101
     15/05/1973          255.0          0.101
     16/05/1973          255.9          0.101
     17/05/1973          256.4          0.101
     18/05/1973          257.0          0.101
     19/05/1973          257.7          0.101
     20/05/1973          258.5          0.101
     21/05/1973          259.3          0.101
     22/05/1973          260.1          0.101
     23/05/1973          260.8          0.101
     24/05/1973          261.4          0.101
     25/05/1973          262.1          0.101
     26/05/1973          262.8          0.101
     27/05/1973          263.2          0.100
     28/05/1973          263.8          0.101
     29/05/1973          264.5          0.101
     30/05/1973          265.2          0.101
     31/05/1973          265.8          0.101
     01/06/1973          266.5          0.101
     02/06/1973          267.0          0.100
     03/06/1973          267.4          0.100
     04/06/1973          267.9          0.100
     05/06/1973          267.9          0.100
     06/06/1973          267.8          0.100
     07/06/1973          268.0          0.100
     08/06/1973          268.0          0.100
     09/06/1973          268.5          0.100
     10/06/1973          268.9          0.100
     11/06/1973          269.4          0.100
     12/06/1973          269.6          0.100
     13/06/1973          269.8          0.100
     14/06/1973          270.1          0.100
     15/06/1973          270.7          0.100
     16/06/1973          270.6          0.100
     17/06/1973          271.0          0.100
     18/06/1973          271.5          0.100
     19/06/1973          272.0          0.100
     20/06/1973          272.6          0.101
     21/06/1973          273.1          0.101
     22/06/1973          273.7          0.101
     23/06/1973          274.3          0.101
     24/06/1973          274.8          0.101
     25/06/1973          275.1          0.100
     26/06/1973          275.1          0.100
     27/06/1973          275.1          0.100
     28/06/1973          275.6          0.101
     29/06/1973          275.9          0.100
     30/06/1973          275.9          0.100
     01/07/1973          276.4          0.100
     02/07/1973          276.9          0.100
     03/07/1973          277.4          0.100
     04/07/1973          277.8          0.100
     05/07/1973          277.8          0.100
     06/07/1973          277.8          0.100
     07/07/1973          277.9          0.100
     08/07/1973          278.2          0.100
     09/07/1973          278.7          0.100
     10/07/1973          279.2          0.100
     11/07/1973          279.5          0.100
     12/07/1973          280.0          0.100
     13/07/1973          280.6          0.100
     14/07/1973          281.0          0.100
     15/07/1973          281.6          0.100
     16/07/1973          281.8          0.100
     17/07/1973          281.9          0.100
     18/07/1973          281.7          0.100
     19/07/1973          281.5          0.100
     20/07/1973          282.0          0.100
     21/07/1973          282.4          0.101
     22/07/1973          282.6          0.101
     23/07/1973          282.9          0.100
     24/07/1973          282.9          0.100
     25/07/1973          283.2          0.100
     26/07/1973          283.6          0.100
     27/07/1973          283.6          0.100
     28/07/1973          283.8          0.100
     29/07/1973          284.3          0.100
     30/07/1973          284.8          0.100
     31/07/1973          285.3          0.100
     01/08/1973          285.7          0.100
     02/08/1973          286.3          0.101
     03/08/1973          286.9          0.101
     04/08/1973          287.5          0.101
     05/08/1973          288.1          0.101
     06/08/1973          288.8          0.101
     07/08/1973          289.4          0.101
     08/08/1973          289.8          0.100
     09/08/1973          289.6          0.100
     10/08/1973          289.9          0.100
     11/08/1973          289.9          0.100
     12/08/1973          290.1          0.100
     13/08/1973          290.2          0.100
     14/08/1973          290.2          0.100
     15/08/1973          290.5          0.100
     16/08/1973          290.8          0.100
     17/08/1973          291.2          0.100
     18/08/1973          291.1          0.100
     19/08/1973          290.9          0.100
     20/08/1973          291.1          0.101
     21/08/1973          291.5          0.101
     22/08/1973          292.1          0.101
     23/08/1973          292.4          0.100
     24/08/1973          292.7          0.100
     25/08/1973          293.4          0.101
     26/08/1973          294.0          0.101
     27/08/1973          294.5          0.101
     28/08/1973          294.8          0.100
     29/08/1973          295.5          0.101
     30/08/1973          296.0          0.101
     31/08/1973          296.7          0.101
     01/09/1973          297.2          0.100
     02/09/1973          297.4          0.100
     03/09/1973          298.0          0.101
     04/09/1973          298.7          0.101
     05/09/1973          299.3          0.101
     06/09/1973          300.0          0.101
     07/09/1973          300.7          0.101
     08/09/1973          301.1          0.101
     09/09/1973          301.6          0.101
     10/09/1973          302.0          0.100
     11/09/1973          302.5          0.101
     12/09/1973          302.5          0.100
     13/09/1973          303.5          0.101
     14/09/1973          304.8          0.101
     15/09/1973          307.9          0.103
     16/09/1973          312.0          0.105
     17/09/1973          316.3          0.107
     18/09/1973          319.8          0.108
     19/09/1973          322.8          0.109
     20/09/1973          325.4          0.110
     21/09/1973          327.5          0.111
     22/09/1973          329.3          0.111
     23/09/1973          329.8          0.110
     24/09/1973          331.0          0.110
     25/09/1973          332.8          0.111
     26/09/1973          334.7          0.111
     27/09/1973          336.4          0.111
     28/09/1973          338.1          0.111
     29/09/1973          339.6          0.111
     30/09/1973          341.2          0.111
     01/10/1973          342.7          0.111
     02/10/1973          344.2          0.111
     03/10/1973          345.7          0.111
     04/10/1973          347.1          0.111
     05/10/1973          348.4          0.111
     06/10/1973          350.1          0.111
     07/10/1973          351.8          0.112
     08/10/1973          353.1          0.112
     09/10/1973          354.4          0.111
     10/10/1973          355.6          0.111
     11/10/1973          357.7          0.112
     12/10/1973          359.8          0.112
     13/10/1973          362.0          0.113
     14/10/1973          364.1          0.114
     15/10/1973          366.2          0.114
     16/10/1973          368.3          0.115
     17/10/1973          370.5          0.115
     18/10/1973          372.4          0.115
     19/10/1973          374.4          0.116
     20/10/1973          375.9          0.116
     21/10/1973          378.1          0.116
     22/10/1973          381.0          0.117
     23/10/1973          383.4          0.118
     24/10/1973          386.0          0.118
     25/10/1973          388.2          0.119
     26/10/1973          391.0          0.119
     27/10/1973          392.2          0.119
     28/10/1973          395.0          0.120
     29/10/1973          398.1          0.121
     30/10/1973          401.7          0.122
     31/10/1973          405.1          0.123
     01/11/1973          408.5          0.124
     02/11/1973          411.0          0.125
     03/11/1973          414.1          0.126
     04/11/1973          418.0          0.127
     05/11/1973          422.1          0.129
     06/11/1973          426.2          0.130
     07/11/1973          429.9          0.131
     08/11/1973          434.9          0.133
     09/11/1973          439.9          0.135
     10/11/1973          444.9          0.137
     11/11/1973          448.9          0.139
     12/11/1973          453.0          0.140
     13/11/1973          458.3          0.142
     14/11/1973          464.3          0.145
     15/11/1973          470.3          0.147
     16/11/1973          476.5          0.150
     17/11/1973          482.8          0.152
     18/11/1973          488.9          0.155
     19/11/1973          495.4          0.157
     20/11/1973          501.9          0.160
     21/11/1973          509.0          0.163
     22/11/1973          514.4          0.165
     23/11/1973          521.2          0.168
     24/11/1973          530.0          0.172
     25/11/1973          538.9          0.176
     26/11/1973          545.4          0.178
     27/11/1973          551.3          0.180
     28/11/1973          559.5          0.184
     29/11/1973          571.5          0.189
     30/11/1973          583.7          0.195
     01/12/1973          595.2          0.200
     02/12/1973          606.2          0.205
     03/12/1973          617.8          0.211
     04/12/1973          629.3          0.216
     05/12/1973          641.0          0.221
     06/12/1973          650.1          0.225
     07/12/1973          663.4          0.231
     08/12/1973          674.4          0.236
     09/12/1973          688.2          0.242
     10/12/1973          700.4          0.247
     11/12/1973          715.6          0.254
     12/12/1973          729.5          0.260
     13/12/1973          740.1          0.265
     14/12/1973          755.7          0.272
     15/12/1973          771.5          0.279
     16/12/1973          785.8          0.285
     17/12/1973          799.8          0.291
     18/12/1973          809.5          0.294
     19/12/1973          825.6          0.302
     20/12/1973          834.2          0.304
     21/12/1973          848.2          0.310
     22/12/1973          870.2          0.321
     23/12/1973          889.9          0.330
     24/12/1973          909.1          0.338
     25/12/1973          922.6          0.344
     26/12/1973          937.7          0.350
     27/12/1973          956.8          0.358
     28/12/1973          969.6          0.363
     29/12/1973          983.2          0.368
     30/12/1973          998.7          0.374
     31/12/1973         1007.7          0.376
     01/01/1974         1025.6          0.384
     02/01/1974         1046.8          0.393
     03/01/1974         1069.4          0.403
     04/01/1974         1090.5          0.412
     05/01/1974         1111.0          0.421
     06/01/1974         1125.5          0.426
     07/01/1974         1138.3          0.430
     08/01/1974         1144.2          0.430
     09/01/1974         1163.5          0.438
     10/01/1974         1182.8          0.446
     11/01/1974         1201.3          0.453
     12/01/1974         1211.3          0.455
     13/01/1974         1228.5          0.461
     14/01/1974         1252.2          0.472
     15/01/1974         1271.2          0.479
     16/01/1974         1289.1          0.486
     17/01/1974         1310.3          0.494
     18/01/1974         1330.5          0.502
     19/01/1974         1349.9          0.509
     20/01/1974         1368.1          0.516
     21/01/1974         1386.5          0.522
     22/01/1974         1404.8          0.529
     23/01/1974         1421.5          0.534
     24/01/1974         1430.4          0.535
     25/01/1974         1441.8          0.537
     26/01/1974         1455.6          0.541
     27/01/1974         1460.3          0.539
     28/01/1974         1470.5          0.541
     29/01/1974         1496.0          0.551
     30/01/1974         1517.3          0.559
     31/01/1974         1537.4          0.567
     01/02/1974         1556.1          0.573
     02/02/1974         1573.4          0.578
     03/02/1974         1590.8          0.584
     04/02/1974         1607.4          0.589
     05/02/1974         1622.8          0.593
     06/02/1974         1637.5          0.597
     07/02/1974         1652.2          0.601
     08/02/1974         1668.0          0.605
     09/02/1974         1683.4          0.609
     10/02/1974         1699.1          0.613
     11/02/1974         1714.7          0.617
     12/02/1974         1730.2          0.622
     13/02/1974         1745.8          0.626
     14/02/1974         1761.4          0.630
     15/02/1974         1775.9          0.633
     16/02/1974         1790.3          0.636
     17/02/1974         1800.6          0.637
     18/02/1974         1814.7          0.640
     19/02/1974         1828.3          0.643
     20/02/1974         1833.9          0.641
     21/02/1974         1846.9          0.643
     22/02/1974         1861.1          0.646
     23/02/1974         1876.1          0.650
     24/02/1974         1892.3          0.654
     25/02/1974         1907.6          0.658
     26/02/1974         1922.0          0.661
     27/02/1974         1936.9          0.665
     28/02/1974         1951.1          0.668
     01/03/1974         1965.1          0.670
     02/03/1974         1977.9          0.673
     03/03/1974         1992.0          0.675
     04/03/1974         2005.5          0.678
     05/03/1974          237.0          0.109
     06/03/1974          237.7          0.109
     07/03/1974          238.7          0.108
     08/03/1974          240.2          0.108
     09/03/1974          242.1          0.108
     10/03/1974          243.8          0.108
     11/03/1974          246.3          0.109
     12/03/1974          249.1          0.110
     13/03/1974          252.0          0.110
     14/03/1974          255.1          0.111
     15/03/1974          258.4          0.112
     16/03/1974          261.9          0.113
     17/03/1974          265.5          0.115
     18/03/1974          268.9          0.116
     19/03/1974          272.6          0.117
     20/03/1974          276.3          0.118
     21/03/1974          280.0          0.119
     22/03/1974          284.0          0.121
     23/03/1974          288.3          0.122
     24/03/1974          291.9          0.123
     25/03/1974          292.6          0.123
     26/03/1974          293.9          0.122
     27/03/1974          295.0          0.122
     28/03/1974          295.9          0.121
     29/03/1974          296.8          0.121
     30/03/1974          297.9          0.120
     31/03/1974          298.9          0.120
     01/04/1974          300.1          0.120
     02/04/1974          301.4          0.119
     03/04/1974          302.5          0.119
     04/04/1974          303.7          0.119
     05/04/1974          305.1          0.119
     06/04/1974          306.4          0.118
     07/04/1974          307.9          0.118
     08/04/1974          309.4          0.118
     09/04/1974          310.9          0.118
     10/04/1974          312.5          0.118
     11/04/1974          314.1          0.118
     12/04/1974          315.1          0.118
     13/04/1974          316.7          0.118
     14/04/1974          318.3          0.118
     15/04/1974          320.0          0.118
     16/04/1974          321.7          0.118
     17/04/1974          323.3          0.118
     18/04/1974          324.8          0.118
     19/04/1974          326.4          0.118
     20/04/1974          327.1          0.117
     21/04/1974          328.7          0.117
     22/04/1974          329.6          0.117
     23/04/1974          331.0          0.117
     24/04/1974          332.4          0.117
     25/04/1974          333.3          0.116
     26/04/1974          333.5          0.116
     27/04/1974          334.4          0.115
     28/04/1974          335.7          0.115
     29/04/1974          337.2          0.115
     30/04/1974          337.7          0.115
     01/05/1974          338.2          0.115
     02/05/1974          339.3          0.115
     03/05/1974          340.4          0.115
     04/05/1974          341.8          0.115
     05/05/1974          343.0          0.115
     06/05/1974          344.3          0.115
     07/05/1974          345.7          0.115
     08/05/1974          347.1          0.115
     09/05/1974          348.4          0.115
     10/05/1974          349.8          0.115
     11/05/1974          351.0          0.115
     12/05/1974          352.3          0.115
     13/05/1974          353.6          0.114
     14/05/1974          354.8          0.114
     15/05/1974          355.8          0.114
     16/05/1974          356.9          0.114
     17/05/1974          357.1          0.113
     18/05/1974          357.6          0.113
     19/05/1974          358.7          0.113
     20/05/1974          359.4          0.113
     21/05/1974          360.0          0.113
     22/05/1974          361.1          0.113
     23/05/1974          361.1          0.113
     24/05/1974          361.1          0.113
     25/05/1974          361.2          0.113
     26/05/1974          361.5          0.113
     27/05/1974          361.9          0.113
     28/05/1974          362.3          0.113
     29/05/1974          362.8          0.113
     30/05/1974          363.4          0.113
     31/05/1974          364.3          0.113
     01/06/1974          364.8          0.113
     02/06/1974          365.6          0.113
     03/06/1974          366.5          0.113
     04/06/1974          366.9          0.112
     05/06/1974          367.1          0.112
     06/06/1974          367.7          0.112
     07/06/1974          368.3          0.112
     08/06/1974          368.4          0.112
     09/06/1974          368.3          0.112
     10/06/1974          367.9          0.112
     11/06/1974          367.9          0.112
     12/06/1974          368.4          0.112
     13/06/1974          368.6          0.112
     14/06/1974          368.6          0.112
     15/06/1974          368.6          0.112
     16/06/1974          368.3          0.112
     17/06/1974          368.6          0.112
     18/06/1974          368.6          0.112
     19/06/1974          368.9          0.112
     20/06/1974          369.0          0.112
     21/06/1974          368.6          0.100
     22/06/1974          368.4          0.100
     23/06/1974          368.4          0.100
     24/06/1974          368.7          0.100
     25/06/1974          369.1          0.100
     26/06/1974          369.2          0.100
     27/06/1974          369.2          0.100
     28/06/1974          369.4          0.100
     29/06/1974          369.9          0.101
     30/06/1974          370.2          0.100
     01/07/1974          370.3          0.100
     02/07/1974          370.2          0.100
     03/07/1974          369.8          0.100
     04/07/1974          369.5          0.100
     05/07/1974          369.9          0.100
     06/07/1974          369.7          0.100
     07/07/1974          369.5          0.100
     08/07/1974          369.0          0.100
     09/07/1974          368.7          0.100
     10/07/1974          368.4          0.100
     11/07/1974          368.1          0.100
     12/07/1974          367.7          0.100
     13/07/1974          367.3          0.100
     14/07/1974          367.1          0.100
     15/07/1974          367.1          0.100
     16/07/1974          367.6          0.101
     17/07/1974          368.5          0.101
     18/07/1974          369.6          0.101
     19/07/1974          370.1          0.101
     20/07/1974          370.2          0.101
     21/07/1974          370.2          0.101
     22/07/1974          370.2          0.101
     23/07/1974          370.3          0.101
     24/07/1974          370.3          0.101
     25/07/1974          370.5          0.101
     26/07/1974          370.7          0.101
     27/07/1974          371.3          0.101
     28/07/1974          371.3          0.100
     29/07/1974          371.2          0.100
     30/07/1974          371.2          0.100
     31/07/1974          371.5          0.100
     01/08/1974          371.9          0.100
     02/08/1974          372.0          0.100
     03/08/1974          372.0          0.100
     04/08/1974          372.1          0.100
     05/08/1974          372.3          0.100
     06/08/1974          372.2          0.100
     07/08/1974          372.2          0.100
     08/08/1974          372.1          0.100
     09/08/1974          372.1          0.100
     10/08/1974          372.3          0.100
     11/08/1974          372.7          0.100
     12/08/1974          373.0          0.101
     13/08/1974          373.2          0.101
     14/08/1974          373.5          0.101
     15/08/1974          373.9          0.101
     16/08/1974          374.4          0.101
     17/08/1974          374.7          0.101
     18/08/1974          375.0          0.101
     19/08/1974          375.5          0.101
     20/08/1974          376.6          0.102
     21/08/1974          377.1          0.102
     22/08/1974          377.5          0.102
     23/08/1974          377.8          0.102
     24/08/1974          377.8          0.101
     25/08/1974          378.0          0.101
     26/08/1974          378.4          0.101
     27/08/1974          378.8          0.101
     28/08/1974          379.3          0.102
     29/08/1974          380.1          0.102
     30/08/1974          381.0          0.102
     31/08/1974          382.1          0.102
     01/09/1974          382.9          0.103
     02/09/1974          383.7          0.103
     03/09/1974          384.6          0.103
     04/09/1974          385.2          0.103
     05/09/1974          386.0          0.103
     06/09/1974          386.3          0.103
     07/09/1974          386.9          0.104
     08/09/1974          387.9          0.104
     09/09/1974          388.7          0.104
     10/09/1974          389.4          0.104
     11/09/1974          390.0          0.104
     12/09/1974          391.6          0.105
     13/09/1974          394.7          0.106
     14/09/1974          399.0          0.107
     15/09/1974          403.2          0.110
     16/09/1974          408.0          0.112
     17/09/1974          415.1          0.116
     18/09/1974          422.3          0.120
     19/09/1974          430.2          0.125
     20/09/1974          436.6          0.128
     21/09/1974          439.7          0.129
     22/09/1974          443.9          0.131
     23/09/1974          448.1          0.133
     24/09/1974          451.2          0.135
     25/09/1974          454.1          0.136
     26/09/1974          456.6          0.137
     27/09/1974          459.1          0.139
     28/09/1974          461.5          0.139
     29/09/1974          463.5          0.140
     30/09/1974          465.5          0.140
     01/10/1974          467.3          0.140
     02/10/1974          469.0          0.140
     03/10/1974          471.1          0.140
     04/10/1974          471.2          0.139
     05/10/1974          472.4          0.139
     06/10/1974          475.1          0.140
     07/10/1974          477.9          0.141
     08/10/1974          480.4          0.142
     09/10/1974          482.7          0.142
     10/10/1974          484.4          0.142
     11/10/1974          487.2          0.143
     12/10/1974          490.3          0.144
     13/10/1974          493.2          0.145
     14/10/1974          496.1          0.145
     15/10/1974          499.2          0.146
     16/10/1974          502.3          0.147
     17/10/1974          503.0          0.147
     18/10/1974          505.4          0.148
     19/10/1974          508.7          0.149
     20/10/1974          512.2          0.151
     21/10/1974          515.5          0.152
     22/10/1974          518.5          0.153
     23/10/1974          521.7          0.154
     24/10/1974          525.2          0.154
     25/10/1974          528.4          0.155
     26/10/1974          532.1          0.156
     27/10/1974          534.8          0.157
     28/10/1974          539.0          0.158
     29/10/1974          543.4          0.159
     30/10/1974          547.5          0.161
     31/10/1974          552.2          0.162
     01/11/1974          555.5          0.163
     02/11/1974          558.9          0.164
     03/11/1974          564.6          0.167
     04/11/1974          570.7          0.170
     05/11/1974          576.5          0.172
     06/11/1974          582.0          0.174
     07/11/1974          587.3          0.176
     08/11/1974          592.9          0.178
     09/11/1974          598.6          0.180
     10/11/1974          604.4          0.182
     11/11/1974          610.4          0.184
     12/11/1974          616.3          0.186
     13/11/1974          622.4          0.188
     14/11/1974          627.6          0.190
     15/11/1974          634.4          0.192
     16/11/1974          642.3          0.196
     17/11/1974          644.5          0.196
     18/11/1974          651.8          0.199
     19/11/1974          658.4          0.201
     20/11/1974          668.0          0.205
     21/11/1974          677.2          0.209
     22/11/1974          686.4          0.213
     23/11/1974          695.3          0.217
     24/11/1974          704.1          0.220
     25/11/1974          712.5          0.224
     26/11/1974          721.4          0.227
     27/11/1974          726.8          0.229
     28/11/1974          734.6          0.232
     29/11/1974          745.1          0.237
     30/11/1974          755.4          0.242
     01/12/1974          765.5          0.246
     02/12/1974          775.1          0.249
     03/12/1974          785.0          0.253
     04/12/1974          794.6          0.257
     05/12/1974          804.2          0.261
     06/12/1974          813.9          0.265
     07/12/1974          824.4          0.269
     08/12/1974          835.8          0.273
     09/12/1974          846.3          0.277
     10/12/1974          855.1          0.280
     11/12/1974          868.3          0.286
     12/12/1974          880.7          0.291
     13/12/1974          895.2          0.297
     14/12/1974          908.8          0.303
     15/12/1974          922.6          0.309
     16/12/1974          936.9          0.315
     17/12/1974          951.9          0.321
     18/12/1974          967.4          0.328
     19/12/1974          981.5          0.334
     20/12/1974          997.2          0.340
     21/12/1974         1013.4          0.347
     22/12/1974         1029.0          0.354
     23/12/1974         1044.8          0.360
     24/12/1974         1061.2          0.367
     25/12/1974         1078.2          0.374
     26/12/1974         1092.9          0.380
     27/12/1974         1107.1          0.385
     28/12/1974         1118.8          0.389
     29/12/1974         1134.9          0.396
     30/12/1974         1154.8          0.404
     31/12/1974         1174.3          0.412
