ApsimVersion = 7.0
Title = Potato
           Date        biomass            lai    LeafGreenWt    StemGreenWt   TuberGreenWt          st(1)         plants        node_no     node_no_fx     LeafGreenN
             ()        (kg/ha)      (m^2/m^2)        (g/m^2)        (g/m^2)        (g/m^2)           (oC)   (plants/m^2)       (/plant)       (/plant)        (g/m^2)
     01/01/1988            0.0          0.000           0.00           0.00           0.00         26.586          0.000          0.000          0.000           0.00
     02/01/1988            0.0          0.000           0.00           0.00           0.00         28.256          0.000          0.000          0.000           0.00
     03/01/1988            0.0          0.000           0.00           0.00           0.00         29.596          0.000          0.000          0.000           0.00
     04/01/1988            0.0          0.000           0.00           0.00           0.00         30.840          0.000          0.000          0.000           0.00
     05/01/1988            0.0          0.000           0.00           0.00           0.00         31.742          0.000          0.000          0.000           0.00
     06/01/1988            0.0          0.000           0.00           0.00           0.00         31.348          0.000          0.000          0.000           0.00
     07/01/1988            0.0          0.000           0.00           0.00           0.00         30.928          0.000          0.000          0.000           0.00
     08/01/1988            0.0          0.000           0.00           0.00           0.00         30.908          0.000          0.000          0.000           0.00
     09/01/1988            0.0          0.000           0.00           0.00           0.00         31.551          0.000          0.000          0.000           0.00
     10/01/1988            0.0          0.000           0.00           0.00           0.00         32.709          0.000          0.000          0.000           0.00
     11/01/1988            0.0          0.000           0.00           0.00           0.00         33.862          0.000          0.000          0.000           0.00
     12/01/1988            0.0          0.000           0.00           0.00           0.00         34.067          0.000          0.000          0.000           0.00
     13/01/1988            0.0          0.000           0.00           0.00           0.00         34.120          0.000          0.000          0.000           0.00
     14/01/1988            0.0          0.000           0.00           0.00           0.00         33.655          0.000          0.000          0.000           0.00
     15/01/1988            0.0          0.000           0.00           0.00           0.00         33.045          0.000          0.000          0.000           0.00
     16/01/1988            0.0          0.000           0.00           0.00           0.00         30.766          0.000          0.000          0.000           0.00
     17/01/1988            0.0          0.000           0.00           0.00           0.00         29.492          0.000          0.000          0.000           0.00
     18/01/1988            0.0          0.000           0.00           0.00           0.00         29.909          0.000          0.000          0.000           0.00
     19/01/1988            0.0          0.000           0.00           0.00           0.00         29.847          0.000          0.000          0.000           0.00
     20/01/1988            0.0          0.000           0.00           0.00           0.00         29.775          0.000          0.000          0.000           0.00
     21/01/1988            0.0          0.000           0.00           0.00           0.00         32.016          0.000          0.000          0.000           0.00
     22/01/1988            0.0          0.000           0.00           0.00           0.00         33.379          0.000          0.000          0.000           0.00
     23/01/1988            0.0          0.000           0.00           0.00           0.00         32.843          0.000          0.000          0.000           0.00
     24/01/1988            0.0          0.000           0.00           0.00           0.00         32.973          0.000          0.000          0.000           0.00
     25/01/1988            0.0          0.000           0.00           0.00           0.00         32.206          0.000          0.000          0.000           0.00
     26/01/1988            0.0          0.000           0.00           0.00           0.00         31.049          0.000          0.000          0.000           0.00
     27/01/1988            0.0          0.000           0.00           0.00           0.00         30.141          0.000          0.000          0.000           0.00
     28/01/1988            0.0          0.000           0.00           0.00           0.00         29.870          0.000          0.000          0.000           0.00
     29/01/1988            0.0          0.000           0.00           0.00           0.00         29.326          0.000          0.000          0.000           0.00
     30/01/1988            0.0          0.000           0.00           0.00           0.00         29.594          0.000          0.000          0.000           0.00
     31/01/1988            0.0          0.000           0.00           0.00           0.00         30.337          0.000          0.000          0.000           0.00
     01/02/1988            0.0          0.000           0.00           0.00           0.00         31.540          0.000          0.000          0.000           0.00
     02/02/1988            0.0          0.000           0.00           0.00           0.00         31.043          0.000          0.000          0.000           0.00
     03/02/1988            0.0          0.000           0.00           0.00           0.00         30.671          0.000          0.000          0.000           0.00
     04/02/1988            0.0          0.000           0.00           0.00           0.00         30.659          0.000          0.000          0.000           0.00
     05/02/1988            0.0          0.000           0.00           0.00           0.00         30.258          0.000          0.000          0.000           0.00
     06/02/1988            0.0          0.000           0.00           0.00           0.00         29.695          0.000          0.000          0.000           0.00
     07/02/1988            0.0          0.000           0.00           0.00           0.00         29.576          0.000          0.000          0.000           0.00
     08/02/1988            0.0          0.000           0.00           0.00           0.00         28.682          0.000          0.000          0.000           0.00
     09/02/1988            0.0          0.000           0.00           0.00           0.00         28.187          0.000          0.000          0.000           0.00
     10/02/1988            0.0          0.000           0.00           0.00           0.00         28.003          0.000          0.000          0.000           0.00
     11/02/1988            0.0          0.000           0.00           0.00           0.00         27.914          0.000          0.000          0.000           0.00
     12/02/1988            0.0          0.000           0.00           0.00           0.00         29.074          0.000          0.000          0.000           0.00
     13/02/1988            0.0          0.000           0.00           0.00           0.00         29.650          0.000          0.000          0.000           0.00
     14/02/1988            0.0          0.000           0.00           0.00           0.00         29.258          0.000          0.000          0.000           0.00
     15/02/1988            0.0          0.000           0.00           0.00           0.00         28.699          0.000          0.000          0.000           0.00
     16/02/1988            0.0          0.000           0.00           0.00           0.00         27.920          0.000          0.000          0.000           0.00
     17/02/1988            0.0          0.000           0.00           0.00           0.00         26.854          0.000          0.000          0.000           0.00
     18/02/1988            0.0          0.000           0.00           0.00           0.00         26.962          0.000          0.000          0.000           0.00
     19/02/1988            0.0          0.000           0.00           0.00           0.00         27.752          0.000          0.000          0.000           0.00
     20/02/1988            0.0          0.000           0.00           0.00           0.00         28.478          0.000          0.000          0.000           0.00
     21/02/1988            0.0          0.000           0.00           0.00           0.00         29.074          0.000          0.000          0.000           0.00
     22/02/1988            0.0          0.000           0.00           0.00           0.00         29.688          0.000          0.000          0.000           0.00
     23/02/1988            0.0          0.000           0.00           0.00           0.00         30.486          0.000          0.000          0.000           0.00
     24/02/1988            0.0          0.000           0.00           0.00           0.00         31.006          0.000          0.000          0.000           0.00
     25/02/1988            0.0          0.000           0.00           0.00           0.00         31.261          0.000          0.000          0.000           0.00
     26/02/1988            0.0          0.000           0.00           0.00           0.00         29.851          0.000          0.000          0.000           0.00
     27/02/1988            0.0          0.000           0.00           0.00           0.00         28.283          0.000          0.000          0.000           0.00
     28/02/1988            0.0          0.000           0.00           0.00           0.00         26.765          0.000          0.000          0.000           0.00
     29/02/1988            0.0          0.000           0.00           0.00           0.00         24.970          0.000          0.000          0.000           0.00
     01/03/1988            0.0          0.000           0.00           0.00           0.00         24.124          0.000          0.000          0.000           0.00
     02/03/1988            0.0          0.000           0.00           0.00           0.00         24.400          0.000          0.000          0.000           0.00
     03/03/1988            0.0          0.000           0.00           0.00           0.00         25.391          0.000          0.000          0.000           0.00
     04/03/1988            0.0          0.000           0.00           0.00           0.00         26.629          0.000          0.000          0.000           0.00
     05/03/1988            0.0          0.000           0.00           0.00           0.00         28.149          0.000          0.000          0.000           0.00
     06/03/1988            0.0          0.000           0.00           0.00           0.00         28.101          0.000          0.000          0.000           0.00
     07/03/1988            0.0          0.000           0.00           0.00           0.00         28.699          0.000          0.000          0.000           0.00
     08/03/1988            0.0          0.000           0.00           0.00           0.00         28.640          0.000          0.000          0.000           0.00
     09/03/1988            0.0          0.000           0.00           0.00           0.00         28.515          0.000          0.000          0.000           0.00
     10/03/1988            0.0          0.000           0.00           0.00           0.00         28.580          0.000          0.000          0.000           0.00
     11/03/1988            0.0          0.000           0.00           0.00           0.00         29.818          0.000          0.000          0.000           0.00
     12/03/1988            0.0          0.000           0.00           0.00           0.00         29.230          0.000          0.000          0.000           0.00
     13/03/1988            0.0          0.000           0.00           0.00           0.00         28.497          0.000          0.000          0.000           0.00
     14/03/1988            0.0          0.000           0.00           0.00           0.00         27.908          0.000          0.000          0.000           0.00
     15/03/1988            0.0          0.000           0.00           0.00           0.00         27.153          0.000          0.000          0.000           0.00
     16/03/1988            0.0          0.000           0.00           0.00           0.00         26.037          0.000          0.000          0.000           0.00
     17/03/1988            0.0          0.000           0.00           0.00           0.00         26.631          0.000          0.000          0.000           0.00
     18/03/1988            0.0          0.000           0.00           0.00           0.00         27.471          0.000          0.000          0.000           0.00
     19/03/1988            0.0          0.000           0.00           0.00           0.00         27.815          0.000          0.000          0.000           0.00
     20/03/1988            0.0          0.000           0.00           0.00           0.00         28.036          0.000          0.000          0.000           0.00
     21/03/1988            0.0          0.000           0.00           0.00           0.00         28.247          0.000          0.000          0.000           0.00
     22/03/1988            0.0          0.000           0.00           0.00           0.00         28.528          0.000          0.000          0.000           0.00
     23/03/1988            0.0          0.000           0.00           0.00           0.00         28.710          0.000          0.000          0.000           0.00
     24/03/1988            0.0          0.000           0.00           0.00           0.00         28.863          0.000          0.000          0.000           0.00
     25/03/1988            0.0          0.000           0.00           0.00           0.00         28.779          0.000          0.000          0.000           0.00
     26/03/1988            0.0          0.000           0.00           0.00           0.00         28.432          0.000          0.000          0.000           0.00
     27/03/1988            0.0          0.000           0.00           0.00           0.00         28.168          0.000          0.000          0.000           0.00
     28/03/1988            0.0          0.000           0.00           0.00           0.00         27.948          0.000          0.000          0.000           0.00
     29/03/1988            0.0          0.000           0.00           0.00           0.00         27.919          0.000          0.000          0.000           0.00
     30/03/1988            0.0          0.000           0.00           0.00           0.00         27.549          0.000          0.000          0.000           0.00
     31/03/1988            0.0          0.000           0.00           0.00           0.00         26.525          0.000          0.000          0.000           0.00
     01/04/1988            0.0          0.000           0.00           0.00           0.00         25.430          0.000          0.000          0.000           0.00
     02/04/1988            0.0          0.000           0.00           0.00           0.00         24.778          0.000          0.000          0.000           0.00
     03/04/1988            0.0          0.000           0.00           0.00           0.00         23.533          0.000          0.000          0.000           0.00
     04/04/1988            0.0          0.000           0.00           0.00           0.00         23.364          0.000          0.000          0.000           0.00
     05/04/1988            0.0          0.000           0.00           0.00           0.00         24.099          0.000          0.000          0.000           0.00
     06/04/1988            0.0          0.000           0.00           0.00           0.00         24.382          0.000          0.000          0.000           0.00
     07/04/1988            0.0          0.000           0.00           0.00           0.00         24.518          0.000          0.000          0.000           0.00
     08/04/1988            0.0          0.000           0.00           0.00           0.00         25.217          0.000          0.000          0.000           0.00
     09/04/1988            0.0          0.000           0.00           0.00           0.00         24.814          0.000          0.000          0.000           0.00
     10/04/1988            0.0          0.000           0.00           0.00           0.00         23.782          0.000          0.000          0.000           0.00
     11/04/1988            0.0          0.000           0.00           0.00           0.00         22.775          0.000          0.000          0.000           0.00
     12/04/1988            0.0          0.000           0.00           0.00           0.00         22.497          0.000          0.000          0.000           0.00
     13/04/1988            0.0          0.000           0.00           0.00           0.00         22.393          0.000          0.000          0.000           0.00
     14/04/1988            0.0          0.000           0.00           0.00           0.00         22.952          0.000          0.000          0.000           0.00
     15/04/1988            0.0          0.000           0.00           0.00           0.00         23.794          0.000          0.000          0.000           0.00
     16/04/1988            0.0          0.000           0.00           0.00           0.00         25.066          0.000          0.000          0.000           0.00
     17/04/1988            0.0          0.000           0.00           0.00           0.00         25.200          0.000          0.000          0.000           0.00
     18/04/1988            0.0          0.000           0.00           0.00           0.00         24.825          0.000          0.000          0.000           0.00
     19/04/1988            0.0          0.000           0.00           0.00           0.00         24.419          0.000          0.000          0.000           0.00
     20/04/1988            0.0          0.000           0.00           0.00           0.00         23.938          0.000          0.000          0.000           0.00
     21/04/1988            0.0          0.000           0.00           0.00           0.00         23.701          0.000          0.000          0.000           0.00
     22/04/1988            0.0          0.000           0.00           0.00           0.00         23.845          0.000          0.000          0.000           0.00
     23/04/1988            0.0          0.000           0.00           0.00           0.00         24.234          0.000          0.000          0.000           0.00
     24/04/1988            0.0          0.000           0.00           0.00           0.00         24.414          0.000          0.000          0.000           0.00
     25/04/1988            0.0          0.000           0.00           0.00           0.00         24.870          0.000          0.000          0.000           0.00
     26/04/1988            0.0          0.000           0.00           0.00           0.00         25.000          0.000          0.000          0.000           0.00
     27/04/1988            0.0          0.000           0.00           0.00           0.00         24.810          0.000          0.000          0.000           0.00
     28/04/1988            0.0          0.000           0.00           0.00           0.00         23.292          0.000          0.000          0.000           0.00
     29/04/1988            0.0          0.000           0.00           0.00           0.00         22.281          0.000          0.000          0.000           0.00
     30/04/1988            0.0          0.000           0.00           0.00           0.00         21.424          0.000          0.000          0.000           0.00
     01/05/1988            0.0          0.000           0.00           0.00           0.00         21.385          0.000          0.000          0.000           0.00
     02/05/1988            0.0          0.000           0.00           0.00           0.00         21.578          0.000          0.000          0.000           0.00
     03/05/1988            0.0          0.000           0.00           0.00           0.00         23.094          0.000          0.000          0.000           0.00
     04/05/1988            0.0          0.000           0.00           0.00           0.00         24.134          0.000          0.000          0.000           0.00
     05/05/1988            0.0          0.000           0.00           0.00           0.00         24.895          0.000          0.000          0.000           0.00
     06/05/1988            0.0          0.000           0.00           0.00           0.00         24.704          0.000          0.000          0.000           0.00
     07/05/1988            0.0          0.000           0.00           0.00           0.00         24.379          0.000          0.000          0.000           0.00
     08/05/1988            0.0          0.000           0.00           0.00           0.00         23.630          0.000          0.000          0.000           0.00
     09/05/1988            0.0          0.000           0.00           0.00           0.00         22.885          0.000          0.000          0.000           0.00
     10/05/1988            0.0          0.000           0.00           0.00           0.00         22.068          0.000          0.000          0.000           0.00
     11/05/1988            0.0          0.000           0.00           0.00           0.00         21.047          0.000          0.000          0.000           0.00
     12/05/1988            0.0          0.000           0.00           0.00           0.00         20.466          0.000          0.000          0.000           0.00
     13/05/1988            0.0          0.000           0.00           0.00           0.00         20.563          0.000          0.000          0.000           0.00
     14/05/1988            0.0          0.000           0.00           0.00           0.00         20.700          0.000          0.000          0.000           0.00
     15/05/1988            0.0          0.000           0.00           0.00           0.00         20.986          0.000          0.000          0.000           0.00
     16/05/1988            0.0          0.000           0.00           0.00           0.00         21.757          0.000          0.000          0.000           0.00
     17/05/1988            0.0          0.000           0.00           0.00           0.00         21.460          0.000          0.000          0.000           0.00
     18/05/1988            0.0          0.000           0.00           0.00           0.00         21.257          0.000          0.000          0.000           0.00
     19/05/1988            0.0          0.000           0.00           0.00           0.00         20.852          0.000          0.000          0.000           0.00
     20/05/1988            0.0          0.000           0.00           0.00           0.00         20.481          0.000          0.000          0.000           0.00
     21/05/1988            0.0          0.000           0.00           0.00           0.00         19.297          0.000          0.000          0.000           0.00
     22/05/1988            0.0          0.000           0.00           0.00           0.00         18.867          5.000          0.000          0.000           0.00
     23/05/1988            0.0          0.000           0.00           0.00           0.00         18.266          5.000          0.000          0.000           0.00
     24/05/1988            0.0          0.000           0.00           0.00           0.00         17.892          5.000          0.000          0.000           0.00
     25/05/1988            0.0          0.000           0.00           0.00           0.00         17.370          5.000          0.000          0.000           0.00
     26/05/1988            0.0          0.000           0.00           0.00           0.00         17.820          5.000          0.000          0.000           0.00
     27/05/1988            0.0          0.000           0.00           0.00           0.00         18.323          5.000          0.000          0.000           0.00
     28/05/1988            0.0          0.000           0.00           0.00           0.00         18.250          5.000          0.000          0.000           0.00
     29/05/1988            0.0          0.000           0.00           0.00           0.00         17.907          5.000          0.000          0.000           0.00
     30/05/1988            0.0          0.000           0.00           0.00           0.00         18.146          5.000          0.000          0.000           0.00
     31/05/1988            0.0          0.000           0.00           0.00           0.00         18.363          5.000          0.000          0.000           0.00
     01/06/1988            0.0          0.000           0.00           0.00           0.00         18.392          5.000          0.000          0.000           0.00
     02/06/1988            0.0          0.000           0.00           0.00           0.00         18.920          5.000          0.000          0.000           0.00
     03/06/1988            0.0          0.000           0.00           0.00           0.00         19.852          5.000          0.000          0.000           0.00
     04/06/1988            0.0          0.000           0.00           0.00           0.00         19.937          5.000          0.000          0.000           0.00
     05/06/1988            0.0          0.000           0.00           0.00           0.00         20.243          5.000          0.000          0.000           0.00
     06/06/1988            0.0          0.000           0.00           0.00           0.00         19.811          5.000          0.000          0.000           0.00
     07/06/1988            0.0          0.000           0.00           0.00           0.00         18.855          5.000          0.000          0.000           0.00
     08/06/1988            0.0          0.000           0.00           0.00           0.00         17.849          5.000          0.000          0.000           0.00
     09/06/1988            0.0          0.000           0.00           0.00           0.00         17.501          5.000          0.000          0.000           0.00
     10/06/1988            0.0          0.000           0.00           0.00           0.00         16.752          5.000          0.000          0.000           0.00
     11/06/1988            0.0          0.000           0.00           0.00           0.00         16.416          5.000          0.000          0.000           0.00
     12/06/1988            0.0          0.000           0.00           0.00           0.00         16.080          5.000          0.000          0.000           0.00
     13/06/1988            0.0          0.000           0.00           0.00           0.00         15.813          5.000          0.000          0.000           0.00
     14/06/1988            1.5          0.830           0.15           0.00           0.00         15.354          5.000          2.000          1.000           0.01
     15/06/1988           29.3          0.867           2.34           0.59           0.00         14.913          5.000          2.000          1.000           0.11
     16/06/1988           29.3          0.867           2.34           0.59           0.00         14.975          5.000          2.000          1.000           0.13
     17/06/1988           29.3          0.867           2.34           0.59           0.00         15.662          5.000          2.000          1.000           0.14
     18/06/1988           74.0          0.892           4.83           2.57           0.00         16.115          5.000          2.000          1.000           0.25
     19/06/1988           74.0          0.892           4.83           2.57           0.00         16.487          5.000          3.000          1.000           0.28
     20/06/1988          116.6          0.914           7.09           4.57           0.00         17.022          5.000          3.000          1.000           0.40
     21/06/1988          143.6          0.932           8.81           5.56           0.00         17.419          5.000          3.000          1.000           0.50
     22/06/1988          186.5          0.949          10.56           8.09           0.00         17.129          5.000          3.000          1.000           0.61
     23/06/1988          235.9          0.972          12.82          10.77           0.00         17.243          5.000          3.000          1.000           0.74
     24/06/1988          289.6          0.999          15.52          13.44           0.00         17.466          5.000          4.000          1.000           0.90
     25/06/1988          346.4          1.037          19.38          15.26           0.00         17.542          5.000          4.000          1.000           1.11
     26/06/1988          410.6          1.076          23.30          17.76           0.00         17.639          5.000          4.000          1.000           1.33
     27/06/1988          482.1          1.116          27.26          20.95           0.00         18.342          5.000          4.000          1.000           1.57
     28/06/1988          545.3          1.146          30.26          24.27           0.00         18.502          5.000          4.000          1.000           1.77
     29/06/1988          583.3          1.170          32.61          25.72           0.00         17.709          5.000          5.000          2.000           1.91
     30/06/1988          632.1          1.194          35.06          28.15           0.00         17.179          5.000          5.000          2.000           2.07
     01/07/1988          686.0          1.224          38.01          30.59           0.00         16.781          5.000          5.000          2.000           2.24
     02/07/1988          755.4          1.263          41.96          33.58           0.00         16.578          5.000          5.000          2.000           2.46
     03/07/1988          787.5          1.302          43.93          34.83           0.00         16.195          5.000          5.000          2.000           2.59
     04/07/1988          816.4          1.301          44.16          35.98           0.00         16.489          5.000          6.000          2.000           2.61
     05/07/1988          851.2          1.315          44.48          37.41           0.00         16.711          5.000          6.000          3.000           2.62
     06/07/1988          904.9          1.269          44.67          39.68           0.00         16.620          5.000          6.000          3.000           2.60
     07/07/1988          959.6          1.217          44.46          42.04           0.00         16.259          5.000          6.000          3.000           2.57
     08/07/1988         1000.3          1.170          43.72          43.85           0.00         16.065          5.000          6.000          3.000           2.53
     09/07/1988         1063.4          1.119          43.68          46.69           0.00         16.459          5.000          7.000          3.000           2.51
     10/07/1988         1108.3          1.075          42.84          48.37           2.52         16.895          5.000          7.000          4.000           2.48
     11/07/1988         1132.7          1.040          41.12          49.29           3.91         16.759          5.000          7.000          4.000           2.29
     12/07/1988         1176.7          0.979          39.47          50.94           6.46         17.159          5.000          7.000          4.000           2.12
     13/07/1988         1217.3          0.915          37.74          52.47           8.85         17.961          5.000          7.000          4.000           2.00
     14/07/1988         1254.1          0.843          35.27          53.86          11.04         18.239          5.000          8.000          4.000           1.86
     15/07/1988         1289.6          0.802          33.77          55.20          13.19         18.166          5.000          8.000          4.000           1.77
     16/07/1988         1319.8          0.789          33.25          56.33          15.04         18.644          5.000          8.000          5.000           1.75
     17/07/1988         1352.4          0.776          33.33          57.57          17.07         18.501          5.000          8.000          5.000           1.74
     18/07/1988         1380.1          0.778          33.98          58.61          18.82         18.081          5.000          9.000          5.000           1.78
     19/07/1988         1412.7          0.787          34.79          59.85          20.91         18.016          5.000          9.000          5.000           1.82
     20/07/1988         1449.4          0.796          35.83          61.24          23.29         18.282          5.000          9.000          5.000           1.87
     21/07/1988         1488.6          0.806          36.90          62.73          25.88         18.760          5.000          9.000          5.000           1.92
     22/07/1988         1506.7          0.814          36.85          63.42          27.09         18.353          5.000          9.000          5.000           1.94
     23/07/1988         1525.0          0.828          37.08          64.11          28.33         17.693          5.000         10.000          5.000           1.96
     24/07/1988         1550.1          0.864          37.84          65.07          30.04         17.038          5.000         10.000          5.000           1.99
     25/07/1988         1582.2          0.921          39.27          66.29          32.27         16.591          5.000         10.000          6.000           2.06
     26/07/1988         1621.4          0.965          40.27          67.78          35.01         16.194          5.000         10.000          6.000           2.10
     27/07/1988         1644.0          0.993          40.81          68.64          36.62         15.866          5.000         10.000          6.000           2.14
     28/07/1988         1674.6          1.033          41.66          69.81          38.80         16.415          5.000         10.000          6.000           2.18
     29/07/1988         1709.0          1.076          42.53          71.12          41.30         16.749          5.000         11.000          6.000           2.22
     30/07/1988         1749.3          1.130          43.76          72.66          44.26         16.736          5.000         11.000          6.000           2.27
     31/07/1988         1784.5          1.180          44.91          74.00          46.88         16.344          5.000         11.000          6.000           2.33
     01/08/1988         1822.0          1.241          46.47          75.44          49.70         16.985          5.000         11.000          6.000           2.41
     02/08/1988         1873.6          1.331          48.89          77.41          53.64         17.555          5.000         11.000          6.000           2.52
     03/08/1988         1933.3          1.440          51.84          79.69          58.29         18.401          5.000         12.000          6.000           2.65
     04/08/1988         2003.1          1.569          55.40          82.37          63.79         19.305          5.000         12.000          7.000           2.82
     05/08/1988         2060.4          1.672          58.21          84.56          68.38         20.283          5.000         12.000          7.000           2.97
     06/08/1988         2080.6          1.678          58.14          85.33          70.02         19.687          5.000         12.000          7.000           3.03
     07/08/1988         2102.4          1.704          58.77          86.17          71.81         18.218          5.000         12.000          7.000           3.08
     08/08/1988         2128.3          1.734          59.47          87.16          73.95         16.342          5.000         13.000          7.000           3.12
     09/08/1988         2153.7          1.777          60.64          88.14          76.06         14.355          5.000         13.000          7.000           3.19
     10/08/1988         2196.0          1.853          62.73          89.76          79.61         13.170          5.000         13.000          7.000           3.28
     11/08/1988         2253.9          1.959          65.66          91.98          84.54         13.942          5.000         13.000          7.000           3.40
     12/08/1988         2316.3          2.073          68.81          94.37          89.92         15.249          5.000         13.000          7.000           3.54
     13/08/1988         2380.9          2.165          72.08          96.85          95.57         16.655          5.000         13.000          7.000           3.70
     14/08/1988         2449.5          2.226          75.57          99.49         101.67         18.041          5.000         14.000          7.000           3.87
     15/08/1988         2514.1          2.260          78.76         101.96         107.49         18.902          5.000         14.000          8.000           4.03
     16/08/1988         2592.9          2.276          81.85         105.91         116.91         19.603          5.000         14.000          8.000           4.13
     17/08/1988         2669.9          2.290          84.68         109.92         126.63         20.386          5.000         14.000          8.000           4.19
     18/08/1988         2729.4          2.262          85.81         112.21         132.27         20.825          5.000         15.000          8.000           4.16
     19/08/1988         2781.1          2.254          87.00         114.19         137.27         20.795          5.000         15.000          8.000           4.17
     20/08/1988         2842.1          2.254          89.13         116.75         143.80         20.746          5.000         15.000          8.000           4.19
     21/08/1988         2913.8          2.251          90.87         120.81         154.34         20.909          5.000         15.000          8.000           4.18
     22/08/1988         2939.6          2.244          90.69         121.80         156.96         20.144          5.000         16.000          8.000           4.15
     23/08/1988         2992.0          2.241          92.08         123.81         162.41         19.792          5.000         16.000          9.000           4.12
     24/08/1988         3013.1          2.234          92.41         124.62         164.62         18.600          5.000         16.000          9.000           4.12
     25/08/1988         3057.2          2.226          93.21         127.04         171.34         17.954          5.000         16.000          9.000           4.10
     26/08/1988         3108.1          2.214          93.98         129.91         179.43         17.144          5.000         16.000          9.000           4.06
     27/08/1988         3162.8          2.197          94.60         133.03         188.42         17.481          5.000         17.000          9.000           4.01
     28/08/1988         3195.9          2.148          93.43         134.60         193.00         16.780          5.000         17.000          9.000           3.90
     29/08/1988         3233.5          2.113          92.67         136.98         200.01         17.429          5.000         17.000          9.000           3.82
     30/08/1988         3277.8          2.089          92.44         139.90         208.77         17.863          5.000         17.000          9.000           3.76
     31/08/1988         3326.9          2.059          91.98         143.26         219.02         18.176          5.000         17.000          9.000           3.68
     01/09/1988         3370.9          2.023          91.21         146.11         227.93         18.144          5.000         18.000         10.000           3.59
     02/09/1988         3414.0          1.982          90.12         149.03         237.23         19.229          5.000         18.000         10.000           3.50
     03/09/1988         3453.6          1.944          88.94         151.91         246.58         20.454          5.000         18.000         10.000           3.41
     04/09/1988         3495.9          1.902          87.57         155.15         257.35         21.063          5.000         19.000         10.000           3.33
     05/09/1988         3535.0          1.864          86.27         158.18         267.59         21.244          5.000         19.000         10.000           3.24
     06/09/1988         3548.9          1.788          83.11         158.85         269.91         20.298          5.000         19.000         10.000           3.10
     07/09/1988         3573.8          1.694          79.14         160.57         275.97         19.767          5.000         19.000         10.000           2.93
     08/09/1988         3610.4          1.655          77.60         163.66         287.09         19.537          5.000         20.000         10.000           2.85
     09/09/1988         3642.1          1.615          76.07         166.23         296.52         19.402          5.000         20.000         11.000           2.77
     10/09/1988         3670.0          1.575          74.41         168.55         305.27         19.482          5.000         20.000         11.000           2.70
     11/09/1988         3696.5          1.534          72.67         170.79         313.85         21.137          5.000         20.000         11.000           2.62
     12/09/1988         3716.5          1.487          70.65         172.38         320.11         21.823          5.000         21.000         12.000           2.53
     13/09/1988         3737.3          1.452          69.14         174.19         327.39         20.940          5.000         21.000         12.000           2.47
     14/09/1988         3761.1          1.417          67.59         176.31         336.09         20.378          5.000         21.000         12.000           2.41
     15/09/1988         3783.8          1.340          64.04         178.32         344.48         19.923          5.000         21.000         12.000           2.27
     16/09/1988         3807.1          1.270          60.86         180.38         353.33         19.227          5.000         21.000         12.000           2.15
     17/09/1988         3831.8          1.237          59.37         182.64         363.20         19.424          5.000         22.000         13.000           2.09
     18/09/1988         3849.7          1.206          57.96         184.24         370.36         19.549          5.000         22.000         13.000           2.03
     19/09/1988         3870.6          1.175          56.56         186.15         379.11         19.566          5.000         22.000         13.000           1.98
     20/09/1988         3887.7          1.148          55.33         187.71         386.37         19.121          5.000         22.000         13.000           1.93
     21/09/1988         3908.0          1.116          53.91         189.58         395.23         18.986          5.000         23.000         14.000           1.88
     22/09/1988         3927.4          1.084          52.44         191.36         403.91         18.749          5.000         23.000         14.000           1.82
     23/09/1988         3946.1          1.052          50.96         193.08         412.45         20.127          5.000         23.000         14.000           1.76
     24/09/1988         3963.8          1.018          49.40         194.69         420.66         21.660          5.000         23.000         14.000           1.70
     25/09/1988         3980.1          0.955          46.40         196.17         428.42         23.222          5.000         23.000         15.000           1.60
     26/09/1988         3995.8          0.898          43.71         197.62         436.19         24.485          5.000         24.000         15.000           1.50
     27/09/1988         4008.4          0.872          42.49         198.73         442.30         25.360          5.000         24.000         15.000           1.45
     28/09/1988         4021.1          0.845          41.23         199.87         448.73         25.408          5.000         24.000         15.000           1.41
     29/09/1988         4036.5          0.804          39.31         201.30         457.00         25.779          5.000         24.000         16.000           1.34
     30/09/1988         4051.0          0.767          37.55         202.67         465.11         26.895          5.000         25.000         16.000           1.27
     01/10/1988         4060.8          0.715          35.03         203.51         470.26         26.618          5.000         25.000         16.000           1.18
     02/10/1988         4073.7          0.667          32.76         204.68         477.63         26.218          5.000         25.000         16.000           1.10
     03/10/1988         4086.4          0.627          30.81         205.86         485.23         26.722          5.000         25.000         16.000           1.04
     04/10/1988         4097.8          0.576          28.37         206.93         492.25         27.230          5.000         25.000         16.000           0.95
     05/10/1988         4104.1          0.545          26.87         207.51         496.17         27.782          5.000         26.000         17.000           0.90
     06/10/1988         4111.9          0.483          23.86         208.21         500.94         27.916          5.000         26.000         17.000           0.80
     07/10/1988         4121.8          0.442          21.84         209.12         507.44         28.389          5.000         26.000         17.000           0.73
     08/10/1988         4130.5          0.407          20.17         209.93         513.34         28.433          5.000         26.000         17.000           0.67
     09/10/1988         4136.9          0.359          17.81         210.49         517.64         27.172          5.000         27.000         17.000           0.59
     10/10/1988         4144.7          0.316          15.71         211.22         523.31         25.354          5.000         27.000         18.000           0.52
     11/10/1988         4151.3          0.283          14.07         211.83         528.29         24.989          5.000         27.000         18.000           0.46
     12/10/1988         4157.8          0.263          13.11         212.44         533.44         25.278          5.000         27.000         18.000           0.43
     13/10/1988         4163.7          0.239          11.94         213.00         538.28         25.688          5.000         27.000         19.000           0.39
     14/10/1988         4168.5          0.217          10.85         213.46         542.32         27.140          5.000         28.000         19.000           0.35
     15/10/1988         4172.2          0.194           9.72         213.79         545.38         28.089          5.000         28.000         19.000           0.32
     16/10/1988         4176.4          0.177           8.85         214.19         549.18         29.341          5.000         28.000         19.000           0.29
     17/10/1988         4180.1          0.164           8.23         214.53         552.52         29.214          5.000         28.000         19.000           0.27
     18/10/1988         4183.4          0.149           7.46         214.84         555.66         28.407          5.000         28.000         20.000           0.24
     19/10/1988         4186.3          0.135           6.76         215.12         558.62         27.835          5.000         29.000         20.000           0.22
     20/10/1988         4188.6          0.123           6.20         215.32         560.89         28.672          5.000         29.000         20.000           0.20
     21/10/1988         4189.8          0.115           5.81         215.44         562.19         29.875          5.000         29.000         20.000           0.19
     22/10/1988         4190.6          0.112           5.64         215.51         563.02         31.356          5.000         29.000         20.000           0.18
     23/10/1988         4192.4          0.103           5.18         215.67         564.97         31.271          5.000         29.000         20.000           0.17
     24/10/1988         4194.2          0.092           4.64         215.84         567.03         30.990          5.000         30.000         21.000           0.15
     25/10/1988         4195.8          0.082           4.15         215.98         568.93         30.015          5.000         30.000         21.000           0.13
     26/10/1988         4197.0          0.076           3.84         216.10         570.57         28.458          5.000         30.000         21.000           0.12
     27/10/1988         4198.3          0.071           3.61         216.20         572.09         27.518          5.000         30.000         21.000           0.11
     28/10/1988         4199.0          0.067           3.40         216.28         573.26         29.039          5.000         30.000         21.000           0.11
     29/10/1988         4199.6          0.063           3.18         216.33         574.06         30.493          5.000         31.000         21.000           0.10
     30/10/1988         4199.9          0.060           3.05         216.36         574.45         31.806          5.000         31.000         22.000           0.10
     31/10/1988         4200.2          0.057           2.92         216.38         574.88         33.117          5.000         31.000         22.000           0.09
     01/11/1988         4200.6          0.054           2.74         216.42         575.53         33.731          5.000         31.000         22.000           0.09
     02/11/1988         4201.1          0.051           2.62         216.46         576.27         33.569          5.000         31.000         22.000           0.08
     03/11/1988         4201.6          0.049           2.51         216.50         577.00         33.170          5.000         31.000         22.000           0.08
     04/11/1988         4201.9          0.046           2.36         216.53         577.63         32.647          5.000         31.000         22.000           0.07
     05/11/1988         4202.3          0.044           2.25         216.56         578.17         32.139          5.000         31.000         23.000           0.07
     06/11/1988         4202.6          0.039           1.98         216.59         578.86         30.369          5.000         32.000         23.000           0.06
     07/11/1988         4203.1          0.035           1.82         216.62         579.70         29.306          5.000         32.000         23.000           0.06
     08/11/1988         4203.4          0.033           1.72         216.65         580.50         28.307          5.000         32.000         23.000           0.05
     09/11/1988         4203.7          0.031           1.59         216.68         581.25         27.669          5.000         32.000         23.000           0.05
     10/11/1988         4203.8          0.029           1.49         216.69         581.79         27.777          5.000         33.000         23.000           0.05
     11/11/1988         4204.1          0.027           1.38         216.71         582.34         29.409          5.000         33.000         24.000           0.04
     12/11/1988         4204.2          0.024           1.25         216.72         582.94         29.781          5.000         33.000         24.000           0.04
     13/11/1988         4204.4          0.023           1.18         216.73         583.48         29.943          5.000         33.000         24.000           0.04
     14/11/1988         4204.6          0.021           1.10         216.74         583.94         29.970          5.000         33.000         24.000           0.03
     15/11/1988         4204.7          0.019           1.00         216.75         584.38         28.808          5.000         34.000         25.000           0.03
     16/11/1988         4204.7          0.018           0.92         216.75         584.59         26.394          5.000         34.000         25.000           0.03
     17/11/1988         4204.7          0.017           0.87         216.75         584.91         24.958          5.000         34.000         25.000           0.03
     18/11/1988         4204.7          0.016           0.81         216.76         585.29         24.520          5.000         34.000         25.000           0.02
     19/11/1988         4205.0          0.015           0.77         216.76         585.64         24.686          5.000         35.000         25.000           0.02
     20/11/1988         4205.0          0.014           0.71         216.76         585.89         25.334          5.000         35.000         26.000           0.02
     21/11/1988         4205.1          0.013           0.68         216.77         586.16         27.423          5.000         35.000         26.000           0.02
     22/11/1988         4205.5          0.013           0.67         216.78         586.41         28.763          5.000         35.000         26.000           0.02
     23/11/1988         4205.8          0.012           0.62         216.81         586.70         29.413          5.000         35.000         27.000           0.02
     24/11/1988         4206.4          0.012           0.61         216.84         586.93         29.439          5.000         36.000         27.000           0.02
     25/11/1988         4206.8          0.011           0.57         216.88         587.17         29.072          5.000         36.000         27.000           0.02
     26/11/1988         4207.4          0.012           0.56         216.92         587.38         28.881          5.000         36.000         27.000           0.01
     27/11/1988         4207.9          0.012           0.55         216.96         587.53         28.321          5.000         36.000         27.000           0.01
     28/11/1988         4208.6          0.012           0.53         217.01         587.69         27.614          5.000         37.000         28.000           0.01
     29/11/1988         4209.5          0.011           0.53         217.08         587.89         27.336          5.000         37.000         28.000           0.01
     30/11/1988         4210.3          0.011           0.50         217.16         588.10         27.688          5.000         37.000         28.000           0.01
     01/12/1988         4211.2          0.011           0.50         217.23         588.27         27.973          5.000         37.000         28.000           0.01
     02/12/1988         4212.0          0.011           0.50         217.30         588.41         29.433          5.000         37.000         28.000           0.01
     03/12/1988         4212.7          0.011           0.49         217.36         588.51         30.486          5.000         38.000         28.000           0.01
     04/12/1988         4213.5          0.011           0.48         217.42         588.62         31.144          5.000         38.000         29.000           0.01
     05/12/1988         4214.4          0.011           0.48         217.50         588.74         31.505          5.000         38.000         29.000           0.01
     06/12/1988         4215.2          0.011           0.48         217.57         588.84         32.017          5.000         38.000         29.000           0.01
     07/12/1988         4215.9          0.011           0.48         217.63         588.93         32.112          5.000         38.000         29.000           0.01
     08/12/1988         4216.8          0.011           0.48         217.71         589.02         32.211          5.000         38.000         29.000           0.01
     09/12/1988         4217.5          0.012           0.48         217.77         589.09         31.931          5.000         38.000         30.000           0.01
     10/12/1988         4218.1          0.012           0.48         217.82         589.15         32.009          5.000         39.000         30.000           0.01
     11/12/1988         4218.9          0.012           0.48         217.90         589.22         31.654          5.000         39.000         30.000           0.01
     12/12/1988         4220.2          0.012           0.47         218.02         589.33         30.905          5.000         39.000         30.000           0.01
     13/12/1988         4221.8          0.012           0.48         218.17         589.45         30.401          5.000         39.000         30.000           0.01
     14/12/1988         4223.5          0.012           0.48         218.32         589.56         29.967          5.000         39.000         30.000           0.01
     15/12/1988         4225.0          0.012           0.48         218.47         589.65         29.390          5.000         40.000         31.000           0.01
     16/12/1988         4226.5          0.012           0.48         218.60         589.73         29.266          5.000         40.000         31.000           0.01
     17/12/1988         4227.7          0.012           0.48         218.72         589.80         29.305          5.000         40.000         31.000           0.01
     18/12/1988         4228.7          0.012           0.48         218.82         589.84         28.922          5.000         40.000         31.000           0.01
     19/12/1988         4230.0          0.012           0.48         218.94         589.89         29.775          5.000         40.000         31.000           0.01
     20/12/1988         4230.9          0.012           0.48         219.02         589.93         30.416          5.000         41.000         31.000           0.01
     21/12/1988         4231.5          0.012           0.48         219.09         589.95         31.194          5.000         41.000         32.000           0.01
     22/12/1988         4232.3          0.012           0.48         219.16         589.98         32.082          5.000         41.000         32.000           0.01
     23/12/1988         4233.2          0.012           0.47         219.25         590.00         33.627          5.000         41.000         32.000           0.01
     24/12/1988         4234.1          0.012           0.47         219.34         590.03         33.790          5.000         41.000         32.000           0.01
     25/12/1988         4235.1          0.012           0.47         219.44         590.06         33.896          5.000         41.000         32.000           0.01
     26/12/1988         4236.3          0.012           0.47         219.55         590.09         33.274          5.000         41.000         32.000           0.01
     27/12/1988         4237.6          0.012           0.47         219.68         590.12         32.918          5.000         41.000         32.000           0.01
     28/12/1988         4240.0          0.012           0.47         219.91         590.16         32.168          5.000         42.000         33.000           0.01
     29/12/1988         4242.2          0.012           0.46         220.13         590.19         31.786          5.000         42.000         33.000           0.01
     30/12/1988         4243.9          0.012           0.46         220.30         590.21         31.504          5.000         42.000         33.000           0.01
     31/12/1988         4245.7          0.012           0.46         220.47         590.23         31.316          5.000         42.000         33.000           0.01
