ApsimVersion = 7.10
Title = Wheat Standalone
           Date        biomass      sw_demand             eo       sw_dep()
   (dd/mm/yyyy)        (kg/ha)           (mm)           (mm)           (mm)
     01/01/1940            0.0          0.000          7.718       1489.384
     02/01/1940            0.0          0.000          6.983       1485.998
     03/01/1940            0.0          0.000          7.201       1484.549
     04/01/1940            0.0          0.000          7.080       1483.437
     05/01/1940            0.0          0.000          6.919       1482.499
     06/01/1940            0.0          0.000          6.616       1481.673
     07/01/1940            0.0          0.000          7.233       1480.926
     08/01/1940            0.0          0.000          5.940       1490.791
     09/01/1940            0.0          0.000          7.210       1486.764
     10/01/1940            0.0          0.000          7.285       1485.105
     11/01/1940            0.0          0.000          7.752       1483.908
     12/01/1940            0.0          0.000          8.872       1482.922
     13/01/1940            0.0          0.000          9.225       1482.063
     14/01/1940            0.0          0.000          7.341       1481.293
     15/01/1940            0.0          0.000         11.055       1480.588
     16/01/1940            0.0          0.000         10.270       1479.934
     17/01/1940            0.0          0.000         10.895       1479.321
     18/01/1940            0.0          0.000         10.641       1478.743
     19/01/1940            0.0          0.000         10.284       1478.194
     20/01/1940            0.0          0.000          8.226       1477.670
     21/01/1940            0.0          0.000          7.431       1477.168
     22/01/1940            0.0          0.000          6.489       1476.686
     23/01/1940            0.0          0.000          7.450       1476.221
     24/01/1940            0.0          0.000          8.396       1475.772
     25/01/1940            0.0          0.000         12.093       1475.336
     26/01/1940            0.0          0.000         13.421       1474.914
     27/01/1940            0.0          0.000         12.156       1474.503
     28/01/1940            0.0          0.000         13.065       1474.104
     29/01/1940            0.0          0.000         10.299       1473.714
     30/01/1940            0.0          0.000          7.652       1473.937
     31/01/1940            0.0          0.000          8.575       1473.552
     01/02/1940            0.0          0.000          7.709       1475.220
     02/02/1940            0.0          0.000          3.741       1500.925
     03/02/1940            0.0          0.000          6.126       1496.815
     04/02/1940            0.0          0.000          3.004       1494.387
     05/02/1940            0.0          0.000          5.243       1501.217
     06/02/1940            0.0          0.000          5.572       1514.276
     07/02/1940            0.0          0.000          5.310       1511.012
     08/02/1940            0.0          0.000          5.681       1509.047
     09/02/1940            0.0          0.000          5.471       1507.738
     10/02/1940            0.0          0.000          7.011       1506.662
     11/02/1940            0.0          0.000          7.032       1505.701
     12/02/1940            0.0          0.000          7.018       1504.793
     13/02/1940            0.0          0.000          6.969       1503.901
     14/02/1940            0.0          0.000          6.962       1502.998
     15/02/1940            0.0          0.000          6.865       1502.063
     16/02/1940            0.0          0.000          6.886       1501.084
     17/02/1940            0.0          0.000          6.455       1500.053
     18/02/1940            0.0          0.000          6.092       1498.968
     19/02/1940            0.0          0.000          5.354       1497.833
     20/02/1940            0.0          0.000          5.688       1496.653
     21/02/1940            0.0          0.000          6.545       1495.439
     22/02/1940            0.0          0.000          8.042       1494.202
     23/02/1940            0.0          0.000          9.264       1492.956
     24/02/1940            0.0          0.000          8.328       1491.714
     25/02/1940            0.0          0.000          8.527       1490.487
     26/02/1940            0.0          0.000          8.849       1489.287
     27/02/1940            0.0          0.000          9.238       1488.125
     28/02/1940            0.0          0.000          1.341       1515.369
     29/02/1940            0.0          0.000          1.351       1513.463
     01/03/1940            0.0          0.000          3.483       1510.472
     02/03/1940            0.0          0.000          4.594       1506.875
     03/03/1940            0.0          0.000          6.259       1504.159
     04/03/1940            0.0          0.000          5.865       1502.307
     05/03/1940            0.0          0.000          6.129       1500.763
     06/03/1940            0.0          0.000          6.068       1499.397
     07/03/1940            0.0          0.000          5.991       1498.146
     08/03/1940            0.0          0.000          6.251       1496.972
     09/03/1940            0.0          0.000          6.295       1495.850
     10/03/1940            0.0          0.000          6.547       1494.762
     11/03/1940            0.0          0.000          5.860       1493.696
     12/03/1940            0.0          0.000          5.932       1492.642
     13/03/1940            0.0          0.000          6.058       1491.597
     14/03/1940            0.0          0.000          6.006       1490.560
     15/03/1940            0.0          0.000          5.785       1489.532
     16/03/1940            0.0          0.000          5.542       1488.517
     17/03/1940            0.0          0.000          2.281       1487.518
     18/03/1940            0.0          0.000          1.182       1510.761
     19/03/1940            0.0          0.000          3.230       1540.293
     20/03/1940            0.0          0.000          4.961       1537.705
     21/03/1940            0.0          0.000          5.495       1533.740
     22/03/1940            0.0          0.000          4.962       1531.368
     23/03/1940            0.0          0.000          5.096       1529.508
     24/03/1940            0.0          0.000          5.230       1527.798
     25/03/1940            0.0          0.000          5.241       1526.112
     26/03/1940            0.0          0.000          4.980       1524.383
     27/03/1940            0.0          0.000          5.261       1522.569
     28/03/1940            0.0          0.000          5.679       1520.648
     29/03/1940            0.0          0.000          5.766       1518.612
     30/03/1940            0.0          0.000          5.876       1516.464
     31/03/1940            0.0          0.000          5.381       1514.217
     01/04/1940            0.0          0.000          5.347       1511.891
     02/04/1940            0.0          0.000          5.046       1509.512
     03/04/1940            0.0          0.000          4.742       1507.107
     04/04/1940            0.0          0.000          4.823       1504.704
     05/04/1940            0.0          0.000          4.923       1502.332
     06/04/1940            0.0          0.000          4.855       1500.016
     07/04/1940            0.0          0.000          3.907       1497.776
     08/04/1940            0.0          0.000          4.665       1495.632
     09/04/1940            0.0          0.000          5.051       1493.599
     10/04/1940            0.0          0.000          4.560       1491.684
     11/04/1940            0.0          0.000          4.589       1489.896
     12/04/1940            0.0          0.000          4.334       1488.237
     13/04/1940            0.0          0.000          5.022       1486.706
     14/04/1940            0.0          0.000          2.797       1495.759
     15/04/1940            0.0          0.000          3.843       1491.246
     16/04/1940            0.0          0.000          3.596       1489.848
     17/04/1940            0.0          0.000          3.677       1488.577
     18/04/1940            0.0          0.000          4.164       1487.423
     19/04/1940            0.0          0.000          4.729       1486.375
     20/04/1940            0.0          0.000          4.276       1485.421
     21/04/1940            0.0          0.000          4.145       1484.552
     22/04/1940            0.0          0.000          4.193       1483.758
     23/04/1940            0.0          0.000          4.145       1483.031
     24/04/1940            0.0          0.000          4.133       1482.362
     25/04/1940            0.0          0.000          2.759       1481.744
     26/04/1940            0.0          0.000          3.374       1481.172
     27/04/1940            0.0          0.000          3.881       1480.639
     28/04/1940            0.0          0.000          4.131       1480.139
     29/04/1940            0.0          0.000          3.922       1479.669
     30/04/1940            0.0          0.000          3.975       1479.225
     01/05/1940            0.0          0.000          3.438       1478.803
     02/05/1940            0.0          0.000          3.462       1478.401
     03/05/1940            0.0          0.000          3.583       1478.016
     04/05/1940            0.0          0.000          3.722       1477.645
     05/05/1940            0.0          0.000          3.882       1477.287
     06/05/1940            0.0          0.000          3.819       1476.940
     07/05/1940            0.0          0.000          3.580       1476.604
     08/05/1940            0.0          0.000          3.681       1476.276
     09/05/1940            0.0          0.000          3.331       1475.956
     10/05/1940            0.0          0.000          1.094       1475.644
     11/05/1940            0.0          0.000          2.830       1475.338
     12/05/1940            0.0          0.000          3.601       1475.037
     13/05/1940            0.0          0.000          3.432       1474.742
     14/05/1940            0.0          0.000          3.427       1474.452
     15/05/1940            0.0          0.000          3.313       1474.167
     16/05/1940            0.0          0.000          3.311       1473.885
     17/05/1940            0.0          0.000          3.615       1473.608
     18/05/1940            0.0          0.000          3.225       1473.335
     19/05/1940            0.0          0.000          3.187       1473.065
     20/05/1940            0.0          0.000          3.010       1472.798
     21/05/1940            0.0          0.000          2.532       1486.930
     22/05/1940            0.0          0.000          3.017       1484.103
     23/05/1940            0.0          0.000          3.152       1482.823
     24/05/1940            0.0          0.000          3.309       1482.365
     25/05/1940            0.0          0.000          3.297       1481.923
     26/05/1940            0.0          0.000          2.992       1481.494
     27/05/1940            0.0          0.000          3.114       1481.077
     28/05/1940            0.0          0.000          2.858       1480.671
     29/05/1940            0.0          0.000          2.097       1480.276
     30/05/1940            0.0          0.000          3.042       1479.891
     31/05/1940            0.0          0.000          3.250       1479.515
     01/06/1940            0.0          0.000          3.267       1479.147
     02/06/1940            0.0          0.000          3.172       1478.787
     03/06/1940            0.0          0.000          2.990       1478.435
     04/06/1940            0.0          0.000          2.991       1478.089
     05/06/1940            0.0          0.000          2.970       1477.750
     06/06/1940            0.0          0.000          2.843       1477.417
     07/06/1940            0.0          0.000          2.896       1477.090
     08/06/1940            0.0          0.000          2.321       1476.769
     09/06/1940            0.0          0.000          2.701       1476.453
     10/06/1940            0.0          0.000          2.921       1476.142
     11/06/1940            0.0          0.000          2.930       1475.835
     12/06/1940            0.0          0.000          2.970       1475.534
     13/06/1940            0.0          0.000          2.637       1475.236
     14/06/1940            0.0          0.000          2.607       1474.943
     15/06/1940            0.0          0.000          3.001       1474.654
     16/06/1940            0.0          0.000          3.099       1474.369
     17/06/1940            0.0          0.000          3.003       1474.087
     18/06/1940            0.0          0.000          3.010       1473.809
     19/06/1940            0.0          0.000          2.981       1473.535
     20/06/1940            0.0          0.000          2.846       1473.264
     21/06/1940            0.0          0.000          2.675       1472.996
     22/06/1940            0.0          0.000          2.424       1472.731
     23/06/1940            0.0          0.000          2.663       1472.469
     24/06/1940            0.0          0.000          2.748       1472.210
     25/06/1940            0.0          0.000          2.664       1471.954
     26/06/1940            0.0          0.000          1.808       1471.700
     27/06/1940            0.0          0.000          2.232       1471.449
     28/06/1940            0.0          0.000          2.747       1471.201
     29/06/1940            0.0          0.000          2.986       1470.955
     30/06/1940            0.0          0.000          2.859       1470.712
     01/07/1940            0.0          0.000          2.881       1470.470
     02/07/1940            0.0          0.000          2.977       1470.231
     03/07/1940            0.0          0.000          2.933       1469.995
     04/07/1940            0.0          0.000          2.693       1469.760
     05/07/1940            0.0          0.000          2.574       1469.528
     06/07/1940            0.0          0.000          2.838       1469.297
     07/07/1940            0.0          0.000          2.901       1469.068
     08/07/1940            0.0          0.000          2.921       1468.842
     09/07/1940            0.0          0.000          2.812       1468.617
     10/07/1940            0.0          0.000          2.745       1468.394
     11/07/1940            0.0          0.000          2.671       1468.173
     12/07/1940            0.0          0.000          2.677       1467.954
     13/07/1940            0.0          0.000          2.723       1467.736
     14/07/1940            0.0          0.000          2.725       1467.520
     15/07/1940            0.0          0.000          2.664       1467.306
     16/07/1940            0.0          0.000          2.842       1467.093
     17/07/1940            0.0          0.000          2.671       1466.882
     18/07/1940            0.0          0.000          2.728       1466.672
     19/07/1940            0.0          0.000          2.882       1466.464
     20/07/1940            4.6          0.000          2.812       1466.257
     21/07/1940            6.4          0.037          2.898       1466.015
     22/07/1940            8.5          0.049          3.041       1465.763
     23/07/1940           10.9          0.058          3.083       1465.502
     24/07/1940           13.6          0.044          2.975       1465.257
     25/07/1940           16.9          0.064          3.088       1464.993
     26/07/1940           20.6          0.082          3.044       1464.712
     27/07/1940           25.1          0.108          3.177       1464.406
     28/07/1940           30.3          0.129          3.276       1464.081
     29/07/1940           36.0          0.142          3.411       1463.745
     30/07/1940           42.7          0.182          3.477       1463.370
     31/07/1940           50.2          0.177          3.473       1463.000
     01/08/1940           59.1          0.245          3.583       1462.563
     02/08/1940           68.9          0.255          3.400       1462.118
     03/08/1940           74.7          0.035          1.611       1461.893
     04/08/1940           85.2          0.178          2.662       1461.527
     05/08/1940           99.8          0.324          3.319       1462.541
     06/08/1940          116.2          0.253          3.143       1460.763
     07/08/1940          134.7          0.360          3.145       1460.217
     08/08/1940          157.5          0.555          3.406       1459.478
     09/08/1940          183.7          0.649          3.551       1458.645
     10/08/1940          213.4          0.690          3.516       1457.772
     11/08/1940          247.9          0.844          3.602       1456.746
     12/08/1940          286.5          0.997          3.592       1455.568
     13/08/1940          332.0          0.994          3.971       1454.394
     14/08/1940          384.5          1.182          3.408       1453.033
     15/08/1940          442.9          1.183          3.324       1451.673
     16/08/1940          508.9          1.363          3.381       1450.132
     17/08/1940          583.4          1.710          3.515       1448.246
     18/08/1940          667.0          1.922          3.624       1446.148
     19/08/1940          758.2          2.059          3.499       1443.915
     20/08/1940          853.7          2.291          3.490       1441.450
     21/08/1940          944.7          1.491          3.156       1439.787
     22/08/1940         1055.3          2.469          3.639       1437.146
     23/08/1940         1178.6          3.072          3.819       1433.903
     24/08/1940         1316.1          3.612          3.998       1430.121
     25/08/1940         1462.6          3.766          3.916       1426.186
     26/08/1940         1614.9          4.119          4.050       1421.899
     27/08/1940         1772.4          2.822          3.981       1418.909
     28/08/1940         1941.7          3.302          3.555       1415.440
     29/08/1940         2120.1          3.566          3.574       1411.708
     30/08/1940         2306.9          4.470          3.736       1407.072
     31/08/1940         2503.0          4.653          4.026       1402.254
     01/09/1940         2683.2          4.335          3.434       1397.754
     02/09/1940         2892.1          4.953          3.942       1392.638
     03/09/1940         3097.7          4.458          3.680       1388.018
     04/09/1940         3311.7          4.722          3.904       1383.134
     05/09/1940         3529.2          5.204          3.891       1377.768
     06/09/1940         3754.0          5.664          4.197       1371.944
     07/09/1940         3985.6          5.946          4.375       1365.837
     08/09/1940         4214.8          6.341          4.640       1359.542
     09/09/1940         4447.7          5.054          4.377       1354.330
     10/09/1940         4677.0          5.841          4.246       1348.531
     11/09/1940         4876.7          3.977          3.881       1344.396
     12/09/1940         5070.9          6.253          4.532       1338.979
     13/09/1940         5254.9          6.771          4.917       1333.758
     14/09/1940         5448.3          3.402          3.300       1331.007
     15/09/1940         5649.1          5.678          4.143       1325.418
     16/09/1940         5830.6          5.865          4.370       1320.691
     17/09/1940         6001.9          6.097          4.490       1316.136
     18/09/1940         6166.7          6.236          4.625       1311.745
     19/09/1940         6324.1          5.983          4.475       1307.564
     20/09/1940         6502.4          4.073          3.879       1303.582
     21/09/1940         6680.3          4.575          4.582       1299.774
     22/09/1940         6810.1          1.353          2.277       1312.965
     23/09/1940         7018.0          3.859          3.736       1308.356
     24/09/1940         7191.0          6.247          4.752       1302.865
     25/09/1940         7347.7          6.325          4.852       1297.685
     26/09/1940         7490.0          6.517          5.053       1292.767
     27/09/1940         7616.2          7.135          5.607       1288.018
     28/09/1940         7746.5          6.293          5.034       1283.772
     29/09/1940         7950.0          2.735          3.793       1280.844
     30/09/1940         8097.0          4.757          4.284       1277.569
     01/10/1940         8238.2          4.428          4.245       1274.442
     02/10/1940         8375.7          4.459          4.610       1271.455
     03/10/1940         8484.1          5.562          4.774       1268.610
     04/10/1940         8584.8          5.492          4.778       1265.896
     05/10/1940         8678.3          5.393          4.857       1263.302
     06/10/1940         8762.0          5.979          5.482       1260.819
     07/10/1940         8840.7          5.958          5.638       1258.436
     08/10/1940         8912.9          5.865          5.743       1256.143
     09/10/1940         8979.9          5.414          5.497       1253.932
     10/10/1940         9046.3          5.525          5.819       1251.779
     11/10/1940         9114.9          4.885          5.548       1249.703
     12/10/1940         9180.4          4.852          5.526       1247.703
     13/10/1940         9242.6          4.779          5.670       1245.773
     14/10/1940         9300.8          4.825          5.975       1243.910
     15/10/1940         9354.4          4.879          6.321       1242.111
     16/10/1940         9396.9          4.991          6.782       1240.373
     17/10/1940         9446.5          4.338          6.330       1238.692
     18/10/1940         9496.3          3.881          5.951       1237.067
     19/10/1940         9553.6          2.557          4.792       1235.494
     20/10/1940         9591.3          3.897          6.497       1233.971
     21/10/1940         9650.4          3.334          5.856       1239.638
     22/10/1940         9694.9          3.987          7.256       1236.343
     23/10/1940         9714.7          4.290          9.144       1232.879
     24/10/1940         9745.0          2.123          6.427       1230.742
     25/10/1940         9788.4          1.645          4.630       1230.242
     26/10/1940         9824.3          2.363          6.546       1228.265
     27/10/1940         9849.8          2.618          7.609       1227.011
     28/10/1940         9893.7          1.438          5.765       1225.793
     29/10/1940         9926.9          2.011          6.672       1224.608
     30/10/1940         9951.6          2.059          7.151       1223.455
     31/10/1940         9983.5          0.803          4.297       1225.403
     01/11/1940        10021.3          1.279          5.712       1228.029
     02/11/1940        10068.8          1.457          6.458       1225.220
     03/11/1940        10071.3          1.676          6.463       1222.625
     04/11/1940        10071.3          0.138          6.434       1220.908
     05/11/1940        10071.3          0.000          6.638       1220.716
     06/11/1940            0.0          0.000          6.685       1220.526
     07/11/1940            0.0          0.000          7.024       1220.337
     08/11/1940            0.0          0.000          8.443       1220.148
     09/11/1940            0.0          0.000          5.684       1219.961
     10/11/1940            0.0          0.000          6.901       1223.149
     11/11/1940            0.0          0.000          9.017       1220.993
     12/11/1940            0.0          0.000          8.873       1219.775
     13/11/1940            0.0          0.000          7.063       1219.590
     14/11/1940            0.0          0.000          7.151       1219.406
     15/11/1940            0.0          0.000          6.325       1219.223
     16/11/1940            0.0          0.000          5.426       1219.042
     17/11/1940            0.0          0.000          6.517       1218.860
     18/11/1940            0.0          0.000          7.200       1218.680
     19/11/1940            0.0          0.000          7.340       1218.501
     20/11/1940            0.0          0.000          8.503       1218.323
     21/11/1940            0.0          0.000          6.769       1218.146
     22/11/1940            0.0          0.000          7.943       1217.970
     23/11/1940            0.0          0.000          7.024       1217.794
     24/11/1940            0.0          0.000          7.060       1217.620
     25/11/1940            0.0          0.000          7.352       1217.446
     26/11/1940            0.0          0.000          7.791       1217.273
     27/11/1940            0.0          0.000          7.305       1217.101
     28/11/1940            0.0          0.000          6.743       1216.930
     29/11/1940            0.0          0.000          6.696       1216.759
     30/11/1940            0.0          0.000          6.067       1244.842
     01/12/1940            0.0          0.000          4.823       1270.727
     02/12/1940            0.0          0.000          4.558       1269.459
     03/12/1940            0.0          0.000          7.154       1267.453
     04/12/1940            0.0          0.000          8.048       1265.529
     05/12/1940            0.0          0.000          7.056       1263.534
     06/12/1940            0.0          0.000          7.306       1261.463
     07/12/1940            0.0          0.000          7.691       1259.958
     08/12/1940            0.0          0.000          7.745       1259.023
     09/12/1940            0.0          0.000          8.586       1258.199
     10/12/1940            0.0          0.000          6.059       1267.854
     11/12/1940            0.0          0.000          5.306       1279.819
     12/12/1940            0.0          0.000          7.022       1277.779
     13/12/1940            0.0          0.000          6.926       1275.758
     14/12/1940            0.0          0.000          6.918       1274.380
     15/12/1940            0.0          0.000          7.509       1272.170
     16/12/1940            0.0          0.000          7.528       1270.945
     17/12/1940            0.0          0.000          2.869       1271.393
     18/12/1940            0.0          0.000          4.336       1275.400
     19/12/1940            0.0          0.000          6.010       1277.198
     20/12/1940            0.0          0.000          6.807       1275.147
     21/12/1940            0.0          0.000          4.893       1301.866
     22/12/1940            0.0          0.000          7.044       1299.725
     23/12/1940            0.0          0.000          6.548       1297.727
     24/12/1940            0.0          0.000          7.111       1296.267
     25/12/1940            0.0          0.000          6.936       1294.132
     26/12/1940            0.0          0.000          7.743       1292.281
     27/12/1940            0.0          0.000          6.750       1291.190
     28/12/1940            0.0          0.000          6.882       1290.265
     29/12/1940            0.0          0.000          6.816       1289.447
     30/12/1940            0.0          0.000          4.812       1294.830
     31/12/1940            0.0          0.000          5.841       1292.976
