c:\users\uqbababa\uq\07_repository\apsimclassic\model\plant\release\stdplant.pch
c:\users\uqbababa\uq\07_repository\apsimclassic\model\plant\release\vc141.pdb
c:\users\uqbababa\uq\07_repository\apsimclassic\model\plant\release\arbitrator.obj
c:\users\uqbababa\uq\07_repository\apsimclassic\model\plant\release\entrypoints.obj
c:\users\uqbababa\uq\07_repository\apsimclassic\model\plant\release\emergentphase.obj
c:\users\uqbababa\uq\07_repository\apsimclassic\model\plant\release\delta.obj
c:\users\uqbababa\uq\07_repository\apsimclassic\model\plant\release\date.obj
c:\users\uqbababa\uq\07_repository\apsimclassic\model\plant\release\data.obj
c:\users\uqbababa\uq\07_repository\apsimclassic\model\plant\release\stdplant.obj
c:\users\uqbababa\uq\07_repository\apsimclassic\model\plant\release\dcapst.obj
c:\users\uqbababa\uq\07_repository\apsimclassic\model\plant\release\zadok.obj
c:\users\uqbababa\uq\07_repository\apsimclassic\model\plant\release\cwvernalphase.obj
c:\users\uqbababa\uq\07_repository\apsimclassic\model\plant\release\cwsowingphase.obj
c:\users\uqbababa\uq\07_repository\apsimclassic\model\plant\release\cwinductivephase.obj
c:\users\uqbababa\uq\07_repository\apsimclassic\model\plant\release\cwfixedphase.obj
c:\users\uqbababa\uq\07_repository\apsimclassic\model\plant\release\cwemergentphase.obj
c:\users\uqbababa\uq\07_repository\apsimclassic\model\plant\release\culm.obj
c:\users\uqbababa\uq\07_repository\apsimclassic\model\plant\release\compositepool.obj
c:\users\uqbababa\uq\07_repository\apsimclassic\model\plant\release\compositephase.obj
c:\users\uqbababa\uq\07_repository\apsimclassic\model\plant\release\compositepart.obj
c:\users\uqbababa\uq\07_repository\apsimclassic\model\plant\release\compositedelta.obj
c:\users\uqbababa\uq\07_repository\apsimclassic\model\plant\release\cohortingleaf.obj
c:\users\uqbababa\uq\07_repository\apsimclassic\model\plant\release\co2modifier.obj
c:\users\uqbababa\uq\07_repository\apsimclassic\model\plant\release\biomass.obj
c:\users\uqbababa\uq\07_repository\apsimclassic\model\plant\release\lookupfunction.obj
c:\users\uqbababa\uq\07_repository\apsimclassic\model\plant\release\leafappphase.obj
c:\users\uqbababa\uq\07_repository\apsimclassic\model\plant\release\leaf.obj
c:\users\uqbababa\uq\07_repository\apsimclassic\model\plant\release\interpolationfunction.obj
c:\users\uqbababa\uq\07_repository\apsimclassic\model\plant\release\inductivephase.obj
c:\users\uqbababa\uq\07_repository\apsimclassic\model\plant\release\individualleaf.obj
c:\users\uqbababa\uq\07_repository\apsimclassic\model\plant\release\grainparthi.obj
c:\users\uqbababa\uq\07_repository\apsimclassic\model\plant\release\grainpartgn.obj
c:\users\uqbababa\uq\07_repository\apsimclassic\model\plant\release\grainpartfn.obj
c:\users\uqbababa\uq\07_repository\apsimclassic\model\plant\release\grainpart.obj
c:\users\uqbababa\uq\07_repository\apsimclassic\model\plant\release\genericleaf.obj
c:\users\uqbababa\uq\07_repository\apsimclassic\model\plant\release\genericarbitratorxy.obj
c:\users\uqbababa\uq\07_repository\apsimclassic\model\plant\release\genericarbitrator.obj
c:\users\uqbababa\uq\07_repository\apsimclassic\model\plant\release\fruitcohortfn.obj
c:\users\uqbababa\uq\07_repository\apsimclassic\model\plant\release\fruitcohort.obj
c:\users\uqbababa\uq\07_repository\apsimclassic\model\plant\release\floretpart.obj
c:\users\uqbababa\uq\07_repository\apsimclassic\model\plant\release\fixedphase.obj
c:\users\uqbababa\uq\07_repository\apsimclassic\model\plant\release\fixation.obj
c:\users\uqbababa\uq\07_repository\apsimclassic\model\plant\release\externalfunction.obj
c:\users\uqbababa\uq\07_repository\apsimclassic\model\plant\release\environment.obj
c:\users\uqbababa\uq\07_repository\apsimclassic\model\plant\release\plantp.obj
c:\users\uqbababa\uq\07_repository\apsimclassic\model\plant\release\plantnitrogen.obj
c:\users\uqbababa\uq\07_repository\apsimclassic\model\plant\release\plantlibrary.obj
c:\users\uqbababa\uq\07_repository\apsimclassic\model\plant\release\plantfruitcohorting.obj
c:\users\uqbababa\uq\07_repository\apsimclassic\model\plant\release\plantcomponent.obj
c:\users\uqbababa\uq\07_repository\apsimclassic\model\plant\release\plantcanopy.obj
c:\users\uqbababa\uq\07_repository\apsimclassic\model\plant\release\plantbiomass.obj
c:\users\uqbababa\uq\07_repository\apsimclassic\model\plant\release\plant.obj
c:\users\uqbababa\uq\07_repository\apsimclassic\model\plant\release\photosynthesismodel.obj
c:\users\uqbababa\uq\07_repository\apsimclassic\model\plant\release\photophase.obj
c:\users\uqbababa\uq\07_repository\apsimclassic\model\plant\release\phenology.obj
c:\users\uqbababa\uq\07_repository\apsimclassic\model\plant\release\phase.obj
c:\users\uqbababa\uq\07_repository\apsimclassic\model\plant\release\parts.obj
c:\users\uqbababa\uq\07_repository\apsimclassic\model\plant\release\outputvariable.obj
c:\users\uqbababa\uq\07_repository\apsimclassic\model\plant\release\output.obj
c:\users\uqbababa\uq\07_repository\apsimclassic\model\plant\release\oilpart.obj
c:\users\uqbababa\uq\07_repository\apsimclassic\model\plant\release\observers.obj
c:\users\uqbababa\uq\07_repository\apsimclassic\model\plant\release\noroot.obj
c:\users\uqbababa\uq\07_repository\apsimclassic\model\plant\release\multiroot.obj
c:\users\uqbababa\uq\07_repository\apsimclassic\model\plant\release\mealpart.obj
c:\users\uqbababa\uq\07_repository\apsimclassic\model\plant\release\stagebasedinterpolationfunction.obj
c:\users\uqbababa\uq\07_repository\apsimclassic\model\plant\release\sowingphase.obj
c:\users\uqbababa\uq\07_repository\apsimclassic\model\plant\release\soil.obj
c:\users\uqbababa\uq\07_repository\apsimclassic\model\plant\release\simplepart.obj
c:\users\uqbababa\uq\07_repository\apsimclassic\model\plant\release\science.obj
c:\users\uqbababa\uq\07_repository\apsimclassic\model\plant\release\ruewholeplantmodel.obj
c:\users\uqbababa\uq\07_repository\apsimclassic\model\plant\release\ruemodel.obj
c:\users\uqbababa\uq\07_repository\apsimclassic\model\plant\release\rootpart.obj
c:\users\uqbababa\uq\07_repository\apsimclassic\model\plant\release\rootgrowthoption2.obj
c:\users\uqbababa\uq\07_repository\apsimclassic\model\plant\release\rootgrowthoption1.obj
c:\users\uqbababa\uq\07_repository\apsimclassic\model\plant\release\rootbase.obj
c:\users\uqbababa\uq\07_repository\apsimclassic\model\plant\release\reproductivepart.obj
c:\users\uqbababa\uq\07_repository\apsimclassic\model\plant\release\population.obj
c:\users\uqbababa\uq\07_repository\apsimclassic\model\plant\release\pool.obj
c:\users\uqbababa\uq\07_repository\apsimclassic\model\plant\release\podpartfn.obj
c:\users\uqbababa\uq\07_repository\apsimclassic\model\plant\release\podpart.obj
c:\users\uqbababa\uq\07_repository\apsimclassic\model\plant\release\plantutility.obj
c:\users\uqbababa\uq\07_repository\apsimclassic\model\plant\release\plantstress.obj
c:\users\uqbababa\uq\07_repository\apsimclassic\model\plant\release\plantspatial.obj
c:\users\uqbababa\uq\07_repository\apsimclassic\model\plant\release\plantpart.obj
c:\users\uqbababa\uq\07_repository\apsimclassic\model\plant\release\wholeplantseasonalpparbitrator.obj
c:\users\uqbababa\uq\07_repository\apsimclassic\model\plant\release\wholeplantseasonalarbitrator.obj
c:\users\uqbababa\uq\07_repository\apsimclassic\model\plant\release\wholeplantgenericarbitratorxy.obj
c:\users\uqbababa\uq\07_repository\apsimclassic\model\plant\release\weather.obj
c:\users\uqbababa\uq\07_repository\apsimclassic\model\plant\release\waitingphase.obj
c:\users\uqbababa\uq\07_repository\apsimclassic\model\plant\release\vernalphase.obj
c:\users\uqbababa\uq\07_repository\apsimclassic\model\plant\release\thingfactory.obj
c:\users\uqbababa\uq\07_repository\apsimclassic\model\plant\release\sucrosmodel.obj
c:\users\uqbababa\uq\07_repository\apsimclassic\model\plant\release\storagepart.obj
c:\users\uqbababa\uq\07_repository\apsimclassic\model\plant\release\stem.obj
c:\users\uqbababa\uq\07_repository\apsimclassic\model\plant.dll
c:\users\uqbababa\uq\07_repository\apsimclassic\model\plant.pdb
c:\users\uqbababa\uq\07_repository\apsimclassic\model\plant.lib
c:\users\uqbababa\uq\07_repository\apsimclassic\model\plant.exp
c:\users\uqbababa\uq\07_repository\apsimclassic\model\plant\..\plant.dll
c:\users\uqbababa\uq\07_repository\apsimclassic\model\plant\release\plant.tlog\cl.command.1.tlog
c:\users\uqbababa\uq\07_repository\apsimclassic\model\plant\release\plant.tlog\cl.read.1.tlog
c:\users\uqbababa\uq\07_repository\apsimclassic\model\plant\release\plant.tlog\cl.write.1.tlog
c:\users\uqbababa\uq\07_repository\apsimclassic\model\plant\release\plant.tlog\link.command.1.tlog
c:\users\uqbababa\uq\07_repository\apsimclassic\model\plant\release\plant.tlog\link.read.1.tlog
c:\users\uqbababa\uq\07_repository\apsimclassic\model\plant\release\plant.tlog\link.write.1.tlog
c:\users\uqbababa\uq\07_repository\apsimclassic\model\plant\release\plant.tlog\plant.write.1u.tlog
