ApsimVersion = 7.4
Title = Wheat Grazing
           Date    LeafGreenWt    StemGreenWt   paddockState            alw  stocking_rate      acc_eaten
   (dd/mm/yyyy)        (g/m^2)        (g/m^2)             ()           (kg)    (beasts/ha)        (kg/ha)
     14/06/1988           0.00           0.00          empty          0.000          0.000            0.0
     15/06/1988           0.00           0.00          empty          0.000          0.000            0.0
     16/06/1988           0.00           0.00          empty          0.000          0.000            0.0
     17/06/1988           0.00           0.00          empty          0.000          0.000            0.0
     18/06/1988           0.00           0.00          empty          0.000          0.000            0.0
     19/06/1988           0.00           0.00          empty          0.000          0.000            0.0
     20/06/1988           0.00           0.00          empty          0.000          0.000            0.0
     21/06/1988           0.00           0.00          empty          0.000          0.000            0.0
     22/06/1988           0.00           0.00          empty          0.000          0.000            0.0
     23/06/1988           0.00           0.00          empty          0.000          0.000            0.0
     24/06/1988           0.36           0.19          empty          0.000          0.000            0.0
     25/06/1988           0.47           0.26          empty          0.000          0.000            0.0
     26/06/1988           0.58           0.34          empty          0.000          0.000            0.0
     27/06/1988           0.74           0.44          empty          0.000          0.000            0.0
     28/06/1988           0.91           0.56          empty          0.000          0.000            0.0
     29/06/1988           1.10           0.69          empty          0.000          0.000            0.0
     30/06/1988           1.33           0.84          empty          0.000          0.000            0.0
     01/07/1988           1.57           1.00          empty          0.000          0.000            0.0
     02/07/1988           1.78           1.14          empty          0.000          0.000            0.0
     03/07/1988           1.91           1.22          empty          0.000          0.000            0.0
     04/07/1988           2.05           1.32          empty          0.000          0.000            0.0
     05/07/1988           2.24           1.44          empty          0.000          0.000            0.0
     06/07/1988           2.57           1.66          empty          0.000          0.000            0.0
     07/07/1988           2.92           1.90          empty          0.000          0.000            0.0
     08/07/1988           3.34           2.18          empty          0.000          0.000            0.0
     09/07/1988           3.84           2.51          empty          0.000          0.000            0.0
     10/07/1988           4.27           2.80          empty          0.000          0.000            0.0
     11/07/1988           4.57           3.00          empty          0.000          0.000            0.0
     12/07/1988           4.96           3.26          empty          0.000          0.000            0.0
     13/07/1988           5.56           3.66          empty          0.000          0.000            0.0
     14/07/1988           6.28           4.14          empty          0.000          0.000            0.0
     15/07/1988           7.11           4.69          empty          0.000          0.000            0.0
     16/07/1988           7.98           5.29          empty          0.000          0.000            0.0
     17/07/1988           9.01           5.99          empty          0.000          0.000            0.0
     18/07/1988          10.23           6.82          empty          0.000          0.000            0.0
     19/07/1988          11.70           7.81          empty          0.000          0.000            0.0
     20/07/1988          13.10           8.76          empty          0.000          0.000            0.0
     21/07/1988          14.13           9.47          empty          0.000          0.000            0.0
     22/07/1988          14.97          10.06          empty          0.000          0.000            0.0
     23/07/1988          16.36          11.01          empty          0.000          0.000            0.0
     24/07/1988          17.72          11.93          empty          0.000          0.000            0.0
     25/07/1988          19.07          12.85          empty          0.000          0.000            0.0
     26/07/1988          20.38          13.76          empty          0.000          0.000            0.0
     27/07/1988          21.57          14.58          empty          0.000          0.000            0.0
     28/07/1988          22.86          15.46          empty          0.000          0.000            0.0
     29/07/1988          23.91          16.19          empty          0.000          0.000            0.0
     30/07/1988          25.00          16.95          empty          0.000          0.000            0.0
     31/07/1988          26.24          17.81          empty          0.000          0.000            0.0
     01/08/1988          27.39          18.61          empty          0.000          0.000            0.0
     02/08/1988          28.40          19.33          empty          0.000          0.000            0.0
     03/08/1988          29.53          20.14          empty          0.000          0.000            0.0
     04/08/1988          30.60          20.90          empty          0.000          0.000            0.0
     05/08/1988          31.50          21.60          empty          0.000          0.000            0.0
     06/08/1988          32.16          22.23          empty          0.000          0.000            0.0
     07/08/1988          33.09          22.97          empty          0.000          0.000            0.0
     08/08/1988          34.03          23.71          empty          0.000          0.000            0.0
     09/08/1988          35.04          24.49          empty          0.000          0.000            0.0
     10/08/1988          36.02          25.27          empty          0.000          0.000            0.0
     11/08/1988          36.86          26.04          empty          0.000          0.000            0.0
     12/08/1988          37.56          26.82          empty          0.000          0.000            0.0
     13/08/1988          38.19          27.68          empty          0.000          0.000            0.0
     14/08/1988          38.73          28.59          empty          0.000          0.000            0.0
     15/08/1988          39.20          29.61          empty          0.000          0.000            0.0
     16/08/1988          39.67          30.82          empty          0.000          0.000            0.0
     17/08/1988          40.04          32.13          empty          0.000          0.000            0.0
     18/08/1988          39.81          33.45        stocked        400.110          0.800            5.2
     19/08/1988          39.57          34.98        stocked        400.217          0.800           10.3
     20/08/1988          39.40          36.99        stocked        400.322          0.800           15.5
     21/08/1988          39.01          38.98        stocked        400.425          0.800           20.6
     22/08/1988          38.33          40.30        stocked        400.526          0.800           25.8
     23/08/1988          37.74          42.07        stocked        400.626          0.800           30.9
     24/08/1988          37.34          44.14        stocked        400.724          0.800           36.0
     25/08/1988          36.97          46.90        stocked        400.820          0.800           41.1
     26/08/1988          36.42          49.60        stocked        400.915          0.800           46.2
     27/08/1988          35.67          51.53        stocked        401.009          0.800           51.3
     28/08/1988          34.91          53.91        stocked        401.102          0.800           56.4
     29/08/1988          34.23          57.54        stocked        401.194          0.800           61.5
     30/08/1988          33.46          61.28        stocked        401.285          0.800           66.6
     31/08/1988          32.64          63.37        stocked        401.375          0.800           71.7
     01/09/1988          31.78          65.37        stocked        401.734          0.800           78.0
     02/09/1988          30.89          68.80        stocked        402.091          0.800           84.3
     03/09/1988          29.96          73.26        stocked        402.447          0.800           90.6
     04/09/1988          29.04          77.11        stocked        402.803          0.800           96.9
     05/09/1988          28.17          79.53        stocked        403.158          0.800          103.2
     06/09/1988          27.32          82.63        stocked        403.512          0.800          109.4
     07/09/1988          26.48          85.25        stocked        403.865          0.800          115.7
     08/09/1988          25.67          89.62        stocked        404.217          0.800          122.0
     09/09/1988          24.89          93.44        stocked        404.569          0.800          128.3
     10/09/1988          24.07          97.05        stocked        404.921          0.800          134.6
     11/09/1988          23.20         100.50        stocked        405.272          0.800          140.9
     12/09/1988          22.37         102.87        stocked        405.622          0.800          147.2
     13/09/1988          21.60         106.58        stocked        405.972          0.800          153.5
     14/09/1988          20.99         107.75        stocked        406.321          0.800          159.8
     15/09/1988          20.25         110.80        stocked        406.670          0.800          166.1
     16/09/1988          19.52         113.90        stocked        407.017          0.800          172.4
     17/09/1988          18.74         117.83        stocked        407.365          0.800          178.7
     18/09/1988          18.00         121.65        stocked        407.712          0.800          185.0
     19/09/1988          17.36         124.67        stocked        408.059          0.800          191.3
     20/09/1988          16.84         127.56        stocked        408.406          0.800          197.6
     21/09/1988          16.30         130.44        stocked        408.752          0.800          203.9
     22/09/1988          15.74         132.89        stocked        409.098          0.800          210.2
     23/09/1988          15.16         134.58        stocked        409.444          0.800          216.5
     24/09/1988          14.56         135.75        stocked        409.789          0.800          222.9
     25/09/1988          13.96         137.28        stocked        410.134          0.800          229.2
     26/09/1988          13.36         136.35        stocked        410.479          0.800          235.5
     27/09/1988          12.75         134.07        stocked        410.823          0.800          241.8
     28/09/1988          12.12         132.09        stocked        411.167          0.800          248.2
     29/09/1988          11.53         131.08        stocked        411.510          0.800          254.5
     30/09/1988          10.86         128.64        stocked        411.853          0.800          260.8
     01/10/1988          10.24         126.01        stocked        412.195          0.800          267.2
     02/10/1988           9.69         124.70        stocked        412.537          0.800          273.5
     03/10/1988           9.14         123.13        stocked        412.878          0.800          279.8
     04/10/1988           8.51         120.15        stocked        413.219          0.800          286.2
     05/10/1988           7.98         115.69        stocked        413.560          0.800          292.5
     06/10/1988           7.41         111.43        stocked        413.900          0.800          298.9
     07/10/1988           6.81         108.14        stocked        414.239          0.800          305.2
     08/10/1988           6.24         104.73        stocked        414.578          0.800          311.6
     09/10/1988           5.65         100.70        stocked        414.916          0.800          317.9
     10/10/1988           5.11          97.09        stocked        415.254          0.800          324.3
     11/10/1988           4.63          93.75        stocked        415.591          0.800          330.6
     12/10/1988           4.08          89.29        stocked        415.927          0.800          337.0
     13/10/1988           3.49          83.92        stocked        416.262          0.800          343.3
     14/10/1988           2.92          82.54        stocked        416.597          0.800          349.7
     15/10/1988           2.63          82.02        stocked        416.931          0.800          356.0
     16/10/1988           2.53          81.49        stocked        417.265          0.800          362.4
     17/10/1988           2.44          80.96        stocked        417.597          0.800          368.7
     18/10/1988           2.35          80.43        stocked        417.929          0.800          375.1
     19/10/1988           2.26          79.89        stocked        418.261          0.800          381.4
     20/10/1988           2.18          80.31        stocked        418.591          0.800          387.8
     21/10/1988           2.09          79.77        stocked        418.921          0.800          394.1
     22/10/1988           2.01          79.22        stocked        419.250          0.800          400.5
     23/10/1988           0.00           0.00        stocked        418.192          0.800          400.5
     24/10/1988           0.00           0.00        stocked        417.134          0.800          400.5
     25/10/1988           0.00           0.00        stocked        416.076          0.800          400.5
     26/10/1988           0.00           0.00        stocked        415.018          0.800          400.5
     27/10/1988           0.00           0.00        stocked        413.960          0.800          400.5
     28/10/1988           0.00           0.00        stocked        412.902          0.800          400.5
     29/10/1988           0.00           0.00        stocked        411.844          0.800          400.5
     30/10/1988           0.00           0.00        stocked        410.785          0.800          400.5
     31/10/1988           0.00           0.00        stocked        409.727          0.800          400.5
     01/11/1988           0.00           0.00        stocked        408.669          0.800          400.5
     02/11/1988           0.00           0.00        stocked        407.611          0.800          400.5
     03/11/1988           0.00           0.00        stocked        406.553          0.800          400.5
     04/11/1988           0.00           0.00        stocked        405.495          0.800          400.5
     05/11/1988           0.00           0.00        stocked        404.437          0.800          400.5
     06/11/1988           0.00           0.00        stocked        403.379          0.800          400.5
     07/11/1988           0.00           0.00        stocked        402.321          0.800          400.5
     08/11/1988           0.00           0.00        stocked        401.263          0.800          400.5
     09/11/1988           0.00           0.00        stocked        400.205          0.800          400.5
     10/11/1988           0.00           0.00        stocked        399.147          0.800          400.5
     11/11/1988           0.00           0.00        stocked        398.089          0.800          400.5
     12/11/1988           0.00           0.00        stocked        397.031          0.800          400.5
     13/11/1988           0.00           0.00        stocked        395.973          0.800          400.5
     14/11/1988           0.00           0.00        stocked        394.915          0.800          400.5
     15/11/1988           0.00           0.00        stocked        393.857          0.800          400.5
     16/11/1988           0.00           0.00        stocked        392.799          0.800          400.5
     17/11/1988           0.00           0.00        stocked        391.741          0.800          400.5
