ApsimVersion = 7.5
Title = Direct_seeded_rice
           Date           year            day            esw        no3_Tot     crop_stage            dae  total_biomass storage_organs     rice_yield           rain         dul(1)          sw(1)
   (dd/mm/yyyy)         (year)          (day)           (mm)        (kg/ha)             ()            (d)        (kg/ha)        (kg/ha)        (kg/ha)           (mm)        (mm/mm)        (mm/mm)
     01/01/2001           2001              1        204.692            9.8              0              0            0.0            0.0            0.0          0.000          0.386          0.360
     02/01/2001           2001              2        202.608           10.7              0              0            0.0            0.0            0.0          0.000          0.386          0.347
     03/01/2001           2001              3        201.585           11.4              0              0            0.0            0.0            0.0          0.000          0.386          0.340
     04/01/2001           2001              4        200.796           12.1              0              0            0.0            0.0            0.0          0.000          0.386          0.336
     05/01/2001           2001              5        200.129           12.6              0              0            0.0            0.0            0.0          0.000          0.386          0.332
     06/01/2001           2001              6        199.541           13.0              0              0            0.0            0.0            0.0          0.000          0.386          0.329
     07/01/2001           2001              7        199.009           13.4              0              0            0.0            0.0            0.0          0.000          0.386          0.326
     08/01/2001           2001              8        198.520           13.7              0              0            0.0            0.0            0.0          0.000          0.386          0.323
     09/01/2001           2001              9        198.064           14.0              0              0            0.0            0.0            0.0          0.000          0.386          0.321
     10/01/2001           2001             10        197.636           14.2              0              0            0.0            0.0            0.0          0.000          0.386          0.318
     11/01/2001           2001             11        197.231           14.5              0              0            0.0            0.0            0.0          0.000          0.386          0.316
     12/01/2001           2001             12        196.846           14.8              0              0            0.0            0.0            0.0          0.000          0.386          0.315
     13/01/2001           2001             13        196.478           15.1              0              0            0.0            0.0            0.0          0.000          0.386          0.313
     14/01/2001           2001             14        196.125           15.5              0              0            0.0            0.0            0.0          0.000          0.386          0.311
     15/01/2001           2001             15        195.785           15.8              0              0            0.0            0.0            0.0          0.000          0.386          0.309
     16/01/2001           2001             16        195.457           16.1              0              0            0.0            0.0            0.0          0.000          0.386          0.308
     17/01/2001           2001             17        195.140           16.5              0              0            0.0            0.0            0.0          0.000          0.386          0.307
     18/01/2001           2001             18        194.832           16.9              0              0            0.0            0.0            0.0          0.000          0.386          0.305
     19/01/2001           2001             19        194.534           17.4              0              0            0.0            0.0            0.0          0.000          0.386          0.304
     20/01/2001           2001             20        194.243           17.8              0              0            0.0            0.0            0.0          0.000          0.386          0.303
     21/01/2001           2001             21        193.960           18.3              0              0            0.0            0.0            0.0          0.000          0.386          0.301
     22/01/2001           2001             22        193.684           18.7              0              0            0.0            0.0            0.0          0.000          0.386          0.300
     23/01/2001           2001             23        193.415           19.2              0              0            0.0            0.0            0.0          0.000          0.386          0.299
     24/01/2001           2001             24        193.152           19.7              0              0            0.0            0.0            0.0          0.000          0.386          0.298
     25/01/2001           2001             25        192.894           20.2              0              0            0.0            0.0            0.0          0.000          0.386          0.297
     26/01/2001           2001             26        192.642           20.7              0              0            0.0            0.0            0.0          0.000          0.386          0.296
     27/01/2001           2001             27        192.394           21.1              0              0            0.0            0.0            0.0          0.000          0.386          0.295
     28/01/2001           2001             28        192.152           21.5              0              0            0.0            0.0            0.0          0.000          0.386          0.294
     29/01/2001           2001             29        191.913           21.9              0              0            0.0            0.0            0.0          0.000          0.386          0.293
     30/01/2001           2001             30        191.679           22.3              0              0            0.0            0.0            0.0          0.000          0.386          0.292
     31/01/2001           2001             31        191.449           22.7              0              0            0.0            0.0            0.0          0.000          0.386          0.291
     01/02/2001           2001             32        191.223           23.2              0              0            0.0            0.0            0.0          0.000          0.386          0.290
     02/02/2001           2001             33        191.000           23.7              0              0            0.0            0.0            0.0          0.000          0.386          0.289
     03/02/2001           2001             34        190.781           24.2              0              0            0.0            0.0            0.0          0.000          0.386          0.289
     04/02/2001           2001             35        190.565           24.8              0              0            0.0            0.0            0.0          0.000          0.386          0.288
     05/02/2001           2001             36        190.353           25.3              0              0            0.0            0.0            0.0          0.000          0.386          0.287
     06/02/2001           2001             37        190.143           25.9              0              0            0.0            0.0            0.0          0.000          0.386          0.286
     07/02/2001           2001             38        189.936           26.4              0              0            0.0            0.0            0.0          0.000          0.386          0.286
     08/02/2001           2001             39        189.732           26.9              0              0            0.0            0.0            0.0          0.000          0.386          0.285
     09/02/2001           2001             40        189.531           27.4              0              0            0.0            0.0            0.0          0.000          0.386          0.284
     10/02/2001           2001             41        189.332           27.9              0              0            0.0            0.0            0.0          0.000          0.386          0.283
     11/02/2001           2001             42        189.136           28.4              0              0            0.0            0.0            0.0          0.000          0.386          0.283
     12/02/2001           2001             43        188.942           28.9              0              0            0.0            0.0            0.0          0.000          0.386          0.282
     13/02/2001           2001             44        188.750           29.4              0              0            0.0            0.0            0.0          0.000          0.386          0.281
     14/02/2001           2001             45        188.561           29.9              0              0            0.0            0.0            0.0          0.000          0.386          0.281
     15/02/2001           2001             46        188.373           30.5              0              0            0.0            0.0            0.0          0.000          0.386          0.280
     16/02/2001           2001             47        188.188           31.1              0              0            0.0            0.0            0.0          0.000          0.386          0.279
     17/02/2001           2001             48        188.005           31.7              0              0            0.0            0.0            0.0          0.000          0.386          0.279
     18/02/2001           2001             49        187.823           32.3              0              0            0.0            0.0            0.0          0.000          0.386          0.278
     19/02/2001           2001             50        187.644           32.9              0              0            0.0            0.0            0.0          0.000          0.386          0.278
     20/02/2001           2001             51        187.466           33.5              0              0            0.0            0.0            0.0          0.000          0.386          0.277
     21/02/2001           2001             52        187.291           34.1              0              0            0.0            0.0            0.0          0.000          0.386          0.276
     22/02/2001           2001             53        189.529           34.7              0              0            0.0            0.0            0.0          6.000          0.386          0.292
     23/02/2001           2001             54        189.330           35.3              0              0            0.0            0.0            0.0          0.000          0.386          0.291
     24/02/2001           2001             55        189.134           35.9              0              0            0.0            0.0            0.0          0.000          0.386          0.290
     25/02/2001           2001             56        188.940           36.6              0              0            0.0            0.0            0.0          0.000          0.386          0.290
     26/02/2001           2001             57        188.749           37.2              0              0            0.0            0.0            0.0          0.000          0.386          0.289
     27/02/2001           2001             58        189.053           37.8              0              0            0.0            0.0            0.0          4.000          0.386          0.291
     28/02/2001           2001             59        188.860           38.5              0              0            0.0            0.0            0.0          0.000          0.386          0.291
     01/03/2001           2001             60        188.669           39.2              0              0            0.0            0.0            0.0          0.000          0.386          0.290
     02/03/2001           2001             61        188.481           39.8              0              0            0.0            0.0            0.0          0.000          0.386          0.289
     03/03/2001           2001             62        188.295           40.5              0              0            0.0            0.0            0.0          0.000          0.386          0.288
     04/03/2001           2001             63        188.110           41.2              0              0            0.0            0.0            0.0          0.000          0.386          0.288
     05/03/2001           2001             64        187.928           41.9              0              0            0.0            0.0            0.0          0.000          0.386          0.287
     06/03/2001           2001             65        187.747           42.6              0              0            0.0            0.0            0.0          0.000          0.386          0.286
     07/03/2001           2001             66        187.569           43.2              0              0            0.0            0.0            0.0          0.000          0.386          0.286
     08/03/2001           2001             67        187.392           43.9              0              0            0.0            0.0            0.0          0.000          0.386          0.285
     09/03/2001           2001             68        187.217           44.5              0              0            0.0            0.0            0.0          0.000          0.386          0.284
     10/03/2001           2001             69        187.043           45.2              0              0            0.0            0.0            0.0          0.000          0.386          0.284
     11/03/2001           2001             70        186.871           45.9              0              0            0.0            0.0            0.0          0.000          0.386          0.283
     12/03/2001           2001             71        186.701           46.6              0              0            0.0            0.0            0.0          0.000          0.386          0.283
     13/03/2001           2001             72        186.533           47.3              0              0            0.0            0.0            0.0          0.000          0.386          0.282
     14/03/2001           2001             73        186.366           48.0              0              0            0.0            0.0            0.0          0.000          0.386          0.281
     15/03/2001           2001             74        186.200           48.8              0              0            0.0            0.0            0.0          0.000          0.386          0.281
     16/03/2001           2001             75        186.036           49.5              0              0            0.0            0.0            0.0          0.000          0.386          0.280
     17/03/2001           2001             76        185.873           50.3              0              0            0.0            0.0            0.0          0.000          0.386          0.280
     18/03/2001           2001             77        185.711           51.1              0              0            0.0            0.0            0.0          0.000          0.386          0.279
     19/03/2001           2001             78        185.551           51.8              0              0            0.0            0.0            0.0          0.000          0.386          0.279
     20/03/2001           2001             79        185.393           52.6              0              0            0.0            0.0            0.0          0.000          0.386          0.278
     21/03/2001           2001             80        185.235           53.4              0              0            0.0            0.0            0.0          0.000          0.386          0.278
     22/03/2001           2001             81        185.079           54.1              0              0            0.0            0.0            0.0          0.000          0.386          0.277
     23/03/2001           2001             82        184.924           54.9              0              0            0.0            0.0            0.0          0.000          0.386          0.276
     24/03/2001           2001             83        184.770           55.6              0              0            0.0            0.0            0.0          1.000          0.386          0.276
     25/03/2001           2001             84        184.617           56.3              0              0            0.0            0.0            0.0          0.000          0.386          0.275
     26/03/2001           2001             85        184.465           57.0              0              0            0.0            0.0            0.0          0.000          0.386          0.275
     27/03/2001           2001             86        184.315           57.7              0              0            0.0            0.0            0.0          0.000          0.386          0.274
     28/03/2001           2001             87        184.165           58.4              0              0            0.0            0.0            0.0          0.000          0.386          0.274
     29/03/2001           2001             88        184.017           59.1              0              0            0.0            0.0            0.0          0.000          0.386          0.273
     30/03/2001           2001             89        183.870           59.8              0              0            0.0            0.0            0.0          0.000          0.386          0.273
     31/03/2001           2001             90        183.723           60.5              0              0            0.0            0.0            0.0          3.000          0.386          0.273
     01/04/2001           2001             91        183.578           61.2              0              0            0.0            0.0            0.0          0.000          0.386          0.272
     02/04/2001           2001             92        179.539           61.7              0              0            0.0            0.0            0.0          0.000          0.386          0.246
     03/04/2001           2001             93        182.294           62.2              0              0            0.0            0.0            0.0          7.000          0.386          0.265
     04/04/2001           2001             94        182.094           62.8              0              0            0.0            0.0            0.0          0.000          0.386          0.264
     05/04/2001           2001             95        181.895           63.4              0              0            0.0            0.0            0.0          0.000          0.386          0.263
     06/04/2001           2001             96        181.699           64.0              0              0            0.0            0.0            0.0          0.000          0.386          0.262
     07/04/2001           2001             97        181.503           64.6              0              0            0.0            0.0            0.0          0.000          0.386          0.261
     08/04/2001           2001             98        181.310           65.2              0              0            0.0            0.0            0.0          0.000          0.386          0.261
     09/04/2001           2001             99        181.118           65.8              0              0            0.0            0.0            0.0          0.000          0.386          0.260
     10/04/2001           2001            100        180.927           66.4              0              0            0.0            0.0            0.0          0.000          0.386          0.259
     11/04/2001           2001            101        180.738           67.0              0              0            0.0            0.0            0.0          0.000          0.386          0.258
     12/04/2001           2001            102        180.551           67.5              0              0            0.0            0.0            0.0          0.000          0.386          0.257
     13/04/2001           2001            103        180.365           68.0              0              0            0.0            0.0            0.0          0.000          0.386          0.257
     14/04/2001           2001            104        180.180           68.6              0              0            0.0            0.0            0.0          0.000          0.386          0.256
     15/04/2001           2001            105        179.997           69.1              0              0            0.0            0.0            0.0          0.000          0.386          0.255
     16/04/2001           2001            106        179.815           69.6              0              0            0.0            0.0            0.0          0.000          0.386          0.255
     17/04/2001           2001            107        179.635           70.1              0              0            0.0            0.0            0.0          0.000          0.386          0.254
     18/04/2001           2001            108        179.455           70.5              0              0            0.0            0.0            0.0          0.000          0.386          0.253
     19/04/2001           2001            109        179.277           71.0              0              0            0.0            0.0            0.0          2.000          0.386          0.252
     20/04/2001           2001            110        179.101           71.5              0              0            0.0            0.0            0.0          0.000          0.386          0.252
     21/04/2001           2001            111        178.925           72.0              0              0            0.0            0.0            0.0          0.000          0.386          0.251
     22/04/2001           2001            112        178.751           72.5              0              0            0.0            0.0            0.0          0.000          0.386          0.250
     23/04/2001           2001            113        178.578           73.0              0              0            0.0            0.0            0.0          1.000          0.386          0.250
     24/04/2001           2001            114        178.406           73.5              0              0            0.0            0.0            0.0          0.000          0.386          0.249
     25/04/2001           2001            115        178.235           74.0              0              0            0.0            0.0            0.0          0.000          0.386          0.248
     26/04/2001           2001            116        178.065           74.5              0              0            0.0            0.0            0.0          0.000          0.386          0.248
     27/04/2001           2001            117        177.896           75.0              0              0            0.0            0.0            0.0          0.000          0.386          0.247
     28/04/2001           2001            118        177.728           75.4              0              0            0.0            0.0            0.0          0.000          0.386          0.247
     29/04/2001           2001            119        177.562           75.9              0              0            0.0            0.0            0.0          0.000          0.386          0.246
     30/04/2001           2001            120        177.396           76.3              0              0            0.0            0.0            0.0          0.000          0.386          0.245
     01/05/2001           2001            121        181.070           77.0              0              0            0.0            0.0            0.0          8.000          0.386          0.270
     02/05/2001           2001            122        180.880           77.7              0              0            0.0            0.0            0.0          0.000          0.386          0.269
     03/05/2001           2001            123        182.647           78.4              0              0            0.0            0.0            0.0          6.000          0.386          0.282
     04/05/2001           2001            124        201.345           79.0              0              0            0.0            0.0            0.0         83.000          0.386          0.391
     05/05/2001           2001            125        200.187           79.8              0              0            0.0            0.0            0.0          0.000          0.386          0.382
     06/05/2001           2001            126        199.272           80.6              0              0            0.0            0.0            0.0          1.000          0.386          0.375
     07/05/2001           2001            127        198.492           81.4              0              0            0.0            0.0            0.0          0.000          0.386          0.370
     08/05/2001           2001            128        204.852           82.0              0              0            0.0            0.0            0.0         69.000          0.386          0.394
     09/05/2001           2001            129        207.804           82.5              0              0            0.0            0.0            0.0         54.000          0.386          0.393
     10/05/2001           2001            130        204.976           83.1              0              0            0.0            0.0            0.0          0.000          0.386          0.373
     11/05/2001           2001            131        209.206           83.6              0              0            0.0            0.0            0.0         43.000          0.386          0.388
     12/05/2001           2001            132        212.276           84.0              0              0            0.0            0.0            0.0         64.000          0.386          0.393
     13/05/2001           2001            133        209.436           84.6              0              0            0.0            0.0            0.0          0.000          0.386          0.373
     14/05/2001           2001            134        208.194           85.3              0              0            0.0            0.0            0.0          0.000          0.386          0.365
     15/05/2001           2001            135        207.234           86.1              0              0            0.0            0.0            0.0          0.000          0.386          0.359
     16/05/2001           2001            136        206.402           87.0              0              0            0.0            0.0            0.0          0.000          0.386          0.354
     17/05/2001           2001            137        205.634           87.9              0              0            0.0            0.0            0.0          0.000          0.386          0.350
     18/05/2001           2001            138        204.900           88.9              0              0            0.0            0.0            0.0          0.000          0.386          0.346
     19/05/2001           2001            139        204.185           89.8              0              0            0.0            0.0            0.0          0.000          0.386          0.343
     20/05/2001           2001            140        209.754           90.7              0              0            0.0            0.0            0.0         34.000          0.386          0.371
     21/05/2001           2001            141        208.058           91.6              0              0            0.0            0.0            0.0          0.000          0.386          0.362
     22/05/2001           2001            142        206.798           92.5              0              0            0.0            0.0            0.0          0.000          0.386          0.355
     23/05/2001           2001            143        212.402           93.3              0              0            0.0            0.0            0.0         33.000          0.386          0.383
     24/05/2001           2001            144        214.207           93.9              0              0            0.0            0.0            0.0         21.000          0.386          0.385
     25/05/2001           2001            145        212.074           94.6              0              0            0.0            0.0            0.0          3.000          0.386          0.368
     26/05/2001           2001            146        210.173           95.2              0              0            0.0            0.0            0.0          0.000          0.386          0.358
     27/05/2001           2001            147        214.714           95.8              0              0            0.0            0.0            0.0         30.000          0.386          0.381
     28/05/2001           2001            148        211.809           96.5              0              0            0.0            0.0            0.0          0.000          0.386          0.365
     29/05/2001           2001            149        210.143           97.3              0              0            0.0            0.0            0.0          0.000          0.386          0.357
     30/05/2001           2001            150        208.728           98.1              0              0            0.0            0.0            0.0          1.000          0.386          0.351
     31/05/2001           2001            151        207.442           99.0              0              0            0.0            0.0            0.0          0.000          0.386          0.346
     01/06/2001           2001            152        208.166           99.9              0              0            0.0            0.0            0.0          7.000          0.386          0.355
     02/06/2001           2001            153        210.969          100.7              0              0            0.0            0.0            0.0         14.000          0.386          0.371
     03/06/2001           2001            154        211.431          101.4              0              0            0.0            0.0            0.0          8.000          0.386          0.371
     04/06/2001           2001            155        208.497          102.2              0              0            0.0            0.0            0.0          0.000          0.386          0.355
     05/06/2001           2001            156        206.827          102.9              0              0            0.0            0.0            0.0          1.000          0.386          0.348
     06/06/2001           2001            157        214.776          103.4              0              0            0.0            0.0            0.0         77.000          0.386          0.390
     07/06/2001           2001            158        217.317          103.7              0              0            0.0            0.0            0.0         63.000          0.386          0.393
     08/06/2001           2001            159        219.181          103.9              0              0            0.0            0.0            0.0         27.000          0.386          0.393
     09/06/2001           2001            160        220.608          104.1              0              0            0.0            0.0            0.0         20.000          0.386          0.391
     10/06/2001           2001            161        222.984          104.3              0              0            0.0            0.0            0.0         66.000          0.386          0.392
     11/06/2001           2001            162        219.664          104.6              0              0            0.0            0.0            0.0          0.000          0.386          0.373
     12/06/2001           2001            163        217.703          105.1              0              0            0.0            0.0            0.0          0.000          0.386          0.365
     13/06/2001           2001            164        215.942          105.7              0              0            0.0            0.0            0.0          0.000          0.386          0.360
     14/06/2001           2001            165        221.531          106.2              0              0            0.0            0.0            0.0         76.000          0.386          0.390
     15/06/2001           2001            166        223.971          106.3              0              0            0.0            0.0            0.0        153.000          0.386          0.393
     16/06/2001           2001            167        225.516          106.4              0              0            0.0            0.0            0.0         35.000          0.386          0.393
     17/06/2001           2001            168        227.525          106.4              0              0            0.0            0.0            0.0         76.000          0.386          0.393
     18/06/2001           2001            169        228.024          106.5              0              0            0.0            0.0            0.0         16.000          0.386          0.390
     19/06/2001           2001            170        228.981          106.5              0              0            0.0            0.0            0.0         25.000          0.386          0.391
     20/06/2001           2001            171        230.714          106.5              0              0            0.0            0.0            0.0         69.000          0.386          0.393
     21/06/2001           2001            172        231.599          106.5              0              0            0.0            0.0            0.0         29.000          0.386          0.392
     22/06/2001           2001            173        232.252          106.5              0              0            0.0            0.0            0.0         26.000          0.386          0.392
     23/06/2001           2001            174        227.931          106.7              0              0            0.0            0.0            0.0          0.000          0.386          0.373
     24/06/2001           2001            175        225.003          107.2              0              0            0.0            0.0            0.0          3.000          0.386          0.364
     25/06/2001           2001            176        222.314          107.7              0              0            0.0            0.0            0.0          0.000          0.386          0.358
     26/06/2001           2001            177        219.760          108.3              0              0            0.0            0.0            0.0          3.000          0.386          0.353
     27/06/2001           2001            178        225.448          108.8              0              0            0.0            0.0            0.0         83.000          0.386          0.389
     28/06/2001           2001            179        221.039          109.4              0              0            0.0            0.0            0.0          0.000          0.386          0.371
     29/06/2001           2001            180        220.137          109.9              0              0            0.0            0.0            0.0          8.000          0.386          0.370
     30/06/2001           2001            181        219.093          110.4              0              0            0.0            0.0            0.0          7.000          0.386          0.369
     01/07/2001           2001            182        221.787          110.9              4              1            0.2            0.0            0.0         32.000          0.386          0.385
     02/07/2001           2001            183        223.021          111.1              4              2            1.2            0.0            0.0         29.000          0.386          0.389
     03/07/2001           2001            184        219.948          111.4              4              3            2.3            0.0            0.0          3.000          0.386          0.372
     04/07/2001           2001            185        216.927          111.8              4              4            3.4            0.0            0.0          0.000          0.386          0.361
     05/07/2001           2001            186        214.518          112.3              4              5            4.6            0.0            0.0          0.000          0.386          0.353
     06/07/2001           2001            187        212.787          112.9              4              6            5.8            0.0            0.0          5.000          0.386          0.350
     07/07/2001           2001            188        212.419          113.5              4              7            7.1            0.0            0.0          6.000          0.386          0.355
     08/07/2001           2001            189        210.337          114.2              4              8            8.5            0.0            0.0          0.000          0.386          0.349
     09/07/2001           2001            190        208.476          114.8              4              9            9.9            0.0            0.0          0.000          0.386          0.343
     10/07/2001           2001            191        216.377          115.3              4             10           12.0            0.0            0.0         43.000          0.386          0.389
     11/07/2001           2001            192        218.749          115.5              4             11           14.4            0.0            0.0         37.000          0.386          0.393
     12/07/2001           2001            193        218.547          115.7              4             12           17.0            0.0            0.0          8.000          0.386          0.385
     13/07/2001           2001            194        217.764          115.9              4             13           20.0            0.0            0.0          6.000          0.386          0.377
     14/07/2001           2001            195        220.432          116.0              4             14           23.7            0.0            0.0         28.000          0.386          0.387
     15/07/2001           2001            196        220.846          116.1              4             15           27.9            0.0            0.0         10.000          0.386          0.384
     16/07/2001           2001            197        219.550          116.3              4             16           32.8            0.0            0.0          5.000          0.386          0.374
     17/07/2001           2001            198        217.095          116.5              4             17           38.2            0.0            0.0          3.000          0.386          0.362
     18/07/2001           2001            199        214.175          116.7              4             18           44.3            0.0            0.0          1.000          0.386          0.350
     19/07/2001           2001            200        211.791          117.0              4             19           51.2            0.0            0.0          1.000          0.386          0.341
     20/07/2001           2001            201        211.242          117.3              4             20           58.9            0.0            0.0          5.000          0.386          0.345
     21/07/2001           2001            202        208.877          117.6              4             21           67.3            0.0            0.0          2.000          0.386          0.337
     22/07/2001           2001            203        206.691          117.9              4             22           76.7            0.0            0.0          1.000          0.386          0.330
     23/07/2001           2001            204        217.027          117.6              4             23           90.8            0.0            0.0         36.000          0.386          0.389
     24/07/2001           2001            205        220.633          117.0              4             24          107.0            0.0            0.0         39.000          0.386          0.391
     25/07/2001           2001            206        219.156          116.5              4             25          123.9            0.0            0.0          4.000          0.386          0.380
     26/07/2001           2001            207        217.786          116.0              4             26          143.3            0.0            0.0          4.000          0.386          0.373
     27/07/2001           2001            208        222.359          115.1              4             27          165.6            0.0            0.0         21.000          0.386          0.394
     28/07/2001           2001            209        218.427          114.4              4             28          190.7            0.0            0.0          0.000          0.386          0.374
     29/07/2001           2001            210        226.559          113.0              4             29          220.7            0.0            0.0         57.000          0.386          0.395
     30/07/2001           2001            211        229.191          111.3              4             30          255.9            0.0            0.0         12.000          0.386          0.396
     31/07/2001           2001            212        230.272          109.4              4             31          296.4            0.0            0.0          8.000          0.386          0.397
     01/08/2001           2001            213        238.047          107.0              4             32          343.6            0.0            0.0         43.000          0.386          0.398
     02/08/2001           2001            214        239.573          104.4              4             33          398.5            0.0            0.0          9.000          0.386          0.398
     03/08/2001           2001            215        237.337          102.0              4             34          459.8            0.0            0.0          4.000          0.386          0.390
     04/08/2001           2001            216        231.160           99.8              4             35          527.4            0.0            0.0          0.000          0.386          0.370
     05/08/2001           2001            217        234.183           96.5              4             36          610.4            0.0            0.0         11.000          0.386          0.399
     06/08/2001           2001            218        238.364           93.3              4             37          697.8            0.0            0.0         15.000          0.386          0.400
     07/08/2001           2001            219        230.369           90.0              4             38          799.1            0.0            0.0          0.000          0.386          0.372
     08/08/2001           2001            220        227.070           87.6              4             39          897.6            0.0            0.0          4.000          0.386          0.375
     09/08/2001           2001            221        225.665           83.7              4             40         1019.0            0.0            0.0          7.000          0.386          0.386
     10/08/2001           2001            222        217.893           79.9              4             41         1157.6            0.0            0.0          2.000          0.386          0.367
     11/08/2001           2001            223        212.091           76.7              4             42         1297.8            0.0            0.0          3.000          0.386          0.362
     12/08/2001           2001            224        204.271           74.5              4             43         1425.7            0.0            0.0          0.000          0.386          0.340
     13/08/2001           2001            225        196.786           71.7              4             44         1559.7            0.0            0.0          0.000          0.386          0.321
     14/08/2001           2001            226        191.823           69.3              4             45         1694.7            0.0            0.0          2.000          0.386          0.315
     15/08/2001           2001            227        213.852           64.8              4             46         1859.8            0.0            0.0         31.000          0.386          0.402
     16/08/2001           2001            228        211.347           61.4              4             47         2028.4            0.0            0.0          4.000          0.386          0.397
     17/08/2001           2001            229        211.053           57.8              4             48         2206.8            0.0            0.0          6.000          0.386          0.402
     18/08/2001           2001            230        206.482           53.4              4             49         2414.6            0.0            0.0          3.000          0.386          0.388
     19/08/2001           2001            231        200.394           51.8              4             50         2594.6            0.0            0.0          0.000          0.386          0.369
     20/08/2001           2001            232        194.008           49.3              4             51         2788.1            3.9            0.0          0.000          0.386          0.349
     21/08/2001           2001            233        187.600           46.9              4             52         2994.7           15.8            0.0          0.000          0.386          0.331
     22/08/2001           2001            234        181.562           44.6              4             53         3209.9           36.4            0.0          1.000          0.386          0.315
     23/08/2001           2001            235        178.542           42.9              4             54         3423.5           64.8            0.0          4.000          0.386          0.320
     24/08/2001           2001            236        177.830           42.1              4             55         3609.1           96.2            0.0          5.000          0.386          0.334
     25/08/2001           2001            237        190.200           40.5              4             56         3810.2          137.7            0.0         18.000          0.386          0.402
     26/08/2001           2001            238        187.572           39.2              4             57         4009.4          186.3            0.0          3.000          0.386          0.392
     27/08/2001           2001            239        188.061           37.6              4             58         4218.5          245.2            0.0          6.000          0.386          0.400
     28/08/2001           2001            240        184.495           36.5              4             59         4418.4          309.0            0.0          2.000          0.386          0.386
     29/08/2001           2001            241        179.973           35.4              4             60         4619.6          380.5            0.0          1.000          0.386          0.372
     30/08/2001           2001            242        188.327           33.9              4             61         4825.4          461.5            0.0         14.000          0.386          0.402
     31/08/2001           2001            243        181.400           32.0              4             62         5069.5          566.5            0.0          0.000          0.386          0.373
     01/09/2001           2001            244        186.967           30.9              4             63         5277.6          663.9            0.0         11.000          0.386          0.401
     02/09/2001           2001            245        181.173           29.8              4             64         5493.4          772.9          109.0          0.000          0.386          0.376
     03/09/2001           2001            246        177.283           29.1              4             65         5712.3          891.5          227.6          2.000          0.386          0.367
     04/09/2001           2001            247        171.312           29.1              4             66         5939.3         1022.5          358.6          0.000          0.386          0.345
     05/09/2001           2001            248        169.075           29.1              4             67         6135.3         1182.2          518.3          3.000          0.386          0.345
     06/09/2001           2001            249        191.993           29.1              4             68         6326.9         1357.0          693.1         31.000          0.386          0.402
     07/09/2001           2001            250        195.780           29.2              4             69         6522.5         1551.4          887.5          9.000          0.386          0.404
     08/09/2001           2001            251        194.561           29.2              4             70         6706.4         1751.9         1088.0          4.000          0.386          0.400
     09/09/2001           2001            252        189.397           29.2              4             71         6886.3         1963.0         1299.1          0.000          0.386          0.378
     10/09/2001           2001            253        206.280           29.2              4             72         7079.1         2198.4         1534.5         28.000          0.386          0.405
     11/09/2001           2001            254        215.764           29.3              4             73         7261.9         2419.6         1755.7         17.000          0.386          0.403
     12/09/2001           2001            255        212.689           29.3              4             74         7438.0         2630.3         1966.4          2.000          0.386          0.391
     13/09/2001           2001            256        207.671           29.3              4             75         7614.4         2837.7         2173.8          0.000          0.386          0.374
     14/09/2001           2001            257        217.784           29.3              4             76         7807.7         3059.0         2395.1         18.000          0.386          0.401
     15/09/2001           2001            258        211.607           29.3              4             77         7994.6         3271.1         2607.2          0.000          0.386          0.377
     16/09/2001           2001            259        206.566           29.3              4             78         8168.9         3468.1         2804.2          0.000          0.386          0.362
     17/09/2001           2001            260        208.664           29.3              4             79         8347.8         3667.3         3003.4          7.000          0.386          0.387
     18/09/2001           2001            261        233.711           29.3              4             80         8523.0         3860.9         3197.0         66.000          0.386          0.406
     19/09/2001           2001            262        234.332           29.2              4             81         8691.4         4045.7         3381.8          6.000          0.386          0.406
     20/09/2001           2001            263        233.474           29.1              4             82         8845.2         4214.5         3550.6          5.000          0.386          0.405
     21/09/2001           2001            264        227.363           29.0              4             83         8993.8         4376.4         3712.5          0.000          0.386          0.384
     22/09/2001           2001            265        220.718           28.9              4             84         9141.7         4536.4         3872.5          0.000          0.386          0.368
     23/09/2001           2001            266        214.356           28.8              4             85         9282.1         4687.7         4023.8          0.000          0.386          0.352
     24/09/2001           2001            267        213.109           28.8              4             86         9425.0         4840.2         4176.3          5.000          0.386          0.371
     25/09/2001           2001            268        209.595           28.7              4             87         9569.2         4993.3         4329.4          3.000          0.386          0.373
     26/09/2001           2001            269        201.953           28.7              4             88         9710.2         5142.2         4478.2          0.000          0.386          0.352
     27/09/2001           2001            270        197.118           28.6              4             89         9834.9         5274.0         4610.1          1.000          0.386          0.344
     28/09/2001           2001            271        190.513           28.6              4             90         9965.4         5410.8         4746.9          0.000          0.386          0.326
     29/09/2001           2001            272        183.401           28.6              4             91        10096.7         5547.9         4884.0          0.000          0.386          0.307
     30/09/2001           2001            273        178.627           28.6              4             92        10206.6         5663.0         4999.1          0.000          0.386          0.296
     01/10/2001           2001            274        210.277           28.6              4             93        10321.8         5782.8         5118.9         38.000          0.386          0.408
     02/10/2001           2001            275        215.339           28.7              0              0            0.0            0.0            0.0          7.000          0.386          0.412
     03/10/2001           2001            276        219.509           28.8              0              0            0.0            0.0            0.0          6.000          0.386          0.412
     04/10/2001           2001            277        219.758           28.9              0              0            0.0            0.0            0.0          2.000          0.386          0.404
     05/10/2001           2001            278        231.139           29.0              0              0            0.0            0.0            0.0         15.000          0.386          0.409
     06/10/2001           2001            279        229.176           29.1              0              0            0.0            0.0            0.0          0.000          0.386          0.393
     07/10/2001           2001            280        228.533           29.3              0              0            0.0            0.0            0.0          2.000          0.386          0.388
     08/10/2001           2001            281        225.917           29.4              0              0            0.0            0.0            0.0          0.000          0.386          0.377
     09/10/2001           2001            282        223.116           29.6              0              0            0.0            0.0            0.0          0.000          0.386          0.367
     10/10/2001           2001            283        235.413           29.5              0              0            0.0            0.0            0.0         16.000          0.386          0.412
     11/10/2001           2001            284        239.482           29.5              0              0            0.0            0.0            0.0          7.000          0.386          0.412
     12/10/2001           2001            285        237.816           29.6              0              0            0.0            0.0            0.0          2.000          0.386          0.401
     13/10/2001           2001            286        234.160           29.7              0              0            0.0            0.0            0.0          0.000          0.386          0.385
     14/10/2001           2001            287        231.172           29.8              0              0            0.0            0.0            0.0          0.000          0.386          0.379
     15/10/2001           2001            288        250.520           29.6              0              0            0.0            0.0            0.0         35.000          0.386          0.412
     16/10/2001           2001            289        246.225           29.6              0              0            0.0            0.0            0.0          0.000          0.386          0.393
     17/10/2001           2001            290        242.156           29.7              0              0            0.0            0.0            0.0          0.000          0.386          0.383
     18/10/2001           2001            291        238.723           29.7              0              0            0.0            0.0            0.0          1.000          0.386          0.380
     19/10/2001           2001            292        236.779           29.8              0              0            0.0            0.0            0.0          3.000          0.386          0.384
     20/10/2001           2001            293        231.803           29.9              0              0            0.0            0.0            0.0          0.000          0.386          0.371
     21/10/2001           2001            294        226.897           30.0              0              0            0.0            0.0            0.0          0.000          0.386          0.359
     22/10/2001           2001            295        222.893           30.1              0              0            0.0            0.0            0.0          0.000          0.386          0.352
     23/10/2001           2001            296        219.333           30.2              0              0            0.0            0.0            0.0          0.000          0.386          0.347
     24/10/2001           2001            297        216.137           30.4              0              0            0.0            0.0            0.0          0.000          0.386          0.342
     25/10/2001           2001            298        213.275           30.6              0              0            0.0            0.0            0.0          0.000          0.386          0.338
     26/10/2001           2001            299        210.727           30.8              0              0            0.0            0.0            0.0          0.000          0.386          0.334
     27/10/2001           2001            300        208.473           31.0              0              0            0.0            0.0            0.0          0.000          0.386          0.331
     28/10/2001           2001            301        243.523           30.8              0              0            0.0            0.0            0.0         51.000          0.386          0.412
     29/10/2001           2001            302        240.365           30.8              0              0            0.0            0.0            0.0          0.000          0.386          0.395
     30/10/2001           2001            303        237.998           30.7              0              0            0.0            0.0            0.0          1.000          0.386          0.388
     31/10/2001           2001            304        263.535           30.4              0              0            0.0            0.0            0.0        104.000          0.386          0.410
     01/11/2001           2001            305        258.003           30.1              0              0            0.0            0.0            0.0          2.000          0.386          0.400
     02/11/2001           2001            306        250.863           29.9              0              0            0.0            0.0            0.0          0.000          0.386          0.384
     03/11/2001           2001            307        244.740           29.8              0              0            0.0            0.0            0.0          0.000          0.386          0.376
     04/11/2001           2001            308        238.434           29.7              0              0            0.0            0.0            0.0          0.000          0.386          0.365
     05/11/2001           2001            309        232.533           29.7              0              0            0.0            0.0            0.0          0.000          0.386          0.355
     06/11/2001           2001            310        227.732           29.7              0              0            0.0            0.0            0.0          0.000          0.386          0.349
     07/11/2001           2001            311        223.433           29.7              0              0            0.0            0.0            0.0          0.000          0.386          0.344
     08/11/2001           2001            312        219.587           29.7              0              0            0.0            0.0            0.0          0.000          0.386          0.340
     09/11/2001           2001            313        216.163           29.7              0              0            0.0            0.0            0.0          0.000          0.386          0.337
     10/11/2001           2001            314        213.131           29.8              0              0            0.0            0.0            0.0          0.000          0.386          0.333
     11/11/2001           2001            315        223.754           29.8              0              0            0.0            0.0            0.0         14.000          0.386          0.406
     12/11/2001           2001            316        245.315           29.7              0              0            0.0            0.0            0.0         42.000          0.386          0.413
     13/11/2001           2001            317        243.817           29.6              0              0            0.0            0.0            0.0          2.000          0.386          0.405
     14/11/2001           2001            318        239.614           29.5              0              0            0.0            0.0            0.0          0.000          0.386          0.387
     15/11/2001           2001            319        235.725           29.5              0              0            0.0            0.0            0.0          0.000          0.386          0.378
     16/11/2001           2001            320        230.976           29.5              0              0            0.0            0.0            0.0          0.000          0.386          0.364
     17/11/2001           2001            321        226.921           29.5              0              0            0.0            0.0            0.0          0.000          0.386          0.354
     18/11/2001           2001            322        223.404           29.6              0              0            0.0            0.0            0.0          0.000          0.386          0.349
     19/11/2001           2001            323        220.121           29.6              0              0            0.0            0.0            0.0          0.000          0.386          0.344
     20/11/2001           2001            324        217.072           29.7              0              0            0.0            0.0            0.0          0.000          0.386          0.340
     21/11/2001           2001            325        214.266           29.7              0              0            0.0            0.0            0.0          0.000          0.386          0.336
     22/11/2001           2001            326        211.711           29.9              0              0            0.0            0.0            0.0          0.000          0.386          0.333
     23/11/2001           2001            327        209.406           30.2              0              0            0.0            0.0            0.0          0.000          0.386          0.330
     24/11/2001           2001            328        207.347           30.5              0              0            0.0            0.0            0.0          0.000          0.386          0.327
     25/11/2001           2001            329        205.521           30.9              0              0            0.0            0.0            0.0          0.000          0.386          0.325
     26/11/2001           2001            330        203.913           31.2              0              0            0.0            0.0            0.0          0.000          0.386          0.322
     27/11/2001           2001            331        202.502           31.6              0              0            0.0            0.0            0.0          0.000          0.386          0.320
     28/11/2001           2001            332        201.269           32.1              0              0            0.0            0.0            0.0          0.000          0.386          0.318
     29/11/2001           2001            333        200.193           32.5              0              0            0.0            0.0            0.0          0.000          0.386          0.316
     30/11/2001           2001            334        199.253           32.9              0              0            0.0            0.0            0.0          0.000          0.386          0.314
     01/12/2001           2001            335        198.810           33.3              0              0            0.0            0.0            0.0          0.000          0.386          0.315
     02/12/2001           2001            336        198.147           33.7              0              0            0.0            0.0            0.0          0.000          0.386          0.313
     03/12/2001           2001            337        197.567           34.1              0              0            0.0            0.0            0.0          0.000          0.386          0.312
     04/12/2001           2001            338        197.054           34.5              0              0            0.0            0.0            0.0          0.000          0.386          0.311
     05/12/2001           2001            339        196.598           34.8              0              0            0.0            0.0            0.0          0.000          0.386          0.309
     06/12/2001           2001            340        196.188           35.2              0              0            0.0            0.0            0.0          0.000          0.386          0.308
     07/12/2001           2001            341        195.816           35.6              0              0            0.0            0.0            0.0          0.000          0.386          0.307
     08/12/2001           2001            342        195.474           36.0              0              0            0.0            0.0            0.0          0.000          0.386          0.306
     09/12/2001           2001            343        195.157           36.4              0              0            0.0            0.0            0.0          0.000          0.386          0.305
     10/12/2001           2001            344        194.860           36.8              0              0            0.0            0.0            0.0          0.000          0.386          0.304
     11/12/2001           2001            345        194.580           37.2              0              0            0.0            0.0            0.0          0.000          0.386          0.303
     12/12/2001           2001            346        194.312           37.6              0              0            0.0            0.0            0.0          0.000          0.386          0.302
     13/12/2001           2001            347        194.056           38.0              0              0            0.0            0.0            0.0          0.000          0.386          0.301
     14/12/2001           2001            348        193.808           38.4              0              0            0.0            0.0            0.0          0.000          0.386          0.300
     15/12/2001           2001            349        193.568           38.8              0              0            0.0            0.0            0.0          0.000          0.386          0.299
     16/12/2001           2001            350        193.334           39.1              0              0            0.0            0.0            0.0          0.000          0.386          0.298
     17/12/2001           2001            351        193.106           39.5              0              0            0.0            0.0            0.0          0.000          0.386          0.298
     18/12/2001           2001            352        192.883           39.8              0              0            0.0            0.0            0.0          0.000          0.386          0.297
     19/12/2001           2001            353        192.664           40.2              0              0            0.0            0.0            0.0          0.000          0.386          0.296
     20/12/2001           2001            354        192.450           40.5              0              0            0.0            0.0            0.0          0.000          0.386          0.295
     21/12/2001           2001            355        192.238           40.9              0              0            0.0            0.0            0.0          0.000          0.386          0.295
     22/12/2001           2001            356        192.031           41.2              0              0            0.0            0.0            0.0          0.000          0.386          0.294
     23/12/2001           2001            357        191.826           41.5              0              0            0.0            0.0            0.0          0.000          0.386          0.293
     24/12/2001           2001            358        191.624           41.8              0              0            0.0            0.0            0.0          0.000          0.386          0.292
     25/12/2001           2001            359        191.425           42.2              0              0            0.0            0.0            0.0          0.000          0.386          0.292
     26/12/2001           2001            360        191.228           42.5              0              0            0.0            0.0            0.0          0.000          0.386          0.291
     27/12/2001           2001            361        191.034           42.9              0              0            0.0            0.0            0.0          0.000          0.386          0.290
     28/12/2001           2001            362        190.842           43.2              0              0            0.0            0.0            0.0          0.000          0.386          0.290
     29/12/2001           2001            363        190.652           43.6              0              0            0.0            0.0            0.0          0.000          0.386          0.289
     30/12/2001           2001            364        190.465           43.9              0              0            0.0            0.0            0.0          0.000          0.386          0.288
     31/12/2001           2001            365        190.280           44.3              0              0            0.0            0.0            0.0          0.000          0.386          0.288
