ApsimVersion = 7.4
Title = Silt Fallow field
           Date           year            day           rain            esw             es         runoff          drain          no3()   dlt_n_min(1)   dlt_n_min(2)   dlt_n_min(3)   dlt_n_min(4)   dlt_n_min(5)   dlt_n_min(6)   surfaceom_wt surfaceom_cover
   (dd/mm/yyyy)         (year)          (day)           (mm)           (mm)           (mm)           (mm)           (mm)        (kg/ha)        (kg/ha)        (kg/ha)        (kg/ha)        (kg/ha)        (kg/ha)        (kg/ha)        (kg/ha)       (m^2/m^2)
     01/01/2001           2001              1          0.000        104.120          0.280          0.000          0.000           11.0            0.1           -0.0           -0.0           -0.0           -0.0           -0.0            0.0           0.000
     02/01/2001           2001              2          0.000        103.847          0.273          0.000          0.000           11.9            0.2           -0.0           -0.0           -0.0           -0.0           -0.0            0.0           0.000
     03/01/2001           2001              3          0.000        103.580          0.267          0.000          0.000           12.7            0.2           -0.0           -0.0           -0.0           -0.0           -0.0            0.0           0.000
     04/01/2001           2001              4          0.000        103.319          0.261          0.000          0.000           13.4            0.2           -0.0            0.0           -0.0           -0.0           -0.0            0.0           0.000
     05/01/2001           2001              5          0.000        103.063          0.256          0.000          0.000           13.9            0.2            0.0            0.0           -0.0           -0.0           -0.0            0.0           0.000
     06/01/2001           2001              6          0.000        102.813          0.250          0.000          0.000           14.3            0.2            0.0            0.0           -0.0           -0.0           -0.0            0.0           0.000
     07/01/2001           2001              7          0.000        102.567          0.245          0.000          0.000           14.7            0.2            0.0            0.0           -0.0           -0.0           -0.0            0.0           0.000
     08/01/2001           2001              8          0.000        102.326          0.241          0.000          0.000           14.9            0.2            0.0            0.0           -0.0           -0.0           -0.0            0.0           0.000
     09/01/2001           2001              9          0.000        102.090          0.237          0.000          0.000           15.2            0.2            0.0            0.0           -0.0           -0.0           -0.0            0.0           0.000
     10/01/2001           2001             10          0.000        101.857          0.232          0.000          0.000           15.4            0.2            0.0            0.0           -0.0           -0.0           -0.0            0.0           0.000
     11/01/2001           2001             11          0.000        101.629          0.229          0.000          0.000           15.7            0.2            0.0            0.0           -0.0           -0.0           -0.0            0.0           0.000
     12/01/2001           2001             12          0.000        101.404          0.225          0.000          0.000           16.0            0.2            0.0            0.0           -0.0           -0.0           -0.0            0.0           0.000
     13/01/2001           2001             13          0.000        101.183          0.221          0.000          0.000           16.2            0.2            0.0            0.0           -0.0           -0.0           -0.0            0.0           0.000
     14/01/2001           2001             14          0.000        100.965          0.218          0.000          0.000           16.5            0.2            0.1            0.0           -0.0           -0.0           -0.0            0.0           0.000
     15/01/2001           2001             15          0.000        100.750          0.215          0.000          0.000           16.7            0.2            0.1            0.0           -0.0           -0.0           -0.0            0.0           0.000
     16/01/2001           2001             16          0.000        100.539          0.212          0.000          0.000           17.0            0.2            0.1            0.0            0.0           -0.0           -0.0            0.0           0.000
     17/01/2001           2001             17          0.000        100.330          0.209          0.000          0.000           17.3            0.2            0.1            0.0            0.0           -0.0           -0.0            0.0           0.000
     18/01/2001           2001             18          0.000        100.125          0.206          0.000          0.000           17.6            0.2            0.1            0.0            0.0           -0.0           -0.0            0.0           0.000
     19/01/2001           2001             19          0.000         99.922          0.203          0.000          0.000           18.0            0.2            0.1            0.1            0.0           -0.0           -0.0            0.0           0.000
     20/01/2001           2001             20          0.000         99.721          0.200          0.000          0.000           18.3            0.2            0.1            0.1            0.0           -0.0           -0.0            0.0           0.000
     21/01/2001           2001             21          0.000         99.523          0.198          0.000          0.000           18.7            0.2            0.1            0.1            0.0           -0.0           -0.0            0.0           0.000
     22/01/2001           2001             22          0.000         99.328          0.195          0.000          0.000           19.0            0.2            0.1            0.1            0.0           -0.0           -0.0            0.0           0.000
     23/01/2001           2001             23          0.000         99.135          0.193          0.000          0.000           19.4            0.2            0.1            0.1            0.0           -0.0           -0.0            0.0           0.000
     24/01/2001           2001             24          0.000         98.944          0.191          0.000          0.000           19.8            0.2            0.1            0.1            0.0           -0.0           -0.0            0.0           0.000
     25/01/2001           2001             25          0.000         98.756          0.189          0.000          0.000           20.2            0.2            0.1            0.1            0.0           -0.0           -0.0            0.0           0.000
     26/01/2001           2001             26          0.000         98.569          0.186          0.000          0.000           20.5            0.2            0.1            0.1            0.0           -0.0           -0.0            0.0           0.000
     27/01/2001           2001             27          0.000         98.385          0.184          0.000          0.000           20.8            0.2            0.1            0.1            0.0           -0.0           -0.0            0.0           0.000
     28/01/2001           2001             28          0.000         98.202          0.182          0.000          0.000           21.2            0.2            0.1            0.1            0.0           -0.0           -0.0            0.0           0.000
     29/01/2001           2001             29          0.000         98.022          0.181          0.000          0.000           21.5            0.2            0.1            0.1            0.0           -0.0           -0.0            0.0           0.000
     30/01/2001           2001             30          0.000         97.843          0.179          0.000          0.000           21.8            0.2            0.1            0.1            0.0           -0.0           -0.0            0.0           0.000
     31/01/2001           2001             31          0.000         97.666          0.177          0.000          0.000           22.1            0.2            0.1            0.1            0.0           -0.0           -0.0            0.0           0.000
     01/02/2001           2001             32          0.000         97.491          0.175          0.000          0.000           22.5            0.2            0.1            0.1            0.0           -0.0           -0.0            0.0           0.000
     02/02/2001           2001             33          0.000         97.317          0.173          0.000          0.000           22.8            0.2            0.1            0.1            0.0           -0.0           -0.0            0.0           0.000
     03/02/2001           2001             34          0.000         97.146          0.172          0.000          0.000           23.2            0.2            0.1            0.1            0.0           -0.0           -0.0            0.0           0.000
     04/02/2001           2001             35          0.000         96.975          0.170          0.000          0.000           23.6            0.2            0.1            0.1            0.0           -0.0           -0.0            0.0           0.000
     05/02/2001           2001             36          0.000         96.807          0.169          0.000          0.000           24.0            0.2            0.1            0.1            0.0           -0.0           -0.0            0.0           0.000
     06/02/2001           2001             37          0.000         96.640          0.167          0.000          0.000           24.4            0.2            0.1            0.1            0.0           -0.0           -0.0            0.0           0.000
     07/02/2001           2001             38          0.000         96.474          0.166          0.000          0.000           24.8            0.2            0.1            0.1            0.0           -0.0           -0.0            0.0           0.000
     08/02/2001           2001             39          0.000         96.310          0.164          0.000          0.000           25.2            0.2            0.1            0.1            0.0           -0.0           -0.0            0.0           0.000
     09/02/2001           2001             40          0.000         96.147          0.163          0.000          0.000           25.6            0.1            0.1            0.1            0.0           -0.0           -0.0            0.0           0.000
     10/02/2001           2001             41          0.000         95.985          0.161          0.000          0.000           25.9            0.1            0.1            0.1            0.0           -0.0           -0.0            0.0           0.000
     11/02/2001           2001             42          0.000         95.825          0.160          0.000          0.000           26.3            0.1            0.1            0.1            0.0           -0.0           -0.0            0.0           0.000
     12/02/2001           2001             43          0.000         95.666          0.159          0.000          0.000           26.6            0.1            0.1            0.1            0.0           -0.0           -0.0            0.0           0.000
     13/02/2001           2001             44          0.000         95.509          0.158          0.000          0.000           27.0            0.1            0.1            0.1            0.0           -0.0           -0.0            0.0           0.000
     14/02/2001           2001             45          0.000         95.352          0.156          0.000          0.000           27.3            0.1            0.1            0.1            0.0           -0.0           -0.0            0.0           0.000
     15/02/2001           2001             46          0.000         95.197          0.155          0.000          0.000           27.7            0.1            0.1            0.1            0.0           -0.0           -0.0            0.0           0.000
     16/02/2001           2001             47          0.000         95.043          0.154          0.000          0.000           28.1            0.1            0.2            0.1            0.0           -0.0           -0.0            0.0           0.000
     17/02/2001           2001             48          0.000         94.891          0.153          0.000          0.000           28.5            0.1            0.2            0.1            0.0           -0.0           -0.0            0.0           0.000
     18/02/2001           2001             49          0.000         94.739          0.152          0.000          0.000           28.9            0.1            0.2            0.1            0.0           -0.0           -0.0            0.0           0.000
     19/02/2001           2001             50          0.000         94.588          0.151          0.000          0.000           29.2            0.1            0.2            0.1            0.0           -0.0           -0.0            0.0           0.000
     20/02/2001           2001             51          0.000         94.439          0.149          0.000          0.000           29.6            0.1            0.2            0.1            0.0           -0.0           -0.0            0.0           0.000
     21/02/2001           2001             52          0.000         94.290          0.148          0.000          0.000           30.0            0.1            0.2            0.1            0.0           -0.0           -0.0            0.0           0.000
     22/02/2001           2001             53          6.000         96.623          3.667          0.000          0.000           30.5            0.2            0.2            0.1            0.0           -0.0            0.0            0.0           0.000
     23/02/2001           2001             54          0.000         96.458          0.166          0.000          0.000           30.9            0.2            0.2            0.1            0.0            0.0            0.0            0.0           0.000
     24/02/2001           2001             55          0.000         96.294          0.164          0.000          0.000           31.4            0.2            0.2            0.1            0.0            0.0            0.0            0.0           0.000
     25/02/2001           2001             56          0.000         96.131          0.163          0.000          0.000           31.9            0.2            0.2            0.1            0.0            0.0            0.0            0.0           0.000
     26/02/2001           2001             57          0.000         95.970          0.161          0.000          0.000           32.3            0.2            0.2            0.1            0.0            0.0            0.0            0.0           0.000
     27/02/2001           2001             58          4.000         96.306          3.664          0.000          0.000           32.8            0.2            0.2            0.1            0.0            0.0            0.0            0.0           0.000
     28/02/2001           2001             59          0.000         96.143          0.163          0.000          0.000           33.3            0.2            0.2            0.1            0.0            0.0            0.0            0.0           0.000
     01/03/2001           2001             60          0.000         95.981          0.161          0.000          0.000           33.7            0.2            0.2            0.1            0.0            0.0            0.0            0.0           0.000
     02/03/2001           2001             61          0.000         95.821          0.160          0.000          0.000           34.2            0.2            0.2            0.1            0.0            0.0            0.0            0.0           0.000
     03/03/2001           2001             62          0.000         95.662          0.159          0.000          0.000           34.7            0.2            0.2            0.1            0.0            0.0            0.0            0.0           0.000
     04/03/2001           2001             63          0.000         95.505          0.158          0.000          0.000           35.1            0.2            0.2            0.1            0.0            0.0            0.0            0.0           0.000
     05/03/2001           2001             64          0.000         95.348          0.156          0.000          0.000           35.6            0.2            0.2            0.1            0.0            0.0            0.0            0.0           0.000
     06/03/2001           2001             65          0.000         95.193          0.155          0.000          0.000           36.0            0.2            0.2            0.1            0.0            0.0            0.0            0.0           0.000
     07/03/2001           2001             66          0.000         95.039          0.154          0.000          0.000           36.4            0.2            0.2            0.1            0.0            0.0            0.0            0.0           0.000
     08/03/2001           2001             67          0.000         94.887          0.153          0.000          0.000           36.9            0.2            0.2            0.1            0.0            0.0            0.0            0.0           0.000
     09/03/2001           2001             68          0.000         94.735          0.152          0.000          0.000           37.3            0.1            0.2            0.1            0.0            0.0            0.0            0.0           0.000
     10/03/2001           2001             69          0.000         94.585          0.151          0.000          0.000           37.7            0.1            0.2            0.1            0.0            0.0            0.0            0.0           0.000
     11/03/2001           2001             70          0.000         94.435          0.149          0.000          0.000           38.1            0.1            0.2            0.1            0.0            0.0            0.0            0.0           0.000
     12/03/2001           2001             71          0.000         94.287          0.148          0.000          0.000           38.6            0.1            0.2            0.1            0.0            0.0            0.0            0.0           0.000
     13/03/2001           2001             72          0.000         94.139          0.147          0.000          0.000           39.0            0.1            0.2            0.1            0.0            0.0            0.0            0.0           0.000
     14/03/2001           2001             73          0.000         93.993          0.146          0.000          0.000           39.5            0.1            0.2            0.1            0.0            0.0            0.0            0.0           0.000
     15/03/2001           2001             74          0.000         93.848          0.145          0.000          0.000           39.9            0.1            0.2            0.1            0.0            0.0            0.0            0.0           0.000
     16/03/2001           2001             75          0.000         93.703          0.144          0.000          0.000           40.4            0.1            0.2            0.1            0.0            0.0            0.0            0.0           0.000
     17/03/2001           2001             76          0.000         93.560          0.143          0.000          0.000           40.8            0.1            0.2            0.1            0.0            0.0            0.0            0.0           0.000
     18/03/2001           2001             77          0.000         93.417          0.142          0.000          0.000           41.3            0.1            0.2            0.1            0.0            0.0            0.0            0.0           0.000
     19/03/2001           2001             78          0.000         93.276          0.142          0.000          0.000           41.7            0.1            0.2            0.1            0.0            0.0            0.0            0.0           0.000
     20/03/2001           2001             79          0.000         93.135          0.141          0.000          0.000           42.2            0.1            0.2            0.1            0.0            0.0            0.0            0.0           0.000
     21/03/2001           2001             80          0.000         92.995          0.140          0.000          0.000           42.7            0.1            0.2            0.1            0.0            0.0            0.0            0.0           0.000
     22/03/2001           2001             81          0.000         92.856          0.139          0.000          0.000           43.1            0.1            0.2            0.1            0.0            0.0            0.0            0.0           0.000
     23/03/2001           2001             82          0.000         92.718          0.138          0.000          0.000           43.5            0.1            0.2            0.1            0.0            0.0            0.0            0.0           0.000
     24/03/2001           2001             83          1.000         92.581          1.137          0.000          0.000           44.0            0.1            0.2            0.1            0.0            0.0            0.0            0.0           0.000
     25/03/2001           2001             84          0.000         92.445          0.136          0.000          0.000           44.4            0.1            0.2            0.1            0.0            0.0            0.0            0.0           0.000
     26/03/2001           2001             85          0.000         92.309          0.136          0.000          0.000           44.8            0.1            0.2            0.1            0.0            0.0            0.0            0.0           0.000
     27/03/2001           2001             86          0.000         92.174          0.135          0.000          0.000           45.2            0.1            0.2            0.1            0.0            0.0            0.0            0.0           0.000
     28/03/2001           2001             87          0.000         92.040          0.134          0.000          0.000           45.6            0.1            0.2            0.1            0.0            0.0            0.0            0.0           0.000
     29/03/2001           2001             88          0.000         91.907          0.133          0.000          0.000           46.0            0.1            0.2            0.1            0.0            0.0            0.0            0.0           0.000
     30/03/2001           2001             89          0.000         91.774          0.133          0.000          0.000           46.3            0.1            0.2            0.1            0.0            0.0            0.0            0.0           0.000
     31/03/2001           2001             90          3.000         91.642          3.132          0.000          0.000           46.7            0.0            0.2            0.1            0.0            0.0            0.0            0.0           0.000
     01/04/2001           2001             91          0.000         91.511          0.131          0.000          0.000           47.1            0.0            0.2            0.1            0.0            0.0            0.0            0.0           0.000
     02/04/2001           2001             92          0.000         90.717          4.039          0.000          0.000           47.4            0.0            0.2            0.1            0.0            0.0            0.0            0.0           0.000
     03/04/2001           2001             93          7.000         90.684          4.183          0.000          0.000           47.7            0.0            0.2            0.1            0.0            0.0            0.0            0.0           0.000
     04/04/2001           2001             94          0.000         90.651          0.182          0.000          0.000           48.1            0.0            0.2            0.1            0.0            0.0            0.0            0.0           0.000
     05/04/2001           2001             95          0.000         90.617          0.181          0.000          0.000           48.4            0.0            0.2            0.1            0.0            0.0            0.0            0.0           0.000
     06/04/2001           2001             96          0.000         90.583          0.179          0.000          0.000           48.7            0.0            0.2            0.1            0.0            0.0            0.0            0.0           0.000
     07/04/2001           2001             97          0.000         90.549          0.178          0.000          0.000           49.1            0.0            0.2            0.1            0.0            0.0            0.0            0.0           0.000
     08/04/2001           2001             98          0.000         90.515          0.177          0.000          0.000           49.4            0.0            0.2            0.1            0.0            0.0            0.0            0.0           0.000
     09/04/2001           2001             99          0.000         90.480          0.176          0.000          0.000           49.8            0.0            0.2            0.1            0.0            0.0            0.0            0.0           0.000
     10/04/2001           2001            100          0.000         90.445          0.174          0.000          0.000           50.1            0.0            0.2            0.1            0.0            0.0            0.0            0.0           0.000
     11/04/2001           2001            101          0.000         90.409          0.173          0.000          0.000           50.5            0.0            0.2            0.1            0.0            0.0            0.0            0.0           0.000
     12/04/2001           2001            102          0.000         90.373          0.172          0.000          0.000           50.8            0.0            0.2            0.1            0.0            0.0            0.0            0.0           0.000
     13/04/2001           2001            103          0.000         90.337          0.171          0.000          0.000           51.1            0.0            0.2            0.1            0.0            0.0            0.0            0.0           0.000
     14/04/2001           2001            104          0.000         90.301          0.170          0.000          0.000           51.4            0.0            0.2            0.1            0.0            0.0            0.0            0.0           0.000
     15/04/2001           2001            105          0.000         90.264          0.169          0.000          0.000           51.7            0.0            0.2            0.1            0.0            0.0            0.0            0.0           0.000
     16/04/2001           2001            106          0.000         90.227          0.168          0.000          0.000           52.0            0.0            0.2            0.1            0.0            0.0            0.0            0.0           0.000
     17/04/2001           2001            107          0.000         90.190          0.167          0.000          0.000           52.3            0.0            0.2            0.1            0.0            0.0            0.0            0.0           0.000
     18/04/2001           2001            108          0.000         90.152          0.166          0.000          0.000           52.6            0.0            0.2            0.1            0.0            0.0            0.0            0.0           0.000
     19/04/2001           2001            109          2.000         90.115          2.165          0.000          0.000           52.9            0.0            0.2            0.1            0.0            0.0            0.0            0.0           0.000
     20/04/2001           2001            110          0.000         90.077          0.164          0.000          0.000           53.2            0.0            0.2            0.1            0.0            0.0            0.0            0.0           0.000
     21/04/2001           2001            111          0.000         90.038          0.163          0.000          0.000           53.5            0.0            0.2            0.1            0.0            0.0            0.0            0.0           0.000
     22/04/2001           2001            112          0.000         90.000          0.162          0.000          0.000           53.9            0.0            0.2            0.1            0.0            0.0            0.0            0.0           0.000
     23/04/2001           2001            113          1.000         89.961          1.161          0.000          0.000           54.2            0.0            0.2            0.1            0.0            0.0            0.0            0.0           0.000
     24/04/2001           2001            114          0.000         89.922          0.160          0.000          0.000           54.5            0.0            0.2            0.1            0.0            0.0            0.0            0.0           0.000
     25/04/2001           2001            115          0.000         89.883          0.159          0.000          0.000           54.9            0.0            0.2            0.1            0.0            0.0            0.0            0.0           0.000
     26/04/2001           2001            116          0.000         89.844          0.158          0.000          0.000           55.2            0.0            0.2            0.1            0.0            0.0            0.0            0.0           0.000
     27/04/2001           2001            117          0.000         89.804          0.157          0.000          0.000           55.6            0.0            0.2            0.1            0.0            0.0            0.0            0.0           0.000
     28/04/2001           2001            118          0.000         89.764          0.156          0.000          0.000           55.9            0.0            0.2            0.1            0.0            0.0            0.0            0.0           0.000
     29/04/2001           2001            119          0.000         89.724          0.156          0.000          0.000           56.2            0.0            0.2            0.1            0.0            0.0            0.0            0.0           0.000
     30/04/2001           2001            120          0.000         89.684          0.155          0.000          0.000           56.5            0.0            0.2            0.1            0.0            0.0            0.0            0.0           0.000
     01/05/2001           2001            121          8.000         89.655          4.178          0.005          0.000           56.8            0.0            0.2            0.1            0.0            0.0            0.0            0.0           0.000
     02/05/2001           2001            122          0.000         89.625          0.177          0.000          0.000           57.1            0.0            0.2            0.1            0.0            0.0            0.0            0.0           0.000
     03/05/2001           2001            123          6.000         91.220          4.191          0.000          0.000           57.5            0.1            0.2            0.1            0.0            0.0            0.0            0.0           0.000
     04/05/2001           2001            124         83.000        116.331          4.164         53.724          0.000           58.2            0.6            0.2            0.1            0.0            0.0            0.0            0.0           0.000
     05/05/2001           2001            125          0.000        113.491          2.840          0.000          0.000           59.0            0.6            0.2            0.1            0.0            0.0            0.0            0.0           0.000
     06/05/2001           2001            126          1.000        112.249          2.241          0.000          0.000           59.8            0.6            0.2            0.1            0.0            0.0            0.0            0.0           0.000
     07/05/2001           2001            127          0.000        111.296          0.953          0.000          0.000           60.6            0.6            0.2            0.1            0.0            0.0            0.0            0.0           0.000
     08/05/2001           2001            128         69.000        121.578          4.006         54.712          0.000           61.3            0.5            0.2            0.1            0.0            0.0            0.0            0.0           0.000
     09/05/2001           2001            129         54.000        125.217          4.177         46.184          0.000           62.0            0.5            0.2            0.1            0.0            0.0            0.0            0.0           0.000
     10/05/2001           2001            130          0.000        122.388          2.828          0.000          0.000           62.7            0.5            0.2            0.1            0.0            0.0            0.0            0.0           0.000
     11/05/2001           2001            131         43.000        127.709          4.149         33.530          0.000           63.3            0.5            0.1            0.1            0.0            0.0            0.0            0.0           0.000
     12/05/2001           2001            132         64.000        130.779          4.164         56.766          0.000           63.8            0.5            0.1            0.1            0.0            0.0            0.0            0.0           0.000
     13/05/2001           2001            133          0.000        127.939          2.840          0.000          0.000           64.5            0.5            0.1            0.1            0.0            0.0            0.0            0.0           0.000
     14/05/2001           2001            134          0.000        126.697          1.241          0.000          0.000           65.3            0.6            0.2            0.1            0.0            0.0            0.0            0.0           0.000
     15/05/2001           2001            135          0.000        125.744          0.953          0.000          0.000           66.1            0.6            0.2            0.1            0.0            0.0            0.0            0.0           0.000
     16/05/2001           2001            136          0.000        124.941          0.804          0.000          0.000           67.1            0.6            0.2            0.1            0.0            0.0            0.0            0.0           0.000
     17/05/2001           2001            137          0.000        124.233          0.708          0.000          0.000           68.1            0.6            0.2            0.1            0.0            0.0            0.0            0.0           0.000
     18/05/2001           2001            138          0.000        123.593          0.640          0.000          0.000           69.1            0.7            0.2            0.1            0.0            0.0            0.0            0.0           0.000
     19/05/2001           2001            139          0.000        123.004          0.589          0.000          0.000           70.1            0.7            0.2            0.1            0.0            0.0            0.0            0.0           0.000
     20/05/2001           2001            140         34.000        129.931          5.120         21.953          0.000           71.0            0.7            0.2            0.1            0.0            0.0            0.0            0.0           0.000
     21/05/2001           2001            141          0.000        127.849          2.082          0.000          0.000           72.0            0.6            0.2            0.1            0.0            0.0            0.0            0.0           0.000
     22/05/2001           2001            142          0.000        126.663          1.186          0.000          0.000           73.0            0.6            0.2            0.1            0.0            0.0            0.0            0.0           0.000
     23/05/2001           2001            143         33.000        132.685          4.367         22.612          0.000           73.8            0.6            0.2            0.1            0.0            0.0            0.0            0.0           0.000
     24/05/2001           2001            144         21.000        134.877          4.194         14.613          0.000           74.5            0.6            0.2            0.1            0.0            0.0            0.0            0.0           0.000
     25/05/2001           2001            145          3.000        133.024          4.506          0.347          0.000           75.3            0.6            0.2            0.1            0.0            0.0            0.0            0.0           0.000
     26/05/2001           2001            146          0.000        131.440          1.584          0.000          0.000           76.0            0.5            0.2            0.1            0.0            0.0            0.0            0.0           0.000
     27/05/2001           2001            147         30.000        136.522          4.543         20.374          0.000           76.7            0.6            0.1            0.1            0.0            0.0            0.0            0.0           0.000
     28/05/2001           2001            148          0.000        134.017          2.506          0.000          0.000           77.5            0.6            0.2            0.1            0.0            0.0            0.0            0.0           0.000
     29/05/2001           2001            149          0.000        132.788          1.228          0.000          0.000           78.3            0.6            0.2            0.1            0.0            0.0            0.0            0.0           0.000
     30/05/2001           2001            150          1.000        131.841          1.947          0.000          0.000           79.2            0.6            0.2            0.1            0.0            0.0            0.0            0.0           0.000
     31/05/2001           2001            151          0.000        131.041          0.800          0.000          0.000           80.2            0.6            0.2            0.1            0.0            0.0            0.0            0.0           0.000
     01/06/2001           2001            152          7.000        132.276          4.534          1.231          0.000           81.2            0.6            0.2            0.1            0.0            0.0            0.0            0.0           0.000
     02/06/2001           2001            153         14.000        135.613          4.576          6.087          0.000           82.0            0.6            0.2            0.1            0.0            0.0            0.0            0.0           0.000
     03/06/2001           2001            154          8.000        136.590          4.382          2.642          0.000           82.8            0.6            0.2            0.1            0.0            0.0            0.0            0.0           0.000
     04/06/2001           2001            155          0.000        134.028          2.562          0.000          0.000           83.6            0.6            0.2            0.1            0.0            0.0            0.0            0.0           0.000
     05/06/2001           2001            156          1.000        132.796          2.232          0.000          0.000           84.4            0.5            0.2            0.1            0.0            0.0            0.0            0.0           0.000
     06/06/2001           2001            157         77.000        141.390          4.285         64.121          0.000           85.0            0.5            0.1            0.1            0.0            0.0            0.0            0.0           0.000
     07/06/2001           2001            158         63.000        144.358          4.257         55.775          0.000           85.5            0.5            0.1            0.1            0.0            0.0            0.0            0.0           0.000
     08/06/2001           2001            159         27.000        146.665          4.217         20.476          0.000           85.8            0.5            0.1            0.1            0.0            0.0            0.0            0.0           0.000
     09/06/2001           2001            160         20.000        148.574          4.247         13.845          0.000           86.2            0.5            0.1            0.1            0.0            0.0            0.0            0.0           0.000
     10/06/2001           2001            161         66.000        151.496          4.329         58.749          0.000           86.5            0.5            0.1            0.1            0.0            0.0            0.0            0.0           0.000
     11/06/2001           2001            162          0.000        148.807          2.689          0.000          0.000           87.1            0.5            0.1            0.1            0.0            0.0            0.0            0.0           0.000
     12/06/2001           2001            163          0.000        147.570          1.237          0.000          0.000           87.7            0.5            0.1            0.1            0.0            0.0            0.0            0.0           0.000
     13/06/2001           2001            164          0.000        146.619          0.951          0.000          0.000           88.4            0.5            0.2            0.1            0.0            0.0            0.0            0.0           0.000
     14/06/2001           2001            165         76.000        153.141          4.156         65.321          0.000           89.0            0.5            0.1            0.1            0.0            0.0            0.0            0.0           0.000
     15/06/2001           2001            166        153.000        156.531          4.192        145.418          0.000           89.3            0.5            0.1            0.1            0.0            0.0            0.0            0.0           0.000
     16/06/2001           2001            167         35.000        159.085          4.233         28.212          0.000           89.5            0.4            0.1            0.1            0.0            0.0            0.0            0.0           0.000
     17/06/2001           2001            168         76.000        162.169          4.241         68.675          0.000           89.7            0.4            0.1            0.1            0.0            0.0            0.0            0.0           0.000
     18/06/2001           2001            169         16.000        163.817          4.188         10.164          0.000           89.9            0.4            0.1            0.1            0.0            0.0            0.0            0.0           0.000
     19/06/2001           2001            170         25.000        166.004          4.249         18.564          0.000           90.1            0.4            0.1            0.1            0.0            0.0            0.0            0.0           0.000
     20/06/2001           2001            171         69.000        169.059          4.220         61.725          0.000           90.2            0.4            0.1            0.1            0.0            0.0            0.0            0.0           0.000
     21/06/2001           2001            172         29.000        171.363          4.297         22.399          0.000           90.4            0.4            0.1            0.1            0.0            0.0            0.0            0.0           0.000
     22/06/2001           2001            173         26.000        173.536          4.309         19.519          0.000           90.5            0.4            0.1            0.1            0.0            0.0            0.0            0.0           0.000
     23/06/2001           2001            174          0.000        170.829          2.707          0.000          0.000           91.0            0.5            0.1            0.1            0.0            0.0            0.0            0.0           0.000
     24/06/2001           2001            175          3.000        169.591          3.971          0.267          0.000           91.5            0.5            0.1            0.1            0.0            0.0            0.0            0.0           0.000
     25/06/2001           2001            176          0.000        168.639          0.951          0.000          0.000           92.2            0.5            0.2            0.1            0.0            0.0            0.0            0.0           0.000
     26/06/2001           2001            177          3.000        167.837          3.710          0.093          0.000           92.9            0.5            0.2            0.1            0.0            0.0            0.0            0.0           0.000
     27/06/2001           2001            178         83.000        175.261          4.295         71.281          0.000           93.5            0.5            0.1            0.1            0.0            0.0            0.0            0.0           0.000
     28/06/2001           2001            179          0.000        172.541          2.720          0.000          0.000           94.2            0.5            0.2            0.1            0.0            0.0            0.0            0.0           0.000
     29/06/2001           2001            180          8.000        173.263          4.518          2.761          0.000           94.8            0.5            0.2            0.1            0.0            0.0            0.0            0.0           0.000
     30/06/2001           2001            181          7.000        173.765          4.414          2.083          0.000           95.4            0.5            0.1            0.1            0.0            0.0            0.0            0.0           0.000
     01/07/2001           2001            182         32.000        177.935          4.179         23.651          0.000           96.0            0.5            0.1            0.1            0.0            0.0            0.0            0.0           0.000
     02/07/2001           2001            183         29.000        180.321          4.215         22.399          0.000           96.4            0.5            0.1            0.1            0.0            0.0            0.0            0.0           0.000
     03/07/2001           2001            184          3.000        178.504          4.471          0.347          0.000           96.8            0.5            0.1            0.1            0.0            0.0            0.0            0.0           0.000
     04/07/2001           2001            185          0.000        176.912          1.591          0.000          0.000           97.4            0.5            0.1            0.1            0.0            0.0            0.0            0.0           0.000
     05/07/2001           2001            186          0.000        175.832          1.081          0.000          0.000           98.0            0.5            0.1            0.1            0.0            0.0            0.0            0.0           0.000
     06/07/2001           2001            187          5.000        175.292          4.943          0.597          0.000           98.7            0.5            0.2            0.1            0.0            0.0            0.0            0.0           0.000
     07/07/2001           2001            188          6.000        175.845          4.518          0.928          0.000           99.5            0.5            0.2            0.1            0.0            0.0            0.0            0.0           0.000
     08/07/2001           2001            189          0.000        174.968          0.877          0.000          0.000          100.3            0.5            0.2            0.1            0.0            0.0            0.0            0.0           0.000
     09/07/2001           2001            190          0.000        174.211          0.757          0.000          0.000          101.1            0.5            0.2            0.1            0.0            0.0            0.0            0.0           0.000
     10/07/2001           2001            191         43.000        181.907          4.231         31.074          0.000          101.8            0.5            0.2            0.1            0.0            0.0            0.0            0.0           0.000
     11/07/2001           2001            192         37.000        184.503          4.242         30.162          0.000          102.3            0.5            0.1            0.1            0.0            0.0            0.0            0.0           0.000
     12/07/2001           2001            193          8.000        184.796          4.324          3.383          0.000          102.9            0.5            0.1            0.1            0.0            0.0            0.0            0.0           0.000
     13/07/2001           2001            194          6.000        184.342          4.495          1.959          0.000          103.4            0.5            0.1            0.1            0.0            0.0            0.0            0.0           0.000
     14/07/2001           2001            195         28.000        187.641          4.306         20.394          0.000          103.9            0.5            0.1            0.1            0.0            0.0            0.0            0.0           0.000
     15/07/2001           2001            196         10.000        188.362          4.321          4.958          0.000          104.4            0.5            0.1            0.1            0.0            0.0            0.0            0.0           0.000
     16/07/2001           2001            197          5.000        187.545          4.515          1.301          0.000          104.9            0.5            0.1            0.1            0.0            0.0            0.0            0.0           0.000
     17/07/2001           2001            198          3.000        185.807          4.546          0.192          0.000          105.5            0.5            0.2            0.1            0.0            0.0            0.0            0.0           0.000
     18/07/2001           2001            199          1.000        184.527          2.280          0.000          0.000          106.2            0.5            0.2            0.1            0.0            0.0            0.0            0.0           0.000
     19/07/2001           2001            200          1.000        183.557          1.970          0.000          0.000          106.9            0.5            0.2            0.1            0.0            0.0            0.0            0.0           0.000
     20/07/2001           2001            201          5.000        183.591          4.539          0.428          0.000          107.6            0.5            0.2            0.1            0.0            0.0            0.0            0.0           0.000
     21/07/2001           2001            202          2.000        182.773          2.818          0.000          0.000          108.4            0.5            0.2            0.1            0.0            0.0            0.0            0.0           0.000
     22/07/2001           2001            203          1.000        182.055          1.718          0.000          0.000          109.2            0.5            0.2            0.1            0.0            0.0            0.0            0.0           0.000
     23/07/2001           2001            204         36.000        189.735          4.823         23.498          0.000          109.9            0.5            0.2            0.1            0.0            0.0            0.0            0.0           0.000
     24/07/2001           2001            205         39.000        192.848          4.629         31.258          0.000          110.5            0.5            0.1            0.1            0.0            0.0            0.0            0.0           0.000
     25/07/2001           2001            206          4.000        191.615          4.448          0.784          0.000          111.1            0.5            0.1            0.1            0.0            0.0            0.0            0.0           0.000
     26/07/2001           2001            207          4.000        190.677          4.392          0.546          0.000          111.7            0.5            0.1            0.1            0.0            0.0            0.0            0.0           0.000
     27/07/2001           2001            208         21.000        194.499          4.323         12.855          0.000          112.3            0.5            0.1            0.1            0.0            0.0            0.0            0.0           0.000
     28/07/2001           2001            209          0.000        191.805          2.695          0.000          0.000          112.9            0.5            0.1            0.1            0.0            0.0            0.0            0.0           0.000
     29/07/2001           2001            210         57.000        197.546          4.304         46.955          0.000          113.4            0.5            0.1            0.1            0.0            0.0            0.0            0.0           0.000
     30/07/2001           2001            211         12.000        198.674          4.240          6.632          0.000          113.8            0.5            0.1            0.1            0.0            0.0            0.0            0.0           0.000
     31/07/2001           2001            212          8.000        199.025          4.266          3.383          0.000          114.3            0.5            0.1            0.1            0.0            0.0            0.0            0.0           0.000
     01/08/2001           2001            213         43.000        202.039          4.246         35.740          0.000          114.7            0.5            0.1            0.1            0.0            0.0            0.0            0.0           0.000
     02/08/2001           2001            214          9.000        202.640          4.243          4.156          0.000          115.1            0.5            0.1            0.1            0.0            0.0            0.0            0.0           0.000
     03/08/2001           2001            215          4.000        201.367          4.489          0.784          0.000          115.5            0.5            0.1            0.1            0.0            0.0            0.0            0.0           0.000
     04/08/2001           2001            216          0.000        199.522          1.845          0.000          0.000          116.0            0.5            0.1            0.1            0.0            0.0            0.0            0.0           0.000
     05/08/2001           2001            217         11.000        201.967          4.371          4.184          0.000          116.6            0.5            0.1            0.1            0.0            0.0            0.0            0.0           0.000
     06/08/2001           2001            218         15.000        204.580          4.286          8.101          0.000          117.1            0.5            0.1            0.1            0.0            0.0            0.0            0.0           0.000
     07/08/2001           2001            219          0.000        201.852          2.728          0.000          0.000          117.8            0.5            0.2            0.1            0.0            0.0            0.0            0.0           0.000
     08/08/2001           2001            220          4.000        200.989          4.515          0.349          0.000          118.4            0.5            0.2            0.1            0.0            0.0            0.0            0.0           0.000
     09/08/2001           2001            221          7.000        201.100          5.374          1.515          0.000          119.2            0.5            0.2            0.1            0.0            0.0            0.0            0.0           0.000
     10/08/2001           2001            222          2.000        200.051          3.049          0.000          0.000          119.9            0.5            0.2            0.1            0.0            0.0            0.0            0.0           0.000
     11/08/2001           2001            223          3.000        199.193          3.826          0.032          0.000          120.7            0.5            0.2            0.1            0.0            0.0            0.0            0.0           0.000
     12/08/2001           2001            224          0.000        198.449          0.744          0.000          0.000          121.5            0.5            0.2            0.1            0.0            0.0            0.0            0.0           0.000
     13/08/2001           2001            225          0.000        197.782          0.667          0.000          0.000          122.3            0.5            0.2            0.1            0.0            0.0            0.0            0.0           0.000
     14/08/2001           2001            226          2.000        197.173          2.609          0.000          0.000          123.1            0.5            0.2            0.1            0.0            0.0            0.0            0.0           0.000
     15/08/2001           2001            227         31.000        205.444          4.190         18.539          0.000          123.9            0.5            0.2            0.1            0.0            0.0            0.0            0.0           0.000
     16/08/2001           2001            228          4.000        204.404          4.405          0.635          0.000          124.5            0.5            0.2            0.1            0.0            0.0            0.0            0.0           0.000
     17/08/2001           2001            229          6.000        204.681          4.376          1.347          0.000          125.2            0.5            0.2            0.1            0.0            0.0            0.0            0.0           0.000
     18/08/2001           2001            230          3.000        202.486          5.061          0.133          0.000          125.9            0.5            0.2            0.1            0.0            0.0            0.0            0.0           0.000
     19/08/2001           2001            231          0.000        201.285          1.201          0.000          0.000          126.6            0.5            0.2            0.1            0.0            0.0            0.0            0.0           0.000
     20/08/2001           2001            232          0.000        200.351          0.934          0.000          0.000          127.3            0.5            0.2            0.1            0.0            0.0            0.0            0.0           0.000
     21/08/2001           2001            233          0.000        199.559          0.792          0.000          0.000          128.1            0.5            0.2            0.1            0.0            0.0            0.0            0.0           0.000
     22/08/2001           2001            234          1.000        198.858          1.700          0.000          0.000          128.9            0.5            0.2            0.1            0.0            0.0            0.0            0.0           0.000
     23/08/2001           2001            235          4.000        198.224          4.563          0.072          0.000          129.7            0.5            0.2            0.1            0.0            0.0            0.0            0.0           0.000
     24/08/2001           2001            236          5.000        198.588          4.414          0.222          0.000          130.5            0.5            0.2            0.1            0.0            0.0            0.0            0.0           0.000
     25/08/2001           2001            237         18.000        204.647          4.360          7.581          0.000          131.2            0.5            0.2            0.1            0.0            0.0            0.0            0.0           0.000
     26/08/2001           2001            238          3.000        203.128          4.394          0.126          0.000          132.0            0.5            0.2            0.1            0.0            0.0            0.0            0.0           0.000
     27/08/2001           2001            239          6.000        203.791          4.316          1.021          0.000          132.8            0.5            0.2            0.1            0.0            0.0            0.0            0.0           0.000
     28/08/2001           2001            240          2.000        202.113          3.678          0.000          0.000          133.6            0.5            0.2            0.1            0.0            0.0            0.0            0.0           0.000
     29/08/2001           2001            241          1.000        201.008          2.105          0.000          0.000          134.4            0.5            0.2            0.1            0.0            0.0            0.0            0.0           0.000
     30/08/2001           2001            242         14.000        205.266          4.340          5.403          0.000          135.1            0.5            0.2            0.1            0.0            0.0            0.0            0.0           0.000
     31/08/2001           2001            243          0.000        202.611          2.654          0.000          0.000          135.9            0.5            0.2            0.1            0.0            0.0            0.0            0.0           0.000
     01/09/2001           2001            244         11.000        205.742          4.171          3.698          0.000          136.6            0.5            0.2            0.1            0.0            0.0            0.0            0.0           0.000
     02/09/2001           2001            245          0.000        202.908          2.834          0.000          0.000          137.3            0.5            0.2            0.1            0.0            0.0            0.0            0.0           0.000
     03/09/2001           2001            246          2.000        201.667          3.241          0.000          0.000          138.1            0.5            0.2            0.1            0.0            0.0            0.0            0.0           0.000
     04/09/2001           2001            247          0.000        200.714          0.953          0.000          0.000          138.9            0.5            0.2            0.1            0.0            0.0            0.0            0.0           0.000
     05/09/2001           2001            248          3.000        199.910          3.800          0.004          0.000          139.6            0.5            0.2            0.1            0.0            0.0            0.0            0.0           0.000
     06/09/2001           2001            249         31.000        208.299          4.112         18.500          0.000          140.3            0.5            0.2            0.1            0.0            0.0            0.0            0.0           0.000
     07/09/2001           2001            250          9.000        209.439          4.061          3.799          0.000          140.9            0.4            0.1            0.1            0.0            0.0            0.0            0.0           0.000
     08/09/2001           2001            251          4.000        208.592          4.186          0.661          0.000          141.4            0.4            0.1            0.1            0.0            0.0            0.0            0.0           0.000
     09/09/2001           2001            252          0.000        206.366          2.226          0.000          0.000          142.0            0.4            0.2            0.1            0.0            0.0            0.0            0.0           0.000
     10/09/2001           2001            253         28.000        212.155          3.998         18.213          0.000          142.5            0.4            0.1            0.1            0.0            0.0            0.0            0.0           0.000
     11/09/2001           2001            254         17.000        213.800          4.233         11.074          0.048          142.9            0.4            0.1            0.1            0.0            0.0            0.0            0.0           0.000
     12/09/2001           2001            255          2.000        211.492          4.105          0.066          0.137          143.4            0.4            0.1            0.1            0.0            0.0            0.0            0.0           0.000
     13/09/2001           2001            256          0.000        209.834          1.441          0.000          0.218          143.9            0.4            0.1            0.1            0.0            0.0            0.0            0.0           0.000
     14/09/2001           2001            257         18.000        213.244          4.589          9.711          0.290          144.4            0.4            0.1            0.1            0.0            0.0            0.0            0.0           0.000
     15/09/2001           2001            258          0.000        210.422          2.468          0.000          0.353          145.0            0.4            0.2            0.1            0.0            0.0            0.0            0.0           0.000
     16/09/2001           2001            259          0.000        208.792          1.226          0.000          0.404          145.6            0.4            0.2            0.1            0.0            0.0            0.0            0.0           0.000
     17/09/2001           2001            260          7.000        210.148          3.812          1.392          0.440          146.1            0.4            0.1            0.1            0.0            0.0            0.0            0.0           0.000
     18/09/2001           2001            261         66.000        216.238          3.818         55.626          0.466          146.4            0.4            0.1            0.1            0.0            0.0            0.0            0.0           0.000
     19/09/2001           2001            262          6.000        215.960          3.830          1.959          0.489          146.8            0.4            0.1            0.1            0.0            0.0            0.0            0.0           0.000
     20/09/2001           2001            263          5.000        215.191          3.925          1.331          0.513          147.1            0.4            0.1            0.1            0.0            0.0            0.0            0.0           0.000
     21/09/2001           2001            264          0.000        211.739          2.914          0.000          0.538          147.5            0.4            0.1            0.1            0.0            0.0            0.0            0.0           0.000
     22/09/2001           2001            265          0.000        209.935          1.242          0.000          0.561          148.0            0.4            0.1            0.1            0.0            0.0            0.0            0.0           0.000
     23/09/2001           2001            266          0.000        208.404          0.953          0.000          0.578          148.6            0.4            0.2            0.1            0.0            0.0            0.0            0.0           0.000
     24/09/2001           2001            267          5.000        208.516          3.879          0.425          0.585          149.2            0.4            0.2            0.1            0.0            0.0            0.0            0.0           0.000
     25/09/2001           2001            268          3.000        206.927          3.975          0.035          0.580          149.9            0.4            0.2            0.1            0.0            0.0            0.0            0.0           0.000
     26/09/2001           2001            269          0.000        205.601          0.764          0.000          0.563          150.5            0.4            0.2            0.1            0.0            0.0            0.0            0.0           0.000
     27/09/2001           2001            270          1.000        204.386          1.680          0.000          0.534          151.2            0.4            0.2            0.1            0.0            0.0            0.0            0.0           0.000
     28/09/2001           2001            271          0.000        203.269          0.620          0.000          0.497          151.9            0.4            0.2            0.1            0.0            0.0            0.0            0.0           0.000
     29/09/2001           2001            272          0.000        202.243          0.573          0.000          0.453          152.7            0.4            0.2            0.1            0.0            0.0            0.0            0.0           0.000
     30/09/2001           2001            273          0.000        201.302          0.535          0.000          0.406          153.4            0.4            0.2            0.1            0.0            0.0            0.0            0.0           0.000
     01/10/2001           2001            274         38.000        211.068          3.707         24.167          0.359          154.0            0.4            0.1            0.1            0.0            0.0            0.0            0.0           0.000
     02/10/2001           2001            275          7.000        211.394          3.770          2.583          0.321          154.5            0.4            0.1            0.1            0.0            0.0            0.0            0.0           0.000
     03/10/2001           2001            276          6.000        211.520          3.772          1.807          0.295          154.9            0.4            0.1            0.1            0.0            0.0            0.0            0.0           0.000
     04/10/2001           2001            277          2.000        210.083          3.121          0.032          0.283          155.4            0.4            0.1            0.1            0.0            0.0            0.0            0.0           0.000
     05/10/2001           2001            278         15.000        212.289          4.536          7.973          0.285          155.8            0.4            0.1            0.1            0.0            0.0            0.0            0.0           0.000
     06/10/2001           2001            279          0.000        209.481          2.511          0.000          0.297          156.4            0.4            0.1            0.1            0.0            0.0            0.0            0.0           0.000
     07/10/2001           2001            280          2.000        207.937          3.229          0.000          0.315          156.9            0.4            0.2            0.1            0.0            0.0            0.0            0.0           0.000
     08/10/2001           2001            281          0.000        206.658          0.947          0.000          0.332          157.6            0.4            0.2            0.1            0.0            0.0            0.0            0.0           0.000
     09/10/2001           2001            282          0.000        205.513          0.800          0.000          0.345          158.3            0.4            0.2            0.1            0.0            0.0            0.0            0.0           0.000
     10/10/2001           2001            283         16.000        210.743          3.541          6.878          0.352          158.9            0.4            0.2            0.1            0.0            0.0            0.0            0.0           0.000
     11/10/2001           2001            284          7.000        211.641          3.570          2.176          0.356          159.4            0.4            0.2            0.1            0.0            0.0            0.0            0.0           0.000
     12/10/2001           2001            285          2.000        209.294          3.960          0.030          0.357          160.0            0.4            0.2            0.1            0.0            0.0            0.0            0.0           0.000
     13/10/2001           2001            286          0.000        207.116          1.821          0.000          0.356          160.6            0.4            0.2            0.1            0.0            0.0            0.0            0.0           0.000
     14/10/2001           2001            287          0.000        205.624          1.139          0.000          0.353          161.2            0.4            0.1            0.1            0.0            0.0            0.0            0.0           0.000
     15/10/2001           2001            288         35.000        213.246          3.542         23.487          0.349          161.6            0.4            0.1            0.1            0.0            0.0            0.0            0.0           0.000
     16/10/2001           2001            289          0.000        210.114          2.787          0.000          0.346          162.2            0.4            0.1            0.1            0.0            0.0            0.0            0.0           0.000
     17/10/2001           2001            290          0.000        208.301          1.469          0.000          0.344          162.7            0.4            0.1            0.1            0.0            0.0            0.0            0.0           0.000
     18/10/2001           2001            291          1.000        206.919          2.042          0.000          0.340          163.3            0.4            0.2            0.1            0.0            0.0            0.0            0.0           0.000
     19/10/2001           2001            292          3.000        205.730          3.807          0.047          0.334          164.0            0.4            0.2            0.1            0.0            0.0            0.0            0.0           0.000
     20/10/2001           2001            293          0.000        204.664          0.742          0.000          0.324          164.6            0.4            0.2            0.1            0.0            0.0            0.0            0.0           0.000
     21/10/2001           2001            294          0.000        203.690          0.665          0.000          0.309          165.3            0.4            0.2            0.1            0.0            0.0            0.0            0.0           0.000
     22/10/2001           2001            295          0.000        202.792          0.608          0.000          0.290          166.0            0.4            0.2            0.1            0.0            0.0            0.0            0.0           0.000
     23/10/2001           2001            296          0.000        201.963          0.563          0.000          0.266          166.7            0.4            0.2            0.1            0.0            0.0            0.0            0.0           0.000
     24/10/2001           2001            297          0.000        201.195          0.527          0.000          0.240          167.4            0.4            0.2            0.1            0.0            0.0            0.0            0.0           0.000
     25/10/2001           2001            298          0.000        200.486          0.497          0.000          0.212          168.1            0.4            0.2            0.1            0.0            0.0            0.0            0.0           0.000
     26/10/2001           2001            299          0.000        199.829          0.472          0.000          0.184          168.9            0.4            0.2            0.1            0.0            0.0            0.0            0.0           0.000
     27/10/2001           2001            300          0.000        199.222          0.450          0.000          0.157          169.6            0.4            0.2            0.1            0.0            0.0            0.0            0.0           0.000
     28/10/2001           2001            301         51.000        211.045          3.210         35.833          0.134          170.0            0.4            0.1            0.1            0.0            0.0            0.0            0.0           0.000
     29/10/2001           2001            302          0.000        208.711          2.216          0.000          0.118          170.5            0.4            0.1            0.1            0.0            0.0            0.0            0.0           0.000
     30/10/2001           2001            303          1.000        206.706          2.895          0.000          0.109          171.0            0.3            0.1            0.1            0.0            0.0            0.0            0.0           0.000
     31/10/2001           2001            304        104.000        213.476          3.980         93.138          0.112          171.2            0.3            0.1            0.1            0.0            0.0            0.0            0.0           0.000
     01/11/2001           2001            305          2.000        211.897          3.384          0.066          0.128          171.5            0.3            0.1            0.1            0.0            0.0            0.0            0.0           0.000
     02/11/2001           2001            306          0.000        209.847          1.893          0.000          0.157          171.8            0.3            0.1            0.1            0.0            0.0            0.0            0.0           0.000
     03/11/2001           2001            307          0.000        208.501          1.154          0.000          0.192          172.3            0.3            0.1            0.1            0.0            0.0            0.0            0.0           0.000
     04/11/2001           2001            308          0.000        207.362          0.912          0.000          0.227          172.8            0.4            0.1            0.1            0.0            0.0            0.0            0.0           0.000
     05/11/2001           2001            309          0.000        206.326          0.779          0.000          0.258          173.4            0.4            0.1            0.1            0.0            0.0            0.0            0.0           0.000
     06/11/2001           2001            310          0.000        205.355          0.691          0.000          0.280          173.9            0.4            0.1            0.1            0.0            0.0            0.0            0.0           0.000
     07/11/2001           2001            311          0.000        204.435          0.627          0.000          0.292          174.5            0.4            0.1            0.1            0.0            0.0            0.0            0.0           0.000
     08/11/2001           2001            312          0.000        203.563          0.579          0.000          0.294          175.0            0.3            0.1            0.1            0.0            0.0            0.0            0.0           0.000
     09/11/2001           2001            313          0.000        202.737          0.540          0.000          0.286          175.5            0.3            0.1            0.1            0.0            0.0            0.0            0.0           0.000
     10/11/2001           2001            314          0.000        201.960          0.508          0.000          0.270          176.0            0.3            0.1            0.1            0.0            0.0            0.0            0.0           0.000
     11/11/2001           2001            315         14.000        208.067          2.810          4.836          0.248          176.5            0.3            0.1            0.1            0.0            0.0            0.0            0.0           0.000
     12/11/2001           2001            316         42.000        213.667          2.846         33.326          0.228          176.5            0.2            0.1            0.1            0.0            0.0            0.0            0.0           0.000
     13/11/2001           2001            317          2.000        212.404          2.980          0.066          0.217          176.8            0.3            0.1            0.1            0.0            0.0            0.0            0.0           0.000
     14/11/2001           2001            318          0.000        209.621          2.566          0.000          0.217          177.1            0.3            0.1            0.1            0.0            0.0            0.0            0.0           0.000
     15/11/2001           2001            319          0.000        207.976          1.420          0.000          0.225          177.5            0.3            0.1            0.1            0.0            0.0            0.0            0.0           0.000
     16/11/2001           2001            320          0.000        206.713          1.025          0.000          0.238          178.0            0.3            0.1            0.1            0.0            0.0            0.0            0.0           0.000
     17/11/2001           2001            321          0.000        205.617          0.845          0.000          0.251          178.5            0.3            0.1            0.1            0.0            0.0            0.0            0.0           0.000
     18/11/2001           2001            322          0.000        204.621          0.736          0.000          0.260          179.0            0.3            0.1            0.1            0.0            0.0            0.0            0.0           0.000
     19/11/2001           2001            323          0.000        203.697          0.660          0.000          0.263          179.5            0.3            0.1            0.1            0.0            0.0            0.0            0.0           0.000
     20/11/2001           2001            324          0.000        202.833          0.604          0.000          0.260          180.0            0.3            0.1            0.1            0.0            0.0            0.0            0.0           0.000
     21/11/2001           2001            325          0.000        202.024          0.560          0.000          0.249          180.5            0.3            0.1            0.1            0.0            0.0            0.0            0.0           0.000
     22/11/2001           2001            326          0.000        201.266          0.525          0.000          0.233          181.1            0.3            0.1            0.1            0.0            0.0            0.0            0.0           0.000
     23/11/2001           2001            327          0.000        200.558          0.495          0.000          0.212          181.6            0.3            0.1            0.1            0.0            0.0            0.0            0.0           0.000
     24/11/2001           2001            328          0.000        199.898          0.470          0.000          0.189          182.1            0.3            0.1            0.1            0.0            0.0            0.0            0.0           0.000
     25/11/2001           2001            329          0.000        199.284          0.449          0.000          0.165          182.6            0.3            0.1            0.1            0.0            0.0            0.0            0.0           0.000
     26/11/2001           2001            330          0.000        198.714          0.430          0.000          0.141          183.1            0.3            0.1            0.1            0.0            0.0            0.0            0.0           0.000
     27/11/2001           2001            331          0.000        198.182          0.413          0.000          0.118          183.7            0.3            0.1            0.1            0.0            0.0            0.0            0.0           0.000
     28/11/2001           2001            332          0.000        197.686          0.399          0.000          0.097          184.2            0.3            0.1            0.1            0.0            0.0            0.0            0.0           0.000
     29/11/2001           2001            333          0.000        197.222          0.385          0.000          0.079          184.7            0.3            0.1            0.1            0.0            0.0            0.0            0.0           0.000
     30/11/2001           2001            334          0.000        196.786          0.373          0.000          0.063          185.2            0.3            0.1            0.1            0.0            0.0            0.0            0.0           0.000
     01/12/2001           2001            335          0.000        196.737          0.000          0.000          0.049          185.7            0.3            0.1            0.1            0.0            0.0            0.0            0.0           0.000
     02/12/2001           2001            336          0.000        196.405          0.293          0.000          0.038          186.2            0.3            0.1            0.1            0.0            0.0            0.0            0.0           0.000
     03/12/2001           2001            337          0.000        196.090          0.286          0.000          0.029          186.6            0.3            0.1            0.1            0.0            0.0            0.0            0.0           0.000
     04/12/2001           2001            338          0.000        195.789          0.278          0.000          0.022          187.1            0.3            0.1            0.1            0.0            0.0            0.0            0.0           0.000
     05/12/2001           2001            339          0.000        195.501          0.272          0.000          0.017          187.5            0.2            0.1            0.1            0.0            0.0            0.0            0.0           0.000
     06/12/2001           2001            340          0.000        195.222          0.265          0.000          0.013          187.9            0.2            0.1            0.1            0.0            0.0            0.0            0.0           0.000
     07/12/2001           2001            341          0.000        194.953          0.260          0.000          0.010          188.4            0.2            0.1            0.1            0.0            0.0            0.0            0.0           0.000
     08/12/2001           2001            342          0.000        194.691          0.254          0.000          0.007          188.8            0.2            0.1            0.1            0.0            0.0            0.0            0.0           0.000
     09/12/2001           2001            343          0.000        194.437          0.249          0.000          0.005          189.2            0.2            0.1            0.1            0.0            0.0            0.0            0.0           0.000
     10/12/2001           2001            344          0.000        194.189          0.244          0.000          0.004          189.7            0.2            0.1            0.1            0.0            0.0            0.0            0.0           0.000
     11/12/2001           2001            345          0.000        193.946          0.240          0.000          0.003          190.1            0.2            0.1            0.1            0.0            0.0            0.0            0.0           0.000
     12/12/2001           2001            346          0.000        193.708          0.236          0.000          0.002          190.6            0.2            0.1            0.1            0.0            0.0            0.0            0.0           0.000
     13/12/2001           2001            347          0.000        193.475          0.231          0.000          0.002          191.0            0.2            0.1            0.1            0.0            0.0            0.0            0.0           0.000
     14/12/2001           2001            348          0.000        193.247          0.228          0.000          0.001          191.4            0.2            0.1            0.1            0.0            0.0            0.0            0.0           0.000
     15/12/2001           2001            349          0.000        193.022          0.224          0.000          0.001          191.7            0.2            0.1            0.1            0.0            0.0            0.0            0.0           0.000
     16/12/2001           2001            350          0.000        192.801          0.220          0.000          0.001          192.1            0.2            0.1            0.1            0.0            0.0            0.0            0.0           0.000
     17/12/2001           2001            351          0.000        192.583          0.217          0.000          0.000          192.5            0.2            0.1            0.1            0.0            0.0            0.0            0.0           0.000
     18/12/2001           2001            352          0.000        192.369          0.214          0.000          0.000          192.8            0.2            0.1            0.1            0.0            0.0            0.0            0.0           0.000
     19/12/2001           2001            353          0.000        192.158          0.211          0.000          0.000          193.2            0.2            0.1            0.1            0.0            0.0            0.0            0.0           0.000
     20/12/2001           2001            354          0.000        191.950          0.208          0.000          0.000          193.5            0.2            0.1            0.1            0.0            0.0            0.0            0.0           0.000
     21/12/2001           2001            355          0.000        191.745          0.205          0.000          0.000          193.9            0.2            0.1            0.1            0.0            0.0            0.0            0.0           0.000
     22/12/2001           2001            356          0.000        191.543          0.202          0.000          0.000          194.2            0.2            0.1            0.1            0.0            0.0            0.0            0.0           0.000
     23/12/2001           2001            357          0.000        191.343          0.200          0.000          0.000          194.5            0.2            0.1            0.1            0.0            0.0            0.0            0.0           0.000
     24/12/2001           2001            358          0.000        191.145          0.197          0.000          0.000          194.8            0.2            0.1            0.1            0.0            0.0            0.0            0.0           0.000
     25/12/2001           2001            359          0.000        190.951          0.195          0.000          0.000          195.2            0.2            0.1            0.1            0.0            0.0            0.0            0.0           0.000
     26/12/2001           2001            360          0.000        190.758          0.192          0.000          0.000          195.5            0.2            0.1            0.1            0.0            0.0            0.0            0.0           0.000
     27/12/2001           2001            361          0.000        190.568          0.190          0.000          0.000          195.8            0.2            0.1            0.1            0.0            0.0            0.0            0.0           0.000
     28/12/2001           2001            362          0.000        190.380          0.188          0.000          0.000          196.2            0.2            0.1            0.1            0.0            0.0            0.0            0.0           0.000
     29/12/2001           2001            363          0.000        190.194          0.186          0.000          0.000          196.5            0.2            0.1            0.1            0.0            0.0            0.0            0.0           0.000
     30/12/2001           2001            364          0.000        190.010          0.184          0.000          0.000          196.9            0.2            0.1            0.1            0.0            0.0            0.0            0.0           0.000
     31/12/2001           2001            365          0.000        189.828          0.182          0.000          0.000          197.2            0.2            0.1            0.1            0.0            0.0            0.0            0.0           0.000
