ApsimVersion = 7.5
Title = Silt2 Fallow field
           Date           year            day           rain            esw             es         runoff          drain          no3()   dlt_n_min(1)   dlt_n_min(2)   dlt_n_min(3)   dlt_n_min(4)   dlt_n_min(5)   dlt_n_min(6)   surfaceom_wt surfaceom_cover
   (dd/mm/yyyy)         (year)          (day)           (mm)           (mm)           (mm)           (mm)           (mm)        (kg/ha)        (kg/ha)        (kg/ha)        (kg/ha)        (kg/ha)        (kg/ha)        (kg/ha)        (kg/ha)       (m^2/m^2)
     01/01/2001           2001              1          0.000        134.192          3.958          0.000          0.000            9.7            0.1           -0.0           -0.0           -0.0           -0.0           -0.0            0.0           0.000
     02/01/2001           2001              2          0.000        132.108          2.084          0.000          0.000           10.5            0.1           -0.0           -0.0           -0.0           -0.0           -0.0            0.0           0.000
     03/01/2001           2001              3          0.000        131.085          1.023          0.000          0.000           11.2            0.2           -0.0            0.0           -0.0           -0.0           -0.0            0.0           0.000
     04/01/2001           2001              4          0.000        130.296          0.789          0.000          0.000           11.9            0.2           -0.0            0.0           -0.0           -0.0           -0.0            0.0           0.000
     05/01/2001           2001              5          0.000        129.629          0.667          0.000          0.000           12.4            0.2           -0.0            0.0           -0.0           -0.0           -0.0            0.0           0.000
     06/01/2001           2001              6          0.000        129.041          0.588          0.000          0.000           12.8            0.2            0.0            0.0           -0.0           -0.0           -0.0            0.0           0.000
     07/01/2001           2001              7          0.000        128.509          0.532          0.000          0.000           13.1            0.2            0.0            0.0           -0.0           -0.0           -0.0            0.0           0.000
     08/01/2001           2001              8          0.000        128.020          0.489          0.000          0.000           13.4            0.2            0.0            0.0           -0.0           -0.0           -0.0            0.0           0.000
     09/01/2001           2001              9          0.000        127.564          0.456          0.000          0.000           13.7            0.2            0.0            0.0           -0.0           -0.0           -0.0            0.0           0.000
     10/01/2001           2001             10          0.000        127.136          0.428          0.000          0.000           13.9            0.2            0.0            0.0           -0.0           -0.0           -0.0            0.0           0.000
     11/01/2001           2001             11          0.000        126.731          0.405          0.000          0.000           14.2            0.2            0.0            0.0           -0.0           -0.0           -0.0            0.0           0.000
     12/01/2001           2001             12          0.000        126.346          0.385          0.000          0.000           14.5            0.2            0.0            0.0           -0.0           -0.0           -0.0            0.0           0.000
     13/01/2001           2001             13          0.000        125.978          0.368          0.000          0.000           14.8            0.2            0.0            0.0           -0.0           -0.0           -0.0            0.0           0.000
     14/01/2001           2001             14          0.000        125.624          0.353          0.000          0.000           15.1            0.2            0.0            0.0           -0.0           -0.0           -0.0            0.0           0.000
     15/01/2001           2001             15          0.000        125.285          0.340          0.000          0.000           15.4            0.2            0.0            0.0           -0.0           -0.0           -0.0            0.0           0.000
     16/01/2001           2001             16          0.000        124.957          0.328          0.000          0.000           15.7            0.3            0.1            0.0           -0.0           -0.0           -0.0            0.0           0.000
     17/01/2001           2001             17          0.000        124.640          0.317          0.000          0.000           16.0            0.3            0.1            0.0           -0.0           -0.0           -0.0            0.0           0.000
     18/01/2001           2001             18          0.000        124.332          0.307          0.000          0.000           16.4            0.3            0.1            0.0           -0.0           -0.0           -0.0            0.0           0.000
     19/01/2001           2001             19          0.000        124.034          0.299          0.000          0.000           16.8            0.3            0.1            0.0           -0.0           -0.0           -0.0            0.0           0.000
     20/01/2001           2001             20          0.000        123.743          0.290          0.000          0.000           17.2            0.3            0.1            0.0           -0.0           -0.0           -0.0            0.0           0.000
     21/01/2001           2001             21          0.000        123.460          0.283          0.000          0.000           17.7            0.3            0.1            0.1           -0.0           -0.0           -0.0            0.0           0.000
     22/01/2001           2001             22          0.000        123.184          0.276          0.000          0.000           18.1            0.3            0.1            0.1           -0.0           -0.0           -0.0            0.0           0.000
     23/01/2001           2001             23          0.000        122.915          0.269          0.000          0.000           18.6            0.4            0.1            0.1           -0.0           -0.0           -0.0            0.0           0.000
     24/01/2001           2001             24          0.000        122.652          0.263          0.000          0.000           19.1            0.4            0.1            0.1            0.0           -0.0           -0.0            0.0           0.000
     25/01/2001           2001             25          0.000        122.394          0.258          0.000          0.000           19.6            0.4            0.1            0.1            0.0           -0.0           -0.0            0.0           0.000
     26/01/2001           2001             26          0.000        122.142          0.252          0.000          0.000           20.1            0.3            0.1            0.1            0.0           -0.0           -0.0            0.0           0.000
     27/01/2001           2001             27          0.000        121.894          0.247          0.000          0.000           20.5            0.3            0.1            0.1            0.0           -0.0           -0.0            0.0           0.000
     28/01/2001           2001             28          0.000        121.652          0.243          0.000          0.000           20.9            0.3            0.1            0.1            0.0           -0.0           -0.0            0.0           0.000
     29/01/2001           2001             29          0.000        121.413          0.238          0.000          0.000           21.4            0.3            0.1            0.1            0.0           -0.0           -0.0            0.0           0.000
     30/01/2001           2001             30          0.000        121.179          0.234          0.000          0.000           21.8            0.3            0.1            0.1            0.0           -0.0           -0.0            0.0           0.000
     31/01/2001           2001             31          0.000        120.949          0.230          0.000          0.000           22.2            0.3            0.1            0.1            0.0           -0.0           -0.0            0.0           0.000
     01/02/2001           2001             32          0.000        120.723          0.226          0.000          0.000           22.8            0.3            0.1            0.1            0.0           -0.0           -0.0            0.0           0.000
     02/02/2001           2001             33          0.000        120.500          0.223          0.000          0.000           23.3            0.4            0.1            0.1            0.0           -0.0           -0.0            0.0           0.000
     03/02/2001           2001             34          0.000        120.281          0.219          0.000          0.000           23.9            0.4            0.1            0.1            0.0           -0.0           -0.0            0.0           0.000
     04/02/2001           2001             35          0.000        120.065          0.216          0.000          0.000           24.5            0.4            0.1            0.1            0.0           -0.0           -0.0            0.0           0.000
     05/02/2001           2001             36          0.000        119.853          0.213          0.000          0.000           25.1            0.4            0.1            0.1            0.0           -0.0           -0.0            0.0           0.000
     06/02/2001           2001             37          0.000        119.643          0.210          0.000          0.000           25.7            0.4            0.1            0.1            0.0           -0.0           -0.0            0.0           0.000
     07/02/2001           2001             38          0.000        119.436          0.207          0.000          0.000           26.3            0.4            0.1            0.1            0.0           -0.0           -0.0            0.0           0.000
     08/02/2001           2001             39          0.000        119.232          0.204          0.000          0.000           26.9            0.4            0.1            0.1            0.0           -0.0           -0.0            0.0           0.000
     09/02/2001           2001             40          0.000        119.031          0.201          0.000          0.000           27.5            0.4            0.1            0.1            0.0           -0.0           -0.0            0.0           0.000
     10/02/2001           2001             41          0.000        118.832          0.199          0.000          0.000           28.1            0.4            0.1            0.1            0.0           -0.0           -0.0            0.0           0.000
     11/02/2001           2001             42          0.000        118.636          0.196          0.000          0.000           28.6            0.4            0.1            0.1            0.0           -0.0           -0.0            0.0           0.000
     12/02/2001           2001             43          0.000        118.442          0.194          0.000          0.000           29.2            0.4            0.1            0.1            0.0           -0.0           -0.0            0.0           0.000
     13/02/2001           2001             44          0.000        118.250          0.192          0.000          0.000           29.9            0.4            0.1            0.1            0.0           -0.0           -0.0            0.0           0.000
     14/02/2001           2001             45          0.000        118.061          0.189          0.000          0.000           30.5            0.4            0.1            0.1            0.0           -0.0           -0.0            0.0           0.000
     15/02/2001           2001             46          0.000        117.873          0.187          0.000          0.000           31.2            0.4            0.1            0.1            0.0           -0.0           -0.0            0.0           0.000
     16/02/2001           2001             47          0.000        117.688          0.185          0.000          0.000           31.9            0.5            0.1            0.1            0.0           -0.0           -0.0            0.0           0.000
     17/02/2001           2001             48          0.000        117.505          0.183          0.000          0.000           32.7            0.5            0.1            0.1            0.0           -0.0           -0.0            0.0           0.000
     18/02/2001           2001             49          0.000        117.323          0.181          0.000          0.000           33.4            0.5            0.2            0.1            0.0           -0.0           -0.0            0.0           0.000
     19/02/2001           2001             50          0.000        117.144          0.179          0.000          0.000           34.2            0.5            0.2            0.1            0.0           -0.0           -0.0            0.0           0.000
     20/02/2001           2001             51          0.000        116.966          0.178          0.000          0.000           34.9            0.5            0.2            0.1            0.0           -0.0           -0.0            0.0           0.000
     21/02/2001           2001             52          0.000        116.791          0.176          0.000          0.000           35.7            0.5            0.2            0.1            0.0           -0.0           -0.0            0.0           0.000
     22/02/2001           2001             53          6.000        119.088          3.702          0.000          0.000           36.4            0.5            0.1            0.1            0.0           -0.0           -0.0            0.0           0.000
     23/02/2001           2001             54          0.000        118.889          0.200          0.000          0.000           37.1            0.5            0.1            0.1            0.0           -0.0           -0.0            0.0           0.000
     24/02/2001           2001             55          0.000        118.692          0.197          0.000          0.000           37.7            0.4            0.1            0.1            0.0           -0.0           -0.0            0.0           0.000
     25/02/2001           2001             56          0.000        118.497          0.195          0.000          0.000           38.5            0.5            0.1            0.1            0.0           -0.0           -0.0            0.0           0.000
     26/02/2001           2001             57          0.000        118.305          0.192          0.000          0.000           39.2            0.5            0.1            0.1            0.0           -0.0           -0.0            0.0           0.000
     27/02/2001           2001             58          4.000        118.609          3.696          0.000          0.000           39.9            0.5            0.2            0.1            0.0           -0.0           -0.0            0.0           0.000
     28/02/2001           2001             59          0.000        118.415          0.194          0.000          0.000           40.6            0.5            0.2            0.1            0.0           -0.0           -0.0            0.0           0.000
     01/03/2001           2001             60          0.000        118.224          0.191          0.000          0.000           41.3            0.5            0.2            0.1            0.0           -0.0           -0.0            0.0           0.000
     02/03/2001           2001             61          0.000        118.035          0.189          0.000          0.000           42.1            0.5            0.2            0.1            0.0           -0.0           -0.0            0.0           0.000
     03/03/2001           2001             62          0.000        117.848          0.187          0.000          0.000           42.8            0.5            0.2            0.1            0.0           -0.0           -0.0            0.0           0.000
     04/03/2001           2001             63          0.000        117.663          0.185          0.000          0.000           43.6            0.5            0.2            0.1            0.0           -0.0           -0.0            0.0           0.000
     05/03/2001           2001             64          0.000        117.480          0.183          0.000          0.000           44.4            0.5            0.2            0.1            0.0           -0.0           -0.0            0.0           0.000
     06/03/2001           2001             65          0.000        117.299          0.181          0.000          0.000           45.1            0.5            0.2            0.1            0.0           -0.0           -0.0            0.0           0.000
     07/03/2001           2001             66          0.000        117.120          0.179          0.000          0.000           45.8            0.5            0.2            0.1            0.0           -0.0           -0.0            0.0           0.000
     08/03/2001           2001             67          0.000        116.942          0.177          0.000          0.000           46.6            0.5            0.2            0.1            0.0           -0.0           -0.0            0.0           0.000
     09/03/2001           2001             68          0.000        116.767          0.176          0.000          0.000           47.3            0.5            0.2            0.1            0.0           -0.0           -0.0            0.0           0.000
     10/03/2001           2001             69          0.000        116.593          0.174          0.000          0.000           48.0            0.5            0.2            0.1            0.0           -0.0           -0.0            0.0           0.000
     11/03/2001           2001             70          0.000        116.420          0.172          0.000          0.000           48.8            0.5            0.2            0.1            0.0           -0.0           -0.0            0.0           0.000
     12/03/2001           2001             71          0.000        116.250          0.171          0.000          0.000           49.6            0.5            0.2            0.1            0.0           -0.0           -0.0            0.0           0.000
     13/03/2001           2001             72          0.000        116.081          0.169          0.000          0.000           50.5            0.5            0.2            0.1            0.0           -0.0           -0.0            0.0           0.000
     14/03/2001           2001             73          0.000        115.913          0.168          0.000          0.000           51.3            0.5            0.2            0.1            0.0           -0.0           -0.0            0.0           0.000
     15/03/2001           2001             74          0.000        115.747          0.166          0.000          0.000           52.2            0.5            0.2            0.1            0.0           -0.0           -0.0            0.0           0.000
     16/03/2001           2001             75          0.000        115.583          0.165          0.000          0.000           53.1            0.6            0.2            0.1            0.0           -0.0           -0.0            0.0           0.000
     17/03/2001           2001             76          0.000        115.419          0.163          0.000          0.000           54.0            0.6            0.2            0.1            0.0           -0.0           -0.0            0.0           0.000
     18/03/2001           2001             77          0.000        115.258          0.162          0.000          0.000           54.9            0.6            0.2            0.1            0.0           -0.0           -0.0            0.0           0.000
     19/03/2001           2001             78          0.000        115.097          0.160          0.000          0.000           55.8            0.6            0.2            0.1            0.0           -0.0           -0.0            0.0           0.000
     20/03/2001           2001             79          0.000        114.938          0.159          0.000          0.000           56.8            0.6            0.2            0.1            0.0           -0.0           -0.0            0.0           0.000
     21/03/2001           2001             80          0.000        114.780          0.158          0.000          0.000           57.7            0.6            0.2            0.1            0.0           -0.0           -0.0            0.0           0.000
     22/03/2001           2001             81          0.000        114.623          0.157          0.000          0.000           58.6            0.6            0.2            0.1            0.0           -0.0           -0.0            0.0           0.000
     23/03/2001           2001             82          0.000        114.468          0.155          0.000          0.000           59.5            0.6            0.2            0.1            0.0           -0.0           -0.0            0.0           0.000
     24/03/2001           2001             83          1.000        114.314          1.154          0.000          0.000           60.5            0.6            0.2            0.1            0.0           -0.0           -0.0            0.0           0.000
     25/03/2001           2001             84          0.000        114.161          0.153          0.000          0.000           61.3            0.6            0.2            0.1            0.0           -0.0           -0.0            0.0           0.000
     26/03/2001           2001             85          0.000        114.009          0.152          0.000          0.000           62.2            0.5            0.2            0.1            0.0           -0.0           -0.0            0.0           0.000
     27/03/2001           2001             86          0.000        113.858          0.151          0.000          0.000           63.1            0.5            0.2            0.1            0.0           -0.0           -0.0            0.0           0.000
     28/03/2001           2001             87          0.000        113.708          0.150          0.000          0.000           64.0            0.6            0.2            0.1            0.0           -0.0           -0.0            0.0           0.000
     29/03/2001           2001             88          0.000        113.559          0.149          0.000          0.000           64.9            0.6            0.2            0.1            0.0           -0.0           -0.0            0.0           0.000
     30/03/2001           2001             89          0.000        113.412          0.148          0.000          0.000           65.8            0.6            0.2            0.1            0.0           -0.0           -0.0            0.0           0.000
     31/03/2001           2001             90          3.000        113.265          3.147          0.000          0.000           66.7            0.6            0.2            0.1            0.0           -0.0           -0.0            0.0           0.000
     01/04/2001           2001             91          0.000        113.119          0.146          0.000          0.000           67.6            0.6            0.2            0.1            0.0           -0.0           -0.0            0.0           0.000
     02/04/2001           2001             92          0.000        109.080          4.039          0.000          0.000           68.4            0.5            0.2            0.1            0.0           -0.0           -0.0            0.0           0.000
     03/04/2001           2001             93          7.000        111.877          4.203          0.000          0.000           69.3            0.5            0.2            0.1            0.0           -0.0           -0.0            0.0           0.000
     04/04/2001           2001             94          0.000        111.676          0.201          0.000          0.000           70.1            0.5            0.2            0.1            0.0           -0.0           -0.0            0.0           0.000
     05/04/2001           2001             95          0.000        111.477          0.199          0.000          0.000           71.0            0.5            0.2            0.1            0.0           -0.0           -0.0            0.0           0.000
     06/04/2001           2001             96          0.000        111.279          0.198          0.000          0.000           71.9            0.5            0.2            0.1            0.0           -0.0           -0.0            0.0           0.000
     07/04/2001           2001             97          0.000        111.083          0.196          0.000          0.000           72.8            0.5            0.2            0.1            0.0           -0.0           -0.0            0.0           0.000
     08/04/2001           2001             98          0.000        110.889          0.194          0.000          0.000           73.7            0.5            0.2            0.1            0.0           -0.0           -0.0            0.0           0.000
     09/04/2001           2001             99          0.000        110.696          0.193          0.000          0.000           74.6            0.5            0.2            0.1            0.0           -0.0           -0.0            0.0           0.000
     10/04/2001           2001            100          0.000        110.505          0.191          0.000          0.000           75.5            0.5            0.2            0.1            0.0           -0.0           -0.0            0.0           0.000
     11/04/2001           2001            101          0.000        110.316          0.190          0.000          0.000           76.4            0.5            0.2            0.1            0.0           -0.0           -0.0            0.0           0.000
     12/04/2001           2001            102          0.000        110.128          0.188          0.000          0.000           77.2            0.5            0.2            0.1            0.0           -0.0           -0.0            0.0           0.000
     13/04/2001           2001            103          0.000        109.941          0.187          0.000          0.000           78.1            0.5            0.2            0.1            0.0           -0.0           -0.0            0.0           0.000
     14/04/2001           2001            104          0.000        109.756          0.185          0.000          0.000           78.9            0.5            0.2            0.1            0.0           -0.0           -0.0            0.0           0.000
     15/04/2001           2001            105          0.000        109.572          0.184          0.000          0.000           79.7            0.5            0.2            0.1            0.0           -0.0           -0.0            0.0           0.000
     16/04/2001           2001            106          0.000        109.390          0.182          0.000          0.000           80.5            0.5            0.2            0.1            0.0           -0.0           -0.0            0.0           0.000
     17/04/2001           2001            107          0.000        109.209          0.181          0.000          0.000           81.3            0.5            0.2            0.1            0.0           -0.0           -0.0            0.0           0.000
     18/04/2001           2001            108          0.000        109.029          0.180          0.000          0.000           82.1            0.5            0.2            0.1            0.0           -0.0           -0.0            0.0           0.000
     19/04/2001           2001            109          2.000        108.850          2.178          0.000          0.000           82.9            0.5            0.2            0.1            0.0           -0.0           -0.0            0.0           0.000
     20/04/2001           2001            110          0.000        108.673          0.177          0.000          0.000           83.7            0.5            0.2            0.1            0.0           -0.0           -0.0            0.0           0.000
     21/04/2001           2001            111          0.000        108.497          0.176          0.000          0.000           84.6            0.5            0.2            0.1            0.0           -0.0           -0.0            0.0           0.000
     22/04/2001           2001            112          0.000        108.322          0.175          0.000          0.000           85.4            0.5            0.2            0.1            0.0           -0.0           -0.0            0.0           0.000
     23/04/2001           2001            113          1.000        108.149          1.174          0.000          0.000           86.3            0.5            0.2            0.1            0.0           -0.0           -0.0            0.0           0.000
     24/04/2001           2001            114          0.000        107.976          0.172          0.000          0.000           87.2            0.5            0.2            0.1            0.0           -0.0           -0.0            0.0           0.000
     25/04/2001           2001            115          0.000        107.805          0.171          0.000          0.000           88.1            0.5            0.2            0.1            0.0           -0.0           -0.0            0.0           0.000
     26/04/2001           2001            116          0.000        107.635          0.170          0.000          0.000           89.0            0.5            0.2            0.1            0.0           -0.0           -0.0            0.0           0.000
     27/04/2001           2001            117          0.000        107.465          0.169          0.000          0.000           89.8            0.5            0.2            0.1            0.0           -0.0           -0.0            0.0           0.000
     28/04/2001           2001            118          0.000        107.297          0.168          0.000          0.000           90.7            0.5            0.2            0.1            0.0           -0.0           -0.0            0.0           0.000
     29/04/2001           2001            119          0.000        107.130          0.167          0.000          0.000           91.5            0.5            0.2            0.1            0.0           -0.0           -0.0            0.0           0.000
     30/04/2001           2001            120          0.000        106.964          0.166          0.000          0.000           92.3            0.5            0.2            0.1            0.0           -0.0           -0.0            0.0           0.000
     01/05/2001           2001            121          8.000        110.771          4.193          0.000          0.000           93.1            0.5            0.2            0.1            0.0           -0.0           -0.0            0.0           0.000
     02/05/2001           2001            122          0.000        110.579          0.192          0.000          0.000           93.9            0.5            0.2            0.1            0.0           -0.0           -0.0            0.0           0.000
     03/05/2001           2001            123          6.000        112.372          4.208          0.000          0.000           94.7            0.5            0.2            0.1            0.0           -0.0           -0.0            0.0           0.000
     04/05/2001           2001            124         83.000        143.986          4.164         47.221          0.000           94.8            0.4            0.1            0.1            0.0           -0.0           -0.0            0.0           0.000
     05/05/2001           2001            125          0.000        141.146          2.840          0.000          0.000           95.3            0.4            0.1            0.1            0.0           -0.0           -0.0            0.0           0.000
     06/05/2001           2001            126          1.000        139.904          2.241          0.000          0.000           95.9            0.4            0.1            0.1            0.0           -0.0           -0.0            0.0           0.000
     07/05/2001           2001            127          0.000        138.951          0.953          0.000          0.000           96.6            0.4            0.2            0.1            0.0           -0.0           -0.0            0.0           0.000
     08/05/2001           2001            128         69.000        157.816          4.006         46.129          0.000           96.6            0.4            0.1            0.1            0.0           -0.0           -0.0            0.0           0.000
     09/05/2001           2001            129         54.000        171.595          4.177         36.045          0.000           96.4            0.4            0.1            0.1            0.0           -0.0           -0.0            0.0           0.000
     10/05/2001           2001            130          0.000        168.766          2.828          0.000          0.000           96.6            0.4            0.1            0.1            0.0           -0.0           -0.0            0.0           0.000
     11/05/2001           2001            131         43.000        181.974          4.149         25.643          0.000           96.5            0.4            0.1            0.1            0.0           -0.0           -0.0            0.0           0.000
     12/05/2001           2001            132         64.000        196.453          4.164         45.357          0.000           96.3            0.4            0.1            0.1            0.0           -0.0           -0.0            0.0           0.000
     13/05/2001           2001            133          0.000        193.613          2.840          0.000          0.000           96.5            0.4            0.1            0.1            0.0           -0.0           -0.0            0.0           0.000
     14/05/2001           2001            134          0.000        192.371          1.241          0.000          0.000           96.9            0.4            0.1            0.1            0.0           -0.0           -0.0            0.0           0.000
     15/05/2001           2001            135          0.000        191.418          0.953          0.000          0.000           97.4            0.4            0.2            0.1            0.0           -0.0           -0.0            0.0           0.000
     16/05/2001           2001            136          0.000        190.615          0.804          0.000          0.000           98.0            0.5            0.2            0.1            0.0           -0.0           -0.0            0.0           0.000
     17/05/2001           2001            137          0.000        189.907          0.708          0.000          0.000           98.7            0.5            0.2            0.1            0.0           -0.0           -0.0            0.0           0.000
     18/05/2001           2001            138          0.000        189.267          0.640          0.000          0.000           99.5            0.5            0.2            0.1            0.0           -0.0           -0.0            0.0           0.000
     19/05/2001           2001            139          0.000        188.678          0.589          0.000          0.000          100.3            0.5            0.2            0.1            0.0           -0.0           -0.0            0.0           0.000
     20/05/2001           2001            140         34.000        203.116          5.120         14.442          0.000          100.4            0.5            0.1            0.1            0.0           -0.0           -0.0            0.0           0.000
     21/05/2001           2001            141          0.000        201.034          2.082          0.000          0.000          100.8            0.5            0.1            0.1            0.0           -0.0           -0.0            0.0           0.000
     22/05/2001           2001            142          0.000        199.848          1.186          0.000          0.000          101.3            0.5            0.2            0.1            0.0           -0.0           -0.0            0.0           0.000
     23/05/2001           2001            143         33.000        212.512          4.367         15.969          0.000          101.2            0.4            0.1            0.1            0.0           -0.0           -0.0            0.0           0.000
     24/05/2001           2001            144         21.000        221.338          4.194          7.980          0.000          100.9            0.4            0.1            0.1            0.0           -0.0           -0.0            0.0           0.000
     25/05/2001           2001            145          3.000        219.832          4.506          0.000          0.000          101.0            0.4            0.1            0.1            0.0           -0.0           -0.0            0.0           0.000
     26/05/2001           2001            146          0.000        218.084          1.748          0.000          0.000          101.3            0.4            0.1            0.1            0.0           -0.0           -0.0            0.0           0.000
     27/05/2001           2001            147         30.000        229.846          4.543         13.695          0.000          101.1            0.4            0.1            0.1            0.0           -0.0           -0.0            0.0           0.000
     28/05/2001           2001            148          0.000        227.341          2.506          0.000          0.000          101.3            0.4            0.1            0.1            0.0           -0.0           -0.0            0.0           0.000
     29/05/2001           2001            149          0.000        226.112          1.228          0.000          0.000          101.7            0.4            0.1            0.1            0.0           -0.0           -0.0            0.0           0.000
     30/05/2001           2001            150          1.000        225.165          1.947          0.000          0.000          102.2            0.4            0.2            0.1            0.0           -0.0           -0.0            0.0           0.000
     31/05/2001           2001            151          0.000        224.365          0.800          0.000          0.000          102.8            0.5            0.2            0.1            0.0           -0.0           -0.0            0.0           0.000
     01/06/2001           2001            152          7.000        226.684          4.534          0.147          0.000          103.4            0.5            0.2            0.1            0.0           -0.0           -0.0            0.0           0.000
     02/06/2001           2001            153         14.000        233.521          4.346          2.817          0.000          103.7            0.4            0.1            0.1            0.0           -0.0           -0.0            0.0           0.000
     03/06/2001           2001            154          8.000        236.583          4.229          0.710          0.000          103.8            0.4            0.1            0.1            0.0           -0.0           -0.0            0.0           0.000
     04/06/2001           2001            155          0.000        233.803          2.780          0.000          0.000          104.2            0.4            0.1            0.1            0.0           -0.0           -0.0            0.0           0.000
     05/06/2001           2001            156          1.000        232.563          2.240          0.000          0.000          104.6            0.4            0.1            0.1            0.0           -0.0           -0.0            0.0           0.000
     06/06/2001           2001            157         77.000        250.203          4.285         55.074          0.000          104.5            0.4            0.1            0.1            0.0           -0.0           -0.0            0.0           0.000
     07/06/2001           2001            158         63.000        264.529          4.257         44.418          0.000          104.2            0.4            0.1            0.1            0.0           -0.0           -0.0            0.0           0.000
     08/06/2001           2001            159         27.000        274.798          4.217         12.514          0.000          103.9            0.3            0.1            0.1            0.0           -0.0           -0.0            0.0           0.000
     09/06/2001           2001            160         20.000        283.279          4.247          7.272          0.000          103.6            0.3            0.1            0.1            0.0           -0.0           -0.0            0.0           0.000
     10/06/2001           2001            161         66.000        297.711          4.329         47.240          0.000          103.4            0.3            0.1            0.1            0.0           -0.0           -0.0            0.0           0.000
     11/06/2001           2001            162          0.000        295.022          2.689          0.000          0.000          103.4            0.4            0.1            0.1            0.0           -0.0           -0.0            0.0           0.000
     12/06/2001           2001            163          0.000        293.784          1.237          0.000          0.000          103.6            0.4            0.1            0.1            0.0           -0.0           -0.0            0.0           0.000
     13/06/2001           2001            164          0.000        292.833          0.951          0.000          0.000          103.9            0.4            0.1            0.1            0.0           -0.0           -0.0            0.0           0.000
     14/06/2001           2001            165         76.000        311.167          4.156         53.391          0.118          103.7            0.4            0.1            0.1            0.0           -0.0           -0.0            0.0           0.000
     15/06/2001           2001            166        153.000        323.979          4.192        131.829          4.166          103.2            0.3            0.1            0.1            0.0           -0.0           -0.0            0.0           0.000
     16/06/2001           2001            167         35.000        324.717          4.233         19.100         10.929          102.5            0.3            0.1            0.1            0.0           -0.0           -0.0            0.0           0.000
     17/06/2001           2001            168         76.000        324.709          4.241         56.730         15.037          101.5            0.3            0.1            0.1            0.0           -0.0           -0.0            0.0           0.000
     18/06/2001           2001            169         16.000        324.762          4.188          4.626          7.133          100.9            0.3            0.1            0.1            0.0           -0.0           -0.0            0.0           0.000
     19/06/2001           2001            170         25.000        324.702          4.249         10.955          9.857          100.1            0.3            0.1            0.1            0.0           -0.0           -0.0            0.0           0.000
     20/06/2001           2001            171         69.000        324.730          4.220         50.074         14.678           99.0            0.3            0.1            0.1            0.0           -0.0           -0.0            0.0           0.000
     21/06/2001           2001            172         29.000        324.653          4.297         14.113         10.667           98.1            0.3            0.1            0.1            0.0           -0.0           -0.0            0.0           0.000
     22/06/2001           2001            173         26.000        324.641          4.309         11.729          9.974           97.3            0.3            0.1            0.1            0.0           -0.0           -0.0            0.0           0.000
     23/06/2001           2001            174          0.000        317.457          2.707          0.000          4.477           97.0            0.4            0.1            0.1            0.0           -0.0           -0.0            0.0           0.000
     24/06/2001           2001            175          3.000        311.811          4.238          0.000          4.409           96.9            0.4            0.1            0.1            0.0           -0.0           -0.0            0.0           0.000
     25/06/2001           2001            176          0.000        306.578          0.951          0.000          4.281           96.9            0.4            0.1            0.1            0.0           -0.0           -0.0            0.0           0.000
     26/06/2001           2001            177          3.000        301.684          3.803          0.000          4.091           97.0            0.4            0.2            0.1            0.0           -0.0           -0.0            0.0           0.000
     27/06/2001           2001            178         83.000        317.752          4.295         58.710          3.926           96.6            0.4            0.1            0.1            0.0           -0.0           -0.0            0.0           0.000
     28/06/2001           2001            179          0.000        311.239          2.720          0.000          3.794           96.4            0.4            0.1            0.1            0.0           -0.0           -0.0            0.0           0.000
     29/06/2001           2001            180          8.000        310.602          4.311          0.649          3.678           96.2            0.4            0.1            0.1            0.0           -0.0           -0.0            0.0           0.000
     30/06/2001           2001            181          7.000        309.369          4.249          0.423          3.561           96.1            0.4            0.1            0.1            0.0           -0.0           -0.0            0.0           0.000
     01/07/2001           2001            182         32.000        317.122          4.179         16.575          3.493           95.7            0.3            0.1            0.1            0.0           -0.0           -0.0            0.0           0.000
     02/07/2001           2001            183         29.000        323.727          4.215         14.113          4.068           95.2            0.3            0.1            0.1            0.0           -0.0           -0.0            0.0           0.000
     03/07/2001           2001            184          3.000        318.080          4.471          0.000          4.177           94.8            0.3            0.1            0.1            0.0           -0.0           -0.0            0.0           0.000
     04/07/2001           2001            185          0.000        312.120          1.756          0.000          4.204           94.6            0.3            0.1            0.1            0.0           -0.0           -0.0            0.0           0.000
     05/07/2001           2001            186          0.000        306.850          1.124          0.000          4.146           94.5            0.4            0.1            0.1            0.0           -0.0           -0.0            0.0           0.000
     06/07/2001           2001            187          5.000        302.746          5.094          0.002          4.008           94.5            0.4            0.1            0.1            0.0           -0.0           -0.0            0.0           0.000
     07/07/2001           2001            188          6.000        300.381          4.518          0.045          3.803           94.5            0.4            0.1            0.1            0.0            0.0           -0.0            0.0           0.000
     08/07/2001           2001            189          0.000        295.655          1.180          0.000          3.545           94.7            0.4            0.2            0.1            0.0            0.0           -0.0            0.0           0.000
     09/07/2001           2001            190          0.000        291.479          0.925          0.000          3.252           94.9            0.4            0.2            0.1            0.0            0.0           -0.0            0.0           0.000
     10/07/2001           2001            191         43.000        305.025          4.231         22.239          2.984           94.7            0.3            0.1            0.1            0.0            0.0           -0.0            0.0           0.000
     11/07/2001           2001            192         37.000        314.079          4.242         20.814          2.890           94.4            0.3            0.1            0.1            0.0            0.0           -0.0            0.0           0.000
     12/07/2001           2001            193          8.000        314.139          4.324          0.710          2.906           94.0            0.3            0.1            0.1            0.0            0.0           -0.0            0.0           0.000
     13/07/2001           2001            194          6.000        312.665          4.297          0.203          2.973           93.8            0.3            0.1            0.1            0.0            0.0           -0.0            0.0           0.000
     14/07/2001           2001            195         28.000        319.846          4.306         13.309          3.204           93.4            0.3            0.1            0.1            0.0            0.0           -0.0            0.0           0.000
     15/07/2001           2001            196         10.000        320.644          4.321          1.450          3.431           92.9            0.3            0.1            0.1            0.0            0.0           -0.0            0.0           0.000
     16/07/2001           2001            197          5.000        317.661          4.309          0.058          3.616           92.6            0.4            0.1            0.1            0.0            0.0           -0.0            0.0           0.000
     17/07/2001           2001            198          3.000        312.381          4.546          0.000          3.734           92.3            0.4            0.1            0.1            0.0            0.0           -0.0            0.0           0.000
     18/07/2001           2001            199          1.000        306.940          2.672          0.000          3.769           92.2            0.4            0.1            0.1            0.0            0.0           -0.0            0.0           0.000
     19/07/2001           2001            200          1.000        302.118          2.103          0.000          3.719           92.2            0.4            0.1            0.1            0.0            0.0           -0.0            0.0           0.000
     20/07/2001           2001            201          5.000        298.989          4.539          0.000          3.591           92.3            0.4            0.2            0.1            0.0            0.0           -0.0            0.0           0.000
     21/07/2001           2001            202          2.000        294.625          2.967          0.000          3.396           92.4            0.4            0.2            0.1            0.0            0.0           -0.0            0.0           0.000
     22/07/2001           2001            203          1.000        290.662          1.812          0.000          3.151           92.6            0.4            0.2            0.1            0.0            0.0           -0.0            0.0           0.000
     23/07/2001           2001            204         36.000        302.796          4.823         16.137          2.907           92.5            0.4            0.1            0.1            0.0            0.0           -0.0            0.0           0.000
     24/07/2001           2001            205         39.000        311.834          4.629         22.549          2.784           92.2            0.4            0.1            0.1            0.0            0.0           -0.0            0.0           0.000
     25/07/2001           2001            206          4.000        308.631          4.448          0.000          2.755           92.0            0.4            0.1            0.1            0.0            0.0           -0.0            0.0           0.000
     26/07/2001           2001            207          4.000        305.465          4.392          0.000          2.773           91.9            0.4            0.1            0.1            0.0            0.0           -0.0            0.0           0.000
     27/07/2001           2001            208         21.000        311.700          4.323          7.619          2.823           91.6            0.3            0.1            0.1            0.0            0.0           -0.0            0.0           0.000
     28/07/2001           2001            209          0.000        306.129          2.695          0.000          2.876           91.5            0.4            0.1            0.1            0.0            0.0           -0.0            0.0           0.000
     29/07/2001           2001            210         57.000        317.532          4.304         38.281          3.012           91.1            0.3            0.1            0.1            0.0            0.0           -0.0            0.0           0.000
     30/07/2001           2001            211         12.000        319.709          4.240          2.372          3.211           90.6            0.3            0.1            0.1            0.0            0.0           -0.0            0.0           0.000
     31/07/2001           2001            212          8.000        319.323          4.266          0.710          3.410           90.2            0.3            0.1            0.1            0.0            0.0           -0.0            0.0           0.000
     01/08/2001           2001            213         43.000        324.704          4.246         26.072          7.301           89.3            0.3            0.1            0.1            0.0            0.0           -0.0            0.0           0.000
     02/08/2001           2001            214          9.000        323.913          4.243          1.054          4.494           88.7            0.3            0.1            0.1            0.0            0.0           -0.0            0.0           0.000
     03/08/2001           2001            215          4.000        318.962          4.489          0.000          4.462           88.2            0.3            0.1            0.1            0.0            0.0           -0.0            0.0           0.000
     04/08/2001           2001            216          0.000        312.220          2.356          0.000          4.386           87.9            0.4            0.1            0.1            0.0            0.0           -0.0            0.0           0.000
     05/08/2001           2001            217         11.000        313.218          4.223          1.520          4.260           87.7            0.3            0.1            0.1            0.0            0.0           -0.0            0.0           0.000
     06/08/2001           2001            218         15.000        315.801          4.286          4.020          4.111           87.2            0.3            0.1            0.1            0.0            0.0           -0.0            0.0           0.000
     07/08/2001           2001            219          0.000        309.128          2.728          0.000          3.946           87.0            0.4            0.1            0.1            0.0            0.0           -0.0            0.0           0.000
     08/08/2001           2001            220          4.000        304.849          4.515          0.000          3.764           86.9            0.4            0.1            0.1            0.0            0.0            0.0            0.0           0.000
     09/08/2001           2001            221          7.000        302.639          5.374          0.271          3.566           86.9            0.4            0.1            0.1            0.0            0.0            0.0            0.0           0.000
     10/08/2001           2001            222          2.000        297.757          3.532          0.000          3.350           86.9            0.4            0.2            0.1            0.0            0.0            0.0            0.0           0.000
     11/08/2001           2001            223          3.000        293.576          4.063          0.000          3.118           87.1            0.4            0.2            0.1            0.0            0.0            0.0            0.0           0.000
     12/08/2001           2001            224          0.000        289.840          0.866          0.000          2.870           87.3            0.4            0.2            0.1            0.0            0.0            0.0            0.0           0.000
     13/08/2001           2001            225          0.000        286.479          0.749          0.000          2.612           87.6            0.4            0.2            0.1            0.0            0.0            0.0            0.0           0.000
     14/08/2001           2001            226          2.000        283.462          2.670          0.000          2.347           87.9            0.4            0.2            0.1            0.0            0.0            0.0            0.0           0.000
     15/08/2001           2001            227         31.000        296.316          4.190         11.853          2.104           87.9            0.3            0.1            0.1            0.0            0.0            0.0            0.0           0.000
     16/08/2001           2001            228          4.000        294.010          4.405          0.000          1.901           88.0            0.4            0.1            0.1            0.0            0.0            0.0            0.0           0.000
     17/08/2001           2001            229          6.000        293.837          4.226          0.203          1.744           88.1            0.4            0.1            0.1            0.0            0.0            0.0            0.0           0.000
     18/08/2001           2001            230          3.000        289.688          5.519          0.000          1.630           88.3            0.3            0.1            0.1            0.0            0.0            0.0            0.0           0.000
     19/08/2001           2001            231          0.000        286.821          1.321          0.000          1.546           88.6            0.3            0.1            0.1            0.0            0.0            0.0            0.0           0.000
     20/08/2001           2001            232          0.000        284.357          0.987          0.000          1.477           88.9            0.4            0.1            0.1            0.0            0.0            0.0            0.0           0.000
     21/08/2001           2001            233          0.000        282.123          0.823          0.000          1.411           89.3            0.4            0.2            0.1            0.0            0.0            0.0            0.0           0.000
     22/08/2001           2001            234          1.000        280.064          1.721          0.000          1.338           89.7            0.4            0.2            0.1            0.0            0.0            0.0            0.0           0.000
     23/08/2001           2001            235          4.000        278.160          4.650          0.000          1.254           90.2            0.4            0.2            0.1            0.0            0.0            0.0            0.0           0.000
     24/08/2001           2001            236          5.000        277.587          4.414          0.000          1.159           90.7            0.4            0.2            0.1            0.0            0.0            0.0            0.0           0.000
     25/08/2001           2001            237         18.000        286.535          4.216          3.775          1.062           91.0            0.3            0.1            0.1            0.0            0.0            0.0            0.0           0.000
     26/08/2001           2001            238          3.000        284.167          4.394          0.000          0.973           91.4            0.4            0.1            0.1            0.0            0.0            0.0            0.0           0.000
     27/08/2001           2001            239          6.000        284.923          4.189          0.154          0.901           91.7            0.4            0.1            0.1            0.0            0.0            0.0            0.0           0.000
     28/08/2001           2001            240          2.000        281.705          4.371          0.000          0.847           92.2            0.4            0.1            0.1            0.0            0.0            0.0            0.0           0.000
     29/08/2001           2001            241          1.000        279.516          2.384          0.000          0.805           92.6            0.4            0.2            0.1            0.0            0.0            0.0            0.0           0.000
     30/08/2001           2001            242         14.000        286.304          4.204          2.233          0.776           93.0            0.3            0.1            0.1            0.0            0.0            0.0            0.0           0.000
     31/08/2001           2001            243          0.000        282.745          2.803          0.000          0.756           93.4            0.4            0.1            0.1            0.0            0.0            0.0            0.0           0.000
     01/09/2001           2001            244         11.000        287.287          4.171          1.542          0.746           93.7            0.3            0.1            0.1            0.0            0.0            0.0            0.0           0.000
     02/09/2001           2001            245          0.000        283.709          2.834          0.000          0.744           94.1            0.4            0.1            0.1            0.0            0.0            0.0            0.0           0.000
     03/09/2001           2001            246          2.000        281.720          3.241          0.000          0.747           94.6            0.4            0.1            0.1            0.0            0.0            0.0            0.0           0.000
     04/09/2001           2001            247          0.000        280.020          0.953          0.000          0.748           95.0            0.4            0.2            0.1            0.0            0.0            0.0            0.0           0.000
     05/09/2001           2001            248          3.000        278.476          3.803          0.000          0.741           95.5            0.3            0.2            0.1            0.0            0.0            0.0            0.0           0.000
     06/09/2001           2001            249         31.000        291.769          4.112         12.845          0.751           95.6            0.3            0.1            0.1            0.0            0.0            0.0            0.0           0.000
     07/09/2001           2001            250          9.000        294.851          4.061          1.054          0.802           95.6            0.3            0.1            0.1            0.0            0.0            0.0            0.0           0.000
     08/09/2001           2001            251          4.000        293.773          4.186          0.000          0.892           95.8            0.3            0.1            0.1            0.0            0.0            0.0            0.0           0.000
     09/09/2001           2001            252          0.000        290.009          2.763          0.000          1.002           96.0            0.3            0.1            0.1            0.0            0.0            0.0            0.0           0.000
     10/09/2001           2001            253         28.000        300.716          3.998         12.147          1.147           95.9            0.3            0.1            0.1            0.0            0.0            0.0            0.0           0.000
     11/09/2001           2001            254         17.000        306.865          4.233          5.256          1.362           95.7            0.3            0.1            0.1            0.0            0.0            0.0            0.0           0.000
     12/09/2001           2001            255          2.000        303.146          4.105          0.000          1.614           95.6            0.3            0.1            0.1            0.0            0.0            0.0            0.0           0.000
     13/09/2001           2001            256          0.000        299.821          1.466          0.000          1.860           95.6            0.3            0.1            0.1            0.0            0.0            0.0            0.0           0.000
     14/09/2001           2001            257         18.000        306.049          4.589          5.110          2.073           95.4            0.3            0.1            0.1            0.0            0.0            0.0            0.0           0.000
     15/09/2001           2001            258          0.000        301.346          2.468          0.000          2.235           95.3            0.3            0.1            0.1            0.0            0.0            0.0            0.0           0.000
     16/09/2001           2001            259          0.000        297.781          1.226          0.000          2.338           95.4            0.3            0.1            0.1            0.0            0.0            0.0            0.0           0.000
     17/09/2001           2001            260          7.000        298.333          3.812          0.255          2.381           95.4            0.3            0.1            0.1            0.0            0.0            0.0            0.0           0.000
     18/09/2001           2001            261         66.000        310.906          3.818         47.170          2.439           95.0            0.3            0.1            0.1            0.0            0.0            0.0            0.0           0.000
     19/09/2001           2001            262          6.000        310.353          3.830          0.203          2.520           94.6            0.3            0.1            0.1            0.0            0.0            0.0            0.0           0.000
     20/09/2001           2001            263          5.000        308.705          3.983          0.058          2.607           94.3            0.3            0.1            0.1            0.0            0.0            0.0            0.0           0.000
     21/09/2001           2001            264          0.000        303.635          2.393          0.000          2.677           94.2            0.3            0.1            0.1            0.0            0.0            0.0            0.0           0.000
     22/09/2001           2001            265          0.000        299.472          1.451          0.000          2.712           94.1            0.3            0.1            0.1            0.0            0.0            0.0            0.0           0.000
     23/09/2001           2001            266          0.000        295.737          1.036          0.000          2.699           94.2            0.3            0.1            0.1            0.0            0.0            0.0            0.0           0.000
     24/09/2001           2001            267          5.000        294.223          3.879          0.000          2.635           94.2            0.3            0.1            0.1            0.0            0.0            0.0            0.0           0.000
     25/09/2001           2001            268          3.000        290.552          4.149          0.000          2.522           94.4            0.3            0.1            0.1            0.0            0.0            0.0            0.0           0.000
     26/09/2001           2001            269          0.000        287.337          0.847          0.000          2.369           94.6            0.3            0.2            0.1            0.0            0.0            0.0            0.0           0.000
     27/09/2001           2001            270          1.000        284.415          1.737          0.000          2.185           94.8            0.3            0.2            0.1            0.0            0.0            0.0            0.0           0.000
     28/09/2001           2001            271          0.000        281.772          0.661          0.000          1.981           95.1            0.3            0.2            0.1            0.0            0.0            0.0            0.0           0.000
     29/09/2001           2001            272          0.000        279.399          0.605          0.000          1.768           95.5            0.3            0.2            0.1            0.0            0.0            0.0            0.0           0.000
     30/09/2001           2001            273          0.000        277.283          0.561          0.000          1.555           95.8            0.3            0.2            0.1            0.0            0.0            0.0            0.0           0.000
     01/10/2001           2001            274         38.000        293.440          3.707         16.755          1.380           95.7            0.3            0.1            0.1            0.0            0.0            0.0            0.0           0.000
     02/10/2001           2001            275          7.000        294.982          3.770          0.423          1.265           95.7            0.3            0.1            0.1            0.0            0.0            0.0            0.0           0.000
     03/10/2001           2001            276          6.000        295.795          3.772          0.203          1.212           95.6            0.3            0.1            0.1            0.0            0.0            0.0            0.0           0.000
     04/10/2001           2001            277          2.000        293.450          3.134          0.000          1.211           95.7            0.3            0.1            0.1            0.0            0.0            0.0            0.0           0.000
     05/10/2001           2001            278         15.000        298.632          4.536          4.020          1.262           95.6            0.3            0.1            0.1            0.0            0.0            0.0            0.0           0.000
     06/10/2001           2001            279          0.000        294.774          2.511          0.000          1.347           95.7            0.3            0.1            0.1            0.0            0.0            0.0            0.0           0.000
     07/10/2001           2001            280          2.000        292.105          3.229          0.000          1.440           95.9            0.3            0.1            0.1            0.0            0.0            0.0            0.0           0.000
     08/10/2001           2001            281          0.000        289.639          0.947          0.000          1.519           96.1            0.3            0.1            0.1            0.0            0.0            0.0            0.0           0.000
     09/10/2001           2001            282          0.000        287.273          0.800          0.000          1.566           96.4            0.3            0.2            0.1            0.0            0.0            0.0            0.0           0.000
     10/10/2001           2001            283         16.000        294.823          3.541          3.326          1.583           96.4            0.3            0.1            0.1            0.0            0.0            0.0            0.0           0.000
     11/10/2001           2001            284          7.000        296.250          3.570          0.423          1.580           96.3            0.3            0.1            0.1            0.0            0.0            0.0            0.0           0.000
     12/10/2001           2001            285          2.000        292.711          3.972          0.000          1.567           96.5            0.3            0.1            0.1            0.0            0.0            0.0            0.0           0.000
     13/10/2001           2001            286          0.000        289.333          1.831          0.000          1.546           96.7            0.3            0.1            0.1            0.0            0.0            0.0            0.0           0.000
     14/10/2001           2001            287          0.000        286.676          1.141          0.000          1.516           96.9            0.3            0.1            0.1            0.0            0.0            0.0            0.0           0.000
     15/10/2001           2001            288         35.000        299.939          3.542         16.683          1.513           96.7            0.3            0.1            0.1            0.0            0.0            0.0            0.0           0.000
     16/10/2001           2001            289          0.000        295.613          2.787          0.000          1.539           96.7            0.3            0.1            0.1            0.0            0.0            0.0            0.0           0.000
     17/10/2001           2001            290          0.000        292.567          1.469          0.000          1.578           96.8            0.3            0.1            0.1            0.0            0.0            0.0            0.0           0.000
     18/10/2001           2001            291          1.000        289.912          2.042          0.000          1.612           97.0            0.3            0.1            0.1            0.0            0.0            0.0            0.0           0.000
     19/10/2001           2001            292          3.000        287.432          3.854          0.000          1.626           97.2            0.3            0.1            0.1            0.0            0.0            0.0            0.0           0.000
     20/10/2001           2001            293          0.000        285.081          0.742          0.000          1.610           97.5            0.3            0.1            0.1            0.0            0.0            0.0            0.0           0.000
     21/10/2001           2001            294          0.000        282.855          0.665          0.000          1.561           97.8            0.3            0.1            0.1            0.0            0.0            0.0            0.0           0.000
     22/10/2001           2001            295          0.000        280.765          0.608          0.000          1.482           98.1            0.3            0.2            0.1            0.0            0.0            0.0            0.0           0.000
     23/10/2001           2001            296          0.000        278.823          0.563          0.000          1.379           98.5            0.3            0.2            0.1            0.0            0.0            0.0            0.0           0.000
     24/10/2001           2001            297          0.000        277.038          0.527          0.000          1.258           98.9            0.3            0.2            0.1            0.0            0.0            0.0            0.0           0.000
     25/10/2001           2001            298          0.000        275.413          0.497          0.000          1.128           99.4            0.3            0.2            0.1            0.0            0.0            0.0            0.0           0.000
     26/10/2001           2001            299          0.000        273.946          0.472          0.000          0.995           99.9            0.3            0.2            0.1            0.0            0.0            0.0            0.0           0.000
     27/10/2001           2001            300          0.000        272.631          0.450          0.000          0.865          100.3            0.3            0.2            0.1            0.0            0.0            0.0            0.0           0.000
     28/10/2001           2001            301         51.000        292.863          3.210         26.769          0.788          100.2            0.3            0.1            0.1            0.0            0.0            0.0            0.0           0.000
     29/10/2001           2001            302          0.000        289.873          2.216          0.000          0.774          100.3            0.3            0.1            0.1            0.0            0.0            0.0            0.0           0.000
     30/10/2001           2001            303          1.000        287.172          2.895          0.000          0.806          100.5            0.3            0.1            0.1            0.0            0.0            0.0            0.0           0.000
     31/10/2001           2001            304        104.000        304.416          3.980         81.811          0.964          100.2            0.2            0.1            0.0            0.0            0.0            0.0            0.0           0.000
     01/11/2001           2001            305          2.000        301.799          3.411          0.000          1.206          100.1            0.3            0.1            0.1            0.0            0.0            0.0            0.0           0.000
     02/11/2001           2001            306          0.000        298.412          1.916          0.000          1.472          100.0            0.3            0.1            0.1            0.0            0.0            0.0            0.0           0.000
     03/11/2001           2001            307          0.000        295.544          1.158          0.000          1.710          100.0            0.3            0.1            0.1            0.0            0.0            0.0            0.0           0.000
     04/11/2001           2001            308          0.000        292.740          0.914          0.000          1.889          100.1            0.3            0.1            0.1            0.0            0.0            0.0            0.0           0.000
     05/11/2001           2001            309          0.000        289.968          0.780          0.000          1.992          100.2            0.3            0.1            0.1            0.0            0.0            0.0            0.0           0.000
     06/11/2001           2001            310          0.000        287.257          0.692          0.000          2.019          100.4            0.3            0.1            0.1            0.0            0.0            0.0            0.0           0.000
     07/11/2001           2001            311          0.000        284.651          0.628          0.000          1.977          100.5            0.3            0.1            0.1            0.0            0.0            0.0            0.0           0.000
     08/11/2001           2001            312          0.000        282.192          0.579          0.000          1.880          100.7            0.3            0.1            0.1            0.0            0.0            0.0            0.0           0.000
     09/11/2001           2001            313          0.000        279.910          0.540          0.000          1.742          100.8            0.2            0.1            0.1            0.0            0.0            0.0            0.0           0.000
     10/11/2001           2001            314          0.000        277.821          0.508          0.000          1.580          101.0            0.2            0.1            0.1            0.0            0.0            0.0            0.0           0.000
     11/11/2001           2001            315         14.000        285.888          2.810          1.717          1.407          101.1            0.2            0.1            0.1            0.0            0.0            0.0            0.0           0.000
     12/11/2001           2001            316         42.000        298.554          2.846         25.185          1.303          100.9            0.2            0.1            0.1            0.0            0.0            0.0            0.0           0.000
     13/11/2001           2001            317          2.000        296.299          2.980          0.000          1.274          100.8            0.2            0.1            0.1            0.0            0.0            0.0            0.0           0.000
     14/11/2001           2001            318          0.000        292.405          2.592          0.000          1.302          100.7            0.2            0.1            0.1            0.0            0.0            0.0            0.0           0.000
     15/11/2001           2001            319          0.000        289.616          1.435          0.000          1.354          100.8            0.2            0.1            0.1            0.0            0.0            0.0            0.0           0.000
     16/11/2001           2001            320          0.000        287.181          1.030          0.000          1.405          100.9            0.2            0.1            0.1            0.0            0.0            0.0            0.0           0.000
     17/11/2001           2001            321          0.000        284.898          0.848          0.000          1.435          101.1            0.3            0.1            0.1            0.0            0.0            0.0            0.0           0.000
     18/11/2001           2001            322          0.000        282.726          0.738          0.000          1.434          101.3            0.3            0.1            0.1            0.0            0.0            0.0            0.0           0.000
     19/11/2001           2001            323          0.000        280.667          0.662          0.000          1.398          101.5            0.3            0.1            0.1            0.0            0.0            0.0            0.0           0.000
     20/11/2001           2001            324          0.000        278.730          0.605          0.000          1.331          101.7            0.2            0.1            0.1            0.0            0.0            0.0            0.0           0.000
     21/11/2001           2001            325          0.000        276.930          0.561          0.000          1.239          102.0            0.2            0.1            0.1            0.0            0.0            0.0            0.0           0.000
     22/11/2001           2001            326          0.000        275.274          0.526          0.000          1.130          102.2            0.2            0.1            0.1            0.0            0.0            0.0            0.0           0.000
     23/11/2001           2001            327          0.000        273.766          0.496          0.000          1.012          102.5            0.2            0.1            0.1            0.0            0.0            0.0            0.0           0.000
     24/11/2001           2001            328          0.000        272.405          0.471          0.000          0.891          102.8            0.2            0.1            0.1            0.0            0.0            0.0            0.0           0.000
     25/11/2001           2001            329          0.000        271.183          0.449          0.000          0.772          103.2            0.2            0.1            0.1            0.0            0.0            0.0            0.0           0.000
     26/11/2001           2001            330          0.000        270.092          0.430          0.000          0.661          103.5            0.2            0.1            0.1            0.0            0.0            0.0            0.0           0.000
     27/11/2001           2001            331          0.000        269.120          0.414          0.000          0.558          103.9            0.2            0.1            0.1            0.0            0.0            0.0            0.0           0.000
     28/11/2001           2001            332          0.000        268.256          0.399          0.000          0.465          104.3            0.2            0.1            0.1            0.0            0.0            0.0            0.0           0.000
     29/11/2001           2001            333          0.000        267.487          0.385          0.000          0.384          104.7            0.2            0.1            0.1            0.0            0.0            0.0            0.0           0.000
     30/11/2001           2001            334          0.000        266.801          0.373          0.000          0.313          105.1            0.2            0.1            0.1            0.0            0.0            0.0            0.0           0.000
     01/12/2001           2001            335          0.000        266.548          0.000          0.000          0.253          105.5            0.2            0.1            0.1            0.0            0.0            0.0            0.0           0.000
     02/12/2001           2001            336          0.000        266.052          0.293          0.000          0.203          105.9            0.2            0.1            0.1            0.0            0.0            0.0            0.0           0.000
     03/12/2001           2001            337          0.000        265.605          0.286          0.000          0.161          106.2            0.2            0.1            0.1            0.0            0.0            0.0            0.0           0.000
     04/12/2001           2001            338          0.000        265.199          0.278          0.000          0.127          106.6            0.2            0.1            0.1            0.0            0.0            0.0            0.0           0.000
     05/12/2001           2001            339          0.000        264.828          0.272          0.000          0.100          106.9            0.2            0.1            0.1            0.0            0.0            0.0            0.0           0.000
     06/12/2001           2001            340          0.000        264.484          0.266          0.000          0.078          107.3            0.2            0.1            0.1            0.0            0.0            0.0            0.0           0.000
     07/12/2001           2001            341          0.000        264.164          0.260          0.000          0.060          107.7            0.2            0.1            0.1            0.0            0.0            0.0            0.0           0.000
     08/12/2001           2001            342          0.000        263.863          0.254          0.000          0.047          108.0            0.2            0.1            0.1            0.0            0.0            0.0            0.0           0.000
     09/12/2001           2001            343          0.000        263.578          0.249          0.000          0.036          108.4            0.2            0.1            0.1            0.0            0.0            0.0            0.0           0.000
     10/12/2001           2001            344          0.000        263.306          0.244          0.000          0.027          108.8            0.2            0.1            0.1            0.0            0.0            0.0            0.0           0.000
     11/12/2001           2001            345          0.000        263.045          0.240          0.000          0.021          109.3            0.2            0.1            0.1            0.0            0.0            0.0            0.0           0.000
     12/12/2001           2001            346          0.000        262.793          0.236          0.000          0.016          109.7            0.2            0.1            0.1            0.0            0.0            0.0            0.0           0.000
     13/12/2001           2001            347          0.000        262.550          0.232          0.000          0.012          110.0            0.2            0.1            0.1            0.0            0.0            0.0            0.0           0.000
     14/12/2001           2001            348          0.000        262.313          0.228          0.000          0.009          110.4            0.2            0.1            0.1            0.0            0.0            0.0            0.0           0.000
     15/12/2001           2001            349          0.000        262.082          0.224          0.000          0.007          110.7            0.2            0.1            0.1            0.0            0.0            0.0            0.0           0.000
     16/12/2001           2001            350          0.000        261.856          0.220          0.000          0.005          111.1            0.2            0.1            0.1            0.0            0.0            0.0            0.0           0.000
     17/12/2001           2001            351          0.000        261.635          0.217          0.000          0.004          111.4            0.2            0.1            0.1            0.0            0.0            0.0            0.0           0.000
     18/12/2001           2001            352          0.000        261.419          0.214          0.000          0.003          111.8            0.2            0.1            0.1            0.0            0.0            0.0            0.0           0.000
     19/12/2001           2001            353          0.000        261.206          0.211          0.000          0.002          112.1            0.2            0.1            0.1            0.0            0.0            0.0            0.0           0.000
     20/12/2001           2001            354          0.000        260.996          0.208          0.000          0.002          112.5            0.2            0.1            0.1            0.0            0.0            0.0            0.0           0.000
     21/12/2001           2001            355          0.000        260.790          0.205          0.000          0.001          112.8            0.2            0.1            0.1            0.0            0.0            0.0            0.0           0.000
     22/12/2001           2001            356          0.000        260.587          0.202          0.000          0.001          113.1            0.2            0.1            0.1            0.0            0.0            0.0            0.0           0.000
     23/12/2001           2001            357          0.000        260.386          0.200          0.000          0.001          113.4            0.2            0.1            0.1            0.0            0.0            0.0            0.0           0.000
     24/12/2001           2001            358          0.000        260.188          0.197          0.000          0.000          113.8            0.2            0.1            0.1            0.0            0.0            0.0            0.0           0.000
     25/12/2001           2001            359          0.000        259.993          0.195          0.000          0.000          114.1            0.2            0.1            0.1            0.0            0.0            0.0            0.0           0.000
     26/12/2001           2001            360          0.000        259.800          0.193          0.000          0.000          114.4            0.2            0.1            0.1            0.0            0.0            0.0            0.0           0.000
     27/12/2001           2001            361          0.000        259.610          0.190          0.000          0.000          114.8            0.2            0.1            0.1            0.0            0.0            0.0            0.0           0.000
     28/12/2001           2001            362          0.000        259.422          0.188          0.000          0.000          115.1            0.2            0.1            0.1            0.0            0.0            0.0            0.0           0.000
     29/12/2001           2001            363          0.000        259.235          0.186          0.000          0.000          115.5            0.2            0.1            0.1            0.0            0.0            0.0            0.0           0.000
     30/12/2001           2001            364          0.000        259.051          0.184          0.000          0.000          115.8            0.2            0.1            0.1            0.0            0.0            0.0            0.0           0.000
     31/12/2001           2001            365          0.000        258.869          0.182          0.000          0.000          116.2            0.2            0.1            0.1            0.0            0.0            0.0            0.0           0.000
