ApsimVersion = 7.10
Title = Silt rice residue field
           Date           year            day           rain            esw             es         runoff          drain          no3()   dlt_n_min(1)   dlt_n_min(2)   dlt_n_min(3)   dlt_n_min(4)   dlt_n_min(5)   dlt_n_min(6)   surfaceom_wt surfaceom_cover
   (dd/mm/yyyy)         (year)          (day)           (mm)           (mm)           (mm)           (mm)           (mm)        (kg/ha)        (kg/ha)        (kg/ha)        (kg/ha)        (kg/ha)        (kg/ha)        (kg/ha)        (kg/ha)       (m^2/m^2)
     01/01/2001           2001              1          0.000        104.120          0.280          0.000          0.000            9.6            0.1           -0.0           -0.0           -0.0           -0.0           -0.0         1908.5           0.615
     02/01/2001           2001              2          0.000        103.847          0.273          0.000          0.000            9.9            0.2           -0.0           -0.0           -0.0           -0.0           -0.0         1833.8           0.600
     03/01/2001           2001              3          0.000        103.580          0.267          0.000          0.000            9.7            0.2           -0.0            0.0           -0.0           -0.0           -0.0         1776.4           0.589
     04/01/2001           2001              4          0.000        103.319          0.261          0.000          0.000            9.6            0.2           -0.0            0.0           -0.0           -0.0           -0.0         1739.0           0.581
     05/01/2001           2001              5          0.000        103.063          0.256          0.000          0.000            9.6            0.2            0.0            0.0           -0.0           -0.0           -0.0         1718.8           0.577
     06/01/2001           2001              6          0.000        102.813          0.250          0.000          0.000            9.8            0.2            0.0            0.0           -0.0           -0.0           -0.0         1710.1           0.575
     07/01/2001           2001              7          0.000        102.567          0.245          0.000          0.000            9.9            0.2            0.0            0.0           -0.0           -0.0           -0.0         1708.0           0.574
     08/01/2001           2001              8          0.000        102.326          0.241          0.000          0.000           10.0            0.2            0.0            0.0           -0.0           -0.0           -0.0         1708.0           0.574
     09/01/2001           2001              9          0.000        102.090          0.237          0.000          0.000           10.2            0.2            0.0            0.0           -0.0           -0.0           -0.0         1708.0           0.574
     10/01/2001           2001             10          0.000        101.857          0.232          0.000          0.000           10.3            0.2            0.0            0.0           -0.0           -0.0           -0.0         1708.0           0.574
     11/01/2001           2001             11          0.000        101.629          0.229          0.000          0.000           10.5            0.2            0.0            0.0           -0.0           -0.0           -0.0         1708.0           0.574
     12/01/2001           2001             12          0.000        101.404          0.225          0.000          0.000           10.7            0.2            0.0            0.0           -0.0           -0.0           -0.0         1708.0           0.574
     13/01/2001           2001             13          0.000        101.183          0.221          0.000          0.000           11.0            0.2            0.0            0.0           -0.0           -0.0           -0.0         1708.0           0.574
     14/01/2001           2001             14          0.000        100.965          0.218          0.000          0.000           11.2            0.2            0.1            0.0           -0.0           -0.0           -0.0         1708.0           0.574
     15/01/2001           2001             15          0.000        100.750          0.215          0.000          0.000           11.4            0.2            0.1            0.0           -0.0           -0.0           -0.0         1708.0           0.574
     16/01/2001           2001             16          0.000        100.539          0.212          0.000          0.000           11.7            0.2            0.1            0.0            0.0           -0.0           -0.0         1708.0           0.574
     17/01/2001           2001             17          0.000        100.330          0.209          0.000          0.000           12.0            0.2            0.1            0.0            0.0           -0.0           -0.0         1708.0           0.574
     18/01/2001           2001             18          0.000        100.125          0.206          0.000          0.000           12.3            0.2            0.1            0.0            0.0           -0.0           -0.0         1708.0           0.574
     19/01/2001           2001             19          0.000         99.922          0.203          0.000          0.000           12.6            0.2            0.1            0.0            0.0           -0.0           -0.0         1708.0           0.574
     20/01/2001           2001             20          0.000         99.721          0.200          0.000          0.000           13.0            0.2            0.1            0.1            0.0           -0.0           -0.0         1708.0           0.574
     21/01/2001           2001             21          0.000         99.523          0.198          0.000          0.000           13.3            0.2            0.1            0.1            0.0           -0.0           -0.0         1708.0           0.574
     22/01/2001           2001             22          0.000         99.328          0.195          0.000          0.000           13.7            0.2            0.1            0.1            0.0           -0.0           -0.0         1708.0           0.574
     23/01/2001           2001             23          0.000         99.135          0.193          0.000          0.000           14.1            0.2            0.1            0.1            0.0           -0.0           -0.0         1708.0           0.574
     24/01/2001           2001             24          0.000         98.944          0.191          0.000          0.000           14.5            0.2            0.1            0.1            0.0           -0.0           -0.0         1708.0           0.574
     25/01/2001           2001             25          0.000         98.756          0.189          0.000          0.000           14.9            0.2            0.1            0.1            0.0           -0.0           -0.0         1708.0           0.574
     26/01/2001           2001             26          0.000         98.569          0.186          0.000          0.000           15.2            0.2            0.1            0.1            0.0           -0.0           -0.0         1708.0           0.574
     27/01/2001           2001             27          0.000         98.385          0.184          0.000          0.000           15.5            0.2            0.1            0.1            0.0           -0.0           -0.0         1708.0           0.574
     28/01/2001           2001             28          0.000         98.202          0.182          0.000          0.000           15.9            0.2            0.1            0.1            0.0           -0.0           -0.0         1708.0           0.574
     29/01/2001           2001             29          0.000         98.022          0.181          0.000          0.000           16.2            0.2            0.1            0.1            0.0           -0.0           -0.0         1708.0           0.574
     30/01/2001           2001             30          0.000         97.843          0.179          0.000          0.000           16.5            0.2            0.1            0.1            0.0           -0.0           -0.0         1708.0           0.574
     31/01/2001           2001             31          0.000         97.666          0.177          0.000          0.000           16.8            0.2            0.1            0.1            0.0           -0.0           -0.0         1708.0           0.574
     01/02/2001           2001             32          0.000         97.491          0.175          0.000          0.000           17.2            0.2            0.1            0.1            0.0           -0.0           -0.0         1708.0           0.574
     02/02/2001           2001             33          0.000         97.317          0.173          0.000          0.000           17.6            0.2            0.1            0.1            0.0           -0.0           -0.0         1708.0           0.574
     03/02/2001           2001             34          0.000         97.146          0.172          0.000          0.000           18.0            0.2            0.1            0.1            0.0           -0.0           -0.0         1708.0           0.574
     04/02/2001           2001             35          0.000         96.975          0.170          0.000          0.000           18.4            0.2            0.1            0.1            0.0           -0.0           -0.0         1708.0           0.574
     05/02/2001           2001             36          0.000         96.807          0.169          0.000          0.000           18.8            0.2            0.1            0.1            0.0           -0.0           -0.0         1708.0           0.574
     06/02/2001           2001             37          0.000         96.640          0.167          0.000          0.000           19.2            0.2            0.1            0.1            0.0           -0.0           -0.0         1708.0           0.574
     07/02/2001           2001             38          0.000         96.474          0.166          0.000          0.000           19.6            0.2            0.1            0.1            0.0           -0.0           -0.0         1708.0           0.574
     08/02/2001           2001             39          0.000         96.310          0.164          0.000          0.000           20.0            0.2            0.1            0.1            0.0           -0.0           -0.0         1708.0           0.574
     09/02/2001           2001             40          0.000         96.147          0.163          0.000          0.000           20.4            0.2            0.1            0.1            0.0           -0.0           -0.0         1708.0           0.574
     10/02/2001           2001             41          0.000         95.985          0.161          0.000          0.000           20.7            0.1            0.1            0.1            0.0           -0.0           -0.0         1708.0           0.574
     11/02/2001           2001             42          0.000         95.825          0.160          0.000          0.000           21.1            0.1            0.1            0.1            0.0           -0.0           -0.0         1708.0           0.574
     12/02/2001           2001             43          0.000         95.666          0.159          0.000          0.000           21.4            0.1            0.1            0.1            0.0           -0.0           -0.0         1708.0           0.574
     13/02/2001           2001             44          0.000         95.509          0.158          0.000          0.000           21.8            0.1            0.1            0.1            0.0           -0.0           -0.0         1708.0           0.574
     14/02/2001           2001             45          0.000         95.352          0.156          0.000          0.000           22.1            0.1            0.1            0.1            0.0           -0.0           -0.0         1708.0           0.574
     15/02/2001           2001             46          0.000         95.197          0.155          0.000          0.000           22.5            0.1            0.1            0.1            0.0           -0.0           -0.0         1708.0           0.574
     16/02/2001           2001             47          0.000         95.043          0.154          0.000          0.000           22.9            0.1            0.2            0.1            0.0           -0.0           -0.0         1708.0           0.574
     17/02/2001           2001             48          0.000         94.891          0.153          0.000          0.000           23.3            0.1            0.2            0.1            0.0           -0.0           -0.0         1708.0           0.574
     18/02/2001           2001             49          0.000         94.739          0.152          0.000          0.000           23.7            0.1            0.2            0.1            0.0           -0.0           -0.0         1708.0           0.574
     19/02/2001           2001             50          0.000         94.588          0.151          0.000          0.000           24.1            0.1            0.2            0.1            0.0           -0.0           -0.0         1708.0           0.574
     20/02/2001           2001             51          0.000         94.439          0.149          0.000          0.000           24.5            0.1            0.2            0.1            0.0           -0.0           -0.0         1708.0           0.574
     21/02/2001           2001             52          0.000         94.290          0.148          0.000          0.000           24.8            0.1            0.2            0.1            0.0           -0.0           -0.0         1708.0           0.574
     22/02/2001           2001             53          6.000         96.993          3.297          0.000          0.000           24.2            0.2            0.2            0.1            0.0           -0.0            0.0         1615.1           0.554
     23/02/2001           2001             54          0.000         96.623          0.370          0.000          0.000           23.7            0.2            0.2            0.1            0.0            0.0            0.0         1544.7           0.538
     24/02/2001           2001             55          0.000         96.458          0.166          0.000          0.000           23.5            0.2            0.2            0.1            0.0            0.0            0.0         1493.5           0.526
     25/02/2001           2001             56          0.000         96.294          0.164          0.000          0.000           23.5            0.2            0.2            0.1            0.0            0.0            0.0         1459.9           0.518
     26/02/2001           2001             57          0.000         96.131          0.163          0.000          0.000           23.7            0.2            0.2            0.1            0.0            0.0            0.0         1441.2           0.514
     27/02/2001           2001             58          4.000         96.465          3.666          0.000          0.000           23.9            0.2            0.2            0.1            0.0            0.0            0.0         1423.0           0.509
     28/02/2001           2001             59          0.000         96.301          0.164          0.000          0.000           24.3            0.2            0.2            0.1            0.0            0.0            0.0         1420.2           0.508
     01/03/2001           2001             60          0.000         96.139          0.163          0.000          0.000           24.7            0.2            0.2            0.1            0.0            0.0            0.0         1420.2           0.508
     02/03/2001           2001             61          0.000         95.977          0.161          0.000          0.000           25.2            0.2            0.2            0.1            0.0            0.0            0.0         1420.2           0.508
     03/03/2001           2001             62          0.000         95.817          0.160          0.000          0.000           25.7            0.2            0.2            0.1            0.0            0.0            0.0         1420.2           0.508
     04/03/2001           2001             63          0.000         95.658          0.159          0.000          0.000           26.1            0.2            0.2            0.1            0.0            0.0            0.0         1420.2           0.508
     05/03/2001           2001             64          0.000         95.501          0.158          0.000          0.000           26.6            0.2            0.2            0.1            0.0            0.0            0.0         1420.2           0.508
     06/03/2001           2001             65          0.000         95.344          0.156          0.000          0.000           27.1            0.2            0.2            0.1            0.0            0.0            0.0         1420.2           0.508
     07/03/2001           2001             66          0.000         95.189          0.155          0.000          0.000           27.5            0.2            0.2            0.1            0.0            0.0            0.0         1420.2           0.508
     08/03/2001           2001             67          0.000         95.035          0.154          0.000          0.000           27.9            0.2            0.2            0.1            0.0            0.0            0.0         1420.2           0.508
     09/03/2001           2001             68          0.000         94.883          0.153          0.000          0.000           28.4            0.2            0.2            0.1            0.0            0.0            0.0         1420.2           0.508
     10/03/2001           2001             69          0.000         94.731          0.152          0.000          0.000           28.8            0.2            0.2            0.1            0.0            0.0            0.0         1420.2           0.508
     11/03/2001           2001             70          0.000         94.581          0.151          0.000          0.000           29.3            0.2            0.2            0.1            0.0            0.0            0.0         1420.2           0.508
     12/03/2001           2001             71          0.000         94.431          0.149          0.000          0.000           29.7            0.2            0.2            0.1            0.0            0.0            0.0         1420.2           0.508
     13/03/2001           2001             72          0.000         94.283          0.148          0.000          0.000           30.2            0.2            0.2            0.1            0.0            0.0            0.0         1420.2           0.508
     14/03/2001           2001             73          0.000         94.136          0.147          0.000          0.000           30.6            0.2            0.2            0.1            0.0            0.0            0.0         1420.2           0.508
     15/03/2001           2001             74          0.000         93.989          0.146          0.000          0.000           31.1            0.2            0.2            0.1            0.0            0.0            0.0         1420.2           0.508
     16/03/2001           2001             75          0.000         93.844          0.145          0.000          0.000           31.6            0.2            0.2            0.1            0.0            0.0            0.0         1420.2           0.508
     17/03/2001           2001             76          0.000         93.700          0.144          0.000          0.000           32.1            0.2            0.2            0.1            0.0            0.0            0.0         1420.2           0.508
     18/03/2001           2001             77          0.000         93.556          0.143          0.000          0.000           32.5            0.1            0.2            0.1            0.0            0.0            0.0         1420.2           0.508
     19/03/2001           2001             78          0.000         93.414          0.142          0.000          0.000           33.0            0.1            0.2            0.1            0.0            0.0            0.0         1420.2           0.508
     20/03/2001           2001             79          0.000         93.272          0.142          0.000          0.000           33.5            0.1            0.2            0.1            0.0            0.0            0.0         1420.2           0.508
     21/03/2001           2001             80          0.000         93.131          0.141          0.000          0.000           33.9            0.1            0.2            0.1            0.0            0.0            0.0         1420.2           0.508
     22/03/2001           2001             81          0.000         92.992          0.140          0.000          0.000           34.4            0.1            0.2            0.1            0.0            0.0            0.0         1420.2           0.508
     23/03/2001           2001             82          0.000         92.853          0.139          0.000          0.000           34.9            0.1            0.2            0.1            0.0            0.0            0.0         1420.2           0.508
     24/03/2001           2001             83          1.000         92.715          1.138          0.000          0.000           35.3            0.1            0.2            0.1            0.0            0.0            0.0         1420.2           0.508
     25/03/2001           2001             84          0.000         92.577          0.137          0.000          0.000           35.7            0.1            0.2            0.1            0.0            0.0            0.0         1420.2           0.508
     26/03/2001           2001             85          0.000         92.441          0.136          0.000          0.000           36.1            0.1            0.2            0.1            0.0            0.0            0.0         1420.2           0.508
     27/03/2001           2001             86          0.000         92.305          0.136          0.000          0.000           36.5            0.1            0.2            0.1            0.0            0.0            0.0         1420.2           0.508
     28/03/2001           2001             87          0.000         92.171          0.135          0.000          0.000           36.9            0.1            0.2            0.1            0.0            0.0            0.0         1420.2           0.508
     29/03/2001           2001             88          0.000         92.037          0.134          0.000          0.000           37.3            0.1            0.2            0.1            0.0            0.0            0.0         1420.2           0.508
     30/03/2001           2001             89          0.000         91.903          0.133          0.000          0.000           37.7            0.1            0.2            0.1            0.0            0.0            0.0         1420.2           0.508
     31/03/2001           2001             90          3.000         91.771          3.133          0.000          0.000           38.1            0.1            0.2            0.1            0.0            0.0            0.0         1420.2           0.508
     01/04/2001           2001             91          0.000         91.639          0.132          0.000          0.000           38.5            0.1            0.2            0.1            0.0            0.0            0.0         1420.2           0.508
     02/04/2001           2001             92          0.000         90.731          2.955          0.000          0.000           38.9            0.0            0.2            0.1            0.0            0.0            0.0         1420.2           0.508
     03/04/2001           2001             93          7.000         92.332          3.352          0.000          0.000           38.6            0.1            0.2            0.1            0.0            0.0            0.0         1343.0           0.489
     04/04/2001           2001             94          0.000         91.491          0.841          0.000          0.000           38.3            0.0            0.2            0.1            0.0            0.0            0.0         1284.6           0.474
     05/04/2001           2001             95          0.000         91.300          0.191          0.000          0.000           38.1            0.0            0.2            0.1            0.0            0.0            0.0         1245.1           0.463
     06/04/2001           2001             96          0.000         91.110          0.190          0.000          0.000           38.2            0.0            0.2            0.1            0.0            0.0            0.0         1222.6           0.457
     07/04/2001           2001             97          0.000         90.922          0.188          0.000          0.000           38.5            0.0            0.2            0.1            0.0            0.0            0.0         1216.8           0.456
     08/04/2001           2001             98          0.000         90.735          0.187          0.000          0.000           38.8            0.0            0.2            0.1            0.0            0.0            0.0         1216.8           0.456
     09/04/2001           2001             99          0.000         90.550          0.185          0.000          0.000           39.2            0.0            0.2            0.1            0.0            0.0            0.0         1216.8           0.456
     10/04/2001           2001            100          0.000         90.485          0.184          0.000          0.000           39.5            0.0            0.2            0.1            0.0            0.0            0.0         1216.8           0.456
     11/04/2001           2001            101          0.000         90.454          0.183          0.000          0.000           39.9            0.0            0.2            0.1            0.0            0.0            0.0         1216.8           0.456
     12/04/2001           2001            102          0.000         90.421          0.181          0.000          0.000           40.2            0.0            0.2            0.1            0.0            0.0            0.0         1216.8           0.456
     13/04/2001           2001            103          0.000         90.389          0.180          0.000          0.000           40.5            0.0            0.2            0.1            0.0            0.0            0.0         1216.8           0.456
     14/04/2001           2001            104          0.000         90.356          0.179          0.000          0.000           40.8            0.0            0.2            0.1            0.0            0.0            0.0         1216.8           0.456
     15/04/2001           2001            105          0.000         90.322          0.177          0.000          0.000           41.1            0.0            0.2            0.1            0.0            0.0            0.0         1216.8           0.456
     16/04/2001           2001            106          0.000         90.289          0.176          0.000          0.000           41.4            0.0            0.2            0.1            0.0            0.0            0.0         1216.8           0.456
     17/04/2001           2001            107          0.000         90.255          0.175          0.000          0.000           41.7            0.0            0.2            0.1            0.0            0.0            0.0         1216.8           0.456
     18/04/2001           2001            108          0.000         90.221          0.174          0.000          0.000           42.0            0.0            0.2            0.1            0.0            0.0            0.0         1216.8           0.456
     19/04/2001           2001            109          2.000         90.186          2.173          0.000          0.000           42.3            0.0            0.2            0.1            0.0            0.0            0.0         1216.8           0.456
     20/04/2001           2001            110          0.000         90.151          0.172          0.000          0.000           42.6            0.0            0.2            0.1            0.0            0.0            0.0         1216.8           0.456
     21/04/2001           2001            111          0.000         90.116          0.170          0.000          0.000           43.0            0.0            0.2            0.1            0.0            0.0            0.0         1216.8           0.456
     22/04/2001           2001            112          0.000         90.080          0.169          0.000          0.000           43.3            0.0            0.2            0.1            0.0            0.0            0.0         1216.8           0.456
     23/04/2001           2001            113          1.000         90.045          1.168          0.000          0.000           43.6            0.0            0.2            0.1            0.0            0.0            0.0         1216.8           0.456
     24/04/2001           2001            114          0.000         90.008          0.167          0.000          0.000           44.0            0.0            0.2            0.1            0.0            0.0            0.0         1216.8           0.456
     25/04/2001           2001            115          0.000         89.972          0.166          0.000          0.000           44.3            0.0            0.2            0.1            0.0            0.0            0.0         1216.8           0.456
     26/04/2001           2001            116          0.000         89.936          0.165          0.000          0.000           44.7            0.0            0.2            0.1            0.0            0.0            0.0         1216.8           0.456
     27/04/2001           2001            117          0.000         89.899          0.164          0.000          0.000           45.0            0.0            0.2            0.1            0.0            0.0            0.0         1216.8           0.456
     28/04/2001           2001            118          0.000         89.862          0.163          0.000          0.000           45.3            0.0            0.2            0.1            0.0            0.0            0.0         1216.8           0.456
     29/04/2001           2001            119          0.000         89.824          0.162          0.000          0.000           45.6            0.0            0.2            0.1            0.0            0.0            0.0         1216.8           0.456
     30/04/2001           2001            120          0.000         89.786          0.161          0.000          0.000           46.0            0.0            0.2            0.1            0.0            0.0            0.0         1216.8           0.456
     01/05/2001           2001            121          8.000         91.037          3.903          0.000          0.000           45.3            0.1            0.2            0.1            0.0            0.0            0.0         1150.7           0.437
     02/05/2001           2001            122          0.000         90.752          0.284          0.000          0.000           45.0            0.1            0.2            0.1            0.0            0.0            0.0         1099.8           0.423
     03/05/2001           2001            123          6.000         93.376          3.376          0.000          0.000           44.5            0.2            0.2            0.1            0.0            0.0            0.0         1040.0           0.405
     04/05/2001           2001            124         83.000        144.911          3.399         28.065          0.000           44.0            0.6            0.1            0.1            0.0            0.0            0.0          983.4           0.388
     05/05/2001           2001            125          0.000        142.387          2.525          0.000          0.000           44.1            0.7            0.1            0.1            0.0            0.0            0.0          940.2           0.375
     06/05/2001           2001            126          1.000        140.747          2.640          0.000          0.000           44.4            0.7            0.2            0.1            0.0            0.0            0.0          906.5           0.364
     07/05/2001           2001            127          0.000        139.652          1.095          0.000          0.000           45.0            0.6            0.2            0.1            0.0            0.0            0.0          882.9           0.357
     08/05/2001           2001            128         69.000        159.744          3.303         45.606          0.000           44.7            0.5            0.1            0.1            0.0            0.0            0.0          834.9           0.341
     09/05/2001           2001            129         54.000        172.615          3.574         37.555          0.000           44.4            0.5            0.1            0.1            0.0            0.0            0.0          789.5           0.326
     10/05/2001           2001            130          0.000        170.130          2.484          0.000          0.000           44.4            0.6            0.1            0.1            0.0            0.0            0.0          754.9           0.314
     11/05/2001           2001            131         43.000        181.483          3.599         28.048          0.000           44.3            0.5            0.1            0.1            0.0            0.0            0.0          713.8           0.300
     12/05/2001           2001            132         64.000        193.701          3.652         48.129          0.000           44.0            0.5            0.1            0.1            0.0            0.0            0.0          675.0           0.286
     13/05/2001           2001            133          0.000        190.279          3.422          0.000          0.000           44.2            0.6            0.1            0.1            0.0            0.0            0.0          648.4           0.277
     14/05/2001           2001            134          0.000        189.058          1.221          0.000          0.000           44.7            0.7            0.1            0.1            0.0            0.0            0.0          633.1           0.271
     15/05/2001           2001            135          0.000        188.114          0.944          0.000          0.000           45.3            0.7            0.2            0.1            0.0            0.0            0.0          626.2           0.269
     16/05/2001           2001            136          0.000        187.316          0.798          0.000          0.000           46.1            0.7            0.2            0.1            0.0            0.0            0.0          626.2           0.269
     17/05/2001           2001            137          0.000        186.612          0.704          0.000          0.000           47.1            0.8            0.2            0.1            0.0            0.0            0.0          626.2           0.269
     18/05/2001           2001            138          0.000        185.974          0.637          0.000          0.000           48.1            0.8            0.2            0.1            0.0            0.0            0.0          626.2           0.269
     19/05/2001           2001            139          0.000        185.388          0.587          0.000          0.000           49.2            0.8            0.2            0.1            0.0            0.0            0.0          626.2           0.269
     20/05/2001           2001            140         34.000        200.289          4.667         14.432          0.000           49.6            0.7            0.1            0.1            0.0            0.0            0.0          592.2           0.256
     21/05/2001           2001            141          0.000        197.883          2.406          0.000          0.000           50.2            0.8            0.2            0.1            0.0            0.0            0.0          567.4           0.247
     22/05/2001           2001            142          0.000        196.661          1.221          0.000          0.000           50.9            0.8            0.2            0.1            0.0            0.0            0.0          549.8           0.240
     23/05/2001           2001            143         33.000        207.426          4.052         18.183          0.000           51.1            0.7            0.1            0.1            0.0            0.0            0.0          519.9           0.229
     24/05/2001           2001            144         21.000        214.094          3.857         10.475          0.000           51.3            0.7            0.1            0.1            0.0            0.0            0.0          491.6           0.218
     25/05/2001           2001            145          3.000        213.405          3.680          0.009          0.000           51.6            0.7            0.1            0.1            0.0            0.0            0.0          466.3           0.208
     26/05/2001           2001            146          0.000        210.901          2.503          0.000          0.000           52.0            0.7            0.1            0.1            0.0            0.0            0.0          447.2           0.200
     27/05/2001           2001            147         30.000        219.768          4.267         16.866          0.000           52.2            0.6            0.1            0.1            0.0            0.0            0.0          422.9           0.191
     28/05/2001           2001            148          0.000        217.024          2.745          0.000          0.000           52.6            0.7            0.1            0.1            0.0            0.0            0.0          404.8           0.183
     29/05/2001           2001            149          0.000        215.785          1.239          0.000          0.000           53.2            0.7            0.2            0.1            0.0            0.0            0.0          392.2           0.178
     30/05/2001           2001            150          1.000        214.833          1.952          0.000          0.000           53.9            0.7            0.2            0.1            0.0            0.0            0.0          383.4           0.174
     31/05/2001           2001            151          0.000        214.030          0.803          0.000          0.000           54.8            0.8            0.2            0.1            0.0            0.0            0.0          379.2           0.173
     01/06/2001           2001            152          7.000        216.369          4.171          0.489          0.000           55.6            0.7            0.2            0.1            0.0            0.0            0.0          358.6           0.164
     02/06/2001           2001            153         14.000        221.455          4.137          4.558          0.219           56.2            0.7            0.2            0.1            0.0            0.0            0.0          339.1           0.156
     03/06/2001           2001            154          8.000        222.841          4.040          1.942          0.632           56.8            0.7            0.1            0.1            0.0            0.0            0.0          320.6           0.148
     04/06/2001           2001            155          0.000        218.994          2.960          0.000          0.887           57.4            0.7            0.2            0.1            0.0            0.0            0.0          306.8           0.142
     05/06/2001           2001            156          1.000        216.717          2.243          0.000          1.034           58.0            0.7            0.2            0.1            0.0            0.0            0.0          296.2           0.138
     06/06/2001           2001            157         77.000        227.308          4.116         61.168          1.125           58.4            0.6            0.1            0.1            0.0            0.0            0.0          280.1           0.131
     07/06/2001           2001            158         63.000        233.005          4.098         51.972          1.233           58.6            0.6            0.1            0.1            0.0            0.0            0.0          264.8           0.124
     08/06/2001           2001            159         27.000        236.870          4.068         17.676          1.392           58.7            0.6            0.1            0.1            0.0            0.0            0.0          250.4           0.118
     09/06/2001           2001            160         20.000        239.630          4.105         11.532          1.603           58.9            0.6            0.1            0.1            0.0            0.0            0.0          236.8           0.112
     10/06/2001           2001            161         66.000        244.093          4.191         55.463          1.883           59.0            0.6            0.1            0.1            0.0            0.0            0.0          223.9           0.106
     11/06/2001           2001            162          0.000        239.103          2.815          0.000          2.174           59.3            0.6            0.1            0.1            0.0            0.0            0.0          214.7           0.102
     12/06/2001           2001            163          0.000        235.437          1.241          0.000          2.425           59.8            0.6            0.1            0.1            0.0            0.0            0.0          208.4           0.099
     13/06/2001           2001            164          0.000        231.880          0.953          0.000          2.604           60.4            0.7            0.2            0.1            0.0            0.0            0.0          204.7           0.097
     14/06/2001           2001            165         76.000        239.515          4.044         61.613          2.709           60.7            0.6            0.1            0.1            0.0            0.0            0.0          193.6           0.092
     15/06/2001           2001            166        153.000        243.254          4.084        142.393          2.783           60.9            0.6            0.1            0.1            0.0            0.0            0.0          183.1           0.087
     16/06/2001           2001            167         35.000        245.259          4.130         26.006          2.860           61.1            0.5            0.1            0.1            0.0            0.0            0.0          173.1           0.083
     17/06/2001           2001            168         76.000        247.985          4.142         66.171          2.962           61.2            0.5            0.1            0.1            0.0            0.0            0.0          163.7           0.079
     18/06/2001           2001            169         16.000        248.048          4.097          8.762          3.078           61.3            0.5            0.1            0.1            0.0            0.0            0.0          154.8           0.074
     19/06/2001           2001            170         25.000        248.794          4.160         16.894          3.200           61.4            0.5            0.1            0.1            0.0            0.0            0.0          146.4           0.071
     20/06/2001           2001            171         69.000        250.702          4.137         59.625          3.329           61.5            0.5            0.1            0.1            0.0            0.0            0.0          138.4           0.067
     21/06/2001           2001            172         29.000        251.223          4.216         20.804          3.458           61.6            0.5            0.1            0.1            0.0            0.0            0.0          130.9           0.063
     22/06/2001           2001            173         26.000        251.348          4.232         18.067          3.577           61.8            0.5            0.1            0.1            0.0            0.0            0.0          123.8           0.060
     23/06/2001           2001            174          0.000        244.910          2.777          0.000          3.661           62.1            0.6            0.1            0.1            0.0            0.0            0.0          118.8           0.058
     24/06/2001           2001            175          3.000        239.980          4.100          0.140          3.690           62.6            0.6            0.1            0.1            0.0            0.0            0.0          114.4           0.056
     25/06/2001           2001            176          0.000        235.376          0.952          0.000          3.652           63.2            0.7            0.2            0.1            0.0            0.0            0.0          111.6           0.054
     26/06/2001           2001            177          3.000        231.027          3.780          0.024          3.546           64.0            0.7            0.2            0.1            0.0            0.0            0.0          109.3           0.053
     27/06/2001           2001            178         83.000        237.466          4.230         68.943          3.387           64.4            0.6            0.1            0.1            0.0            0.0            0.0          103.4           0.050
     28/06/2001           2001            179          0.000        231.494          2.778          0.000          3.194           65.1            0.7            0.1            0.1            0.0            0.0            0.0           99.1           0.048
     29/06/2001           2001            180          8.000        229.645          4.420          2.448          2.981           65.7            0.6            0.1            0.1            0.0            0.0            0.0           93.8           0.046
     30/06/2001           2001            181          7.000        227.674          4.324          1.885          2.761           66.3            0.6            0.1            0.1            0.0            0.0            0.0           88.7           0.043
     01/07/2001           2001            182         32.000        229.863          4.129         23.135          2.547           66.8            0.6            0.1            0.1            0.0            0.0            0.0           83.8           0.041
     02/07/2001           2001            183         29.000        230.937          4.167         21.408          2.351           67.1            0.5            0.1            0.1            0.0            0.0            0.0           79.3           0.039
     03/07/2001           2001            184          3.000        227.128          4.393          0.234          2.181           67.6            0.6            0.1            0.1            0.0            0.0            0.0           75.3           0.037
     04/07/2001           2001            185          0.000        223.391          1.701          0.000          2.036           68.2            0.6            0.1            0.1            0.0            0.0            0.0           72.7           0.036
     05/07/2001           2001            186          0.000        220.373          1.111          0.000          1.908           68.8            0.6            0.1            0.1            0.0            0.0            0.0           71.5           0.035
     06/07/2001           2001            187          5.000        218.099          4.978          0.507          1.788           69.5            0.6            0.2            0.1            0.0            0.0            0.0           67.7           0.033
     07/07/2001           2001            188          6.000        217.169          4.452          0.807          1.671           70.3            0.6            0.2            0.1            0.0            0.0            0.0           64.0           0.031
     08/07/2001           2001            189          0.000        214.682          0.934          0.000          1.553           71.2            0.7            0.2            0.1            0.0            0.0            0.0           61.4           0.030
     09/07/2001           2001            190          0.000        212.459          0.792          0.000          1.431           72.0            0.7            0.2            0.1            0.0            0.0            0.0           59.6           0.029
     10/07/2001           2001            191         43.000        219.597          4.197         30.354          1.311           72.7            0.6            0.2            0.1            0.0            0.0            0.0           56.4           0.028
     11/07/2001           2001            192         37.000        221.750          4.209         29.435          1.203           73.2            0.6            0.1            0.1            0.0            0.0            0.0           53.3           0.026
     12/07/2001           2001            193          8.000        221.252          4.292          3.086          1.119           73.8            0.6            0.1            0.1            0.0            0.0            0.0           50.4           0.025
     13/07/2001           2001            194          6.000        219.995          4.446          1.749          1.062           74.4            0.6            0.1            0.1            0.0            0.0            0.0           47.7           0.024
     14/07/2001           2001            195         28.000        222.196          4.278         20.489          1.032           75.0            0.6            0.1            0.1            0.0            0.0            0.0           45.1           0.022
     15/07/2001           2001            196         10.000        222.224          4.294          4.652          1.026           75.6            0.6            0.1            0.1            0.0            0.0            0.0           42.6           0.021
     16/07/2001           2001            197          5.000        220.526          4.473          1.187          1.038           76.2            0.6            0.1            0.1            0.0            0.0            0.0           40.3           0.020
     17/07/2001           2001            198          3.000        217.771          4.506          0.189          1.059           76.9            0.6            0.1            0.1            0.0            0.0            0.0           38.3           0.019
     18/07/2001           2001            199          1.000        215.339          2.353          0.000          1.079           77.6            0.6            0.2            0.1            0.0            0.0            0.0           36.7           0.018
     19/07/2001           2001            200          1.000        213.250          1.999          0.000          1.089           78.4            0.6            0.2            0.1            0.0            0.0            0.0           35.6           0.018
     20/07/2001           2001            201          5.000        212.283          4.503          0.381          1.083           79.2            0.6            0.2            0.1            0.0            0.0            0.0           33.7           0.017
     21/07/2001           2001            202          2.000        210.378          2.847          0.000          1.057           80.1            0.6            0.2            0.1            0.0            0.0            0.0           32.1           0.016
     22/07/2001           2001            203          1.000        208.628          1.737          0.000          1.013           80.9            0.6            0.2            0.1            0.0            0.0            0.0           30.8           0.015
     23/07/2001           2001            204         36.000        215.727          4.801         23.143          0.957           81.7            0.6            0.2            0.1            0.0            0.0            0.0           29.2           0.014
     24/07/2001           2001            205         39.000        217.892          4.610         31.326          0.899           82.4            0.6            0.1            0.1            0.0            0.0            0.0           27.6           0.014
     25/07/2001           2001            206          4.000        215.908          4.421          0.714          0.849           83.1            0.6            0.1            0.1            0.0            0.0            0.0           26.1           0.013
     26/07/2001           2001            207          4.000        214.200          4.367          0.532          0.809           83.8            0.6            0.1            0.1            0.0            0.0            0.0           24.7           0.012
     27/07/2001           2001            208         21.000        217.377          4.308         12.733          0.782           84.5            0.6            0.1            0.1            0.0            0.0            0.0           23.4           0.012
     28/07/2001           2001            209          0.000        213.903          2.708          0.000          0.766           85.2            0.6            0.1            0.1            0.0            0.0            0.0           22.4           0.011
     29/07/2001           2001            210         57.000        219.043          4.291         46.810          0.759           85.8            0.6            0.1            0.1            0.0            0.0            0.0           21.2           0.011
     30/07/2001           2001            211         12.000        219.588          4.227          6.464          0.764           86.4            0.6            0.1            0.1            0.0            0.0            0.0           20.0           0.010
     31/07/2001           2001            212          8.000        219.286          4.254          3.267          0.781           87.0            0.6            0.1            0.1            0.0            0.0            0.0           19.0           0.009
     01/08/2001           2001            213         43.000        221.463          4.235         35.778          0.810           87.6            0.6            0.1            0.1            0.0            0.0            0.0           17.9           0.009
     02/08/2001           2001            214          9.000        221.339          4.233          4.041          0.850           88.1            0.6            0.1            0.1            0.0            0.0            0.0           16.9           0.008
     03/08/2001           2001            215          4.000        219.230          4.472          0.740          0.897           88.7            0.6            0.1            0.1            0.0            0.0            0.0           16.0           0.008
     04/08/2001           2001            216          0.000        216.401          1.885          0.000          0.944           89.4            0.6            0.1            0.1            0.0            0.0            0.0           15.4           0.008
     05/08/2001           2001            217         11.000        217.921          4.356          4.140          0.983           90.0            0.6            0.1            0.1            0.0            0.0            0.0           14.6           0.007
     06/08/2001           2001            218         15.000        219.563          4.277          8.068          1.013           90.7            0.6            0.1            0.1            0.0            0.0            0.0           13.8           0.007
     07/08/2001           2001            219          0.000        215.797          2.735          0.000          1.030           91.4            0.6            0.2            0.1            0.0            0.0            0.0           13.2           0.007
     08/08/2001           2001            220          4.000        213.925          4.502          0.339          1.032           92.2            0.6            0.2            0.1            0.0            0.0            0.0           12.7           0.006
     09/08/2001           2001            221          7.000        213.055          5.359          1.494          1.018           93.0            0.6            0.2            0.1            0.0            0.0            0.0           12.0           0.006
     10/08/2001           2001            222          2.000        211.004          3.062          0.000          0.988           93.9            0.6            0.2            0.1            0.0            0.0            0.0           11.5           0.006
     11/08/2001           2001            223          3.000        209.196          3.836          0.029          0.943           94.7            0.6            0.2            0.1            0.0            0.0            0.0           11.1           0.006
     12/08/2001           2001            224          0.000        207.561          0.749          0.000          0.886           95.6            0.6            0.2            0.1            0.0            0.0            0.0           10.9           0.005
     13/08/2001           2001            225          0.000        206.072          0.670          0.000          0.819           96.5            0.6            0.2            0.1            0.0            0.0            0.0           10.8           0.005
     14/08/2001           2001            226          2.000        204.716          2.612          0.000          0.745           97.4            0.6            0.2            0.1            0.0            0.0            0.0           10.8           0.005
     15/08/2001           2001            227         31.000        212.451          4.183         18.411          0.670           98.2            0.6            0.2            0.1            0.0            0.0            0.0           10.2           0.005
     16/08/2001           2001            228          4.000        210.817          4.395          0.638          0.601           99.0            0.6            0.2            0.1            0.0            0.0            0.0            9.7           0.005
     17/08/2001           2001            229          6.000        210.569          4.367          1.339          0.541           99.8            0.6            0.2            0.1            0.0            0.0            0.0            9.1           0.005
     18/08/2001           2001            230          3.000        207.861          5.085          0.130          0.493          100.5            0.6            0.2            0.1            0.0            0.0            0.0            8.7           0.004
     19/08/2001           2001            231          0.000        206.204          1.203          0.000          0.453          101.3            0.6            0.2            0.1            0.0            0.0            0.0            8.4           0.004
     20/08/2001           2001            232          0.000        204.849          0.936          0.000          0.420          102.2            0.6            0.2            0.1            0.0            0.0            0.0            8.2           0.004
     21/08/2001           2001            233          0.000        203.666          0.793          0.000          0.389          103.0            0.6            0.2            0.1            0.0            0.0            0.0            8.1           0.004
     22/08/2001           2001            234          1.000        202.606          1.701          0.000          0.359          103.9            0.6            0.2            0.1            0.0            0.0            0.0            8.1           0.004
     23/08/2001           2001            235          4.000        201.643          4.568          0.067          0.329          104.8            0.6            0.2            0.1            0.0            0.0            0.0            8.1           0.004
     24/08/2001           2001            236          5.000        201.728          4.406          0.212          0.297          105.7            0.6            0.2            0.1            0.0            0.0            0.0            7.7           0.004
     25/08/2001           2001            237         18.000        207.585          4.353          7.524          0.266          106.5            0.6            0.2            0.1            0.0            0.0            0.0            7.3           0.004
     26/08/2001           2001            238          3.000        205.837          4.387          0.124          0.236          107.4            0.6            0.2            0.1            0.0            0.0            0.0            6.9           0.003
     27/08/2001           2001            239          6.000        206.305          4.309          1.014          0.209          108.3            0.6            0.2            0.1            0.0            0.0            0.0            6.5           0.003
     28/08/2001           2001            240          2.000        204.389          3.730          0.000          0.185          109.2            0.6            0.2            0.1            0.0            0.0            0.0            6.2           0.003
     29/08/2001           2001            241          1.000        203.107          2.118          0.000          0.164          110.0            0.6            0.2            0.1            0.0            0.0            0.0            6.0           0.003
     30/08/2001           2001            242         14.000        207.406          4.200          5.354          0.146          110.9            0.6            0.2            0.1            0.0            0.0            0.0            5.6           0.003
     31/08/2001           2001            243          0.000        204.467          2.806          0.000          0.132          111.8            0.6            0.2            0.1            0.0            0.0            0.0            5.4           0.003
     01/09/2001           2001            244         11.000        207.508          4.168          3.669          0.123          112.6            0.6            0.2            0.1            0.0            0.0            0.0            5.1           0.003
     02/09/2001           2001            245          0.000        204.553          2.837          0.000          0.118          113.4            0.6            0.2            0.1            0.0            0.0            0.0            4.9           0.002
     03/09/2001           2001            246          2.000        203.197          3.241          0.000          0.115          114.3            0.6            0.2            0.1            0.0            0.0            0.0            4.7           0.002
     04/09/2001           2001            247          0.000        202.131          0.953          0.000          0.113          115.2            0.6            0.2            0.1            0.0            0.0            0.0            4.6           0.002
     05/09/2001           2001            248          3.000        201.216          3.800          0.003          0.111          116.0            0.6            0.2            0.1            0.0            0.0            0.0            4.6           0.002
     06/09/2001           2001            249         31.000        209.553          4.109         18.443          0.110          116.8            0.6            0.2            0.1            0.0            0.0            0.0            4.3           0.002
     07/09/2001           2001            250          9.000        210.578          4.059          3.802          0.115          117.5            0.5            0.1            0.1            0.0            0.0            0.0            4.1           0.002
     08/09/2001           2001            251          4.000        209.608          4.182          0.660          0.128          118.1            0.5            0.1            0.1            0.0            0.0            0.0            3.9           0.002
     09/09/2001           2001            252          0.000        207.229          2.232          0.000          0.148          118.9            0.5            0.2            0.1            0.0            0.0            0.0            3.7           0.002
     10/09/2001           2001            253         28.000        212.875          3.995         18.184          0.176          119.5            0.5            0.1            0.1            0.0            0.0            0.0            3.5           0.002
     11/09/2001           2001            254         17.000        214.392          4.231         11.039          0.213          120.1            0.5            0.1            0.1            0.0            0.0            0.0            3.3           0.002
     12/09/2001           2001            255          2.000        211.969          4.102          0.064          0.258          120.7            0.5            0.1            0.1            0.0            0.0            0.0            3.1           0.002
     13/09/2001           2001            256          0.000        210.217          1.443          0.000          0.308          121.3            0.5            0.1            0.1            0.0            0.0            0.0            3.0           0.002
     14/09/2001           2001            257         18.000        213.570          4.587          9.702          0.358          121.9            0.5            0.1            0.1            0.0            0.0            0.0            2.9           0.001
     15/09/2001           2001            258          0.000        210.695          2.470          0.000          0.405          122.6            0.5            0.2            0.1            0.0            0.0            0.0            2.7           0.001
     16/09/2001           2001            259          0.000        209.024          1.226          0.000          0.444          123.3            0.5            0.2            0.1            0.0            0.0            0.0            2.7           0.001
     17/09/2001           2001            260          7.000        210.355          3.810          1.387          0.472          124.0            0.5            0.1            0.1            0.0            0.0            0.0            2.5           0.001
     18/09/2001           2001            261         66.000        216.436          3.816         55.610          0.493          124.4            0.4            0.1            0.1            0.0            0.0            0.0            2.4           0.001
     19/09/2001           2001            262          6.000        216.148          3.828          1.948          0.511          124.8            0.4            0.1            0.1            0.0            0.0            0.0            2.2           0.001
     20/09/2001           2001            263          5.000        215.365          3.928          1.323          0.532          125.2            0.4            0.1            0.1            0.0            0.0            0.0            2.1           0.001
     21/09/2001           2001            264          0.000        211.889          2.921          0.000          0.554          125.8            0.5            0.1            0.1            0.0            0.0            0.0            2.0           0.001
     22/09/2001           2001            265          0.000        210.071          1.242          0.000          0.576          126.4            0.5            0.1            0.1            0.0            0.0            0.0            2.0           0.001
     23/09/2001           2001            266          0.000        208.527          0.953          0.000          0.591          127.1            0.5            0.2            0.1            0.0            0.0            0.0            1.9           0.001
     24/09/2001           2001            267          5.000        208.630          3.877          0.422          0.597          127.8            0.5            0.2            0.1            0.0            0.0            0.0            1.8           0.001
     25/09/2001           2001            268          3.000        207.028          3.977          0.034          0.591          128.5            0.5            0.2            0.1            0.0            0.0            0.0            1.7           0.001
     26/09/2001           2001            269          0.000        205.691          0.764          0.000          0.573          129.3            0.5            0.2            0.1            0.0            0.0            0.0            1.7           0.001
     27/09/2001           2001            270          1.000        204.466          1.681          0.000          0.544          130.0            0.5            0.2            0.1            0.0            0.0            0.0            1.6           0.001
     28/09/2001           2001            271          0.000        203.341          0.620          0.000          0.506          130.8            0.5            0.2            0.1            0.0            0.0            0.0            1.6           0.001
     29/09/2001           2001            272          0.000        202.307          0.573          0.000          0.461          131.6            0.5            0.2            0.1            0.0            0.0            0.0            1.6           0.001
     30/09/2001           2001            273          0.000        201.360          0.535          0.000          0.413          132.4            0.5            0.2            0.1            0.0            0.0            0.0            1.6           0.001
     01/10/2001           2001            274         38.000        211.142          3.706         24.147          0.365          133.1            0.5            0.1            0.1            0.0            0.0            0.0            1.5           0.001
     02/10/2001           2001            275          7.000        211.461          3.769          2.586          0.326          133.7            0.5            0.1            0.1            0.0            0.0            0.0            1.4           0.001
     03/10/2001           2001            276          6.000        211.583          3.771          1.807          0.300          134.2            0.5            0.1            0.1            0.0            0.0            0.0            1.3           0.001
     04/10/2001           2001            277          2.000        210.143          3.121          0.032          0.287          134.8            0.5            0.1            0.1            0.0            0.0            0.0            1.3           0.001
     05/10/2001           2001            278         15.000        212.351          4.535          7.967          0.289          135.4            0.5            0.1            0.1            0.0            0.0            0.0            1.2           0.001
     06/10/2001           2001            279          0.000        209.538          2.512          0.000          0.301          136.0            0.5            0.1            0.1            0.0            0.0            0.0            1.2           0.001
     07/10/2001           2001            280          2.000        207.990          3.229          0.000          0.319          136.7            0.5            0.2            0.1            0.0            0.0            0.0            1.1           0.001
     08/10/2001           2001            281          0.000        206.707          0.947          0.000          0.336          137.4            0.5            0.2            0.1            0.0            0.0            0.0            1.1           0.001
     09/10/2001           2001            282          0.000        205.558          0.800          0.000          0.349          138.2            0.5            0.2            0.1            0.0            0.0            0.0            1.1           0.001
     10/10/2001           2001            283         16.000        210.792          3.540          6.870          0.356          138.9            0.5            0.2            0.1            0.0            0.0            0.0            1.0           0.001
     11/10/2001           2001            284          7.000        211.689          3.569          2.175          0.359          139.5            0.5            0.2            0.1            0.0            0.0            0.0            1.0           0.000
     12/10/2001           2001            285          2.000        209.339          3.960          0.030          0.360          140.2            0.5            0.2            0.1            0.0            0.0            0.0            0.9           0.000
     13/10/2001           2001            286          0.000        207.157          1.822          0.000          0.360          140.9            0.5            0.2            0.1            0.0            0.0            0.0            0.9           0.000
     14/10/2001           2001            287          0.000        205.662          1.139          0.000          0.356          141.5            0.5            0.1            0.1            0.0            0.0            0.0            0.9           0.000
     15/10/2001           2001            288         35.000        213.292          3.542         23.477          0.352          142.1            0.5            0.1            0.1            0.0            0.0            0.0            0.8           0.000
     16/10/2001           2001            289          0.000        210.156          2.786          0.000          0.349          142.7            0.5            0.1            0.1            0.0            0.0            0.0            0.8           0.000
     17/10/2001           2001            290          0.000        208.340          1.469          0.000          0.347          143.4            0.5            0.2            0.1            0.0            0.0            0.0            0.8           0.000
     18/10/2001           2001            291          1.000        206.955          2.042          0.000          0.343          144.0            0.5            0.2            0.1            0.0            0.0            0.0            0.7           0.000
     19/10/2001           2001            292          3.000        205.763          3.807          0.047          0.337          144.8            0.5            0.2            0.1            0.0            0.0            0.0            0.7           0.000
     20/10/2001           2001            293          0.000        204.694          0.742          0.000          0.327          145.5            0.5            0.2            0.1            0.0            0.0            0.0            0.7           0.000
     21/10/2001           2001            294          0.000        203.718          0.665          0.000          0.312          146.2            0.5            0.2            0.1            0.0            0.0            0.0            0.7           0.000
     22/10/2001           2001            295          0.000        202.818          0.608          0.000          0.292          147.0            0.5            0.2            0.1            0.0            0.0            0.0            0.7           0.000
     23/10/2001           2001            296          0.000        201.986          0.563          0.000          0.269          147.7            0.5            0.2            0.1            0.0            0.0            0.0            0.7           0.000
     24/10/2001           2001            297          0.000        201.217          0.527          0.000          0.242          148.5            0.5            0.2            0.1            0.0            0.0            0.0            0.7           0.000
     25/10/2001           2001            298          0.000        200.505          0.497          0.000          0.214          149.4            0.5            0.2            0.1            0.0            0.0            0.0            0.7           0.000
     26/10/2001           2001            299          0.000        199.847          0.472          0.000          0.186          150.2            0.5            0.2            0.1            0.0            0.0            0.0            0.7           0.000
     27/10/2001           2001            300          0.000        199.238          0.450          0.000          0.158          151.0            0.5            0.2            0.1            0.0            0.0            0.0            0.7           0.000
     28/10/2001           2001            301         51.000        211.073          3.210         35.821          0.135          151.5            0.4            0.1            0.1            0.0            0.0            0.0            0.7           0.000
     29/10/2001           2001            302          0.000        208.737          2.216          0.000          0.119          152.1            0.4            0.1            0.1            0.0            0.0            0.0            0.6           0.000
     30/10/2001           2001            303          1.000        206.731          2.896          0.000          0.110          152.6            0.4            0.1            0.1            0.0            0.0            0.0            0.6           0.000
     31/10/2001           2001            304        104.000        213.503          3.979         93.136          0.113          152.8            0.3            0.1            0.1            0.0            0.0            0.0            0.6           0.000
     01/11/2001           2001            305          2.000        211.923          3.384          0.066          0.130          153.2            0.4            0.1            0.1            0.0            0.0            0.0            0.6           0.000
     02/11/2001           2001            306          0.000        209.872          1.894          0.000          0.158          153.7            0.4            0.1            0.1            0.0            0.0            0.0            0.5           0.000
     03/11/2001           2001            307          0.000        208.525          1.154          0.000          0.193          154.3            0.4            0.1            0.1            0.0            0.0            0.0            0.5           0.000
     04/11/2001           2001            308          0.000        207.384          0.912          0.000          0.228          154.8            0.4            0.1            0.1            0.0            0.0            0.0            0.5           0.000
     05/11/2001           2001            309          0.000        206.346          0.779          0.000          0.259          155.5            0.4            0.1            0.1            0.0            0.0            0.0            0.5           0.000
     06/11/2001           2001            310          0.000        205.374          0.691          0.000          0.281          156.1            0.4            0.1            0.1            0.0            0.0            0.0            0.5           0.000
     07/11/2001           2001            311          0.000        204.453          0.627          0.000          0.294          156.7            0.4            0.1            0.1            0.0            0.0            0.0            0.5           0.000
     08/11/2001           2001            312          0.000        203.579          0.579          0.000          0.295          157.3            0.4            0.1            0.1            0.0            0.0            0.0            0.5           0.000
     09/11/2001           2001            313          0.000        202.753          0.540          0.000          0.287          157.9            0.4            0.1            0.1            0.0            0.0            0.0            0.5           0.000
     10/11/2001           2001            314          0.000        201.974          0.508          0.000          0.271          158.4            0.4            0.1            0.1            0.0            0.0            0.0            0.5           0.000
     11/11/2001           2001            315         14.000        208.083          2.809          4.833          0.249          158.9            0.3            0.1            0.1            0.0            0.0            0.0            0.5           0.000
     12/11/2001           2001            316         42.000        213.684          2.845         33.324          0.229          159.0            0.3            0.1            0.1            0.0            0.0            0.0            0.5           0.000
     13/11/2001           2001            317          2.000        212.421          2.980          0.066          0.218          159.3            0.3            0.1            0.1            0.0            0.0            0.0            0.4           0.000
     14/11/2001           2001            318          0.000        209.637          2.566          0.000          0.218          159.7            0.3            0.1            0.1            0.0            0.0            0.0            0.4           0.000
     15/11/2001           2001            319          0.000        207.991          1.421          0.000          0.226          160.2            0.3            0.1            0.1            0.0            0.0            0.0            0.4           0.000
     16/11/2001           2001            320          0.000        206.726          1.025          0.000          0.239          160.7            0.4            0.1            0.1            0.0            0.0            0.0            0.4           0.000
     17/11/2001           2001            321          0.000        205.630          0.845          0.000          0.252          161.3            0.4            0.1            0.1            0.0            0.0            0.0            0.4           0.000
     18/11/2001           2001            322          0.000        204.633          0.736          0.000          0.261          161.8            0.4            0.1            0.1            0.0            0.0            0.0            0.4           0.000
     19/11/2001           2001            323          0.000        203.708          0.660          0.000          0.264          162.4            0.4            0.1            0.1            0.0            0.0            0.0            0.4           0.000
     20/11/2001           2001            324          0.000        202.843          0.604          0.000          0.260          163.0            0.4            0.1            0.1            0.0            0.0            0.0            0.4           0.000
     21/11/2001           2001            325          0.000        202.033          0.560          0.000          0.250          163.6            0.4            0.1            0.1            0.0            0.0            0.0            0.4           0.000
     22/11/2001           2001            326          0.000        201.275          0.525          0.000          0.234          164.1            0.4            0.1            0.1            0.0            0.0            0.0            0.4           0.000
     23/11/2001           2001            327          0.000        200.566          0.496          0.000          0.213          164.7            0.4            0.1            0.1            0.0            0.0            0.0            0.4           0.000
     24/11/2001           2001            328          0.000        199.906          0.470          0.000          0.190          165.2            0.4            0.1            0.1            0.0            0.0            0.0            0.4           0.000
     25/11/2001           2001            329          0.000        199.292          0.449          0.000          0.165          165.8            0.4            0.1            0.1            0.0            0.0            0.0            0.4           0.000
     26/11/2001           2001            330          0.000        198.720          0.430          0.000          0.141          166.4            0.4            0.1            0.1            0.0            0.0            0.0            0.4           0.000
     27/11/2001           2001            331          0.000        198.188          0.413          0.000          0.119          167.0            0.4            0.1            0.1            0.0            0.0            0.0            0.4           0.000
     28/11/2001           2001            332          0.000        197.692          0.399          0.000          0.098          167.5            0.4            0.1            0.1            0.0            0.0            0.0            0.4           0.000
     29/11/2001           2001            333          0.000        197.228          0.385          0.000          0.079          168.1            0.4            0.1            0.1            0.0            0.0            0.0            0.4           0.000
     30/11/2001           2001            334          0.000        196.791          0.373          0.000          0.063          168.7            0.3            0.1            0.1            0.0            0.0            0.0            0.4           0.000
     01/12/2001           2001            335          0.000        196.742          0.000          0.000          0.050          169.2            0.3            0.1            0.1            0.0            0.0            0.0            0.4           0.000
     02/12/2001           2001            336          0.000        196.410          0.293          0.000          0.038          169.7            0.3            0.1            0.1            0.0            0.0            0.0            0.4           0.000
     03/12/2001           2001            337          0.000        196.095          0.286          0.000          0.030          170.2            0.3            0.1            0.1            0.0            0.0            0.0            0.4           0.000
     04/12/2001           2001            338          0.000        195.794          0.278          0.000          0.023          170.7            0.3            0.1            0.1            0.0            0.0            0.0            0.4           0.000
     05/12/2001           2001            339          0.000        195.505          0.272          0.000          0.017          171.2            0.3            0.1            0.1            0.0            0.0            0.0            0.4           0.000
     06/12/2001           2001            340          0.000        195.227          0.265          0.000          0.013          171.6            0.3            0.1            0.1            0.0            0.0            0.0            0.4           0.000
     07/12/2001           2001            341          0.000        194.958          0.260          0.000          0.010          172.1            0.3            0.1            0.1            0.0            0.0            0.0            0.4           0.000
     08/12/2001           2001            342          0.000        194.696          0.254          0.000          0.007          172.6            0.3            0.1            0.1            0.0            0.0            0.0            0.4           0.000
     09/12/2001           2001            343          0.000        194.442          0.249          0.000          0.005          173.0            0.3            0.1            0.1            0.0            0.0            0.0            0.4           0.000
     10/12/2001           2001            344          0.000        194.193          0.244          0.000          0.004          173.5            0.3            0.1            0.1            0.0            0.0            0.0            0.4           0.000
     11/12/2001           2001            345          0.000        193.951          0.240          0.000          0.003          174.0            0.3            0.1            0.1            0.0            0.0            0.0            0.4           0.000
     12/12/2001           2001            346          0.000        193.713          0.236          0.000          0.002          174.5            0.3            0.1            0.1            0.0            0.0            0.0            0.4           0.000
     13/12/2001           2001            347          0.000        193.480          0.231          0.000          0.002          174.9            0.3            0.1            0.1            0.0            0.0            0.0            0.4           0.000
     14/12/2001           2001            348          0.000        193.251          0.228          0.000          0.001          175.4            0.2            0.1            0.1            0.0            0.0            0.0            0.4           0.000
     15/12/2001           2001            349          0.000        193.027          0.224          0.000          0.001          175.8            0.2            0.1            0.1            0.0            0.0            0.0            0.4           0.000
     16/12/2001           2001            350          0.000        192.806          0.220          0.000          0.001          176.2            0.2            0.1            0.1            0.0            0.0            0.0            0.4           0.000
     17/12/2001           2001            351          0.000        192.588          0.217          0.000          0.000          176.6            0.2            0.1            0.1            0.0            0.0            0.0            0.4           0.000
     18/12/2001           2001            352          0.000        192.374          0.214          0.000          0.000          177.0            0.2            0.1            0.1            0.0            0.0            0.0            0.4           0.000
     19/12/2001           2001            353          0.000        192.163          0.211          0.000          0.000          177.3            0.2            0.1            0.1            0.0            0.0            0.0            0.4           0.000
     20/12/2001           2001            354          0.000        191.955          0.208          0.000          0.000          177.7            0.2            0.1            0.1            0.0            0.0            0.0            0.4           0.000
     21/12/2001           2001            355          0.000        191.750          0.205          0.000          0.000          178.1            0.2            0.1            0.1            0.0            0.0            0.0            0.4           0.000
     22/12/2001           2001            356          0.000        191.547          0.202          0.000          0.000          178.4            0.2            0.1            0.1            0.0            0.0            0.0            0.4           0.000
     23/12/2001           2001            357          0.000        191.347          0.200          0.000          0.000          178.8            0.2            0.1            0.1            0.0            0.0            0.0            0.4           0.000
     24/12/2001           2001            358          0.000        191.150          0.197          0.000          0.000          179.1            0.2            0.1            0.1            0.0            0.0            0.0            0.4           0.000
     25/12/2001           2001            359          0.000        190.955          0.195          0.000          0.000          179.5            0.2            0.1            0.1            0.0            0.0            0.0            0.4           0.000
     26/12/2001           2001            360          0.000        190.763          0.192          0.000          0.000          179.8            0.2            0.1            0.1            0.0            0.0            0.0            0.4           0.000
     27/12/2001           2001            361          0.000        190.573          0.190          0.000          0.000          180.2            0.2            0.1            0.1            0.0            0.0            0.0            0.4           0.000
     28/12/2001           2001            362          0.000        190.384          0.188          0.000          0.000          180.6            0.2            0.1            0.1            0.0            0.0            0.0            0.4           0.000
     29/12/2001           2001            363          0.000        190.198          0.186          0.000          0.000          181.0            0.2            0.1            0.1            0.0            0.0            0.0            0.4           0.000
     30/12/2001           2001            364          0.000        190.014          0.184          0.000          0.000          181.3            0.2            0.1            0.1            0.0            0.0            0.0            0.4           0.000
     31/12/2001           2001            365          0.000        189.832          0.182          0.000          0.000          181.7            0.2            0.1            0.1            0.0            0.0            0.0            0.4           0.000
