ApsimVersion = 7.4
Title = Silt cowpea residues incorp
           Date     biom_n_Tot      fom_n_Tot        NO3_Tot
   (dd/mm/yyyy)        (kg/ha)        (kg/ha)        (kg/ha)
     01/06/2001          180.6           14.1           61.8
     02/06/2001          184.7           13.3           63.1
     03/06/2001          188.3           12.6           64.1
     04/06/2001          190.9           11.9           64.9
     05/06/2001          192.9           11.3           65.6
     06/06/2001          195.4           10.8           65.9
     07/06/2001          197.6           10.4           66.2
     08/06/2001          199.6           10.0           66.5
     09/06/2001          201.3            9.6           66.8
     10/06/2001          202.7            9.3           67.1
     11/06/2001          203.7            8.9           67.5
     12/06/2001          204.2            8.6           68.1
     13/06/2001          204.5            8.2           68.7
     14/06/2001          205.4            8.0           69.1
     15/06/2001          205.8           18.3           69.4
     16/06/2001          206.1           17.5           69.7
     17/06/2001          206.3           16.8           70.0
     18/06/2001          206.5           16.2           70.3
     19/06/2001          206.6           15.6           70.7
     20/06/2001          206.7           15.0           71.0
     21/06/2001          206.7           14.5           71.3
     22/06/2001          206.7           13.9           71.7
     23/06/2001          206.7           13.4           72.3
     24/06/2001          206.6           12.8           73.0
     25/06/2001          206.5           12.3           73.8
     26/06/2001          206.3           11.8           74.7
     27/06/2001          206.2           11.4           75.4
     28/06/2001          205.9           10.9           76.3
     29/06/2001          205.7           10.5           77.1
     30/06/2001          205.4           10.1           77.9
     01/07/2001          205.1            9.8           78.6
     02/07/2001          204.9            9.5           79.2
     03/07/2001          204.6            9.2           79.9
     04/07/2001          204.3            8.9           80.6
     05/07/2001          203.9            8.6           81.5
     06/07/2001          203.5            8.3           82.4
     07/07/2001          203.1            8.0           83.3
     08/07/2001          202.7            7.7           84.4
     09/07/2001          202.2            7.4           85.4
     10/07/2001          201.8            7.2           86.3
     11/07/2001          201.4            7.0           87.0
     12/07/2001          200.9            6.7           87.8
     13/07/2001          200.5            6.5           88.6
     14/07/2001          200.0            6.3           89.3
     15/07/2001          199.5            6.1           90.1
     16/07/2001          199.0            6.0           90.9
     17/07/2001          198.5            5.8           91.8
     18/07/2001          198.0            5.6           92.8
     19/07/2001          197.5            5.4           93.7
     20/07/2001          196.9            5.2           94.7
     21/07/2001          196.4            5.1           95.7
     22/07/2001          195.8            4.9           96.8
     23/07/2001          195.3            4.8           97.7
     24/07/2001          194.7            4.6           98.6
     25/07/2001          194.1            4.5           99.5
     26/07/2001          193.6            4.4          100.3
     27/07/2001          193.0            4.2          101.2
     28/07/2001          192.5            4.1          102.1
     29/07/2001          191.9            4.0          102.8
     30/07/2001          191.4            3.9          103.6
     31/07/2001          190.8            3.8          104.3
     01/08/2001          190.3            3.7          105.0
     02/08/2001          189.7            3.6          105.7
     03/08/2001          189.1            3.5          106.4
     04/08/2001          188.6            3.4          107.2
     05/08/2001          188.0            3.3          108.0
     06/08/2001          187.4            3.3          108.7
     07/08/2001          186.8            3.2          109.6
     08/08/2001          186.2            3.1          110.6
     09/08/2001          185.5            3.0          111.5
     10/08/2001          184.9            2.9          112.5
     11/08/2001          184.2            2.9          113.5
     12/08/2001          183.6            2.8          114.6
     13/08/2001          182.9            2.7          115.6
     14/08/2001          182.3            2.6          116.7
     15/08/2001          181.6            2.6          117.6
     16/08/2001          181.0            2.5          118.6
     17/08/2001          180.4            2.5          119.5
     18/08/2001          179.8            2.4          120.4
     19/08/2001          179.2            2.3          121.3
     20/08/2001          178.6            2.3          122.3
     21/08/2001          177.9            2.2          123.3
     22/08/2001          177.3            2.2          124.3
     23/08/2001          176.7            2.1          125.4
     24/08/2001          176.0            2.1          126.4
     25/08/2001          175.4            2.1          127.5
     26/08/2001          174.8            2.0          128.5
     27/08/2001          174.1            2.0          129.6
     28/08/2001          173.5            1.9          130.6
     29/08/2001          172.9            1.9          131.6
     30/08/2001          172.2            1.9          132.6
     31/08/2001          171.6            1.8          133.7
     01/09/2001          171.0            1.8          134.6
     02/09/2001          170.4            1.7          135.6
     03/09/2001          169.8            1.7          136.7
     04/09/2001          169.2            1.7          137.7
     05/09/2001          168.6            1.7          138.7
     06/09/2001          168.0            1.6          139.6
     07/09/2001          167.4            1.6          140.4
     08/09/2001          166.8            1.6          141.2
     09/09/2001          166.3            1.6          142.0
     10/09/2001          165.7            1.5          142.8
     11/09/2001          165.2            1.5          143.4
     12/09/2001          164.6            1.5          144.1
     13/09/2001          164.1            1.5          144.9
     14/09/2001          163.6            1.4          145.6
     15/09/2001          163.0            1.4          146.4
     16/09/2001          162.4            1.4          147.2
     17/09/2001          161.9            1.4          148.0
     18/09/2001          161.5            1.4          148.5
     19/09/2001          161.0            1.3          149.0
     20/09/2001          160.5            1.3          149.5
     21/09/2001          160.1            1.3          150.1
     22/09/2001          159.5            1.3          150.8
     23/09/2001          159.0            1.3          151.6
     24/09/2001          158.5            1.3          152.4
     25/09/2001          157.9            1.2          153.3
     26/09/2001          157.4            1.2          154.2
     27/09/2001          156.8            1.2          155.1
     28/09/2001          156.3            1.2          156.0
     29/09/2001          155.7            1.2          157.0
     30/09/2001          155.2            1.2          157.9
     01/10/2001          154.7            1.1          158.7
     02/10/2001          154.2            1.1          159.4
     03/10/2001          153.7            1.1          160.0
     04/10/2001          153.2            1.1          160.7
     05/10/2001          152.7            1.1          161.3
     06/10/2001          152.2            1.1          162.1
     07/10/2001          151.7            1.1          162.9
     08/10/2001          151.2            1.1          163.7
     09/10/2001          150.6            1.0          164.7
     10/10/2001          150.1            1.0          165.5
     11/10/2001          149.6            1.0          166.2
     12/10/2001          149.1            1.0          167.0
     13/10/2001          148.6            1.0          167.8
     14/10/2001          148.1            1.0          168.5
     15/10/2001          147.6            1.0          169.2
     16/10/2001          147.1            1.0          169.9
     17/10/2001          146.7            1.0          170.7
     18/10/2001          146.2            0.9          171.5
     19/10/2001          145.7            0.9          172.3
     20/10/2001          145.2            0.9          173.1
     21/10/2001          144.7            0.9          174.0
     22/10/2001          144.2            0.9          174.9
     23/10/2001          143.7            0.9          175.8
     24/10/2001          143.2            0.9          176.7
     25/10/2001          142.7            0.9          177.7
     26/10/2001          142.2            0.9          178.7
     27/10/2001          141.7            0.9          179.5
     28/10/2001          141.3            0.8          180.1
     29/10/2001          140.8            0.8          180.8
     30/10/2001          140.4            0.8          181.4
     31/10/2001          140.1            0.8          181.7
     01/11/2001          139.7            0.8          182.1
     02/11/2001          139.3            0.8          182.7
     03/11/2001          138.9            0.8          183.3
     04/11/2001          138.5            0.8          184.0
     05/11/2001          138.1            0.8          184.7
     06/11/2001          137.7            0.8          185.4
     07/11/2001          137.3            0.8          186.1
     08/11/2001          136.9            0.8          186.8
     09/11/2001          136.5            0.8          187.5
     10/11/2001          136.2            0.8          188.1
     11/11/2001          135.9            0.8          188.7
     12/11/2001          135.6            0.8          188.8
     13/11/2001          135.3            0.7          189.2
     14/11/2001          135.0            0.7          189.6
     15/11/2001          134.7            0.7          190.1
     16/11/2001          134.3            0.7          190.7
     17/11/2001          133.9            0.7          191.4
     18/11/2001          133.6            0.7          192.0
     19/11/2001          133.2            0.7          192.7
     20/11/2001          132.9            0.7          193.4
     21/11/2001          132.5            0.7          194.0
     22/11/2001          132.2            0.7          194.7
     23/11/2001          131.8            0.7          195.3
     24/11/2001          131.5            0.7          196.0
     25/11/2001          131.2            0.7          196.6
     26/11/2001          130.8            0.7          197.3
     27/11/2001          130.5            0.7          198.0
     28/11/2001          130.2            0.7          198.6
     29/11/2001          129.8            0.7          199.3
     30/11/2001          129.5            0.7          199.9
     01/12/2001          129.2            0.7          200.6
     02/12/2001          128.9            0.6          201.1
     03/12/2001          128.6            0.6          201.7
     04/12/2001          128.3            0.6          202.3
     05/12/2001          128.1            0.6          202.8
     06/12/2001          127.8            0.6          203.3
     07/12/2001          127.5            0.6          203.9
     08/12/2001          127.3            0.6          204.4
     09/12/2001          127.0            0.6          205.0
     10/12/2001          126.8            0.6          205.5
     11/12/2001          126.5            0.6          206.1
     12/12/2001          126.2            0.6          206.6
     13/12/2001          126.0            0.6          207.2
     14/12/2001          125.8            0.6          207.6
     15/12/2001          125.6            0.6          208.1
     16/12/2001          125.3            0.6          208.6
     17/12/2001          125.1            0.6          209.0
     18/12/2001          124.9            0.6          209.5
     19/12/2001          124.7            0.6          209.9
     20/12/2001          124.5            0.6          210.3
     21/12/2001          124.3            0.6          210.8
     22/12/2001          124.1            0.6          211.2
     23/12/2001          124.0            0.6          211.6
     24/12/2001          123.8            0.6          212.0
     25/12/2001          123.6            0.6          212.4
     26/12/2001          123.4            0.6          212.8
     27/12/2001          123.2            0.6          213.2
     28/12/2001          123.0            0.6          213.6
     29/12/2001          122.9            0.6          214.1
     30/12/2001          122.7            0.6          214.5
     31/12/2001          122.5            0.6          214.9
