ApsimVersion = 7.5
Title = Silt cowpea residue field
           Date           year            day           rain            esw             es         runoff          drain          no3()   dlt_n_min(1)   dlt_n_min(2)   dlt_n_min(3)   dlt_n_min(4)   dlt_n_min(5)   dlt_n_min(6)   surfaceom_wt surfaceom_cover
   (dd/mm/yyyy)         (year)          (day)           (mm)           (mm)           (mm)           (mm)           (mm)        (kg/ha)        (kg/ha)        (kg/ha)        (kg/ha)        (kg/ha)        (kg/ha)        (kg/ha)        (kg/ha)       (m^2/m^2)
     01/01/2001           2001              1          0.000        104.120          0.280          0.000          0.000            9.9            0.1           -0.0           -0.0           -0.0           -0.0           -0.0         1839.8           0.308
     02/01/2001           2001              2          0.000        103.847          0.273          0.000          0.000           10.7            0.2           -0.0           -0.0           -0.0           -0.0           -0.0         1722.6           0.291
     03/01/2001           2001              3          0.000        103.580          0.267          0.000          0.000           11.6            0.2           -0.0            0.0           -0.0           -0.0           -0.0         1645.1           0.280
     04/01/2001           2001              4          0.000        103.319          0.261          0.000          0.000           12.2            0.2           -0.0            0.0           -0.0           -0.0           -0.0         1604.9           0.275
     05/01/2001           2001              5          0.000        103.063          0.256          0.000          0.000           12.8            0.2            0.0            0.0           -0.0           -0.0           -0.0         1594.0           0.273
     06/01/2001           2001              6          0.000        102.813          0.250          0.000          0.000           13.3            0.2            0.0            0.0           -0.0           -0.0           -0.0         1594.0           0.273
     07/01/2001           2001              7          0.000        102.567          0.246          0.000          0.000           13.6            0.2            0.0            0.0           -0.0           -0.0           -0.0         1594.0           0.273
     08/01/2001           2001              8          0.000        102.326          0.241          0.000          0.000           13.9            0.2            0.0            0.0           -0.0           -0.0           -0.0         1594.0           0.273
     09/01/2001           2001              9          0.000        102.090          0.237          0.000          0.000           14.2            0.2            0.0            0.0           -0.0           -0.0           -0.0         1594.0           0.273
     10/01/2001           2001             10          0.000        101.857          0.232          0.000          0.000           14.5            0.2            0.0            0.0           -0.0           -0.0           -0.0         1594.0           0.273
     11/01/2001           2001             11          0.000        101.629          0.229          0.000          0.000           14.7            0.2            0.0            0.0           -0.0           -0.0           -0.0         1594.0           0.273
     12/01/2001           2001             12          0.000        101.404          0.225          0.000          0.000           15.0            0.2            0.0            0.0           -0.0           -0.0           -0.0         1594.0           0.273
     13/01/2001           2001             13          0.000        101.183          0.221          0.000          0.000           15.3            0.2            0.0            0.0           -0.0           -0.0           -0.0         1594.0           0.273
     14/01/2001           2001             14          0.000        100.965          0.218          0.000          0.000           15.6            0.2            0.1            0.0           -0.0           -0.0           -0.0         1594.0           0.273
     15/01/2001           2001             15          0.000        100.750          0.215          0.000          0.000           15.8            0.2            0.1            0.0           -0.0           -0.0           -0.0         1594.0           0.273
     16/01/2001           2001             16          0.000        100.539          0.212          0.000          0.000           16.1            0.2            0.1            0.0            0.0           -0.0           -0.0         1594.0           0.273
     17/01/2001           2001             17          0.000        100.330          0.209          0.000          0.000           16.5            0.2            0.1            0.0            0.0           -0.0           -0.0         1594.0           0.273
     18/01/2001           2001             18          0.000        100.125          0.206          0.000          0.000           16.8            0.2            0.1            0.0            0.0           -0.0           -0.0         1594.0           0.273
     19/01/2001           2001             19          0.000         99.922          0.203          0.000          0.000           17.1            0.2            0.1            0.0            0.0           -0.0           -0.0         1594.0           0.273
     20/01/2001           2001             20          0.000         99.721          0.200          0.000          0.000           17.5            0.2            0.1            0.1            0.0           -0.0           -0.0         1594.0           0.273
     21/01/2001           2001             21          0.000         99.523          0.198          0.000          0.000           17.9            0.2            0.1            0.1            0.0           -0.0           -0.0         1594.0           0.273
     22/01/2001           2001             22          0.000         99.328          0.195          0.000          0.000           18.2            0.2            0.1            0.1            0.0           -0.0           -0.0         1594.0           0.273
     23/01/2001           2001             23          0.000         99.135          0.193          0.000          0.000           18.6            0.2            0.1            0.1            0.0           -0.0           -0.0         1594.0           0.273
     24/01/2001           2001             24          0.000         98.944          0.191          0.000          0.000           19.0            0.2            0.1            0.1            0.0           -0.0           -0.0         1594.0           0.273
     25/01/2001           2001             25          0.000         98.756          0.189          0.000          0.000           19.4            0.2            0.1            0.1            0.0           -0.0           -0.0         1594.0           0.273
     26/01/2001           2001             26          0.000         98.569          0.186          0.000          0.000           19.8            0.2            0.1            0.1            0.0           -0.0           -0.0         1594.0           0.273
     27/01/2001           2001             27          0.000         98.385          0.184          0.000          0.000           20.1            0.2            0.1            0.1            0.0           -0.0           -0.0         1594.0           0.273
     28/01/2001           2001             28          0.000         98.202          0.182          0.000          0.000           20.4            0.2            0.1            0.1            0.0           -0.0           -0.0         1594.0           0.273
     29/01/2001           2001             29          0.000         98.022          0.181          0.000          0.000           20.7            0.2            0.1            0.1            0.0           -0.0           -0.0         1594.0           0.273
     30/01/2001           2001             30          0.000         97.843          0.179          0.000          0.000           21.1            0.2            0.1            0.1            0.0           -0.0           -0.0         1594.0           0.273
     31/01/2001           2001             31          0.000         97.666          0.177          0.000          0.000           21.4            0.2            0.1            0.1            0.0           -0.0           -0.0         1594.0           0.273
     01/02/2001           2001             32          0.000         97.491          0.175          0.000          0.000           21.8            0.2            0.1            0.1            0.0           -0.0           -0.0         1594.0           0.273
     02/02/2001           2001             33          0.000         97.317          0.173          0.000          0.000           22.2            0.2            0.1            0.1            0.0           -0.0           -0.0         1594.0           0.273
     03/02/2001           2001             34          0.000         97.146          0.172          0.000          0.000           22.6            0.2            0.1            0.1            0.0           -0.0           -0.0         1594.0           0.273
     04/02/2001           2001             35          0.000         96.975          0.170          0.000          0.000           23.0            0.2            0.1            0.1            0.0           -0.0           -0.0         1594.0           0.273
     05/02/2001           2001             36          0.000         96.807          0.169          0.000          0.000           23.4            0.2            0.1            0.1            0.0           -0.0           -0.0         1594.0           0.273
     06/02/2001           2001             37          0.000         96.640          0.167          0.000          0.000           23.8            0.2            0.1            0.1            0.0           -0.0           -0.0         1594.0           0.273
     07/02/2001           2001             38          0.000         96.474          0.166          0.000          0.000           24.2            0.2            0.1            0.1            0.0           -0.0           -0.0         1594.0           0.273
     08/02/2001           2001             39          0.000         96.310          0.164          0.000          0.000           24.6            0.2            0.1            0.1            0.0           -0.0           -0.0         1594.0           0.273
     09/02/2001           2001             40          0.000         96.147          0.163          0.000          0.000           25.0            0.2            0.1            0.1            0.0           -0.0           -0.0         1594.0           0.273
     10/02/2001           2001             41          0.000         95.985          0.161          0.000          0.000           25.3            0.1            0.1            0.1            0.0           -0.0           -0.0         1594.0           0.273
     11/02/2001           2001             42          0.000         95.825          0.160          0.000          0.000           25.7            0.1            0.1            0.1            0.0           -0.0           -0.0         1594.0           0.273
     12/02/2001           2001             43          0.000         95.666          0.159          0.000          0.000           26.0            0.1            0.1            0.1            0.0           -0.0           -0.0         1594.0           0.273
     13/02/2001           2001             44          0.000         95.509          0.158          0.000          0.000           26.4            0.1            0.1            0.1            0.0           -0.0           -0.0         1594.0           0.273
     14/02/2001           2001             45          0.000         95.352          0.156          0.000          0.000           26.8            0.1            0.1            0.1            0.0           -0.0           -0.0         1594.0           0.273
     15/02/2001           2001             46          0.000         95.197          0.155          0.000          0.000           27.1            0.1            0.1            0.1            0.0           -0.0           -0.0         1594.0           0.273
     16/02/2001           2001             47          0.000         95.043          0.154          0.000          0.000           27.5            0.1            0.2            0.1            0.0           -0.0           -0.0         1594.0           0.273
     17/02/2001           2001             48          0.000         94.891          0.153          0.000          0.000           27.9            0.1            0.2            0.1            0.0           -0.0           -0.0         1594.0           0.273
     18/02/2001           2001             49          0.000         94.739          0.152          0.000          0.000           28.3            0.1            0.2            0.1            0.0           -0.0           -0.0         1594.0           0.273
     19/02/2001           2001             50          0.000         94.588          0.151          0.000          0.000           28.7            0.1            0.2            0.1            0.0           -0.0           -0.0         1594.0           0.273
     20/02/2001           2001             51          0.000         94.439          0.149          0.000          0.000           29.1            0.1            0.2            0.1            0.0           -0.0           -0.0         1594.0           0.273
     21/02/2001           2001             52          0.000         94.290          0.148          0.000          0.000           29.5            0.1            0.2            0.1            0.0           -0.0           -0.0         1594.0           0.273
     22/02/2001           2001             53          6.000         96.623          3.667          0.000          0.000           30.0            0.2            0.2            0.1            0.0           -0.0            0.0         1434.6           0.249
     23/02/2001           2001             54          0.000         96.458          0.166          0.000          0.000           30.5            0.2            0.2            0.1            0.0            0.0            0.0         1327.0           0.233
     24/02/2001           2001             55          0.000         96.294          0.164          0.000          0.000           31.1            0.2            0.2            0.1            0.0            0.0            0.0         1259.1           0.223
     25/02/2001           2001             56          0.000         96.131          0.163          0.000          0.000           31.6            0.2            0.2            0.1            0.0            0.0            0.0         1225.6           0.217
     26/02/2001           2001             57          0.000         95.970          0.161          0.000          0.000           32.1            0.2            0.2            0.1            0.0            0.0            0.0         1219.9           0.216
     27/02/2001           2001             58          4.000         96.306          3.664          0.000          0.000           32.6            0.2            0.2            0.1            0.0            0.0            0.0         1219.9           0.216
     28/02/2001           2001             59          0.000         96.143          0.163          0.000          0.000           33.1            0.2            0.2            0.1            0.0            0.0            0.0         1219.9           0.216
     01/03/2001           2001             60          0.000         95.981          0.161          0.000          0.000           33.6            0.2            0.2            0.1            0.0            0.0            0.0         1219.9           0.216
     02/03/2001           2001             61          0.000         95.821          0.160          0.000          0.000           34.1            0.2            0.2            0.1            0.0            0.0            0.0         1219.9           0.216
     03/03/2001           2001             62          0.000         95.662          0.159          0.000          0.000           34.6            0.2            0.2            0.1            0.0            0.0            0.0         1219.9           0.216
     04/03/2001           2001             63          0.000         95.505          0.158          0.000          0.000           35.1            0.2            0.2            0.1            0.0            0.0            0.0         1219.9           0.216
     05/03/2001           2001             64          0.000         95.348          0.156          0.000          0.000           35.5            0.2            0.2            0.1            0.0            0.0            0.0         1219.9           0.216
     06/03/2001           2001             65          0.000         95.193          0.155          0.000          0.000           36.0            0.2            0.2            0.1            0.0            0.0            0.0         1219.9           0.216
     07/03/2001           2001             66          0.000         95.039          0.154          0.000          0.000           36.4            0.2            0.2            0.1            0.0            0.0            0.0         1219.9           0.216
     08/03/2001           2001             67          0.000         94.887          0.153          0.000          0.000           36.9            0.2            0.2            0.1            0.0            0.0            0.0         1219.9           0.216
     09/03/2001           2001             68          0.000         94.735          0.152          0.000          0.000           37.3            0.2            0.2            0.1            0.0            0.0            0.0         1219.9           0.216
     10/03/2001           2001             69          0.000         94.585          0.151          0.000          0.000           37.8            0.2            0.2            0.1            0.0            0.0            0.0         1219.9           0.216
     11/03/2001           2001             70          0.000         94.435          0.149          0.000          0.000           38.2            0.2            0.2            0.1            0.0            0.0            0.0         1219.9           0.216
     12/03/2001           2001             71          0.000         94.287          0.148          0.000          0.000           38.7            0.2            0.2            0.1            0.0            0.0            0.0         1219.9           0.216
     13/03/2001           2001             72          0.000         94.139          0.147          0.000          0.000           39.1            0.2            0.2            0.1            0.0            0.0            0.0         1219.9           0.216
     14/03/2001           2001             73          0.000         93.993          0.146          0.000          0.000           39.6            0.2            0.2            0.1            0.0            0.0            0.0         1219.9           0.216
     15/03/2001           2001             74          0.000         93.848          0.145          0.000          0.000           40.0            0.2            0.2            0.1            0.0            0.0            0.0         1219.9           0.216
     16/03/2001           2001             75          0.000         93.703          0.144          0.000          0.000           40.5            0.1            0.2            0.1            0.0            0.0            0.0         1219.9           0.216
     17/03/2001           2001             76          0.000         93.560          0.143          0.000          0.000           41.0            0.1            0.2            0.1            0.0            0.0            0.0         1219.9           0.216
     18/03/2001           2001             77          0.000         93.417          0.142          0.000          0.000           41.4            0.1            0.2            0.1            0.0            0.0            0.0         1219.9           0.216
     19/03/2001           2001             78          0.000         93.276          0.142          0.000          0.000           41.9            0.1            0.2            0.1            0.0            0.0            0.0         1219.9           0.216
     20/03/2001           2001             79          0.000         93.135          0.141          0.000          0.000           42.4            0.1            0.2            0.1            0.0            0.0            0.0         1219.9           0.216
     21/03/2001           2001             80          0.000         92.995          0.140          0.000          0.000           42.8            0.1            0.2            0.1            0.0            0.0            0.0         1219.9           0.216
     22/03/2001           2001             81          0.000         92.856          0.139          0.000          0.000           43.3            0.1            0.2            0.1            0.0            0.0            0.0         1219.9           0.216
     23/03/2001           2001             82          0.000         92.718          0.138          0.000          0.000           43.7            0.1            0.2            0.1            0.0            0.0            0.0         1219.9           0.216
     24/03/2001           2001             83          1.000         92.581          1.137          0.000          0.000           44.2            0.1            0.2            0.1            0.0            0.0            0.0         1219.9           0.216
     25/03/2001           2001             84          0.000         92.445          0.136          0.000          0.000           44.6            0.1            0.2            0.1            0.0            0.0            0.0         1219.9           0.216
     26/03/2001           2001             85          0.000         92.309          0.136          0.000          0.000           45.0            0.1            0.2            0.1            0.0            0.0            0.0         1219.9           0.216
     27/03/2001           2001             86          0.000         92.174          0.135          0.000          0.000           45.4            0.1            0.2            0.1            0.0            0.0            0.0         1219.9           0.216
     28/03/2001           2001             87          0.000         92.040          0.134          0.000          0.000           45.8            0.1            0.2            0.1            0.0            0.0            0.0         1219.9           0.216
     29/03/2001           2001             88          0.000         91.907          0.133          0.000          0.000           46.2            0.1            0.2            0.1            0.0            0.0            0.0         1219.9           0.216
     30/03/2001           2001             89          0.000         91.774          0.133          0.000          0.000           46.6            0.1            0.2            0.1            0.0            0.0            0.0         1219.9           0.216
     31/03/2001           2001             90          3.000         91.642          3.132          0.000          0.000           47.0            0.1            0.2            0.1            0.0            0.0            0.0         1219.9           0.216
     01/04/2001           2001             91          0.000         91.511          0.131          0.000          0.000           47.4            0.0            0.2            0.1            0.0            0.0            0.0         1219.9           0.216
     02/04/2001           2001             92          0.000         90.718          3.628          0.000          0.000           47.7            0.0            0.2            0.1            0.0            0.0            0.0         1219.9           0.216
     03/04/2001           2001             93          7.000         90.769          4.115          0.000          0.000           48.0            0.0            0.2            0.1            0.0            0.0            0.0         1097.9           0.197
     04/04/2001           2001             94          0.000         90.655          0.186          0.000          0.000           48.3            0.0            0.2            0.1            0.0            0.0            0.0         1014.8           0.184
     05/04/2001           2001             95          0.000         90.623          0.184          0.000          0.000           48.7            0.0            0.2            0.1            0.0            0.0            0.0          967.0           0.176
     06/04/2001           2001             96          0.000         90.590          0.183          0.000          0.000           49.0            0.0            0.2            0.1            0.0            0.0            0.0          948.6           0.173
     07/04/2001           2001             97          0.000         90.557          0.181          0.000          0.000           49.3            0.0            0.2            0.1            0.0            0.0            0.0          948.6           0.173
     08/04/2001           2001             98          0.000         90.524          0.180          0.000          0.000           49.7            0.0            0.2            0.1            0.0            0.0            0.0          948.6           0.173
     09/04/2001           2001             99          0.000         90.490          0.179          0.000          0.000           50.0            0.0            0.2            0.1            0.0            0.0            0.0          948.6           0.173
     10/04/2001           2001            100          0.000         90.457          0.178          0.000          0.000           50.4            0.0            0.2            0.1            0.0            0.0            0.0          948.6           0.173
     11/04/2001           2001            101          0.000         90.422          0.176          0.000          0.000           50.7            0.0            0.2            0.1            0.0            0.0            0.0          948.6           0.173
     12/04/2001           2001            102          0.000         90.388          0.175          0.000          0.000           51.0            0.0            0.2            0.1            0.0            0.0            0.0          948.6           0.173
     13/04/2001           2001            103          0.000         90.353          0.174          0.000          0.000           51.4            0.0            0.2            0.1            0.0            0.0            0.0          948.6           0.173
     14/04/2001           2001            104          0.000         90.318          0.173          0.000          0.000           51.7            0.0            0.2            0.1            0.0            0.0            0.0          948.6           0.173
     15/04/2001           2001            105          0.000         90.282          0.172          0.000          0.000           52.0            0.0            0.2            0.1            0.0            0.0            0.0          948.6           0.173
     16/04/2001           2001            106          0.000         90.246          0.171          0.000          0.000           52.3            0.0            0.2            0.1            0.0            0.0            0.0          948.6           0.173
     17/04/2001           2001            107          0.000         90.210          0.170          0.000          0.000           52.6            0.0            0.2            0.1            0.0            0.0            0.0          948.6           0.173
     18/04/2001           2001            108          0.000         90.174          0.168          0.000          0.000           52.9            0.0            0.2            0.1            0.0            0.0            0.0          948.6           0.173
     19/04/2001           2001            109          2.000         90.137          2.167          0.000          0.000           53.2            0.0            0.2            0.1            0.0            0.0            0.0          948.6           0.173
     20/04/2001           2001            110          0.000         90.100          0.166          0.000          0.000           53.5            0.0            0.2            0.1            0.0            0.0            0.0          948.6           0.173
     21/04/2001           2001            111          0.000         90.063          0.165          0.000          0.000           53.8            0.0            0.2            0.1            0.0            0.0            0.0          948.6           0.173
     22/04/2001           2001            112          0.000         90.026          0.164          0.000          0.000           54.1            0.0            0.2            0.1            0.0            0.0            0.0          948.6           0.173
     23/04/2001           2001            113          1.000         89.988          1.163          0.000          0.000           54.5            0.0            0.2            0.1            0.0            0.0            0.0          948.6           0.173
     24/04/2001           2001            114          0.000         89.950          0.162          0.000          0.000           54.8            0.0            0.2            0.1            0.0            0.0            0.0          948.6           0.173
     25/04/2001           2001            115          0.000         89.912          0.161          0.000          0.000           55.2            0.0            0.2            0.1            0.0            0.0            0.0          948.6           0.173
     26/04/2001           2001            116          0.000         89.873          0.161          0.000          0.000           55.5            0.0            0.2            0.1            0.0            0.0            0.0          948.6           0.173
     27/04/2001           2001            117          0.000         89.835          0.160          0.000          0.000           55.8            0.0            0.2            0.1            0.0            0.0            0.0          948.6           0.173
     28/04/2001           2001            118          0.000         89.796          0.159          0.000          0.000           56.2            0.0            0.2            0.1            0.0            0.0            0.0          948.6           0.173
     29/04/2001           2001            119          0.000         89.757          0.158          0.000          0.000           56.5            0.0            0.2            0.1            0.0            0.0            0.0          948.6           0.173
     30/04/2001           2001            120          0.000         89.717          0.157          0.000          0.000           56.8            0.0            0.2            0.1            0.0            0.0            0.0          948.6           0.173
     01/05/2001           2001            121          8.000         89.994          4.181          0.000          0.000           57.1            0.0            0.2            0.1            0.0            0.0            0.0          853.7           0.157
     02/05/2001           2001            122          0.000         89.814          0.180          0.000          0.000           57.4            0.0            0.2            0.1            0.0            0.0            0.0          787.4           0.146
     03/05/2001           2001            123          6.000         91.801          4.012          0.000          0.000           57.9            0.1            0.2            0.1            0.0            0.0            0.0          708.6           0.132
     04/05/2001           2001            124         83.000        127.805          4.009         42.987          0.000           58.7            0.6            0.2            0.1            0.0            0.0            0.0          637.8           0.120
     05/05/2001           2001            125          0.000        124.814          2.991          0.000          0.000           59.6            0.7            0.2            0.1            0.0            0.0            0.0          588.2           0.111
     06/05/2001           2001            126          1.000        123.572          2.243          0.000          0.000           60.6            0.7            0.2            0.1            0.0            0.0            0.0          553.5           0.105
     07/05/2001           2001            127          0.000        122.618          0.954          0.000          0.000           61.5            0.7            0.2            0.1            0.0            0.0            0.0          532.3           0.101
     08/05/2001           2001            128         69.000        134.813          3.827         52.978          0.000           62.0            0.6            0.1            0.1            0.0            0.0            0.0          479.0           0.091
     09/05/2001           2001            129         54.000        140.458          4.071         44.285          0.000           62.5            0.6            0.1            0.1            0.0            0.0            0.0          431.1           0.083
     10/05/2001           2001            130          0.000        137.527          2.930          0.000          0.000           63.1            0.6            0.1            0.1            0.0            0.0            0.0          397.5           0.076
     11/05/2001           2001            131         43.000        143.923          4.062         32.543          0.000           63.6            0.6            0.1            0.1            0.0            0.0            0.0          357.8           0.069
     12/05/2001           2001            132         64.000        149.099          4.085         54.739          0.000           64.1            0.6            0.1            0.1            0.0            0.0            0.0          322.0           0.062
     13/05/2001           2001            133          0.000        146.183          2.917          0.000          0.000           64.9            0.7            0.1            0.1            0.0            0.0            0.0          299.7           0.058
     14/05/2001           2001            134          0.000        144.941          1.242          0.000          0.000           65.8            0.7            0.1            0.1            0.0            0.0            0.0          288.9           0.056
     15/05/2001           2001            135          0.000        143.987          0.953          0.000          0.000           66.7            0.7            0.2            0.1            0.0            0.0            0.0          286.0           0.056
     16/05/2001           2001            136          0.000        143.183          0.804          0.000          0.000           67.8            0.7            0.2            0.1            0.0            0.0            0.0          286.0           0.056
     17/05/2001           2001            137          0.000        142.475          0.708          0.000          0.000           68.9            0.8            0.2            0.1            0.0            0.0            0.0          286.0           0.056
     18/05/2001           2001            138          0.000        141.835          0.640          0.000          0.000           70.1            0.8            0.2            0.1            0.0            0.0            0.0          286.0           0.056
     19/05/2001           2001            139          0.000        141.246          0.589          0.000          0.000           71.3            0.8            0.2            0.1            0.0            0.0            0.0          286.0           0.056
     20/05/2001           2001            140         34.000        149.710          5.033         20.503          0.000           72.3            0.8            0.2            0.1            0.0            0.0            0.0          257.4           0.050
     21/05/2001           2001            141          0.000        147.570          2.140          0.000          0.000           73.4            0.8            0.2            0.1            0.0            0.0            0.0          238.3           0.047
     22/05/2001           2001            142          0.000        146.377          1.194          0.000          0.000           74.5            0.8            0.2            0.1            0.0            0.0            0.0          225.8           0.044
     23/05/2001           2001            143         33.000        152.537          4.313         22.526          0.000           75.3            0.7            0.2            0.1            0.0            0.0            0.0          203.2           0.040
     24/05/2001           2001            144         21.000        155.454          4.148         13.935          0.000           75.9            0.7            0.2            0.1            0.0            0.0            0.0          182.9           0.036
     25/05/2001           2001            145          3.000        153.778          4.434          0.242          0.000           76.7            0.7            0.1            0.1            0.0            0.0            0.0          165.9           0.033
     26/05/2001           2001            146          0.000        152.091          1.687          0.000          0.000           77.6            0.7            0.2            0.1            0.0            0.0            0.0          154.0           0.030
     27/05/2001           2001            147         30.000        157.135          4.503         20.453          0.000           78.3            0.7            0.1            0.1            0.0            0.0            0.0          138.6           0.027
     28/05/2001           2001            148          0.000        154.596          2.538          0.000          0.000           79.2            0.7            0.2            0.1            0.0            0.0            0.0          128.0           0.025
     29/05/2001           2001            149          0.000        153.366          1.230          0.000          0.000           80.2            0.7            0.2            0.1            0.0            0.0            0.0          121.1           0.024
     30/05/2001           2001            150          1.000        152.418          1.948          0.000          0.000           81.2            0.7            0.2            0.1            0.0            0.0            0.0          116.7           0.023
     31/05/2001           2001            151          0.000        151.617          0.801          0.000          0.000           82.3            0.8            0.2            0.1            0.0            0.0            0.0          115.2           0.023
     01/06/2001           2001            152          7.000        152.941          4.488          1.188          0.000           83.4            0.8            0.2            0.1            0.0            0.0            0.0          103.6           0.021
     02/06/2001           2001            153         14.000        156.367          4.534          6.040          0.000           84.4            0.8            0.2            0.1            0.0            0.0            0.0           93.3           0.018
     03/06/2001           2001            154          8.000        157.487          4.207          2.673          0.000           85.3            0.7            0.2            0.1            0.0            0.0            0.0           84.0           0.017
     04/06/2001           2001            155          0.000        154.687          2.800          0.000          0.000           86.2            0.7            0.2            0.1            0.0            0.0            0.0           77.4           0.015
     05/06/2001           2001            156          1.000        153.446          2.241          0.000          0.000           87.1            0.7            0.2            0.1            0.0            0.0            0.0           72.7           0.014
     06/06/2001           2001            157         77.000        162.264          4.268         63.915          0.000           87.8            0.6            0.1            0.1            0.0            0.0            0.0           65.4           0.013
     07/06/2001           2001            158         63.000        165.629          4.242         55.393          0.000           88.3            0.6            0.1            0.1            0.0            0.0            0.0           58.9           0.012
     08/06/2001           2001            159         27.000        168.229          4.203         20.197          0.000           88.7            0.6            0.1            0.1            0.0            0.0            0.0           53.0           0.011
     09/06/2001           2001            160         20.000        170.373          4.234         13.622          0.000           89.0            0.6            0.1            0.1            0.0            0.0            0.0           47.7           0.009
     10/06/2001           2001            161         66.000        173.588          4.318         58.468          0.000           89.4            0.6            0.1            0.1            0.0            0.0            0.0           42.9           0.009
     11/06/2001           2001            162          0.000        170.889          2.699          0.000          0.000           89.9            0.6            0.1            0.1            0.0            0.0            0.0           39.7           0.008
     12/06/2001           2001            163          0.000        169.651          1.238          0.000          0.000           90.6            0.6            0.1            0.1            0.0            0.0            0.0           37.6           0.007
     13/06/2001           2001            164          0.000        168.700          0.951          0.000          0.000           91.5            0.7            0.2            0.1            0.0            0.0            0.0           36.5           0.007
     14/06/2001           2001            165         76.000        175.420          4.148         65.131          0.000           92.1            0.6            0.1            0.1            0.0            0.0            0.0           32.9           0.007
     15/06/2001           2001            166        153.000        179.030          4.185        145.206          0.000           92.5            0.6            0.1            0.1            0.0            0.0            0.0           29.6           0.006
     16/06/2001           2001            167         35.000        181.744          4.227         28.059          0.000           92.8            0.5            0.1            0.1            0.0            0.0            0.0           26.6           0.005
     17/06/2001           2001            168         76.000        184.995          4.235         68.514          0.000           93.0            0.5            0.1            0.1            0.0            0.0            0.0           24.0           0.005
     18/06/2001           2001            169         16.000        186.739          4.183         10.073          0.000           93.3            0.5            0.1            0.1            0.0            0.0            0.0           21.6           0.004
     19/06/2001           2001            170         25.000        189.032          4.243         18.464          0.000           93.5            0.5            0.1            0.1            0.0            0.0            0.0           19.4           0.004
     20/06/2001           2001            171         69.000        192.207          4.216         61.609          0.000           93.7            0.5            0.1            0.1            0.0            0.0            0.0           17.5           0.003
     21/06/2001           2001            172         29.000        194.601          4.293         22.313          0.000           94.0            0.5            0.1            0.1            0.0            0.0            0.0           15.7           0.003
     22/06/2001           2001            173         26.000        196.852          4.305         19.444          0.000           94.2            0.6            0.1            0.1            0.0            0.0            0.0           14.2           0.003
     23/06/2001           2001            174          0.000        194.141          2.711          0.000          0.000           94.7            0.6            0.1            0.1            0.0            0.0            0.0           13.1           0.003
     24/06/2001           2001            175          3.000        192.903          3.974          0.264          0.000           95.4            0.6            0.1            0.1            0.0            0.0            0.0           12.2           0.002
     25/06/2001           2001            176          0.000        191.952          0.952          0.000          0.000           96.1            0.7            0.2            0.1            0.0            0.0            0.0           11.7           0.002
     26/06/2001           2001            177          3.000        191.149          3.713          0.090          0.000           97.0            0.7            0.2            0.1            0.0            0.0            0.0           11.3           0.002
     27/06/2001           2001            178         83.000        198.650          4.292         71.207          0.000           97.7            0.6            0.1            0.1            0.0            0.0            0.0           10.2           0.002
     28/06/2001           2001            179          0.000        195.928          2.722          0.000          0.000           98.4            0.7            0.2            0.1            0.0            0.0            0.0            9.4           0.002
     29/06/2001           2001            180          8.000        196.657          4.514          2.757          0.000           99.2            0.6            0.2            0.1            0.0            0.0            0.0            8.5           0.002
     30/06/2001           2001            181          7.000        197.166          4.411          2.080          0.000           99.9            0.6            0.1            0.1            0.0            0.0            0.0            7.6           0.002
     01/07/2001           2001            182         32.000        201.349          4.177         23.640          0.000          100.6            0.6            0.1            0.1            0.0            0.0            0.0            6.9           0.001
     02/07/2001           2001            183         29.000        203.771          4.213         22.365          0.000          101.1            0.6            0.1            0.1            0.0            0.0            0.0            6.2           0.001
     03/07/2001           2001            184          3.000        201.959          4.468          0.343          0.000          101.6            0.6            0.1            0.1            0.0            0.0            0.0            5.6           0.001
     04/07/2001           2001            185          0.000        200.365          1.595          0.000          0.000          102.3            0.6            0.1            0.1            0.0            0.0            0.0            5.3           0.001
     05/07/2001           2001            186          0.000        199.283          1.082          0.000          0.000          103.0            0.6            0.1            0.1            0.0            0.0            0.0            5.1           0.001
     06/07/2001           2001            187          5.000        198.743          4.944          0.596          0.000          103.8            0.6            0.2            0.1            0.0            0.0            0.0            4.6           0.001
     07/07/2001           2001            188          6.000        199.300          4.517          0.927          0.000          104.7            0.6            0.2            0.1            0.0            0.0            0.0            4.1           0.001
     08/07/2001           2001            189          0.000        198.421          0.878          0.000          0.000          105.7            0.7            0.2            0.1            0.0            0.0            0.0            3.8           0.001
     09/07/2001           2001            190          0.000        197.664          0.757          0.000          0.000          106.6            0.7            0.2            0.1            0.0            0.0            0.0            3.6           0.001
     10/07/2001           2001            191         43.000        205.361          4.230         31.073          0.000          107.4            0.6            0.2            0.1            0.0            0.0            0.0            3.3           0.001
     11/07/2001           2001            192         37.000        207.976          4.241         30.144          0.000          108.0            0.6            0.1            0.1            0.0            0.0            0.0            2.9           0.001
     12/07/2001           2001            193          8.000        208.276          4.323          3.376          0.000          108.6            0.6            0.1            0.1            0.0            0.0            0.0            2.6           0.001
     13/07/2001           2001            194          6.000        207.828          4.494          1.954          0.000          109.3            0.6            0.1            0.1            0.0            0.0            0.0            2.4           0.000
     14/07/2001           2001            195         28.000        211.118          4.306         20.404          0.000          109.9            0.6            0.1            0.1            0.0            0.0            0.0            2.1           0.000
     15/07/2001           2001            196         10.000        211.845          4.321          4.952          0.000          110.5            0.6            0.1            0.1            0.0            0.0            0.0            1.9           0.000
     16/07/2001           2001            197          5.000        211.029          4.515          1.302          0.000          111.1            0.6            0.1            0.1            0.0            0.0            0.0            1.7           0.000
     17/07/2001           2001            198          3.000        209.291          4.546          0.192          0.000          111.9            0.6            0.2            0.1            0.0            0.0            0.0            1.6           0.000
     18/07/2001           2001            199          1.000        208.011          2.280          0.000          0.000          112.6            0.6            0.2            0.1            0.0            0.0            0.0            1.5           0.000
     19/07/2001           2001            200          1.000        207.041          1.970          0.000          0.000          113.5            0.6            0.2            0.1            0.0            0.0            0.0            1.4           0.000
     20/07/2001           2001            201          5.000        207.075          4.538          0.427          0.000          114.3            0.6            0.2            0.1            0.0            0.0            0.0            1.2           0.000
     21/07/2001           2001            202          2.000        206.229          2.818          0.000          0.029          115.2            0.6            0.2            0.1            0.0            0.0            0.0            1.1           0.000
     22/07/2001           2001            203          1.000        205.285          1.718          0.000          0.226          116.1            0.6            0.2            0.1            0.0            0.0            0.0            1.1           0.000
     23/07/2001           2001            204         36.000        212.621          4.822         23.495          0.347          116.9            0.6            0.2            0.1            0.0            0.0            0.0            0.9           0.000
     24/07/2001           2001            205         39.000        215.313          4.629         31.259          0.419          117.6            0.6            0.2            0.1            0.0            0.0            0.0            0.9           0.000
     25/07/2001           2001            206          4.000        213.617          4.448          0.783          0.465          118.3            0.6            0.1            0.1            0.0            0.0            0.0            0.8           0.000
     26/07/2001           2001            207          4.000        212.182          4.392          0.546          0.497          119.0            0.6            0.1            0.1            0.0            0.0            0.0            0.7           0.000
     27/07/2001           2001            208         21.000        215.481          4.322         12.854          0.524          119.7            0.6            0.1            0.1            0.0            0.0            0.0            0.6           0.000
     28/07/2001           2001            209          0.000        212.239          2.695          0.000          0.548          120.4            0.6            0.2            0.1            0.0            0.0            0.0            0.6           0.000
     29/07/2001           2001            210         57.000        217.409          4.304         46.954          0.571          120.9            0.6            0.1            0.1            0.0            0.0            0.0            0.5           0.000
     30/07/2001           2001            211         12.000        217.940          4.240          6.630          0.599          121.5            0.6            0.1            0.1            0.0            0.0            0.0            0.5           0.000
     31/07/2001           2001            212          8.000        217.659          4.265          3.382          0.633          122.1            0.6            0.1            0.1            0.0            0.0            0.0            0.4           0.000
     01/08/2001           2001            213         43.000        219.997          4.246         35.741          0.675          122.5            0.6            0.1            0.1            0.0            0.0            0.0            0.4           0.000
     02/08/2001           2001            214          9.000        219.875          4.243          4.155          0.724          123.0            0.6            0.1            0.1            0.0            0.0            0.0            0.3           0.000
     03/08/2001           2001            215          4.000        217.824          4.488          0.784          0.779          123.5            0.6            0.1            0.1            0.0            0.0            0.0            0.3           0.000
     04/08/2001           2001            216          0.000        215.148          1.845          0.000          0.831          124.2            0.6            0.1            0.1            0.0            0.0            0.0            0.3           0.000
     05/08/2001           2001            217         11.000        216.719          4.371          4.184          0.875          124.8            0.6            0.1            0.1            0.0            0.0            0.0            0.3           0.000
     06/08/2001           2001            218         15.000        218.424          4.286          8.101          0.908          125.4            0.6            0.1            0.1            0.0            0.0            0.0            0.2           0.000
     07/08/2001           2001            219          0.000        214.767          2.728          0.000          0.929          126.1            0.6            0.2            0.1            0.0            0.0            0.0            0.2           0.000
     08/08/2001           2001            220          4.000        212.967          4.515          0.349          0.936          126.9            0.6            0.2            0.1            0.0            0.0            0.0            0.2           0.000
     09/08/2001           2001            221          7.000        212.153          5.374          1.515          0.927          127.7            0.6            0.2            0.1            0.0            0.0            0.0            0.2           0.000
     10/08/2001           2001            222          2.000        210.202          3.049          0.000          0.902          128.6            0.6            0.2            0.1            0.0            0.0            0.0            0.2           0.000
     11/08/2001           2001            223          3.000        208.481          3.826          0.032          0.863          129.5            0.6            0.2            0.1            0.0            0.0            0.0            0.2           0.000
     12/08/2001           2001            224          0.000        206.925          0.744          0.000          0.811          130.4            0.6            0.2            0.1            0.0            0.0            0.0            0.1           0.000
     13/08/2001           2001            225          0.000        205.508          0.667          0.000          0.750          131.3            0.6            0.2            0.1            0.0            0.0            0.0            0.1           0.000
     14/08/2001           2001            226          2.000        204.216          2.609          0.000          0.683          132.2            0.6            0.2            0.1            0.0            0.0            0.0            0.1           0.000
     15/08/2001           2001            227         31.000        211.874          4.190         18.539          0.614          133.0            0.6            0.2            0.1            0.0            0.0            0.0            0.1           0.000
     16/08/2001           2001            228          4.000        210.283          4.405          0.635          0.550          133.8            0.6            0.2            0.1            0.0            0.0            0.0            0.1           0.000
     17/08/2001           2001            229          6.000        210.064          4.376          1.347          0.496          134.5            0.6            0.2            0.1            0.0            0.0            0.0            0.1           0.000
     18/08/2001           2001            230          3.000        207.418          5.061          0.133          0.452          135.3            0.6            0.2            0.1            0.0            0.0            0.0            0.1           0.000
     19/08/2001           2001            231          0.000        205.802          1.201          0.000          0.415          136.1            0.6            0.2            0.1            0.0            0.0            0.0            0.1           0.000
     20/08/2001           2001            232          0.000        204.483          0.934          0.000          0.384          136.9            0.6            0.2            0.1            0.0            0.0            0.0            0.1           0.000
     21/08/2001           2001            233          0.000        203.334          0.792          0.000          0.356          137.8            0.6            0.2            0.1            0.0            0.0            0.0            0.1           0.000
     22/08/2001           2001            234          1.000        202.305          1.700          0.000          0.329          138.6            0.6            0.2            0.1            0.0            0.0            0.0            0.1           0.000
     23/08/2001           2001            235          4.000        201.370          4.563          0.072          0.301          139.5            0.6            0.2            0.1            0.0            0.0            0.0            0.1           0.000
     24/08/2001           2001            236          5.000        201.463          4.414          0.222          0.272          140.4            0.6            0.2            0.1            0.0            0.0            0.0            0.1           0.000
     25/08/2001           2001            237         18.000        207.280          4.360          7.580          0.243          141.3            0.6            0.2            0.1            0.0            0.0            0.0            0.1           0.000
     26/08/2001           2001            238          3.000        205.545          4.394          0.126          0.215          142.2            0.6            0.2            0.1            0.0            0.0            0.0            0.1           0.000
     27/08/2001           2001            239          6.000        206.019          4.315          1.021          0.190          143.1            0.6            0.2            0.1            0.0            0.0            0.0            0.1           0.000
     28/08/2001           2001            240          2.000        204.173          3.678          0.000          0.167          143.9            0.6            0.2            0.1            0.0            0.0            0.0            0.1           0.000
     29/08/2001           2001            241          1.000        202.921          2.105          0.000          0.147          144.8            0.6            0.2            0.1            0.0            0.0            0.0            0.0           0.000
     30/08/2001           2001            242         14.000        207.049          4.340          5.403          0.130          145.7            0.6            0.2            0.1            0.0            0.0            0.0            0.0           0.000
     31/08/2001           2001            243          0.000        204.277          2.655          0.000          0.117          146.5            0.6            0.2            0.1            0.0            0.0            0.0            0.0           0.000
     01/09/2001           2001            244         11.000        207.301          4.171          3.698          0.108          147.3            0.6            0.2            0.1            0.0            0.0            0.0            0.0           0.000
     02/09/2001           2001            245          0.000        204.364          2.834          0.000          0.103          148.2            0.6            0.2            0.1            0.0            0.0            0.0            0.0           0.000
     03/09/2001           2001            246          2.000        203.022          3.241          0.000          0.101          149.0            0.6            0.2            0.1            0.0            0.0            0.0            0.0           0.000
     04/09/2001           2001            247          0.000        201.969          0.953          0.000          0.100          149.9            0.6            0.2            0.1            0.0            0.0            0.0            0.0           0.000
     05/09/2001           2001            248          3.000        201.068          3.800          0.004          0.098          150.7            0.6            0.2            0.1            0.0            0.0            0.0            0.0           0.000
     06/09/2001           2001            249         31.000        209.359          4.112         18.500          0.098          151.5            0.5            0.2            0.1            0.0            0.0            0.0            0.0           0.000
     07/09/2001           2001            250          9.000        210.396          4.061          3.799          0.103          152.1            0.5            0.1            0.1            0.0            0.0            0.0            0.0           0.000
     08/09/2001           2001            251          4.000        209.433          4.186          0.661          0.116          152.7            0.5            0.1            0.1            0.0            0.0            0.0            0.0           0.000
     09/09/2001           2001            252          0.000        207.070          2.226          0.000          0.137          153.4            0.5            0.2            0.1            0.0            0.0            0.0            0.0           0.000
     10/09/2001           2001            253         28.000        212.694          3.998         18.213          0.165          154.0            0.5            0.1            0.1            0.0            0.0            0.0            0.0           0.000
     11/09/2001           2001            254         17.000        214.185          4.233         11.073          0.202          154.5            0.5            0.1            0.1            0.0            0.0            0.0            0.0           0.000
     12/09/2001           2001            255          2.000        211.768          4.105          0.066          0.247          155.0            0.5            0.1            0.1            0.0            0.0            0.0            0.0           0.000
     13/09/2001           2001            256          0.000        210.030          1.441          0.000          0.297          155.6            0.5            0.1            0.1            0.0            0.0            0.0            0.0           0.000
     14/09/2001           2001            257         18.000        213.384          4.589          9.711          0.347          156.2            0.5            0.1            0.1            0.0            0.0            0.0            0.0           0.000
     15/09/2001           2001            258          0.000        210.522          2.468          0.000          0.393          156.8            0.5            0.2            0.1            0.0            0.0            0.0            0.0           0.000
     16/09/2001           2001            259          0.000        208.864          1.226          0.000          0.432          157.5            0.5            0.2            0.1            0.0            0.0            0.0            0.0           0.000
     17/09/2001           2001            260          7.000        210.199          3.812          1.392          0.461          158.1            0.5            0.1            0.1            0.0            0.0            0.0            0.0           0.000
     18/09/2001           2001            261         66.000        216.275          3.818         55.626          0.481          158.5            0.4            0.1            0.1            0.0            0.0            0.0            0.0           0.000
     19/09/2001           2001            262          6.000        215.986          3.830          1.959          0.499          158.9            0.4            0.1            0.1            0.0            0.0            0.0            0.0           0.000
     20/09/2001           2001            263          5.000        215.209          3.925          1.331          0.520          159.2            0.4            0.1            0.1            0.0            0.0            0.0            0.0           0.000
     21/09/2001           2001            264          0.000        211.752          2.914          0.000          0.543          159.7            0.4            0.1            0.1            0.0            0.0            0.0            0.0           0.000
     22/09/2001           2001            265          0.000        209.945          1.242          0.000          0.565          160.3            0.5            0.1            0.1            0.0            0.0            0.0            0.0           0.000
     23/09/2001           2001            266          0.000        208.411          0.953          0.000          0.580          160.9            0.5            0.2            0.1            0.0            0.0            0.0            0.0           0.000
     24/09/2001           2001            267          5.000        208.521          3.879          0.425          0.587          161.7            0.5            0.2            0.1            0.0            0.0            0.0            0.0           0.000
     25/09/2001           2001            268          3.000        206.930          3.975          0.035          0.581          162.4            0.5            0.2            0.1            0.0            0.0            0.0            0.0           0.000
     26/09/2001           2001            269          0.000        205.603          0.764          0.000          0.564          163.1            0.5            0.2            0.1            0.0            0.0            0.0            0.0           0.000
     27/09/2001           2001            270          1.000        204.388          1.680          0.000          0.535          163.9            0.5            0.2            0.1            0.0            0.0            0.0            0.0           0.000
     28/09/2001           2001            271          0.000        203.270          0.620          0.000          0.498          164.7            0.5            0.2            0.1            0.0            0.0            0.0            0.0           0.000
     29/09/2001           2001            272          0.000        202.244          0.573          0.000          0.454          165.5            0.5            0.2            0.1            0.0            0.0            0.0            0.0           0.000
     30/09/2001           2001            273          0.000        201.303          0.535          0.000          0.406          166.3            0.5            0.2            0.1            0.0            0.0            0.0            0.0           0.000
     01/10/2001           2001            274         38.000        211.069          3.707         24.167          0.360          167.0            0.5            0.1            0.1            0.0            0.0            0.0            0.0           0.000
     02/10/2001           2001            275          7.000        211.395          3.770          2.583          0.321          167.5            0.5            0.1            0.1            0.0            0.0            0.0            0.0           0.000
     03/10/2001           2001            276          6.000        211.520          3.772          1.807          0.295          168.0            0.5            0.1            0.1            0.0            0.0            0.0            0.0           0.000
     04/10/2001           2001            277          2.000        210.084          3.121          0.032          0.283          168.6            0.4            0.1            0.1            0.0            0.0            0.0            0.0           0.000
     05/10/2001           2001            278         15.000        212.290          4.536          7.973          0.285          169.1            0.5            0.1            0.1            0.0            0.0            0.0            0.0           0.000
     06/10/2001           2001            279          0.000        209.481          2.511          0.000          0.297          169.7            0.5            0.1            0.1            0.0            0.0            0.0            0.0           0.000
     07/10/2001           2001            280          2.000        207.937          3.229          0.000          0.315          170.3            0.5            0.2            0.1            0.0            0.0            0.0            0.0           0.000
     08/10/2001           2001            281          0.000        206.658          0.947          0.000          0.332          171.0            0.5            0.2            0.1            0.0            0.0            0.0            0.0           0.000
     09/10/2001           2001            282          0.000        205.513          0.800          0.000          0.345          171.8            0.5            0.2            0.1            0.0            0.0            0.0            0.0           0.000
     10/10/2001           2001            283         16.000        210.743          3.541          6.878          0.352          172.5            0.5            0.2            0.1            0.0            0.0            0.0            0.0           0.000
     11/10/2001           2001            284          7.000        211.641          3.570          2.176          0.356          173.1            0.5            0.2            0.1            0.0            0.0            0.0            0.0           0.000
     12/10/2001           2001            285          2.000        209.294          3.960          0.030          0.357          173.7            0.5            0.2            0.1            0.0            0.0            0.0            0.0           0.000
     13/10/2001           2001            286          0.000        207.116          1.821          0.000          0.356          174.4            0.5            0.2            0.1            0.0            0.0            0.0            0.0           0.000
     14/10/2001           2001            287          0.000        205.624          1.139          0.000          0.353          175.0            0.5            0.1            0.1            0.0            0.0            0.0            0.0           0.000
     15/10/2001           2001            288         35.000        213.246          3.542         23.487          0.349          175.5            0.5            0.1            0.1            0.0            0.0            0.0            0.0           0.000
     16/10/2001           2001            289          0.000        210.114          2.787          0.000          0.346          176.1            0.5            0.1            0.1            0.0            0.0            0.0            0.0           0.000
     17/10/2001           2001            290          0.000        208.301          1.469          0.000          0.344          176.8            0.5            0.1            0.1            0.0            0.0            0.0            0.0           0.000
     18/10/2001           2001            291          1.000        206.919          2.042          0.000          0.340          177.4            0.5            0.2            0.1            0.0            0.0            0.0            0.0           0.000
     19/10/2001           2001            292          3.000        205.730          3.807          0.047          0.334          178.1            0.5            0.2            0.1            0.0            0.0            0.0            0.0           0.000
     20/10/2001           2001            293          0.000        204.664          0.742          0.000          0.324          178.9            0.5            0.2            0.1            0.0            0.0            0.0            0.0           0.000
     21/10/2001           2001            294          0.000        203.690          0.665          0.000          0.309          179.6            0.5            0.2            0.1            0.0            0.0            0.0            0.0           0.000
     22/10/2001           2001            295          0.000        202.792          0.608          0.000          0.290          180.4            0.5            0.2            0.1            0.0            0.0            0.0            0.0           0.000
     23/10/2001           2001            296          0.000        201.963          0.563          0.000          0.266          181.1            0.5            0.2            0.1            0.0            0.0            0.0            0.0           0.000
     24/10/2001           2001            297          0.000        201.195          0.527          0.000          0.240          181.9            0.5            0.2            0.1            0.0            0.0            0.0            0.0           0.000
     25/10/2001           2001            298          0.000        200.486          0.497          0.000          0.212          182.7            0.5            0.2            0.1            0.0            0.0            0.0            0.0           0.000
     26/10/2001           2001            299          0.000        199.829          0.472          0.000          0.184          183.6            0.5            0.2            0.1            0.0            0.0            0.0            0.0           0.000
     27/10/2001           2001            300          0.000        199.222          0.450          0.000          0.157          184.3            0.5            0.2            0.1            0.0            0.0            0.0            0.0           0.000
     28/10/2001           2001            301         51.000        211.045          3.210         35.833          0.134          184.8            0.4            0.1            0.1            0.0            0.0            0.0            0.0           0.000
     29/10/2001           2001            302          0.000        208.711          2.216          0.000          0.118          185.4            0.4            0.1            0.1            0.0            0.0            0.0            0.0           0.000
     30/10/2001           2001            303          1.000        206.706          2.895          0.000          0.109          185.9            0.4            0.1            0.1            0.0            0.0            0.0            0.0           0.000
     31/10/2001           2001            304        104.000        213.476          3.980         93.138          0.112          186.1            0.3            0.1            0.1            0.0            0.0            0.0            0.0           0.000
     01/11/2001           2001            305          2.000        211.897          3.384          0.066          0.128          186.4            0.4            0.1            0.1            0.0            0.0            0.0            0.0           0.000
     02/11/2001           2001            306          0.000        209.847          1.893          0.000          0.157          186.8            0.4            0.1            0.1            0.0            0.0            0.0            0.0           0.000
     03/11/2001           2001            307          0.000        208.501          1.154          0.000          0.192          187.3            0.4            0.1            0.1            0.0            0.0            0.0            0.0           0.000
     04/11/2001           2001            308          0.000        207.362          0.912          0.000          0.227          187.9            0.4            0.1            0.1            0.0            0.0            0.0            0.0           0.000
     05/11/2001           2001            309          0.000        206.326          0.779          0.000          0.258          188.5            0.4            0.1            0.1            0.0            0.0            0.0            0.0           0.000
     06/11/2001           2001            310          0.000        205.355          0.691          0.000          0.280          189.1            0.4            0.1            0.1            0.0            0.0            0.0            0.0           0.000
     07/11/2001           2001            311          0.000        204.435          0.627          0.000          0.292          189.8            0.4            0.1            0.1            0.0            0.0            0.0            0.0           0.000
     08/11/2001           2001            312          0.000        203.563          0.579          0.000          0.294          190.3            0.4            0.1            0.1            0.0            0.0            0.0            0.0           0.000
     09/11/2001           2001            313          0.000        202.737          0.540          0.000          0.286          190.9            0.4            0.1            0.1            0.0            0.0            0.0            0.0           0.000
     10/11/2001           2001            314          0.000        201.960          0.508          0.000          0.270          191.4            0.3            0.1            0.1            0.0            0.0            0.0            0.0           0.000
     11/11/2001           2001            315         14.000        208.067          2.810          4.836          0.248          191.9            0.3            0.1            0.1            0.0            0.0            0.0            0.0           0.000
     12/11/2001           2001            316         42.000        213.667          2.846         33.326          0.228          192.0            0.3            0.1            0.1            0.0            0.0            0.0            0.0           0.000
     13/11/2001           2001            317          2.000        212.404          2.980          0.066          0.217          192.3            0.3            0.1            0.1            0.0            0.0            0.0            0.0           0.000
     14/11/2001           2001            318          0.000        209.621          2.566          0.000          0.217          192.6            0.3            0.1            0.1            0.0            0.0            0.0            0.0           0.000
     15/11/2001           2001            319          0.000        207.976          1.420          0.000          0.225          193.1            0.3            0.1            0.1            0.0            0.0            0.0            0.0           0.000
     16/11/2001           2001            320          0.000        206.713          1.025          0.000          0.238          193.6            0.4            0.1            0.1            0.0            0.0            0.0            0.0           0.000
     17/11/2001           2001            321          0.000        205.617          0.845          0.000          0.251          194.1            0.4            0.1            0.1            0.0            0.0            0.0            0.0           0.000
     18/11/2001           2001            322          0.000        204.621          0.736          0.000          0.260          194.7            0.4            0.1            0.1            0.0            0.0            0.0            0.0           0.000
     19/11/2001           2001            323          0.000        203.697          0.660          0.000          0.263          195.3            0.4            0.1            0.1            0.0            0.0            0.0            0.0           0.000
     20/11/2001           2001            324          0.000        202.833          0.604          0.000          0.260          195.8            0.4            0.1            0.1            0.0            0.0            0.0            0.0           0.000
     21/11/2001           2001            325          0.000        202.024          0.560          0.000          0.249          196.4            0.4            0.1            0.1            0.0            0.0            0.0            0.0           0.000
     22/11/2001           2001            326          0.000        201.266          0.525          0.000          0.233          197.0            0.4            0.1            0.1            0.0            0.0            0.0            0.0           0.000
     23/11/2001           2001            327          0.000        200.558          0.495          0.000          0.212          197.5            0.4            0.1            0.1            0.0            0.0            0.0            0.0           0.000
     24/11/2001           2001            328          0.000        199.898          0.470          0.000          0.189          198.1            0.4            0.1            0.1            0.0            0.0            0.0            0.0           0.000
     25/11/2001           2001            329          0.000        199.284          0.449          0.000          0.165          198.7            0.4            0.1            0.1            0.0            0.0            0.0            0.0           0.000
     26/11/2001           2001            330          0.000        198.714          0.430          0.000          0.141          199.2            0.4            0.1            0.1            0.0            0.0            0.0            0.0           0.000
     27/11/2001           2001            331          0.000        198.182          0.413          0.000          0.118          199.8            0.4            0.1            0.1            0.0            0.0            0.0            0.0           0.000
     28/11/2001           2001            332          0.000        197.686          0.399          0.000          0.097          200.4            0.4            0.1            0.1            0.0            0.0            0.0            0.0           0.000
     29/11/2001           2001            333          0.000        197.222          0.385          0.000          0.079          201.0            0.4            0.1            0.1            0.0            0.0            0.0            0.0           0.000
     30/11/2001           2001            334          0.000        196.786          0.373          0.000          0.063          201.5            0.3            0.1            0.1            0.0            0.0            0.0            0.0           0.000
     01/12/2001           2001            335          0.000        196.737          0.000          0.000          0.049          202.1            0.3            0.1            0.1            0.0            0.0            0.0            0.0           0.000
     02/12/2001           2001            336          0.000        196.405          0.293          0.000          0.038          202.6            0.3            0.1            0.1            0.0            0.0            0.0            0.0           0.000
     03/12/2001           2001            337          0.000        196.090          0.286          0.000          0.029          203.1            0.3            0.1            0.1            0.0            0.0            0.0            0.0           0.000
     04/12/2001           2001            338          0.000        195.789          0.278          0.000          0.022          203.5            0.3            0.1            0.1            0.0            0.0            0.0            0.0           0.000
     05/12/2001           2001            339          0.000        195.501          0.272          0.000          0.017          204.0            0.3            0.1            0.1            0.0            0.0            0.0            0.0           0.000
     06/12/2001           2001            340          0.000        195.222          0.265          0.000          0.013          204.4            0.3            0.1            0.1            0.0            0.0            0.0            0.0           0.000
     07/12/2001           2001            341          0.000        194.953          0.260          0.000          0.010          204.9            0.3            0.1            0.1            0.0            0.0            0.0            0.0           0.000
     08/12/2001           2001            342          0.000        194.691          0.254          0.000          0.007          205.4            0.3            0.1            0.1            0.0            0.0            0.0            0.0           0.000
     09/12/2001           2001            343          0.000        194.437          0.249          0.000          0.005          205.9            0.3            0.1            0.1            0.0            0.0            0.0            0.0           0.000
     10/12/2001           2001            344          0.000        194.189          0.244          0.000          0.004          206.3            0.3            0.1            0.1            0.0            0.0            0.0            0.0           0.000
     11/12/2001           2001            345          0.000        193.946          0.240          0.000          0.003          206.8            0.3            0.1            0.1            0.0            0.0            0.0            0.0           0.000
     12/12/2001           2001            346          0.000        193.708          0.236          0.000          0.002          207.3            0.3            0.1            0.1            0.0            0.0            0.0            0.0           0.000
     13/12/2001           2001            347          0.000        193.475          0.231          0.000          0.002          207.8            0.3            0.1            0.1            0.0            0.0            0.0            0.0           0.000
     14/12/2001           2001            348          0.000        193.247          0.228          0.000          0.001          208.2            0.2            0.1            0.1            0.0            0.0            0.0            0.0           0.000
     15/12/2001           2001            349          0.000        193.022          0.224          0.000          0.001          208.6            0.2            0.1            0.1            0.0            0.0            0.0            0.0           0.000
     16/12/2001           2001            350          0.000        192.801          0.220          0.000          0.001          209.0            0.2            0.1            0.1            0.0            0.0            0.0            0.0           0.000
     17/12/2001           2001            351          0.000        192.583          0.217          0.000          0.000          209.4            0.2            0.1            0.1            0.0            0.0            0.0            0.0           0.000
     18/12/2001           2001            352          0.000        192.369          0.214          0.000          0.000          209.8            0.2            0.1            0.1            0.0            0.0            0.0            0.0           0.000
     19/12/2001           2001            353          0.000        192.158          0.211          0.000          0.000          210.1            0.2            0.1            0.1            0.0            0.0            0.0            0.0           0.000
     20/12/2001           2001            354          0.000        191.950          0.208          0.000          0.000          210.5            0.2            0.1            0.1            0.0            0.0            0.0            0.0           0.000
     21/12/2001           2001            355          0.000        191.745          0.205          0.000          0.000          210.9            0.2            0.1            0.1            0.0            0.0            0.0            0.0           0.000
     22/12/2001           2001            356          0.000        191.543          0.202          0.000          0.000          211.2            0.2            0.1            0.1            0.0            0.0            0.0            0.0           0.000
     23/12/2001           2001            357          0.000        191.343          0.200          0.000          0.000          211.6            0.2            0.1            0.1            0.0            0.0            0.0            0.0           0.000
     24/12/2001           2001            358          0.000        191.145          0.197          0.000          0.000          211.9            0.2            0.1            0.1            0.0            0.0            0.0            0.0           0.000
     25/12/2001           2001            359          0.000        190.951          0.195          0.000          0.000          212.3            0.2            0.1            0.1            0.0            0.0            0.0            0.0           0.000
     26/12/2001           2001            360          0.000        190.758          0.192          0.000          0.000          212.6            0.2            0.1            0.1            0.0            0.0            0.0            0.0           0.000
     27/12/2001           2001            361          0.000        190.568          0.190          0.000          0.000          213.0            0.2            0.1            0.1            0.0            0.0            0.0            0.0           0.000
     28/12/2001           2001            362          0.000        190.380          0.188          0.000          0.000          213.4            0.2            0.1            0.1            0.0            0.0            0.0            0.0           0.000
     29/12/2001           2001            363          0.000        190.194          0.186          0.000          0.000          213.7            0.2            0.1            0.1            0.0            0.0            0.0            0.0           0.000
     30/12/2001           2001            364          0.000        190.010          0.184          0.000          0.000          214.1            0.2            0.1            0.1            0.0            0.0            0.0            0.0           0.000
     31/12/2001           2001            365          0.000        189.828          0.182          0.000          0.000          214.5            0.2            0.1            0.1            0.0            0.0            0.0            0.0           0.000
